{"C:\\Users\\dak.admin\\Documents\\Github\\rc-unified-crm-extension\\server\\src\\index.js": {"path":"C:\\Users\\dak.admin\\Documents\\Github\\rc-unified-crm-extension\\server\\src\\index.js","statementMap":{"0":{"start":{"line":1,"column":16},"end":{"line":1,"column":34}},"1":{"start":{"line":2,"column":19},"end":{"line":2,"column":41}},"2":{"start":{"line":3,"column":22},"end":{"line":3,"column":51}},"3":{"start":{"line":4,"column":13},"end":{"line":4,"column":28}},"4":{"start":{"line":5,"column":14},"end":{"line":5,"column":36}},"5":{"start":{"line":6,"column":12},"end":{"line":6,"column":32}},"6":{"start":{"line":7,"column":50},"end":{"line":7,"column":71}},"7":{"start":{"line":8,"column":23},"end":{"line":8,"column":48}},"8":{"start":{"line":10,"column":12},"end":{"line":10,"column":21}},"9":{"start":{"line":11,"column":0},"end":{"line":11,"column":26}},"10":{"start":{"line":13,"column":0},"end":{"line":16,"column":4}},"11":{"start":{"line":17,"column":0},"end":{"line":50,"column":2}},"12":{"start":{"line":18,"column":4},"end":{"line":49,"column":5}},"13":{"start":{"line":19,"column":25},"end":{"line":19,"column":62}},"14":{"start":{"line":20,"column":8},"end":{"line":22,"column":9}},"15":{"start":{"line":21,"column":12},"end":{"line":21,"column":42}},"16":{"start":{"line":23,"column":31},"end":{"line":23,"column":71}},"17":{"start":{"line":24,"column":25},"end":{"line":24,"column":73}},"18":{"start":{"line":25,"column":55},"end":{"line":25,"column":106}},"19":{"start":{"line":26,"column":25},"end":{"line":26,"column":74}},"20":{"start":{"line":27,"column":8},"end":{"line":38,"column":11}},"21":{"start":{"line":39,"column":25},"end":{"line":43,"column":10}},"22":{"start":{"line":44,"column":8},"end":{"line":44,"column":39}},"23":{"start":{"line":47,"column":8},"end":{"line":47,"column":23}},"24":{"start":{"line":48,"column":8},"end":{"line":48,"column":32}},"25":{"start":{"line":51,"column":0},"end":{"line":74,"column":3}},"26":{"start":{"line":52,"column":4},"end":{"line":73,"column":5}},"27":{"start":{"line":53,"column":25},"end":{"line":53,"column":43}},"28":{"start":{"line":54,"column":8},"end":{"line":68,"column":9}},"29":{"start":{"line":55,"column":31},"end":{"line":55,"column":54}},"30":{"start":{"line":56,"column":33},"end":{"line":60,"column":14}},"31":{"start":{"line":61,"column":12},"end":{"line":63,"column":13}},"32":{"start":{"line":62,"column":16},"end":{"line":62,"column":53}},"33":{"start":{"line":64,"column":12},"end":{"line":64,"column":35}},"34":{"start":{"line":67,"column":12},"end":{"line":67,"column":54}},"35":{"start":{"line":71,"column":8},"end":{"line":71,"column":23}},"36":{"start":{"line":72,"column":8},"end":{"line":72,"column":32}},"37":{"start":{"line":75,"column":0},"end":{"line":91,"column":3}},"38":{"start":{"line":76,"column":4},"end":{"line":90,"column":5}},"39":{"start":{"line":77,"column":25},"end":{"line":77,"column":43}},"40":{"start":{"line":78,"column":8},"end":{"line":85,"column":9}},"41":{"start":{"line":79,"column":45},"end":{"line":79,"column":68}},"42":{"start":{"line":80,"column":53},"end":{"line":80,"column":127}},"43":{"start":{"line":81,"column":12},"end":{"line":81,"column":67}},"44":{"start":{"line":84,"column":12},"end":{"line":84,"column":54}},"45":{"start":{"line":88,"column":8},"end":{"line":88,"column":23}},"46":{"start":{"line":89,"column":8},"end":{"line":89,"column":32}},"47":{"start":{"line":92,"column":0},"end":{"line":108,"column":3}},"48":{"start":{"line":93,"column":4},"end":{"line":107,"column":5}},"49":{"start":{"line":94,"column":25},"end":{"line":94,"column":43}},"50":{"start":{"line":95,"column":8},"end":{"line":102,"column":9}},"51":{"start":{"line":96,"column":33},"end":{"line":96,"column":56}},"52":{"start":{"line":97,"column":42},"end":{"line":97,"column":104}},"53":{"start":{"line":98,"column":12},"end":{"line":98,"column":56}},"54":{"start":{"line":101,"column":12},"end":{"line":101,"column":54}},"55":{"start":{"line":105,"column":8},"end":{"line":105,"column":23}},"56":{"start":{"line":106,"column":8},"end":{"line":106,"column":32}},"57":{"start":{"line":109,"column":0},"end":{"line":125,"column":3}},"58":{"start":{"line":110,"column":4},"end":{"line":124,"column":5}},"59":{"start":{"line":111,"column":25},"end":{"line":111,"column":43}},"60":{"start":{"line":112,"column":8},"end":{"line":119,"column":9}},"61":{"start":{"line":113,"column":45},"end":{"line":113,"column":68}},"62":{"start":{"line":114,"column":51},"end":{"line":114,"column":113}},"63":{"start":{"line":115,"column":12},"end":{"line":115,"column":65}},"64":{"start":{"line":118,"column":12},"end":{"line":118,"column":54}},"65":{"start":{"line":122,"column":8},"end":{"line":122,"column":23}},"66":{"start":{"line":123,"column":8},"end":{"line":123,"column":32}},"67":{"start":{"line":126,"column":0},"end":{"line":142,"column":3}},"68":{"start":{"line":127,"column":4},"end":{"line":141,"column":5}},"69":{"start":{"line":128,"column":25},"end":{"line":128,"column":43}},"70":{"start":{"line":129,"column":8},"end":{"line":136,"column":9}},"71":{"start":{"line":130,"column":45},"end":{"line":130,"column":68}},"72":{"start":{"line":131,"column":52},"end":{"line":131,"column":117}},"73":{"start":{"line":132,"column":12},"end":{"line":132,"column":66}},"74":{"start":{"line":135,"column":12},"end":{"line":135,"column":54}},"75":{"start":{"line":139,"column":8},"end":{"line":139,"column":23}},"76":{"start":{"line":140,"column":8},"end":{"line":140,"column":32}},"77":{"start":{"line":144,"column":0},"end":{"line":144,"column":21}}},"fnMap":{"0":{"name":"(anonymous_0)","decl":{"start":{"line":17,"column":27},"end":{"line":17,"column":28}},"loc":{"start":{"line":17,"column":53},"end":{"line":50,"column":1}},"line":17},"1":{"name":"(anonymous_1)","decl":{"start":{"line":51,"column":25},"end":{"line":51,"column":26}},"loc":{"start":{"line":51,"column":51},"end":{"line":74,"column":1}},"line":51},"2":{"name":"(anonymous_2)","decl":{"start":{"line":75,"column":20},"end":{"line":75,"column":21}},"loc":{"start":{"line":75,"column":46},"end":{"line":91,"column":1}},"line":75},"3":{"name":"(anonymous_3)","decl":{"start":{"line":92,"column":20},"end":{"line":92,"column":21}},"loc":{"start":{"line":92,"column":46},"end":{"line":108,"column":1}},"line":92},"4":{"name":"(anonymous_4)","decl":{"start":{"line":109,"column":21},"end":{"line":109,"column":22}},"loc":{"start":{"line":109,"column":47},"end":{"line":125,"column":1}},"line":109},"5":{"name":"(anonymous_5)","decl":{"start":{"line":126,"column":24},"end":{"line":126,"column":25}},"loc":{"start":{"line":126,"column":50},"end":{"line":142,"column":1}},"line":126}},"branchMap":{"0":{"loc":{"start":{"line":20,"column":8},"end":{"line":22,"column":9}},"type":"if","locations":[{"start":{"line":20,"column":8},"end":{"line":22,"column":9}},{"start":{},"end":{}}],"line":20},"1":{"loc":{"start":{"line":54,"column":8},"end":{"line":68,"column":9}},"type":"if","locations":[{"start":{"line":54,"column":8},"end":{"line":68,"column":9}},{"start":{"line":66,"column":13},"end":{"line":68,"column":9}}],"line":54},"2":{"loc":{"start":{"line":61,"column":12},"end":{"line":63,"column":13}},"type":"if","locations":[{"start":{"line":61,"column":12},"end":{"line":63,"column":13}},{"start":{},"end":{}}],"line":61},"3":{"loc":{"start":{"line":78,"column":8},"end":{"line":85,"column":9}},"type":"if","locations":[{"start":{"line":78,"column":8},"end":{"line":85,"column":9}},{"start":{"line":83,"column":13},"end":{"line":85,"column":9}}],"line":78},"4":{"loc":{"start":{"line":95,"column":8},"end":{"line":102,"column":9}},"type":"if","locations":[{"start":{"line":95,"column":8},"end":{"line":102,"column":9}},{"start":{"line":100,"column":13},"end":{"line":102,"column":9}}],"line":95},"5":{"loc":{"start":{"line":112,"column":8},"end":{"line":119,"column":9}},"type":"if","locations":[{"start":{"line":112,"column":8},"end":{"line":119,"column":9}},{"start":{"line":117,"column":13},"end":{"line":119,"column":9}}],"line":112},"6":{"loc":{"start":{"line":129,"column":8},"end":{"line":136,"column":9}},"type":"if","locations":[{"start":{"line":129,"column":8},"end":{"line":136,"column":9}},{"start":{"line":134,"column":13},"end":{"line":136,"column":9}}],"line":129}},"s":{"0":3,"1":3,"2":3,"3":3,"4":3,"5":3,"6":3,"7":3,"8":3,"9":3,"10":3,"11":3,"12":0,"13":0,"14":0,"15":0,"16":0,"17":0,"18":0,"19":0,"20":0,"21":0,"22":0,"23":0,"24":0,"25":3,"26":4,"27":4,"28":4,"29":3,"30":3,"31":2,"32":1,"33":2,"34":1,"35":1,"36":1,"37":3,"38":5,"39":5,"40":5,"41":4,"42":3,"43":1,"44":1,"45":3,"46":3,"47":3,"48":4,"49":4,"50":4,"51":3,"52":2,"53":2,"54":1,"55":1,"56":1,"57":3,"58":6,"59":6,"60":6,"61":5,"62":4,"63":2,"64":1,"65":3,"66":3,"67":3,"68":6,"69":6,"70":6,"71":5,"72":4,"73":2,"74":1,"75":3,"76":3,"77":3},"f":{"0":0,"1":4,"2":5,"3":4,"4":6,"5":6},"b":{"0":[0,0],"1":[3,1],"2":[1,1],"3":[4,1],"4":[3,1],"5":[5,1],"6":[5,1]},"_coverageSchema":"1a1c01bbd47fc00a2c39e90264f33305004495a9","hash":"6772fbd3517a988064f0802ba313f55d6e30fe12"}
,"C:\\Users\\dak.admin\\Documents\\Github\\rc-unified-crm-extension\\server\\src\\core\\contact.js": {"path":"C:\\Users\\dak.admin\\Documents\\Github\\rc-unified-crm-extension\\server\\src\\core\\contact.js","statementMap":{"0":{"start":{"line":1,"column":14},"end":{"line":1,"column":37}},"1":{"start":{"line":2,"column":22},"end":{"line":2,"column":52}},"2":{"start":{"line":5,"column":17},"end":{"line":5,"column":49}},"3":{"start":{"line":6,"column":4},"end":{"line":8,"column":5}},"4":{"start":{"line":7,"column":8},"end":{"line":7,"column":52}},"5":{"start":{"line":9,"column":27},"end":{"line":9,"column":68}},"6":{"start":{"line":10,"column":21},"end":{"line":10,"column":69}},"7":{"start":{"line":11,"column":4},"end":{"line":11,"column":59}},"8":{"start":{"line":12,"column":24},"end":{"line":12,"column":103}},"9":{"start":{"line":13,"column":4},"end":{"line":18,"column":5}},"10":{"start":{"line":14,"column":8},"end":{"line":14,"column":71}},"11":{"start":{"line":17,"column":8},"end":{"line":17,"column":95}},"12":{"start":{"line":21,"column":0},"end":{"line":21,"column":32}}},"fnMap":{"0":{"name":"getContact","decl":{"start":{"line":4,"column":15},"end":{"line":4,"column":25}},"loc":{"start":{"line":4,"column":61},"end":{"line":19,"column":1}},"line":4}},"branchMap":{"0":{"loc":{"start":{"line":6,"column":4},"end":{"line":8,"column":5}},"type":"if","locations":[{"start":{"line":6,"column":4},"end":{"line":8,"column":5}},{"start":{},"end":{}}],"line":6},"1":{"loc":{"start":{"line":6,"column":8},"end":{"line":6,"column":34}},"type":"binary-expr","locations":[{"start":{"line":6,"column":8},"end":{"line":6,"column":13}},{"start":{"line":6,"column":17},"end":{"line":6,"column":34}}],"line":6},"2":{"loc":{"start":{"line":13,"column":4},"end":{"line":18,"column":5}},"type":"if","locations":[{"start":{"line":13,"column":4},"end":{"line":18,"column":5}},{"start":{"line":16,"column":9},"end":{"line":18,"column":5}}],"line":13}},"s":{"0":3,"1":3,"2":3,"3":3,"4":1,"5":2,"6":2,"7":2,"8":2,"9":2,"10":1,"11":1,"12":3},"f":{"0":3},"b":{"0":[1,2],"1":[3,2],"2":[1,1]},"_coverageSchema":"1a1c01bbd47fc00a2c39e90264f33305004495a9","hash":"736e6c680fd77ebd494364afa299d48fdd6cb1f4"}
,"C:\\Users\\dak.admin\\Documents\\Github\\rc-unified-crm-extension\\server\\src\\core\\log.js": {"path":"C:\\Users\\dak.admin\\Documents\\Github\\rc-unified-crm-extension\\server\\src\\core\\log.js","statementMap":{"0":{"start":{"line":1,"column":11},"end":{"line":1,"column":34}},"1":{"start":{"line":2,"column":25},"end":{"line":2,"column":58}},"2":{"start":{"line":3,"column":28},"end":{"line":3,"column":64}},"3":{"start":{"line":4,"column":22},"end":{"line":4,"column":52}},"4":{"start":{"line":5,"column":14},"end":{"line":5,"column":37}},"5":{"start":{"line":8,"column":28},"end":{"line":8,"column":80}},"6":{"start":{"line":9,"column":4},"end":{"line":11,"column":5}},"7":{"start":{"line":10,"column":8},"end":{"line":10,"column":107}},"8":{"start":{"line":12,"column":27},"end":{"line":12,"column":68}},"9":{"start":{"line":13,"column":20},"end":{"line":13,"column":40}},"10":{"start":{"line":14,"column":33},"end":{"line":14,"column":66}},"11":{"start":{"line":15,"column":17},"end":{"line":15,"column":34}},"12":{"start":{"line":16,"column":17},"end":{"line":16,"column":49}},"13":{"start":{"line":17,"column":4},"end":{"line":19,"column":5}},"14":{"start":{"line":18,"column":8},"end":{"line":18,"column":52}},"15":{"start":{"line":20,"column":21},"end":{"line":20,"column":69}},"16":{"start":{"line":21,"column":4},"end":{"line":21,"column":59}},"17":{"start":{"line":22,"column":23},"end":{"line":22,"column":51}},"18":{"start":{"line":23,"column":26},"end":{"line":23,"column":109}},"19":{"start":{"line":24,"column":24},"end":{"line":24,"column":118}},"20":{"start":{"line":25,"column":4},"end":{"line":27,"column":5}},"21":{"start":{"line":26,"column":8},"end":{"line":26,"column":62}},"22":{"start":{"line":28,"column":18},"end":{"line":28,"column":137}},"23":{"start":{"line":29,"column":4},"end":{"line":35,"column":7}},"24":{"start":{"line":36,"column":4},"end":{"line":36,"column":69}},"25":{"start":{"line":37,"column":4},"end":{"line":37,"column":39}},"26":{"start":{"line":41,"column":4},"end":{"line":43,"column":5}},"27":{"start":{"line":42,"column":8},"end":{"line":42,"column":67}},"28":{"start":{"line":44,"column":27},"end":{"line":44,"column":68}},"29":{"start":{"line":45,"column":26},"end":{"line":45,"column":76}},"30":{"start":{"line":46,"column":33},"end":{"line":46,"column":66}},"31":{"start":{"line":47,"column":17},"end":{"line":47,"column":49}},"32":{"start":{"line":48,"column":4},"end":{"line":50,"column":5}},"33":{"start":{"line":49,"column":8},"end":{"line":49,"column":52}},"34":{"start":{"line":51,"column":21},"end":{"line":51,"column":69}},"35":{"start":{"line":52,"column":4},"end":{"line":52,"column":59}},"36":{"start":{"line":53,"column":23},"end":{"line":53,"column":51}},"37":{"start":{"line":54,"column":24},"end":{"line":54,"column":118}},"38":{"start":{"line":55,"column":4},"end":{"line":57,"column":5}},"39":{"start":{"line":56,"column":8},"end":{"line":56,"column":62}},"40":{"start":{"line":58,"column":23},"end":{"line":58,"column":87}},"41":{"start":{"line":58,"column":64},"end":{"line":58,"column":84}},"42":{"start":{"line":59,"column":29},"end":{"line":63,"column":6}},"43":{"start":{"line":64,"column":24},"end":{"line":64,"column":55}},"44":{"start":{"line":64,"column":50},"end":{"line":64,"column":54}},"45":{"start":{"line":65,"column":19},"end":{"line":65,"column":21}},"46":{"start":{"line":66,"column":4},"end":{"line":85,"column":5}},"47":{"start":{"line":67,"column":8},"end":{"line":70,"column":9}},"48":{"start":{"line":68,"column":12},"end":{"line":68,"column":63}},"49":{"start":{"line":69,"column":12},"end":{"line":69,"column":21}},"50":{"start":{"line":71,"column":28},"end":{"line":71,"column":32}},"51":{"start":{"line":72,"column":8},"end":{"line":74,"column":9}},"52":{"start":{"line":72,"column":65},"end":{"line":72,"column":92}},"53":{"start":{"line":73,"column":12},"end":{"line":73,"column":92}},"54":{"start":{"line":73,"column":58},"end":{"line":73,"column":85}},"55":{"start":{"line":75,"column":22},"end":{"line":75,"column":153}},"56":{"start":{"line":76,"column":8},"end":{"line":82,"column":11}},"57":{"start":{"line":83,"column":8},"end":{"line":83,"column":56}},"58":{"start":{"line":84,"column":8},"end":{"line":84,"column":27}},"59":{"start":{"line":86,"column":4},"end":{"line":86,"column":53}},"60":{"start":{"line":87,"column":4},"end":{"line":87,"column":40}},"61":{"start":{"line":91,"column":20},"end":{"line":96,"column":6}},"62":{"start":{"line":97,"column":4},"end":{"line":102,"column":5}},"63":{"start":{"line":98,"column":8},"end":{"line":98,"column":68}},"64":{"start":{"line":101,"column":8},"end":{"line":101,"column":37}},"65":{"start":{"line":120,"column":0},"end":{"line":120,"column":32}},"66":{"start":{"line":121,"column":0},"end":{"line":121,"column":38}},"67":{"start":{"line":122,"column":0},"end":{"line":122,"column":32}}},"fnMap":{"0":{"name":"addCallLog","decl":{"start":{"line":7,"column":15},"end":{"line":7,"column":25}},"loc":{"start":{"line":7,"column":62},"end":{"line":38,"column":1}},"line":7},"1":{"name":"addMessageLog","decl":{"start":{"line":40,"column":15},"end":{"line":40,"column":28}},"loc":{"start":{"line":40,"column":65},"end":{"line":88,"column":1}},"line":40},"2":{"name":"(anonymous_2)","decl":{"start":{"line":58,"column":57},"end":{"line":58,"column":58}},"loc":{"start":{"line":58,"column":62},"end":{"line":58,"column":86}},"line":58},"3":{"name":"(anonymous_3)","decl":{"start":{"line":64,"column":45},"end":{"line":64,"column":46}},"loc":{"start":{"line":64,"column":50},"end":{"line":64,"column":54}},"line":64},"4":{"name":"(anonymous_4)","decl":{"start":{"line":72,"column":60},"end":{"line":72,"column":61}},"loc":{"start":{"line":72,"column":65},"end":{"line":72,"column":92}},"line":72},"5":{"name":"(anonymous_5)","decl":{"start":{"line":73,"column":53},"end":{"line":73,"column":54}},"loc":{"start":{"line":73,"column":58},"end":{"line":73,"column":85}},"line":73},"6":{"name":"getCallLog","decl":{"start":{"line":90,"column":15},"end":{"line":90,"column":25}},"loc":{"start":{"line":90,"column":51},"end":{"line":103,"column":1}},"line":90}},"branchMap":{"0":{"loc":{"start":{"line":9,"column":4},"end":{"line":11,"column":5}},"type":"if","locations":[{"start":{"line":9,"column":4},"end":{"line":11,"column":5}},{"start":{},"end":{}}],"line":9},"1":{"loc":{"start":{"line":17,"column":4},"end":{"line":19,"column":5}},"type":"if","locations":[{"start":{"line":17,"column":4},"end":{"line":19,"column":5}},{"start":{},"end":{}}],"line":17},"2":{"loc":{"start":{"line":17,"column":8},"end":{"line":17,"column":34}},"type":"binary-expr","locations":[{"start":{"line":17,"column":8},"end":{"line":17,"column":13}},{"start":{"line":17,"column":17},"end":{"line":17,"column":34}}],"line":17},"3":{"loc":{"start":{"line":23,"column":26},"end":{"line":23,"column":109}},"type":"cond-expr","locations":[{"start":{"line":23,"column":60},"end":{"line":23,"column":84}},{"start":{"line":23,"column":87},"end":{"line":23,"column":109}}],"line":23},"4":{"loc":{"start":{"line":25,"column":4},"end":{"line":27,"column":5}},"type":"if","locations":[{"start":{"line":25,"column":4},"end":{"line":27,"column":5}},{"start":{},"end":{}}],"line":25},"5":{"loc":{"start":{"line":41,"column":4},"end":{"line":43,"column":5}},"type":"if","locations":[{"start":{"line":41,"column":4},"end":{"line":43,"column":5}},{"start":{},"end":{}}],"line":41},"6":{"loc":{"start":{"line":48,"column":4},"end":{"line":50,"column":5}},"type":"if","locations":[{"start":{"line":48,"column":4},"end":{"line":50,"column":5}},{"start":{},"end":{}}],"line":48},"7":{"loc":{"start":{"line":48,"column":8},"end":{"line":48,"column":34}},"type":"binary-expr","locations":[{"start":{"line":48,"column":8},"end":{"line":48,"column":13}},{"start":{"line":48,"column":17},"end":{"line":48,"column":34}}],"line":48},"8":{"loc":{"start":{"line":55,"column":4},"end":{"line":57,"column":5}},"type":"if","locations":[{"start":{"line":55,"column":4},"end":{"line":57,"column":5}},{"start":{},"end":{}}],"line":55},"9":{"loc":{"start":{"line":67,"column":8},"end":{"line":70,"column":9}},"type":"if","locations":[{"start":{"line":67,"column":8},"end":{"line":70,"column":9}},{"start":{},"end":{}}],"line":67},"10":{"loc":{"start":{"line":72,"column":8},"end":{"line":74,"column":9}},"type":"if","locations":[{"start":{"line":72,"column":8},"end":{"line":74,"column":9}},{"start":{},"end":{}}],"line":72},"11":{"loc":{"start":{"line":72,"column":12},"end":{"line":72,"column":93}},"type":"binary-expr","locations":[{"start":{"line":72,"column":12},"end":{"line":72,"column":31}},{"start":{"line":72,"column":35},"end":{"line":72,"column":93}}],"line":72},"12":{"loc":{"start":{"line":97,"column":4},"end":{"line":102,"column":5}},"type":"if","locations":[{"start":{"line":97,"column":4},"end":{"line":102,"column":5}},{"start":{"line":100,"column":9},"end":{"line":102,"column":5}}],"line":97}},"s":{"0":3,"1":3,"2":3,"3":3,"4":3,"5":4,"6":4,"7":1,"8":3,"9":3,"10":3,"11":3,"12":3,"13":3,"14":1,"15":2,"16":2,"17":2,"18":2,"19":2,"20":2,"21":1,"22":1,"23":1,"24":1,"25":1,"26":4,"27":1,"28":3,"29":3,"30":3,"31":3,"32":3,"33":1,"34":2,"35":2,"36":2,"37":2,"38":2,"39":1,"40":1,"41":2,"42":1,"43":1,"44":1,"45":1,"46":1,"47":2,"48":1,"49":1,"50":1,"51":1,"52":0,"53":0,"54":0,"55":1,"56":1,"57":1,"58":1,"59":1,"60":1,"61":2,"62":2,"63":1,"64":1,"65":3,"66":3,"67":3},"f":{"0":4,"1":4,"2":2,"3":1,"4":0,"5":0,"6":2},"b":{"0":[1,3],"1":[1,2],"2":[3,2],"3":[2,0],"4":[1,1],"5":[1,3],"6":[1,2],"7":[3,2],"8":[1,1],"9":[1,1],"10":[0,1],"11":[1,0],"12":[1,1]},"_coverageSchema":"1a1c01bbd47fc00a2c39e90264f33305004495a9","hash":"d5c02ecca9a28d584c0f12ee536708b211790752"}
,"C:\\Users\\dak.admin\\Documents\\Github\\rc-unified-crm-extension\\server\\src\\lib\\jwt.js": {"path":"C:\\Users\\dak.admin\\Documents\\Github\\rc-unified-crm-extension\\server\\src\\lib\\jwt.js","statementMap":{"0":{"start":{"line":1,"column":25},"end":{"line":1,"column":48}},"1":{"start":{"line":4,"column":2},"end":{"line":4,"column":77}},"2":{"start":{"line":8,"column":2},"end":{"line":12,"column":3}},"3":{"start":{"line":9,"column":4},"end":{"line":9,"column":60}},"4":{"start":{"line":11,"column":4},"end":{"line":11,"column":16}},"5":{"start":{"line":15,"column":0},"end":{"line":15,"column":34}},"6":{"start":{"line":16,"column":0},"end":{"line":16,"column":30}}},"fnMap":{"0":{"name":"generateJwt","decl":{"start":{"line":3,"column":9},"end":{"line":3,"column":20}},"loc":{"start":{"line":3,"column":27},"end":{"line":5,"column":1}},"line":3},"1":{"name":"decodeJwt","decl":{"start":{"line":7,"column":9},"end":{"line":7,"column":18}},"loc":{"start":{"line":7,"column":26},"end":{"line":13,"column":1}},"line":7}},"branchMap":{},"s":{"0":3,"1":15,"2":20,"3":20,"4":5,"5":3,"6":3},"f":{"0":15,"1":20},"b":{},"_coverageSchema":"1a1c01bbd47fc00a2c39e90264f33305004495a9","hash":"0c54aa461b83f3376a7a1ce58410fd39d805f642"}
,"C:\\Users\\dak.admin\\Documents\\Github\\rc-unified-crm-extension\\server\\src\\lib\\oauth.js": {"path":"C:\\Users\\dak.admin\\Documents\\Github\\rc-unified-crm-extension\\server\\src\\lib\\oauth.js","statementMap":{"0":{"start":{"line":1,"column":21},"end":{"line":1,"column":45}},"1":{"start":{"line":6,"column":4},"end":{"line":13,"column":7}},"2":{"start":{"line":18,"column":20},"end":{"line":18,"column":30}},"3":{"start":{"line":19,"column":4},"end":{"line":26,"column":5}},"4":{"start":{"line":20,"column":22},"end":{"line":20,"column":79}},"5":{"start":{"line":21,"column":55},"end":{"line":21,"column":76}},"6":{"start":{"line":22,"column":8},"end":{"line":22,"column":39}},"7":{"start":{"line":23,"column":8},"end":{"line":23,"column":41}},"8":{"start":{"line":24,"column":8},"end":{"line":24,"column":35}},"9":{"start":{"line":25,"column":8},"end":{"line":25,"column":26}},"10":{"start":{"line":30,"column":0},"end":{"line":30,"column":64}},"11":{"start":{"line":31,"column":0},"end":{"line":31,"column":34}}},"fnMap":{"0":{"name":"getOAuthApp","decl":{"start":{"line":5,"column":9},"end":{"line":5,"column":20}},"loc":{"start":{"line":5,"column":104},"end":{"line":14,"column":1}},"line":5},"1":{"name":"checkAndRefreshAccessToken","decl":{"start":{"line":17,"column":15},"end":{"line":17,"column":41}},"loc":{"start":{"line":17,"column":58},"end":{"line":27,"column":1}},"line":17}},"branchMap":{"0":{"loc":{"start":{"line":19,"column":4},"end":{"line":26,"column":5}},"type":"if","locations":[{"start":{"line":19,"column":4},"end":{"line":26,"column":5}},{"start":{},"end":{}}],"line":19},"1":{"loc":{"start":{"line":19,"column":8},"end":{"line":19,"column":83}},"type":"binary-expr","locations":[{"start":{"line":19,"column":8},"end":{"line":19,"column":12}},{"start":{"line":19,"column":16},"end":{"line":19,"column":32}},{"start":{"line":19,"column":36},"end":{"line":19,"column":53}},{"start":{"line":19,"column":57},"end":{"line":19,"column":83}}],"line":19}},"s":{"0":3,"1":6,"2":6,"3":6,"4":0,"5":0,"6":0,"7":0,"8":0,"9":0,"10":3,"11":3},"f":{"0":6,"1":6},"b":{"0":[0,6],"1":[6,6,6,0]},"_coverageSchema":"1a1c01bbd47fc00a2c39e90264f33305004495a9","hash":"5cbc7352fd5ed77d75075f6e2aa94ba58b090387"}
,"C:\\Users\\dak.admin\\Documents\\Github\\rc-unified-crm-extension\\server\\src\\models\\callLogModel.js": {"path":"C:\\Users\\dak.admin\\Documents\\Github\\rc-unified-crm-extension\\server\\src\\models\\callLogModel.js","statementMap":{"0":{"start":{"line":1,"column":18},"end":{"line":1,"column":38}},"1":{"start":{"line":2,"column":22},"end":{"line":2,"column":44}},"2":{"start":{"line":5,"column":0},"end":{"line":24,"column":3}}},"fnMap":{},"branchMap":{},"s":{"0":3,"1":3,"2":3},"f":{},"b":{},"_coverageSchema":"1a1c01bbd47fc00a2c39e90264f33305004495a9","hash":"1e0b1153877377c741a7dc6ab05a112a68c2d4e4"}
,"C:\\Users\\dak.admin\\Documents\\Github\\rc-unified-crm-extension\\server\\src\\models\\messageLogModel.js": {"path":"C:\\Users\\dak.admin\\Documents\\Github\\rc-unified-crm-extension\\server\\src\\models\\messageLogModel.js","statementMap":{"0":{"start":{"line":1,"column":18},"end":{"line":1,"column":38}},"1":{"start":{"line":2,"column":22},"end":{"line":2,"column":44}},"2":{"start":{"line":5,"column":0},"end":{"line":22,"column":3}}},"fnMap":{},"branchMap":{},"s":{"0":3,"1":3,"2":3},"f":{},"b":{},"_coverageSchema":"1a1c01bbd47fc00a2c39e90264f33305004495a9","hash":"e3d9fb262411001b4fef3f0e402d1359ee24d492"}
,"C:\\Users\\dak.admin\\Documents\\Github\\rc-unified-crm-extension\\server\\src\\models\\sequelize.js": {"path":"C:\\Users\\dak.admin\\Documents\\Github\\rc-unified-crm-extension\\server\\src\\models\\sequelize.js","statementMap":{"0":{"start":{"line":1,"column":22},"end":{"line":1,"column":42}},"1":{"start":{"line":3,"column":18},"end":{"line":14,"column":1}},"2":{"start":{"line":17,"column":0},"end":{"line":17,"column":30}}},"fnMap":{},"branchMap":{},"s":{"0":3,"1":3,"2":3},"f":{},"b":{},"_coverageSchema":"1a1c01bbd47fc00a2c39e90264f33305004495a9","hash":"93bb50154d2766a2eea308139c01da3371539b89"}
,"C:\\Users\\dak.admin\\Documents\\Github\\rc-unified-crm-extension\\server\\src\\models\\userModel.js": {"path":"C:\\Users\\dak.admin\\Documents\\Github\\rc-unified-crm-extension\\server\\src\\models\\userModel.js","statementMap":{"0":{"start":{"line":1,"column":18},"end":{"line":1,"column":38}},"1":{"start":{"line":2,"column":22},"end":{"line":2,"column":44}},"2":{"start":{"line":5,"column":0},"end":{"line":37,"column":3}}},"fnMap":{},"branchMap":{},"s":{"0":3,"1":3,"2":3},"f":{},"b":{},"_coverageSchema":"1a1c01bbd47fc00a2c39e90264f33305004495a9","hash":"aaa032a10e91cd3478331215410a8302f97391d9"}
,"C:\\Users\\dak.admin\\Documents\\Github\\rc-unified-crm-extension\\server\\src\\platformModules\\pipedrive.js": {"path":"C:\\Users\\dak.admin\\Documents\\Github\\rc-unified-crm-extension\\server\\src\\platformModules\\pipedrive.js","statementMap":{"0":{"start":{"line":1,"column":14},"end":{"line":1,"column":30}},"1":{"start":{"line":3,"column":17},"end":{"line":3,"column":60}},"2":{"start":{"line":6,"column":4},"end":{"line":11,"column":5}},"3":{"start":{"line":15,"column":29},"end":{"line":19,"column":6}},"4":{"start":{"line":20,"column":4},"end":{"line":26,"column":6}},"5":{"start":{"line":30,"column":19},"end":{"line":30,"column":74}},"6":{"start":{"line":31,"column":21},"end":{"line":39,"column":5}},"7":{"start":{"line":40,"column":22},"end":{"line":45,"column":10}},"8":{"start":{"line":46,"column":4},"end":{"line":46,"column":34}},"9":{"start":{"line":50,"column":19},"end":{"line":50,"column":74}},"10":{"start":{"line":51,"column":21},"end":{"line":58,"column":5}},"11":{"start":{"line":59,"column":22},"end":{"line":64,"column":10}},"12":{"start":{"line":65,"column":4},"end":{"line":65,"column":34}},"13":{"start":{"line":69,"column":23},"end":{"line":69,"column":46}},"14":{"start":{"line":70,"column":23},"end":{"line":74,"column":10}},"15":{"start":{"line":75,"column":4},"end":{"line":89,"column":5}},"16":{"start":{"line":76,"column":8},"end":{"line":76,"column":20}},"17":{"start":{"line":79,"column":21},"end":{"line":79,"column":55}},"18":{"start":{"line":80,"column":30},"end":{"line":84,"column":14}},"19":{"start":{"line":85,"column":8},"end":{"line":87,"column":19}},"20":{"start":{"line":86,"column":47},"end":{"line":86,"column":82}},"21":{"start":{"line":88,"column":8},"end":{"line":88,"column":22}},"22":{"start":{"line":92,"column":0},"end":{"line":92,"column":36}},"23":{"start":{"line":93,"column":0},"end":{"line":93,"column":34}},"24":{"start":{"line":94,"column":0},"end":{"line":94,"column":32}},"25":{"start":{"line":95,"column":0},"end":{"line":95,"column":38}},"26":{"start":{"line":96,"column":0},"end":{"line":96,"column":32}}},"fnMap":{"0":{"name":"getOauthInfo","decl":{"start":{"line":5,"column":9},"end":{"line":5,"column":21}},"loc":{"start":{"line":5,"column":24},"end":{"line":12,"column":1}},"line":5},"1":{"name":"getUserInfo","decl":{"start":{"line":14,"column":15},"end":{"line":14,"column":26}},"loc":{"start":{"line":14,"column":44},"end":{"line":27,"column":1}},"line":14},"2":{"name":"addCallLog","decl":{"start":{"line":29,"column":15},"end":{"line":29,"column":25}},"loc":{"start":{"line":29,"column":98},"end":{"line":47,"column":1}},"line":29},"3":{"name":"addMessageLog","decl":{"start":{"line":49,"column":15},"end":{"line":49,"column":28}},"loc":{"start":{"line":49,"column":110},"end":{"line":66,"column":1}},"line":49},"4":{"name":"getContact","decl":{"start":{"line":68,"column":15},"end":{"line":68,"column":25}},"loc":{"start":{"line":68,"column":56},"end":{"line":90,"column":1}},"line":68},"5":{"name":"(anonymous_5)","decl":{"start":{"line":86,"column":40},"end":{"line":86,"column":41}},"loc":{"start":{"line":86,"column":45},"end":{"line":86,"column":84}},"line":86}},"branchMap":{"0":{"loc":{"start":{"line":30,"column":19},"end":{"line":30,"column":74}},"type":"cond-expr","locations":[{"start":{"line":30,"column":42},"end":{"line":30,"column":69}},{"start":{"line":30,"column":72},"end":{"line":30,"column":74}}],"line":30},"1":{"loc":{"start":{"line":33,"column":48},"end":{"line":33,"column":85}},"type":"binary-expr","locations":[{"start":{"line":33,"column":48},"end":{"line":33,"column":65}},{"start":{"line":33,"column":69},"end":{"line":33,"column":85}}],"line":33},"2":{"loc":{"start":{"line":33,"column":121},"end":{"line":33,"column":154}},"type":"binary-expr","locations":[{"start":{"line":33,"column":121},"end":{"line":33,"column":136}},{"start":{"line":33,"column":140},"end":{"line":33,"column":154}}],"line":33},"3":{"loc":{"start":{"line":37,"column":76},"end":{"line":37,"column":157}},"type":"cond-expr","locations":[{"start":{"line":37,"column":96},"end":{"line":37,"column":152}},{"start":{"line":37,"column":155},"end":{"line":37,"column":157}}],"line":37},"4":{"loc":{"start":{"line":50,"column":19},"end":{"line":50,"column":74}},"type":"cond-expr","locations":[{"start":{"line":50,"column":42},"end":{"line":50,"column":69}},{"start":{"line":50,"column":72},"end":{"line":50,"column":74}}],"line":50},"5":{"loc":{"start":{"line":53,"column":47},"end":{"line":53,"column":70}},"type":"binary-expr","locations":[{"start":{"line":53,"column":47},"end":{"line":53,"column":64}},{"start":{"line":53,"column":68},"end":{"line":53,"column":70}}],"line":53},"6":{"loc":{"start":{"line":53,"column":106},"end":{"line":53,"column":130}},"type":"binary-expr","locations":[{"start":{"line":53,"column":106},"end":{"line":53,"column":124}},{"start":{"line":53,"column":128},"end":{"line":53,"column":130}}],"line":53},"7":{"loc":{"start":{"line":56,"column":17},"end":{"line":56,"column":71}},"type":"cond-expr","locations":[{"start":{"line":56,"column":37},"end":{"line":56,"column":66}},{"start":{"line":56,"column":69},"end":{"line":56,"column":71}}],"line":56},"8":{"loc":{"start":{"line":56,"column":75},"end":{"line":56,"column":134}},"type":"cond-expr","locations":[{"start":{"line":56,"column":93},"end":{"line":56,"column":129}},{"start":{"line":56,"column":132},"end":{"line":56,"column":134}}],"line":56},"9":{"loc":{"start":{"line":75,"column":4},"end":{"line":89,"column":5}},"type":"if","locations":[{"start":{"line":75,"column":4},"end":{"line":89,"column":5}},{"start":{"line":78,"column":9},"end":{"line":89,"column":5}}],"line":75},"10":{"loc":{"start":{"line":85,"column":33},"end":{"line":87,"column":18}},"type":"cond-expr","locations":[{"start":{"line":86,"column":12},"end":{"line":86,"column":85}},{"start":{"line":87,"column":14},"end":{"line":87,"column":18}}],"line":85}},"s":{"0":2,"1":2,"2":6,"3":0,"4":0,"5":1,"6":1,"7":1,"8":1,"9":1,"10":1,"11":1,"12":1,"13":6,"14":6,"15":6,"16":3,"17":3,"18":3,"19":3,"20":0,"21":3,"22":2,"23":2,"24":2,"25":2,"26":2},"f":{"0":6,"1":0,"2":1,"3":1,"4":6,"5":0},"b":{"0":[0,1],"1":[1,0],"2":[1,0],"3":[0,1],"4":[0,1],"5":[1,1],"6":[1,1],"7":[0,1],"8":[0,1],"9":[3,3],"10":[0,3]},"_coverageSchema":"1a1c01bbd47fc00a2c39e90264f33305004495a9","hash":"ad4a6347012b902d8fc9f095c968d7ceaa19c089"}
}
