{"C:\\Users\\dak.admin\\Documents\\Github\\rc-unified-crm-extension\\server\\src\\index.js": {"path":"C:\\Users\\dak.admin\\Documents\\Github\\rc-unified-crm-extension\\server\\src\\index.js","statementMap":{"0":{"start":{"line":1,"column":13},"end":{"line":1,"column":28}},"1":{"start":{"line":2,"column":16},"end":{"line":2,"column":34}},"2":{"start":{"line":3,"column":15},"end":{"line":3,"column":32}},"3":{"start":{"line":4,"column":19},"end":{"line":4,"column":41}},"4":{"start":{"line":5,"column":22},"end":{"line":5,"column":51}},"5":{"start":{"line":6,"column":25},"end":{"line":6,"column":57}},"6":{"start":{"line":7,"column":28},"end":{"line":7,"column":63}},"7":{"start":{"line":8,"column":13},"end":{"line":8,"column":28}},"8":{"start":{"line":9,"column":14},"end":{"line":9,"column":36}},"9":{"start":{"line":10,"column":12},"end":{"line":10,"column":32}},"10":{"start":{"line":11,"column":16},"end":{"line":11,"column":37}},"11":{"start":{"line":12,"column":20},"end":{"line":12,"column":45}},"12":{"start":{"line":15,"column":4},"end":{"line":15,"column":54}},"13":{"start":{"line":16,"column":4},"end":{"line":16,"column":27}},"14":{"start":{"line":17,"column":4},"end":{"line":17,"column":30}},"15":{"start":{"line":18,"column":4},"end":{"line":18,"column":33}},"16":{"start":{"line":19,"column":4},"end":{"line":19,"column":37}},"17":{"start":{"line":23,"column":4},"end":{"line":25,"column":20}},"18":{"start":{"line":27,"column":0},"end":{"line":27,"column":9}},"19":{"start":{"line":28,"column":12},"end":{"line":28,"column":21}},"20":{"start":{"line":29,"column":0},"end":{"line":29,"column":26}},"21":{"start":{"line":31,"column":0},"end":{"line":33,"column":4}},"22":{"start":{"line":35,"column":0},"end":{"line":35,"column":56}},"23":{"start":{"line":35,"column":37},"end":{"line":35,"column":52}},"24":{"start":{"line":37,"column":0},"end":{"line":45,"column":2}},"25":{"start":{"line":38,"column":4},"end":{"line":44,"column":5}},"26":{"start":{"line":39,"column":8},"end":{"line":39,"column":78}},"27":{"start":{"line":42,"column":8},"end":{"line":42,"column":23}},"28":{"start":{"line":43,"column":8},"end":{"line":43,"column":32}},"29":{"start":{"line":47,"column":0},"end":{"line":65,"column":2}},"30":{"start":{"line":48,"column":4},"end":{"line":64,"column":5}},"31":{"start":{"line":49,"column":32},"end":{"line":49,"column":139}},"32":{"start":{"line":50,"column":8},"end":{"line":59,"column":9}},"33":{"start":{"line":51,"column":35},"end":{"line":51,"column":73}},"34":{"start":{"line":52,"column":12},"end":{"line":52,"column":71}},"35":{"start":{"line":53,"column":12},"end":{"line":58,"column":15}},"36":{"start":{"line":62,"column":8},"end":{"line":62,"column":23}},"37":{"start":{"line":63,"column":8},"end":{"line":63,"column":32}},"38":{"start":{"line":66,"column":0},"end":{"line":90,"column":2}},"39":{"start":{"line":67,"column":4},"end":{"line":89,"column":5}},"40":{"start":{"line":68,"column":25},"end":{"line":68,"column":43}},"41":{"start":{"line":69,"column":8},"end":{"line":84,"column":9}},"42":{"start":{"line":70,"column":31},"end":{"line":70,"column":54}},"43":{"start":{"line":71,"column":25},"end":{"line":76,"column":14}},"44":{"start":{"line":77,"column":12},"end":{"line":79,"column":13}},"45":{"start":{"line":78,"column":16},"end":{"line":78,"column":53}},"46":{"start":{"line":80,"column":12},"end":{"line":80,"column":48}},"47":{"start":{"line":83,"column":12},"end":{"line":83,"column":85}},"48":{"start":{"line":87,"column":8},"end":{"line":87,"column":23}},"49":{"start":{"line":88,"column":8},"end":{"line":88,"column":32}},"50":{"start":{"line":91,"column":0},"end":{"line":136,"column":2}},"51":{"start":{"line":92,"column":4},"end":{"line":135,"column":5}},"52":{"start":{"line":93,"column":8},"end":{"line":96,"column":9}},"53":{"start":{"line":94,"column":12},"end":{"line":94,"column":56}},"54":{"start":{"line":95,"column":12},"end":{"line":95,"column":19}},"55":{"start":{"line":97,"column":25},"end":{"line":99,"column":102}},"56":{"start":{"line":100,"column":25},"end":{"line":100,"column":43}},"57":{"start":{"line":101,"column":25},"end":{"line":101,"column":43}},"58":{"start":{"line":102,"column":8},"end":{"line":104,"column":9}},"59":{"start":{"line":103,"column":12},"end":{"line":103,"column":42}},"60":{"start":{"line":105,"column":31},"end":{"line":105,"column":71}},"61":{"start":{"line":106,"column":26},"end":{"line":106,"column":67}},"62":{"start":{"line":109,"column":36},"end":{"line":109,"column":40}},"63":{"start":{"line":110,"column":8},"end":{"line":112,"column":9}},"64":{"start":{"line":111,"column":12},"end":{"line":111,"column":127}},"65":{"start":{"line":113,"column":25},"end":{"line":113,"column":53}},"66":{"start":{"line":114,"column":55},"end":{"line":114,"column":129}},"67":{"start":{"line":115,"column":25},"end":{"line":124,"column":10}},"68":{"start":{"line":125,"column":25},"end":{"line":129,"column":10}},"69":{"start":{"line":130,"column":8},"end":{"line":130,"column":64}},"70":{"start":{"line":133,"column":8},"end":{"line":133,"column":23}},"71":{"start":{"line":134,"column":8},"end":{"line":134,"column":32}},"72":{"start":{"line":137,"column":0},"end":{"line":168,"column":2}},"73":{"start":{"line":138,"column":4},"end":{"line":167,"column":5}},"74":{"start":{"line":139,"column":25},"end":{"line":139,"column":42}},"75":{"start":{"line":140,"column":23},"end":{"line":140,"column":38}},"76":{"start":{"line":141,"column":25},"end":{"line":141,"column":42}},"77":{"start":{"line":142,"column":31},"end":{"line":142,"column":54}},"78":{"start":{"line":143,"column":8},"end":{"line":145,"column":9}},"79":{"start":{"line":144,"column":12},"end":{"line":144,"column":42}},"80":{"start":{"line":146,"column":8},"end":{"line":148,"column":9}},"81":{"start":{"line":147,"column":12},"end":{"line":147,"column":36}},"82":{"start":{"line":149,"column":31},"end":{"line":149,"column":71}},"83":{"start":{"line":150,"column":26},"end":{"line":150,"column":65}},"84":{"start":{"line":151,"column":25},"end":{"line":156,"column":10}},"85":{"start":{"line":157,"column":25},"end":{"line":161,"column":10}},"86":{"start":{"line":162,"column":8},"end":{"line":162,"column":64}},"87":{"start":{"line":165,"column":8},"end":{"line":165,"column":23}},"88":{"start":{"line":166,"column":8},"end":{"line":166,"column":32}},"89":{"start":{"line":169,"column":0},"end":{"line":196,"column":3}},"90":{"start":{"line":170,"column":4},"end":{"line":195,"column":5}},"91":{"start":{"line":171,"column":25},"end":{"line":171,"column":43}},"92":{"start":{"line":172,"column":8},"end":{"line":190,"column":9}},"93":{"start":{"line":173,"column":31},"end":{"line":173,"column":54}},"94":{"start":{"line":174,"column":33},"end":{"line":179,"column":14}},"95":{"start":{"line":180,"column":12},"end":{"line":183,"column":13}},"96":{"start":{"line":181,"column":16},"end":{"line":181,"column":53}},"97":{"start":{"line":182,"column":16},"end":{"line":182,"column":23}},"98":{"start":{"line":184,"column":35},"end":{"line":184,"column":86}},"99":{"start":{"line":185,"column":12},"end":{"line":185,"column":69}},"100":{"start":{"line":186,"column":12},"end":{"line":186,"column":35}},"101":{"start":{"line":189,"column":12},"end":{"line":189,"column":85}},"102":{"start":{"line":193,"column":8},"end":{"line":193,"column":23}},"103":{"start":{"line":194,"column":8},"end":{"line":194,"column":32}},"104":{"start":{"line":197,"column":0},"end":{"line":207,"column":2}},"105":{"start":{"line":198,"column":4},"end":{"line":206,"column":5}},"106":{"start":{"line":199,"column":28},"end":{"line":199,"column":85}},"107":{"start":{"line":200,"column":26},"end":{"line":200,"column":81}},"108":{"start":{"line":201,"column":8},"end":{"line":201,"column":57}},"109":{"start":{"line":204,"column":8},"end":{"line":204,"column":23}},"110":{"start":{"line":205,"column":8},"end":{"line":205,"column":32}},"111":{"start":{"line":208,"column":0},"end":{"line":224,"column":3}},"112":{"start":{"line":209,"column":4},"end":{"line":223,"column":5}},"113":{"start":{"line":210,"column":25},"end":{"line":210,"column":43}},"114":{"start":{"line":211,"column":8},"end":{"line":218,"column":9}},"115":{"start":{"line":212,"column":45},"end":{"line":212,"column":68}},"116":{"start":{"line":213,"column":53},"end":{"line":213,"column":185}},"117":{"start":{"line":214,"column":12},"end":{"line":214,"column":67}},"118":{"start":{"line":217,"column":12},"end":{"line":217,"column":85}},"119":{"start":{"line":221,"column":8},"end":{"line":221,"column":23}},"120":{"start":{"line":222,"column":8},"end":{"line":222,"column":32}},"121":{"start":{"line":225,"column":0},"end":{"line":241,"column":3}},"122":{"start":{"line":226,"column":4},"end":{"line":240,"column":5}},"123":{"start":{"line":227,"column":25},"end":{"line":227,"column":43}},"124":{"start":{"line":228,"column":8},"end":{"line":235,"column":9}},"125":{"start":{"line":229,"column":45},"end":{"line":229,"column":68}},"126":{"start":{"line":230,"column":53},"end":{"line":230,"column":223}},"127":{"start":{"line":231,"column":12},"end":{"line":231,"column":67}},"128":{"start":{"line":234,"column":12},"end":{"line":234,"column":85}},"129":{"start":{"line":238,"column":8},"end":{"line":238,"column":23}},"130":{"start":{"line":239,"column":8},"end":{"line":239,"column":32}},"131":{"start":{"line":242,"column":0},"end":{"line":258,"column":3}},"132":{"start":{"line":243,"column":4},"end":{"line":257,"column":5}},"133":{"start":{"line":244,"column":25},"end":{"line":244,"column":43}},"134":{"start":{"line":245,"column":8},"end":{"line":252,"column":9}},"135":{"start":{"line":246,"column":45},"end":{"line":246,"column":68}},"136":{"start":{"line":247,"column":41},"end":{"line":247,"column":121}},"137":{"start":{"line":248,"column":12},"end":{"line":248,"column":55}},"138":{"start":{"line":251,"column":12},"end":{"line":251,"column":85}},"139":{"start":{"line":255,"column":8},"end":{"line":255,"column":23}},"140":{"start":{"line":256,"column":8},"end":{"line":256,"column":32}},"141":{"start":{"line":259,"column":0},"end":{"line":275,"column":3}},"142":{"start":{"line":260,"column":4},"end":{"line":274,"column":5}},"143":{"start":{"line":261,"column":25},"end":{"line":261,"column":43}},"144":{"start":{"line":262,"column":8},"end":{"line":269,"column":9}},"145":{"start":{"line":263,"column":45},"end":{"line":263,"column":68}},"146":{"start":{"line":264,"column":51},"end":{"line":264,"column":121}},"147":{"start":{"line":265,"column":12},"end":{"line":265,"column":65}},"148":{"start":{"line":268,"column":12},"end":{"line":268,"column":85}},"149":{"start":{"line":272,"column":8},"end":{"line":272,"column":23}},"150":{"start":{"line":273,"column":8},"end":{"line":273,"column":32}},"151":{"start":{"line":276,"column":0},"end":{"line":292,"column":3}},"152":{"start":{"line":277,"column":4},"end":{"line":291,"column":5}},"153":{"start":{"line":278,"column":25},"end":{"line":278,"column":43}},"154":{"start":{"line":279,"column":8},"end":{"line":286,"column":9}},"155":{"start":{"line":280,"column":45},"end":{"line":280,"column":68}},"156":{"start":{"line":281,"column":35},"end":{"line":281,"column":108}},"157":{"start":{"line":282,"column":12},"end":{"line":282,"column":49}},"158":{"start":{"line":285,"column":12},"end":{"line":285,"column":85}},"159":{"start":{"line":289,"column":8},"end":{"line":289,"column":23}},"160":{"start":{"line":290,"column":8},"end":{"line":290,"column":32}},"161":{"start":{"line":293,"column":0},"end":{"line":309,"column":3}},"162":{"start":{"line":294,"column":4},"end":{"line":308,"column":5}},"163":{"start":{"line":295,"column":25},"end":{"line":295,"column":43}},"164":{"start":{"line":296,"column":8},"end":{"line":303,"column":9}},"165":{"start":{"line":297,"column":45},"end":{"line":297,"column":68}},"166":{"start":{"line":298,"column":52},"end":{"line":298,"column":125}},"167":{"start":{"line":299,"column":12},"end":{"line":299,"column":66}},"168":{"start":{"line":302,"column":12},"end":{"line":302,"column":85}},"169":{"start":{"line":306,"column":8},"end":{"line":306,"column":23}},"170":{"start":{"line":307,"column":8},"end":{"line":307,"column":32}},"171":{"start":{"line":311,"column":0},"end":{"line":311,"column":21}}},"fnMap":{"0":{"name":"initDB","decl":{"start":{"line":14,"column":15},"end":{"line":14,"column":21}},"loc":{"start":{"line":14,"column":24},"end":{"line":20,"column":1}},"line":14},"1":{"name":"getHashValue","decl":{"start":{"line":22,"column":9},"end":{"line":22,"column":21}},"loc":{"start":{"line":22,"column":41},"end":{"line":26,"column":1}},"line":22},"2":{"name":"(anonymous_2)","decl":{"start":{"line":35,"column":21},"end":{"line":35,"column":22}},"loc":{"start":{"line":35,"column":35},"end":{"line":35,"column":54}},"line":35},"3":{"name":"(anonymous_3)","decl":{"start":{"line":37,"column":31},"end":{"line":37,"column":32}},"loc":{"start":{"line":37,"column":51},"end":{"line":45,"column":1}},"line":37},"4":{"name":"(anonymous_4)","decl":{"start":{"line":47,"column":34},"end":{"line":47,"column":35}},"loc":{"start":{"line":47,"column":60},"end":{"line":65,"column":1}},"line":47},"5":{"name":"(anonymous_5)","decl":{"start":{"line":66,"column":21},"end":{"line":66,"column":22}},"loc":{"start":{"line":66,"column":47},"end":{"line":90,"column":1}},"line":66},"6":{"name":"(anonymous_6)","decl":{"start":{"line":91,"column":27},"end":{"line":91,"column":28}},"loc":{"start":{"line":91,"column":53},"end":{"line":136,"column":1}},"line":91},"7":{"name":"(anonymous_7)","decl":{"start":{"line":137,"column":25},"end":{"line":137,"column":26}},"loc":{"start":{"line":137,"column":51},"end":{"line":168,"column":1}},"line":137},"8":{"name":"(anonymous_8)","decl":{"start":{"line":169,"column":25},"end":{"line":169,"column":26}},"loc":{"start":{"line":169,"column":51},"end":{"line":196,"column":1}},"line":169},"9":{"name":"(anonymous_9)","decl":{"start":{"line":197,"column":25},"end":{"line":197,"column":26}},"loc":{"start":{"line":197,"column":51},"end":{"line":207,"column":1}},"line":197},"10":{"name":"(anonymous_10)","decl":{"start":{"line":208,"column":20},"end":{"line":208,"column":21}},"loc":{"start":{"line":208,"column":46},"end":{"line":224,"column":1}},"line":208},"11":{"name":"(anonymous_11)","decl":{"start":{"line":225,"column":21},"end":{"line":225,"column":22}},"loc":{"start":{"line":225,"column":47},"end":{"line":241,"column":1}},"line":225},"12":{"name":"(anonymous_12)","decl":{"start":{"line":242,"column":20},"end":{"line":242,"column":21}},"loc":{"start":{"line":242,"column":46},"end":{"line":258,"column":1}},"line":242},"13":{"name":"(anonymous_13)","decl":{"start":{"line":259,"column":21},"end":{"line":259,"column":22}},"loc":{"start":{"line":259,"column":47},"end":{"line":275,"column":1}},"line":259},"14":{"name":"(anonymous_14)","decl":{"start":{"line":276,"column":22},"end":{"line":276,"column":23}},"loc":{"start":{"line":276,"column":48},"end":{"line":292,"column":1}},"line":276},"15":{"name":"(anonymous_15)","decl":{"start":{"line":293,"column":24},"end":{"line":293,"column":25}},"loc":{"start":{"line":293,"column":50},"end":{"line":309,"column":1}},"line":293}},"branchMap":{"0":{"loc":{"start":{"line":50,"column":8},"end":{"line":59,"column":9}},"type":"if","locations":[{"start":{"line":50,"column":8},"end":{"line":59,"column":9}},{"start":{},"end":{}}],"line":50},"1":{"loc":{"start":{"line":69,"column":8},"end":{"line":84,"column":9}},"type":"if","locations":[{"start":{"line":69,"column":8},"end":{"line":84,"column":9}},{"start":{"line":82,"column":13},"end":{"line":84,"column":9}}],"line":69},"2":{"loc":{"start":{"line":77,"column":12},"end":{"line":79,"column":13}},"type":"if","locations":[{"start":{"line":77,"column":12},"end":{"line":79,"column":13}},{"start":{},"end":{}}],"line":77},"3":{"loc":{"start":{"line":93,"column":8},"end":{"line":96,"column":9}},"type":"if","locations":[{"start":{"line":93,"column":8},"end":{"line":96,"column":9}},{"start":{},"end":{}}],"line":93},"4":{"loc":{"start":{"line":97,"column":25},"end":{"line":99,"column":102}},"type":"cond-expr","locations":[{"start":{"line":98,"column":12},"end":{"line":98,"column":49}},{"start":{"line":99,"column":12},"end":{"line":99,"column":102}}],"line":97},"5":{"loc":{"start":{"line":102,"column":8},"end":{"line":104,"column":9}},"type":"if","locations":[{"start":{"line":102,"column":8},"end":{"line":104,"column":9}},{"start":{},"end":{}}],"line":102},"6":{"loc":{"start":{"line":110,"column":8},"end":{"line":112,"column":9}},"type":"if","locations":[{"start":{"line":110,"column":8},"end":{"line":112,"column":9}},{"start":{},"end":{}}],"line":110},"7":{"loc":{"start":{"line":143,"column":8},"end":{"line":145,"column":9}},"type":"if","locations":[{"start":{"line":143,"column":8},"end":{"line":145,"column":9}},{"start":{},"end":{}}],"line":143},"8":{"loc":{"start":{"line":146,"column":8},"end":{"line":148,"column":9}},"type":"if","locations":[{"start":{"line":146,"column":8},"end":{"line":148,"column":9}},{"start":{},"end":{}}],"line":146},"9":{"loc":{"start":{"line":172,"column":8},"end":{"line":190,"column":9}},"type":"if","locations":[{"start":{"line":172,"column":8},"end":{"line":190,"column":9}},{"start":{"line":188,"column":13},"end":{"line":190,"column":9}}],"line":172},"10":{"loc":{"start":{"line":180,"column":12},"end":{"line":183,"column":13}},"type":"if","locations":[{"start":{"line":180,"column":12},"end":{"line":183,"column":13}},{"start":{},"end":{}}],"line":180},"11":{"loc":{"start":{"line":211,"column":8},"end":{"line":218,"column":9}},"type":"if","locations":[{"start":{"line":211,"column":8},"end":{"line":218,"column":9}},{"start":{"line":216,"column":13},"end":{"line":218,"column":9}}],"line":211},"12":{"loc":{"start":{"line":228,"column":8},"end":{"line":235,"column":9}},"type":"if","locations":[{"start":{"line":228,"column":8},"end":{"line":235,"column":9}},{"start":{"line":233,"column":13},"end":{"line":235,"column":9}}],"line":228},"13":{"loc":{"start":{"line":245,"column":8},"end":{"line":252,"column":9}},"type":"if","locations":[{"start":{"line":245,"column":8},"end":{"line":252,"column":9}},{"start":{"line":250,"column":13},"end":{"line":252,"column":9}}],"line":245},"14":{"loc":{"start":{"line":262,"column":8},"end":{"line":269,"column":9}},"type":"if","locations":[{"start":{"line":262,"column":8},"end":{"line":269,"column":9}},{"start":{"line":267,"column":13},"end":{"line":269,"column":9}}],"line":262},"15":{"loc":{"start":{"line":279,"column":8},"end":{"line":286,"column":9}},"type":"if","locations":[{"start":{"line":279,"column":8},"end":{"line":286,"column":9}},{"start":{"line":284,"column":13},"end":{"line":286,"column":9}}],"line":279},"16":{"loc":{"start":{"line":296,"column":8},"end":{"line":303,"column":9}},"type":"if","locations":[{"start":{"line":296,"column":8},"end":{"line":303,"column":9}},{"start":{"line":301,"column":13},"end":{"line":303,"column":9}}],"line":296}},"s":{"0":3,"1":3,"2":3,"3":3,"4":3,"5":3,"6":3,"7":3,"8":3,"9":3,"10":3,"11":3,"12":3,"13":3,"14":3,"15":3,"16":3,"17":0,"18":3,"19":3,"20":3,"21":3,"22":3,"23":0,"24":3,"25":0,"26":0,"27":0,"28":0,"29":3,"30":0,"31":0,"32":0,"33":0,"34":0,"35":0,"36":0,"37":0,"38":3,"39":0,"40":0,"41":0,"42":0,"43":0,"44":0,"45":0,"46":0,"47":0,"48":0,"49":0,"50":3,"51":1,"52":1,"53":0,"54":0,"55":1,"56":0,"57":0,"58":0,"59":0,"60":0,"61":0,"62":0,"63":0,"64":0,"65":0,"66":0,"67":0,"68":0,"69":0,"70":1,"71":1,"72":3,"73":0,"74":0,"75":0,"76":0,"77":0,"78":0,"79":0,"80":0,"81":0,"82":0,"83":0,"84":0,"85":0,"86":0,"87":0,"88":0,"89":3,"90":4,"91":4,"92":4,"93":3,"94":3,"95":2,"96":1,"97":1,"98":1,"99":1,"100":1,"101":1,"102":1,"103":1,"104":3,"105":0,"106":0,"107":0,"108":0,"109":0,"110":0,"111":3,"112":6,"113":6,"114":6,"115":5,"116":4,"117":4,"118":1,"119":1,"120":1,"121":3,"122":0,"123":0,"124":0,"125":0,"126":0,"127":0,"128":0,"129":0,"130":0,"131":3,"132":0,"133":0,"134":0,"135":0,"136":0,"137":0,"138":0,"139":0,"140":0,"141":3,"142":0,"143":0,"144":0,"145":0,"146":0,"147":0,"148":0,"149":0,"150":0,"151":3,"152":0,"153":0,"154":0,"155":0,"156":0,"157":0,"158":0,"159":0,"160":0,"161":3,"162":0,"163":0,"164":0,"165":0,"166":0,"167":0,"168":0,"169":0,"170":0,"171":3},"f":{"0":3,"1":0,"2":0,"3":0,"4":0,"5":0,"6":1,"7":0,"8":4,"9":0,"10":6,"11":0,"12":0,"13":0,"14":0,"15":0},"b":{"0":[0,0],"1":[0,0],"2":[0,0],"3":[0,1],"4":[0,1],"5":[0,0],"6":[0,0],"7":[0,0],"8":[0,0],"9":[3,1],"10":[1,1],"11":[5,1],"12":[0,0],"13":[0,0],"14":[0,0],"15":[0,0],"16":[0,0]},"_coverageSchema":"1a1c01bbd47fc00a2c39e90264f33305004495a9","hash":"c4f0ae2cf1ee15c9fd8588d7500644c88be9904e"}
,"C:\\Users\\dak.admin\\Documents\\Github\\rc-unified-crm-extension\\server\\src\\core\\contact.js": {"path":"C:\\Users\\dak.admin\\Documents\\Github\\rc-unified-crm-extension\\server\\src\\core\\contact.js","statementMap":{"0":{"start":{"line":1,"column":14},"end":{"line":1,"column":37}},"1":{"start":{"line":2,"column":22},"end":{"line":2,"column":52}},"2":{"start":{"line":5,"column":4},"end":{"line":39,"column":5}},"3":{"start":{"line":6,"column":19},"end":{"line":11,"column":10}},"4":{"start":{"line":12,"column":8},"end":{"line":14,"column":9}},"5":{"start":{"line":13,"column":12},"end":{"line":13,"column":89}},"6":{"start":{"line":15,"column":31},"end":{"line":15,"column":72}},"7":{"start":{"line":16,"column":25},"end":{"line":16,"column":53}},"8":{"start":{"line":17,"column":25},"end":{"line":17,"column":27}},"9":{"start":{"line":18,"column":8},"end":{"line":28,"column":9}},"10":{"start":{"line":20,"column":33},"end":{"line":20,"column":133}},"11":{"start":{"line":21,"column":16},"end":{"line":21,"column":78}},"12":{"start":{"line":22,"column":16},"end":{"line":22,"column":58}},"13":{"start":{"line":23,"column":16},"end":{"line":23,"column":22}},"14":{"start":{"line":25,"column":34},"end":{"line":25,"column":91}},"15":{"start":{"line":26,"column":16},"end":{"line":26,"column":50}},"16":{"start":{"line":27,"column":16},"end":{"line":27,"column":22}},"17":{"start":{"line":29,"column":28},"end":{"line":29,"column":112}},"18":{"start":{"line":30,"column":8},"end":{"line":35,"column":9}},"19":{"start":{"line":31,"column":12},"end":{"line":31,"column":75}},"20":{"start":{"line":34,"column":12},"end":{"line":34,"column":73}},"21":{"start":{"line":37,"column":8},"end":{"line":37,"column":23}},"22":{"start":{"line":38,"column":8},"end":{"line":38,"column":72}},"23":{"start":{"line":43,"column":4},"end":{"line":77,"column":5}},"24":{"start":{"line":44,"column":19},"end":{"line":49,"column":10}},"25":{"start":{"line":50,"column":8},"end":{"line":52,"column":9}},"26":{"start":{"line":51,"column":12},"end":{"line":51,"column":89}},"27":{"start":{"line":53,"column":31},"end":{"line":53,"column":72}},"28":{"start":{"line":54,"column":25},"end":{"line":54,"column":53}},"29":{"start":{"line":55,"column":25},"end":{"line":55,"column":27}},"30":{"start":{"line":56,"column":8},"end":{"line":66,"column":9}},"31":{"start":{"line":58,"column":33},"end":{"line":58,"column":133}},"32":{"start":{"line":59,"column":16},"end":{"line":59,"column":78}},"33":{"start":{"line":60,"column":16},"end":{"line":60,"column":58}},"34":{"start":{"line":61,"column":16},"end":{"line":61,"column":22}},"35":{"start":{"line":63,"column":34},"end":{"line":63,"column":91}},"36":{"start":{"line":64,"column":16},"end":{"line":64,"column":50}},"37":{"start":{"line":65,"column":16},"end":{"line":65,"column":22}},"38":{"start":{"line":67,"column":28},"end":{"line":67,"column":129}},"39":{"start":{"line":68,"column":8},"end":{"line":73,"column":9}},"40":{"start":{"line":69,"column":12},"end":{"line":69,"column":75}},"41":{"start":{"line":72,"column":12},"end":{"line":72,"column":127}},"42":{"start":{"line":75,"column":8},"end":{"line":75,"column":23}},"43":{"start":{"line":76,"column":8},"end":{"line":76,"column":75}},"44":{"start":{"line":80,"column":0},"end":{"line":80,"column":32}},"45":{"start":{"line":81,"column":0},"end":{"line":81,"column":38}}},"fnMap":{"0":{"name":"getContact","decl":{"start":{"line":4,"column":15},"end":{"line":4,"column":25}},"loc":{"start":{"line":4,"column":79},"end":{"line":40,"column":1}},"line":4},"1":{"name":"createContact","decl":{"start":{"line":42,"column":15},"end":{"line":42,"column":28}},"loc":{"start":{"line":42,"column":96},"end":{"line":78,"column":1}},"line":42}},"branchMap":{"0":{"loc":{"start":{"line":12,"column":8},"end":{"line":14,"column":9}},"type":"if","locations":[{"start":{"line":12,"column":8},"end":{"line":14,"column":9}},{"start":{},"end":{}}],"line":12},"1":{"loc":{"start":{"line":12,"column":12},"end":{"line":12,"column":38}},"type":"binary-expr","locations":[{"start":{"line":12,"column":12},"end":{"line":12,"column":17}},{"start":{"line":12,"column":21},"end":{"line":12,"column":38}}],"line":12},"2":{"loc":{"start":{"line":18,"column":8},"end":{"line":28,"column":9}},"type":"switch","locations":[{"start":{"line":19,"column":12},"end":{"line":23,"column":22}},{"start":{"line":24,"column":12},"end":{"line":27,"column":22}}],"line":18},"3":{"loc":{"start":{"line":30,"column":8},"end":{"line":35,"column":9}},"type":"if","locations":[{"start":{"line":30,"column":8},"end":{"line":35,"column":9}},{"start":{"line":33,"column":13},"end":{"line":35,"column":9}}],"line":30},"4":{"loc":{"start":{"line":30,"column":12},"end":{"line":30,"column":57}},"type":"binary-expr","locations":[{"start":{"line":30,"column":12},"end":{"line":30,"column":31}},{"start":{"line":30,"column":35},"end":{"line":30,"column":57}}],"line":30},"5":{"loc":{"start":{"line":50,"column":8},"end":{"line":52,"column":9}},"type":"if","locations":[{"start":{"line":50,"column":8},"end":{"line":52,"column":9}},{"start":{},"end":{}}],"line":50},"6":{"loc":{"start":{"line":50,"column":12},"end":{"line":50,"column":38}},"type":"binary-expr","locations":[{"start":{"line":50,"column":12},"end":{"line":50,"column":17}},{"start":{"line":50,"column":21},"end":{"line":50,"column":38}}],"line":50},"7":{"loc":{"start":{"line":56,"column":8},"end":{"line":66,"column":9}},"type":"switch","locations":[{"start":{"line":57,"column":12},"end":{"line":61,"column":22}},{"start":{"line":62,"column":12},"end":{"line":65,"column":22}}],"line":56},"8":{"loc":{"start":{"line":68,"column":8},"end":{"line":73,"column":9}},"type":"if","locations":[{"start":{"line":68,"column":8},"end":{"line":73,"column":9}},{"start":{"line":71,"column":13},"end":{"line":73,"column":9}}],"line":68}},"s":{"0":3,"1":3,"2":4,"3":4,"4":4,"5":4,"6":0,"7":0,"8":0,"9":0,"10":0,"11":0,"12":0,"13":0,"14":0,"15":0,"16":0,"17":0,"18":0,"19":0,"20":0,"21":0,"22":0,"23":0,"24":0,"25":0,"26":0,"27":0,"28":0,"29":0,"30":0,"31":0,"32":0,"33":0,"34":0,"35":0,"36":0,"37":0,"38":0,"39":0,"40":0,"41":0,"42":0,"43":0,"44":3,"45":3},"f":{"0":4,"1":0},"b":{"0":[4,0],"1":[4,3],"2":[0,0],"3":[0,0],"4":[0,0],"5":[0,0],"6":[0,0],"7":[0,0],"8":[0,0]},"_coverageSchema":"1a1c01bbd47fc00a2c39e90264f33305004495a9","hash":"5f3dcb8b3f767d2a988a627fbf34382ead59fe41"}
,"C:\\Users\\dak.admin\\Documents\\Github\\rc-unified-crm-extension\\server\\src\\core\\log.js": {"path":"C:\\Users\\dak.admin\\Documents\\Github\\rc-unified-crm-extension\\server\\src\\core\\log.js","statementMap":{"0":{"start":{"line":1,"column":11},"end":{"line":1,"column":34}},"1":{"start":{"line":2,"column":25},"end":{"line":2,"column":58}},"2":{"start":{"line":3,"column":28},"end":{"line":3,"column":64}},"3":{"start":{"line":4,"column":22},"end":{"line":4,"column":52}},"4":{"start":{"line":5,"column":14},"end":{"line":5,"column":37}},"5":{"start":{"line":8,"column":4},"end":{"line":62,"column":5}},"6":{"start":{"line":9,"column":32},"end":{"line":9,"column":84}},"7":{"start":{"line":10,"column":8},"end":{"line":12,"column":9}},"8":{"start":{"line":11,"column":12},"end":{"line":11,"column":111}},"9":{"start":{"line":13,"column":19},"end":{"line":18,"column":10}},"10":{"start":{"line":19,"column":8},"end":{"line":21,"column":9}},"11":{"start":{"line":20,"column":12},"end":{"line":20,"column":89}},"12":{"start":{"line":22,"column":31},"end":{"line":22,"column":72}},"13":{"start":{"line":23,"column":24},"end":{"line":23,"column":44}},"14":{"start":{"line":24,"column":37},"end":{"line":24,"column":70}},"15":{"start":{"line":25,"column":21},"end":{"line":25,"column":38}},"16":{"start":{"line":26,"column":25},"end":{"line":26,"column":53}},"17":{"start":{"line":27,"column":25},"end":{"line":27,"column":27}},"18":{"start":{"line":28,"column":8},"end":{"line":38,"column":9}},"19":{"start":{"line":30,"column":33},"end":{"line":30,"column":133}},"20":{"start":{"line":31,"column":16},"end":{"line":31,"column":78}},"21":{"start":{"line":32,"column":16},"end":{"line":32,"column":58}},"22":{"start":{"line":33,"column":16},"end":{"line":33,"column":22}},"23":{"start":{"line":35,"column":34},"end":{"line":35,"column":91}},"24":{"start":{"line":36,"column":16},"end":{"line":36,"column":50}},"25":{"start":{"line":37,"column":16},"end":{"line":37,"column":22}},"26":{"start":{"line":39,"column":30},"end":{"line":39,"column":113}},"27":{"start":{"line":40,"column":26},"end":{"line":40,"column":48}},"28":{"start":{"line":41,"column":8},"end":{"line":43,"column":9}},"29":{"start":{"line":42,"column":12},"end":{"line":42,"column":99}},"30":{"start":{"line":44,"column":28},"end":{"line":48,"column":9}},"31":{"start":{"line":49,"column":22},"end":{"line":49,"column":177}},"32":{"start":{"line":50,"column":8},"end":{"line":56,"column":11}},"33":{"start":{"line":57,"column":8},"end":{"line":57,"column":48}},"34":{"start":{"line":58,"column":8},"end":{"line":58,"column":43}},"35":{"start":{"line":60,"column":8},"end":{"line":60,"column":23}},"36":{"start":{"line":61,"column":8},"end":{"line":61,"column":37}},"37":{"start":{"line":66,"column":27},"end":{"line":66,"column":68}},"38":{"start":{"line":67,"column":15},"end":{"line":72,"column":6}},"39":{"start":{"line":73,"column":4},"end":{"line":75,"column":5}},"40":{"start":{"line":74,"column":8},"end":{"line":74,"column":85}},"41":{"start":{"line":76,"column":21},"end":{"line":76,"column":49}},"42":{"start":{"line":77,"column":21},"end":{"line":77,"column":23}},"43":{"start":{"line":78,"column":4},"end":{"line":88,"column":5}},"44":{"start":{"line":80,"column":29},"end":{"line":80,"column":129}},"45":{"start":{"line":81,"column":12},"end":{"line":81,"column":74}},"46":{"start":{"line":82,"column":12},"end":{"line":82,"column":54}},"47":{"start":{"line":83,"column":12},"end":{"line":83,"column":18}},"48":{"start":{"line":85,"column":30},"end":{"line":85,"column":87}},"49":{"start":{"line":86,"column":12},"end":{"line":86,"column":46}},"50":{"start":{"line":87,"column":12},"end":{"line":87,"column":18}},"51":{"start":{"line":89,"column":28},"end":{"line":89,"column":49}},"52":{"start":{"line":90,"column":15},"end":{"line":90,"column":17}},"53":{"start":{"line":91,"column":4},"end":{"line":103,"column":5}},"54":{"start":{"line":92,"column":24},"end":{"line":96,"column":10}},"55":{"start":{"line":97,"column":8},"end":{"line":100,"column":9}},"56":{"start":{"line":98,"column":12},"end":{"line":98,"column":49}},"57":{"start":{"line":99,"column":12},"end":{"line":99,"column":21}},"58":{"start":{"line":101,"column":34},"end":{"line":101,"column":123}},"59":{"start":{"line":102,"column":8},"end":{"line":102,"column":104}},"60":{"start":{"line":104,"column":4},"end":{"line":104,"column":38}},"61":{"start":{"line":108,"column":4},"end":{"line":146,"column":5}},"62":{"start":{"line":109,"column":32},"end":{"line":113,"column":10}},"63":{"start":{"line":114,"column":8},"end":{"line":141,"column":9}},"64":{"start":{"line":115,"column":35},"end":{"line":115,"column":76}},"65":{"start":{"line":116,"column":23},"end":{"line":121,"column":14}},"66":{"start":{"line":122,"column":12},"end":{"line":124,"column":13}},"67":{"start":{"line":123,"column":16},"end":{"line":123,"column":93}},"68":{"start":{"line":125,"column":29},"end":{"line":125,"column":57}},"69":{"start":{"line":126,"column":29},"end":{"line":126,"column":31}},"70":{"start":{"line":127,"column":12},"end":{"line":137,"column":13}},"71":{"start":{"line":129,"column":37},"end":{"line":129,"column":137}},"72":{"start":{"line":130,"column":20},"end":{"line":130,"column":82}},"73":{"start":{"line":131,"column":20},"end":{"line":131,"column":62}},"74":{"start":{"line":132,"column":20},"end":{"line":132,"column":26}},"75":{"start":{"line":134,"column":38},"end":{"line":134,"column":95}},"76":{"start":{"line":135,"column":20},"end":{"line":135,"column":54}},"77":{"start":{"line":136,"column":20},"end":{"line":136,"column":26}},"78":{"start":{"line":138,"column":12},"end":{"line":138,"column":222}},"79":{"start":{"line":139,"column":12},"end":{"line":139,"column":67}},"80":{"start":{"line":140,"column":12},"end":{"line":140,"column":40}},"81":{"start":{"line":142,"column":8},"end":{"line":142,"column":37}},"82":{"start":{"line":144,"column":8},"end":{"line":144,"column":23}},"83":{"start":{"line":145,"column":8},"end":{"line":145,"column":37}},"84":{"start":{"line":150,"column":4},"end":{"line":222,"column":5}},"85":{"start":{"line":151,"column":8},"end":{"line":153,"column":9}},"86":{"start":{"line":152,"column":12},"end":{"line":152,"column":71}},"87":{"start":{"line":154,"column":31},"end":{"line":154,"column":72}},"88":{"start":{"line":155,"column":30},"end":{"line":155,"column":80}},"89":{"start":{"line":156,"column":37},"end":{"line":156,"column":70}},"90":{"start":{"line":157,"column":19},"end":{"line":162,"column":10}},"91":{"start":{"line":163,"column":8},"end":{"line":165,"column":9}},"92":{"start":{"line":164,"column":12},"end":{"line":164,"column":89}},"93":{"start":{"line":166,"column":25},"end":{"line":166,"column":53}},"94":{"start":{"line":167,"column":25},"end":{"line":167,"column":27}},"95":{"start":{"line":168,"column":8},"end":{"line":178,"column":9}},"96":{"start":{"line":170,"column":33},"end":{"line":170,"column":133}},"97":{"start":{"line":171,"column":16},"end":{"line":171,"column":78}},"98":{"start":{"line":172,"column":16},"end":{"line":172,"column":58}},"99":{"start":{"line":173,"column":16},"end":{"line":173,"column":22}},"100":{"start":{"line":175,"column":34},"end":{"line":175,"column":91}},"101":{"start":{"line":176,"column":16},"end":{"line":176,"column":50}},"102":{"start":{"line":177,"column":16},"end":{"line":177,"column":22}},"103":{"start":{"line":179,"column":26},"end":{"line":179,"column":48}},"104":{"start":{"line":180,"column":8},"end":{"line":182,"column":9}},"105":{"start":{"line":181,"column":12},"end":{"line":181,"column":99}},"106":{"start":{"line":183,"column":28},"end":{"line":187,"column":9}},"107":{"start":{"line":188,"column":27},"end":{"line":188,"column":102}},"108":{"start":{"line":188,"column":68},"end":{"line":188,"column":99}},"109":{"start":{"line":189,"column":33},"end":{"line":193,"column":10}},"110":{"start":{"line":194,"column":28},"end":{"line":194,"column":59}},"111":{"start":{"line":194,"column":54},"end":{"line":194,"column":58}},"112":{"start":{"line":195,"column":23},"end":{"line":195,"column":25}},"113":{"start":{"line":196,"column":8},"end":{"line":215,"column":9}},"114":{"start":{"line":197,"column":12},"end":{"line":200,"column":13}},"115":{"start":{"line":198,"column":16},"end":{"line":198,"column":67}},"116":{"start":{"line":199,"column":16},"end":{"line":199,"column":25}},"117":{"start":{"line":201,"column":32},"end":{"line":201,"column":36}},"118":{"start":{"line":202,"column":12},"end":{"line":204,"column":13}},"119":{"start":{"line":202,"column":69},"end":{"line":202,"column":96}},"120":{"start":{"line":203,"column":16},"end":{"line":203,"column":96}},"121":{"start":{"line":203,"column":62},"end":{"line":203,"column":89}},"122":{"start":{"line":205,"column":26},"end":{"line":205,"column":193}},"123":{"start":{"line":206,"column":12},"end":{"line":212,"column":15}},"124":{"start":{"line":213,"column":12},"end":{"line":213,"column":55}},"125":{"start":{"line":214,"column":12},"end":{"line":214,"column":31}},"126":{"start":{"line":216,"column":8},"end":{"line":216,"column":57}},"127":{"start":{"line":217,"column":8},"end":{"line":217,"column":44}},"128":{"start":{"line":220,"column":8},"end":{"line":220,"column":23}},"129":{"start":{"line":221,"column":8},"end":{"line":221,"column":37}},"130":{"start":{"line":225,"column":0},"end":{"line":225,"column":32}},"131":{"start":{"line":226,"column":0},"end":{"line":226,"column":38}},"132":{"start":{"line":227,"column":0},"end":{"line":227,"column":38}},"133":{"start":{"line":228,"column":0},"end":{"line":228,"column":32}}},"fnMap":{"0":{"name":"addCallLog","decl":{"start":{"line":7,"column":15},"end":{"line":7,"column":25}},"loc":{"start":{"line":7,"column":62},"end":{"line":63,"column":1}},"line":7},"1":{"name":"getCallLog","decl":{"start":{"line":65,"column":15},"end":{"line":65,"column":25}},"loc":{"start":{"line":65,"column":60},"end":{"line":105,"column":1}},"line":65},"2":{"name":"updateCallLog","decl":{"start":{"line":107,"column":15},"end":{"line":107,"column":28}},"loc":{"start":{"line":107,"column":65},"end":{"line":147,"column":1}},"line":107},"3":{"name":"addMessageLog","decl":{"start":{"line":149,"column":15},"end":{"line":149,"column":28}},"loc":{"start":{"line":149,"column":65},"end":{"line":223,"column":1}},"line":149},"4":{"name":"(anonymous_4)","decl":{"start":{"line":188,"column":61},"end":{"line":188,"column":62}},"loc":{"start":{"line":188,"column":66},"end":{"line":188,"column":101}},"line":188},"5":{"name":"(anonymous_5)","decl":{"start":{"line":194,"column":49},"end":{"line":194,"column":50}},"loc":{"start":{"line":194,"column":54},"end":{"line":194,"column":58}},"line":194},"6":{"name":"(anonymous_6)","decl":{"start":{"line":202,"column":64},"end":{"line":202,"column":65}},"loc":{"start":{"line":202,"column":69},"end":{"line":202,"column":96}},"line":202},"7":{"name":"(anonymous_7)","decl":{"start":{"line":203,"column":57},"end":{"line":203,"column":58}},"loc":{"start":{"line":203,"column":62},"end":{"line":203,"column":89}},"line":203}},"branchMap":{"0":{"loc":{"start":{"line":10,"column":8},"end":{"line":12,"column":9}},"type":"if","locations":[{"start":{"line":10,"column":8},"end":{"line":12,"column":9}},{"start":{},"end":{}}],"line":10},"1":{"loc":{"start":{"line":19,"column":8},"end":{"line":21,"column":9}},"type":"if","locations":[{"start":{"line":19,"column":8},"end":{"line":21,"column":9}},{"start":{},"end":{}}],"line":19},"2":{"loc":{"start":{"line":19,"column":12},"end":{"line":19,"column":38}},"type":"binary-expr","locations":[{"start":{"line":19,"column":12},"end":{"line":19,"column":17}},{"start":{"line":19,"column":21},"end":{"line":19,"column":38}}],"line":19},"3":{"loc":{"start":{"line":28,"column":8},"end":{"line":38,"column":9}},"type":"switch","locations":[{"start":{"line":29,"column":12},"end":{"line":33,"column":22}},{"start":{"line":34,"column":12},"end":{"line":37,"column":22}}],"line":28},"4":{"loc":{"start":{"line":39,"column":30},"end":{"line":39,"column":113}},"type":"cond-expr","locations":[{"start":{"line":39,"column":64},"end":{"line":39,"column":88}},{"start":{"line":39,"column":91},"end":{"line":39,"column":113}}],"line":39},"5":{"loc":{"start":{"line":41,"column":8},"end":{"line":43,"column":9}},"type":"if","locations":[{"start":{"line":41,"column":8},"end":{"line":43,"column":9}},{"start":{},"end":{}}],"line":41},"6":{"loc":{"start":{"line":46,"column":18},"end":{"line":46,"column":48}},"type":"binary-expr","locations":[{"start":{"line":46,"column":18},"end":{"line":46,"column":42}},{"start":{"line":46,"column":46},"end":{"line":46,"column":48}}],"line":46},"7":{"loc":{"start":{"line":47,"column":18},"end":{"line":47,"column":48}},"type":"binary-expr","locations":[{"start":{"line":47,"column":18},"end":{"line":47,"column":42}},{"start":{"line":47,"column":46},"end":{"line":47,"column":48}}],"line":47},"8":{"loc":{"start":{"line":73,"column":4},"end":{"line":75,"column":5}},"type":"if","locations":[{"start":{"line":73,"column":4},"end":{"line":75,"column":5}},{"start":{},"end":{}}],"line":73},"9":{"loc":{"start":{"line":73,"column":8},"end":{"line":73,"column":34}},"type":"binary-expr","locations":[{"start":{"line":73,"column":8},"end":{"line":73,"column":13}},{"start":{"line":73,"column":17},"end":{"line":73,"column":34}}],"line":73},"10":{"loc":{"start":{"line":78,"column":4},"end":{"line":88,"column":5}},"type":"switch","locations":[{"start":{"line":79,"column":8},"end":{"line":83,"column":18}},{"start":{"line":84,"column":8},"end":{"line":87,"column":18}}],"line":78},"11":{"loc":{"start":{"line":97,"column":8},"end":{"line":100,"column":9}},"type":"if","locations":[{"start":{"line":97,"column":8},"end":{"line":100,"column":9}},{"start":{},"end":{}}],"line":97},"12":{"loc":{"start":{"line":114,"column":8},"end":{"line":141,"column":9}},"type":"if","locations":[{"start":{"line":114,"column":8},"end":{"line":141,"column":9}},{"start":{},"end":{}}],"line":114},"13":{"loc":{"start":{"line":122,"column":12},"end":{"line":124,"column":13}},"type":"if","locations":[{"start":{"line":122,"column":12},"end":{"line":124,"column":13}},{"start":{},"end":{}}],"line":122},"14":{"loc":{"start":{"line":122,"column":16},"end":{"line":122,"column":42}},"type":"binary-expr","locations":[{"start":{"line":122,"column":16},"end":{"line":122,"column":21}},{"start":{"line":122,"column":25},"end":{"line":122,"column":42}}],"line":122},"15":{"loc":{"start":{"line":127,"column":12},"end":{"line":137,"column":13}},"type":"switch","locations":[{"start":{"line":128,"column":16},"end":{"line":132,"column":26}},{"start":{"line":133,"column":16},"end":{"line":136,"column":26}}],"line":127},"16":{"loc":{"start":{"line":151,"column":8},"end":{"line":153,"column":9}},"type":"if","locations":[{"start":{"line":151,"column":8},"end":{"line":153,"column":9}},{"start":{},"end":{}}],"line":151},"17":{"loc":{"start":{"line":163,"column":8},"end":{"line":165,"column":9}},"type":"if","locations":[{"start":{"line":163,"column":8},"end":{"line":165,"column":9}},{"start":{},"end":{}}],"line":163},"18":{"loc":{"start":{"line":163,"column":12},"end":{"line":163,"column":38}},"type":"binary-expr","locations":[{"start":{"line":163,"column":12},"end":{"line":163,"column":17}},{"start":{"line":163,"column":21},"end":{"line":163,"column":38}}],"line":163},"19":{"loc":{"start":{"line":168,"column":8},"end":{"line":178,"column":9}},"type":"switch","locations":[{"start":{"line":169,"column":12},"end":{"line":173,"column":22}},{"start":{"line":174,"column":12},"end":{"line":177,"column":22}}],"line":168},"20":{"loc":{"start":{"line":180,"column":8},"end":{"line":182,"column":9}},"type":"if","locations":[{"start":{"line":180,"column":8},"end":{"line":182,"column":9}},{"start":{},"end":{}}],"line":180},"21":{"loc":{"start":{"line":185,"column":18},"end":{"line":185,"column":48}},"type":"binary-expr","locations":[{"start":{"line":185,"column":18},"end":{"line":185,"column":42}},{"start":{"line":185,"column":46},"end":{"line":185,"column":48}}],"line":185},"22":{"loc":{"start":{"line":186,"column":18},"end":{"line":186,"column":48}},"type":"binary-expr","locations":[{"start":{"line":186,"column":18},"end":{"line":186,"column":42}},{"start":{"line":186,"column":46},"end":{"line":186,"column":48}}],"line":186},"23":{"loc":{"start":{"line":197,"column":12},"end":{"line":200,"column":13}},"type":"if","locations":[{"start":{"line":197,"column":12},"end":{"line":200,"column":13}},{"start":{},"end":{}}],"line":197},"24":{"loc":{"start":{"line":202,"column":12},"end":{"line":204,"column":13}},"type":"if","locations":[{"start":{"line":202,"column":12},"end":{"line":204,"column":13}},{"start":{},"end":{}}],"line":202},"25":{"loc":{"start":{"line":202,"column":16},"end":{"line":202,"column":97}},"type":"binary-expr","locations":[{"start":{"line":202,"column":16},"end":{"line":202,"column":35}},{"start":{"line":202,"column":39},"end":{"line":202,"column":97}}],"line":202}},"s":{"0":3,"1":3,"2":3,"3":3,"4":3,"5":0,"6":0,"7":0,"8":0,"9":0,"10":0,"11":0,"12":0,"13":0,"14":0,"15":0,"16":0,"17":0,"18":0,"19":0,"20":0,"21":0,"22":0,"23":0,"24":0,"25":0,"26":0,"27":0,"28":0,"29":0,"30":0,"31":0,"32":0,"33":0,"34":0,"35":0,"36":0,"37":0,"38":0,"39":0,"40":0,"41":0,"42":0,"43":0,"44":0,"45":0,"46":0,"47":0,"48":0,"49":0,"50":0,"51":0,"52":0,"53":0,"54":0,"55":0,"56":0,"57":0,"58":0,"59":0,"60":0,"61":0,"62":0,"63":0,"64":0,"65":0,"66":0,"67":0,"68":0,"69":0,"70":0,"71":0,"72":0,"73":0,"74":0,"75":0,"76":0,"77":0,"78":0,"79":0,"80":0,"81":0,"82":0,"83":0,"84":0,"85":0,"86":0,"87":0,"88":0,"89":0,"90":0,"91":0,"92":0,"93":0,"94":0,"95":0,"96":0,"97":0,"98":0,"99":0,"100":0,"101":0,"102":0,"103":0,"104":0,"105":0,"106":0,"107":0,"108":0,"109":0,"110":0,"111":0,"112":0,"113":0,"114":0,"115":0,"116":0,"117":0,"118":0,"119":0,"120":0,"121":0,"122":0,"123":0,"124":0,"125":0,"126":0,"127":0,"128":0,"129":0,"130":3,"131":3,"132":3,"133":3},"f":{"0":0,"1":0,"2":0,"3":0,"4":0,"5":0,"6":0,"7":0},"b":{"0":[0,0],"1":[0,0],"2":[0,0],"3":[0,0],"4":[0,0],"5":[0,0],"6":[0,0],"7":[0,0],"8":[0,0],"9":[0,0],"10":[0,0],"11":[0,0],"12":[0,0],"13":[0,0],"14":[0,0],"15":[0,0],"16":[0,0],"17":[0,0],"18":[0,0],"19":[0,0],"20":[0,0],"21":[0,0],"22":[0,0],"23":[0,0],"24":[0,0],"25":[0,0]},"_coverageSchema":"1a1c01bbd47fc00a2c39e90264f33305004495a9","hash":"cb66b3d9695ee3efe9cf4f1eb19f803e590634f3"}
,"C:\\Users\\dak.admin\\Documents\\Github\\rc-unified-crm-extension\\server\\src\\lib\\jwt.js": {"path":"C:\\Users\\dak.admin\\Documents\\Github\\rc-unified-crm-extension\\server\\src\\lib\\jwt.js","statementMap":{"0":{"start":{"line":1,"column":25},"end":{"line":1,"column":48}},"1":{"start":{"line":4,"column":2},"end":{"line":4,"column":77}},"2":{"start":{"line":8,"column":2},"end":{"line":12,"column":3}},"3":{"start":{"line":9,"column":4},"end":{"line":9,"column":60}},"4":{"start":{"line":11,"column":4},"end":{"line":11,"column":16}},"5":{"start":{"line":15,"column":0},"end":{"line":15,"column":34}},"6":{"start":{"line":16,"column":0},"end":{"line":16,"column":30}}},"fnMap":{"0":{"name":"generateJwt","decl":{"start":{"line":3,"column":9},"end":{"line":3,"column":20}},"loc":{"start":{"line":3,"column":27},"end":{"line":5,"column":1}},"line":3},"1":{"name":"decodeJwt","decl":{"start":{"line":7,"column":9},"end":{"line":7,"column":18}},"loc":{"start":{"line":7,"column":26},"end":{"line":13,"column":1}},"line":7}},"branchMap":{},"s":{"0":3,"1":6,"2":8,"3":8,"4":2,"5":3,"6":3},"f":{"0":6,"1":8},"b":{},"_coverageSchema":"1a1c01bbd47fc00a2c39e90264f33305004495a9","hash":"0c54aa461b83f3376a7a1ce58410fd39d805f642"}
,"C:\\Users\\dak.admin\\Documents\\Github\\rc-unified-crm-extension\\server\\src\\lib\\oauth.js": {"path":"C:\\Users\\dak.admin\\Documents\\Github\\rc-unified-crm-extension\\server\\src\\lib\\oauth.js","statementMap":{"0":{"start":{"line":1,"column":21},"end":{"line":1,"column":45}},"1":{"start":{"line":2,"column":14},"end":{"line":2,"column":30}},"2":{"start":{"line":7,"column":4},"end":{"line":14,"column":7}},"3":{"start":{"line":19,"column":20},"end":{"line":19,"column":30}},"4":{"start":{"line":20,"column":4},"end":{"line":33,"column":5}},"5":{"start":{"line":22,"column":8},"end":{"line":32,"column":9}},"6":{"start":{"line":23,"column":12},"end":{"line":23,"column":55}},"7":{"start":{"line":26,"column":26},"end":{"line":26,"column":83}},"8":{"start":{"line":27,"column":59},"end":{"line":27,"column":80}},"9":{"start":{"line":28,"column":12},"end":{"line":28,"column":43}},"10":{"start":{"line":29,"column":12},"end":{"line":29,"column":45}},"11":{"start":{"line":30,"column":12},"end":{"line":30,"column":39}},"12":{"start":{"line":31,"column":12},"end":{"line":31,"column":30}},"13":{"start":{"line":34,"column":4},"end":{"line":34,"column":16}},"14":{"start":{"line":38,"column":23},"end":{"line":38,"column":205}},"15":{"start":{"line":39,"column":28},"end":{"line":39,"column":56}},"16":{"start":{"line":40,"column":4},"end":{"line":40,"column":57}},"17":{"start":{"line":41,"column":4},"end":{"line":41,"column":59}},"18":{"start":{"line":42,"column":17},"end":{"line":42,"column":27}},"19":{"start":{"line":43,"column":4},"end":{"line":43,"column":92}},"20":{"start":{"line":44,"column":4},"end":{"line":44,"column":22}},"21":{"start":{"line":47,"column":0},"end":{"line":47,"column":64}},"22":{"start":{"line":48,"column":0},"end":{"line":48,"column":34}}},"fnMap":{"0":{"name":"getOAuthApp","decl":{"start":{"line":6,"column":9},"end":{"line":6,"column":20}},"loc":{"start":{"line":6,"column":104},"end":{"line":15,"column":1}},"line":6},"1":{"name":"checkAndRefreshAccessToken","decl":{"start":{"line":18,"column":15},"end":{"line":18,"column":41}},"loc":{"start":{"line":18,"column":58},"end":{"line":35,"column":1}},"line":18},"2":{"name":"bullhornTokenRefresh","decl":{"start":{"line":37,"column":15},"end":{"line":37,"column":35}},"loc":{"start":{"line":37,"column":52},"end":{"line":45,"column":1}},"line":37}},"branchMap":{"0":{"loc":{"start":{"line":20,"column":4},"end":{"line":33,"column":5}},"type":"if","locations":[{"start":{"line":20,"column":4},"end":{"line":33,"column":5}},{"start":{},"end":{}}],"line":20},"1":{"loc":{"start":{"line":20,"column":8},"end":{"line":20,"column":83}},"type":"binary-expr","locations":[{"start":{"line":20,"column":8},"end":{"line":20,"column":12}},{"start":{"line":20,"column":16},"end":{"line":20,"column":32}},{"start":{"line":20,"column":36},"end":{"line":20,"column":53}},{"start":{"line":20,"column":57},"end":{"line":20,"column":83}}],"line":20},"2":{"loc":{"start":{"line":22,"column":8},"end":{"line":32,"column":9}},"type":"if","locations":[{"start":{"line":22,"column":8},"end":{"line":32,"column":9}},{"start":{"line":25,"column":13},"end":{"line":32,"column":9}}],"line":22}},"s":{"0":3,"1":3,"2":0,"3":0,"4":0,"5":0,"6":0,"7":0,"8":0,"9":0,"10":0,"11":0,"12":0,"13":0,"14":0,"15":0,"16":0,"17":0,"18":0,"19":0,"20":0,"21":3,"22":3},"f":{"0":0,"1":0,"2":0},"b":{"0":[0,0],"1":[0,0,0,0],"2":[0,0]},"_coverageSchema":"1a1c01bbd47fc00a2c39e90264f33305004495a9","hash":"fdde82c74cc5b1cf3b6eafb6b04a684faa26ce52"}
,"C:\\Users\\dak.admin\\Documents\\Github\\rc-unified-crm-extension\\server\\src\\models\\callLogModel.js": {"path":"C:\\Users\\dak.admin\\Documents\\Github\\rc-unified-crm-extension\\server\\src\\models\\callLogModel.js","statementMap":{"0":{"start":{"line":1,"column":18},"end":{"line":1,"column":38}},"1":{"start":{"line":2,"column":22},"end":{"line":2,"column":44}},"2":{"start":{"line":5,"column":0},"end":{"line":24,"column":3}}},"fnMap":{},"branchMap":{},"s":{"0":3,"1":3,"2":3},"f":{},"b":{},"_coverageSchema":"1a1c01bbd47fc00a2c39e90264f33305004495a9","hash":"1e0b1153877377c741a7dc6ab05a112a68c2d4e4"}
,"C:\\Users\\dak.admin\\Documents\\Github\\rc-unified-crm-extension\\server\\src\\models\\messageLogModel.js": {"path":"C:\\Users\\dak.admin\\Documents\\Github\\rc-unified-crm-extension\\server\\src\\models\\messageLogModel.js","statementMap":{"0":{"start":{"line":1,"column":18},"end":{"line":1,"column":38}},"1":{"start":{"line":2,"column":22},"end":{"line":2,"column":44}},"2":{"start":{"line":5,"column":0},"end":{"line":22,"column":3}}},"fnMap":{},"branchMap":{},"s":{"0":3,"1":3,"2":3},"f":{},"b":{},"_coverageSchema":"1a1c01bbd47fc00a2c39e90264f33305004495a9","hash":"e3d9fb262411001b4fef3f0e402d1359ee24d492"}
,"C:\\Users\\dak.admin\\Documents\\Github\\rc-unified-crm-extension\\server\\src\\models\\sequelize.js": {"path":"C:\\Users\\dak.admin\\Documents\\Github\\rc-unified-crm-extension\\server\\src\\models\\sequelize.js","statementMap":{"0":{"start":{"line":1,"column":22},"end":{"line":1,"column":42}},"1":{"start":{"line":3,"column":18},"end":{"line":14,"column":1}},"2":{"start":{"line":17,"column":0},"end":{"line":17,"column":30}}},"fnMap":{},"branchMap":{},"s":{"0":3,"1":3,"2":3},"f":{},"b":{},"_coverageSchema":"1a1c01bbd47fc00a2c39e90264f33305004495a9","hash":"93bb50154d2766a2eea308139c01da3371539b89"}
,"C:\\Users\\dak.admin\\Documents\\Github\\rc-unified-crm-extension\\server\\src\\models\\userModel.js": {"path":"C:\\Users\\dak.admin\\Documents\\Github\\rc-unified-crm-extension\\server\\src\\models\\userModel.js","statementMap":{"0":{"start":{"line":1,"column":18},"end":{"line":1,"column":38}},"1":{"start":{"line":2,"column":22},"end":{"line":2,"column":44}},"2":{"start":{"line":5,"column":0},"end":{"line":35,"column":3}}},"fnMap":{},"branchMap":{},"s":{"0":3,"1":3,"2":3},"f":{},"b":{},"_coverageSchema":"1a1c01bbd47fc00a2c39e90264f33305004495a9","hash":"7f16e15022c194ce2ccf06555618cfc45d13aec4"}
,"C:\\Users\\dak.admin\\Documents\\Github\\rc-unified-crm-extension\\server\\src\\platformModules\\pipedrive.js": {"path":"C:\\Users\\dak.admin\\Documents\\Github\\rc-unified-crm-extension\\server\\src\\platformModules\\pipedrive.js","statementMap":{"0":{"start":{"line":1,"column":14},"end":{"line":1,"column":30}},"1":{"start":{"line":2,"column":15},"end":{"line":2,"column":32}},"2":{"start":{"line":3,"column":22},"end":{"line":3,"column":52}},"3":{"start":{"line":4,"column":11},"end":{"line":4,"column":34}},"4":{"start":{"line":5,"column":12},"end":{"line":5,"column":26}},"5":{"start":{"line":6,"column":29},"end":{"line":6,"column":59}},"6":{"start":{"line":8,"column":16},"end":{"line":8,"column":27}},"7":{"start":{"line":11,"column":4},"end":{"line":11,"column":19}},"8":{"start":{"line":15,"column":4},"end":{"line":20,"column":5}},"9":{"start":{"line":24,"column":29},"end":{"line":28,"column":6}},"10":{"start":{"line":29,"column":15},"end":{"line":29,"column":55}},"11":{"start":{"line":30,"column":17},"end":{"line":30,"column":48}},"12":{"start":{"line":31,"column":25},"end":{"line":31,"column":65}},"13":{"start":{"line":32,"column":27},"end":{"line":32,"column":69}},"14":{"start":{"line":33,"column":25},"end":{"line":42,"column":6}},"15":{"start":{"line":43,"column":4},"end":{"line":76,"column":5}},"16":{"start":{"line":44,"column":8},"end":{"line":58,"column":10}},"17":{"start":{"line":61,"column":8},"end":{"line":75,"column":11}},"18":{"start":{"line":77,"column":4},"end":{"line":80,"column":6}},"19":{"start":{"line":84,"column":22},"end":{"line":84,"column":64}},"20":{"start":{"line":85,"column":28},"end":{"line":85,"column":135}},"21":{"start":{"line":86,"column":31},"end":{"line":88,"column":6}},"22":{"start":{"line":89,"column":34},"end":{"line":94,"column":10}},"23":{"start":{"line":95,"column":30},"end":{"line":97,"column":6}},"24":{"start":{"line":98,"column":33},"end":{"line":103,"column":10}},"25":{"start":{"line":104,"column":4},"end":{"line":104,"column":25}},"26":{"start":{"line":108,"column":4},"end":{"line":108,"column":47}},"27":{"start":{"line":110,"column":4},"end":{"line":112,"column":5}},"28":{"start":{"line":111,"column":8},"end":{"line":111,"column":20}},"29":{"start":{"line":113,"column":27},"end":{"line":113,"column":56}},"30":{"start":{"line":114,"column":40},"end":{"line":114,"column":51}},"31":{"start":{"line":115,"column":4},"end":{"line":117,"column":5}},"32":{"start":{"line":116,"column":8},"end":{"line":116,"column":74}},"33":{"start":{"line":118,"column":23},"end":{"line":122,"column":10}},"34":{"start":{"line":123,"column":28},"end":{"line":123,"column":30}},"35":{"start":{"line":124,"column":4},"end":{"line":139,"column":5}},"36":{"start":{"line":125,"column":8},"end":{"line":125,"column":31}},"37":{"start":{"line":128,"column":8},"end":{"line":138,"column":9}},"38":{"start":{"line":129,"column":34},"end":{"line":133,"column":18}},"39":{"start":{"line":134,"column":33},"end":{"line":136,"column":22}},"40":{"start":{"line":135,"column":51},"end":{"line":135,"column":89}},"41":{"start":{"line":137,"column":12},"end":{"line":137,"column":75}},"42":{"start":{"line":140,"column":4},"end":{"line":140,"column":27}},"43":{"start":{"line":144,"column":4},"end":{"line":151,"column":5}},"44":{"start":{"line":155,"column":21},"end":{"line":158,"column":5}},"45":{"start":{"line":159,"column":29},"end":{"line":164,"column":10}},"46":{"start":{"line":165,"column":4},"end":{"line":168,"column":5}},"47":{"start":{"line":172,"column":19},"end":{"line":172,"column":73}},"48":{"start":{"line":173,"column":27},"end":{"line":173,"column":145}},"49":{"start":{"line":174,"column":18},"end":{"line":174,"column":62}},"50":{"start":{"line":175,"column":20},"end":{"line":175,"column":74}},"51":{"start":{"line":176,"column":20},"end":{"line":176,"column":79}},"52":{"start":{"line":177,"column":21},"end":{"line":188,"column":5}},"53":{"start":{"line":189,"column":22},"end":{"line":194,"column":10}},"54":{"start":{"line":195,"column":4},"end":{"line":195,"column":34}},"55":{"start":{"line":199,"column":35},"end":{"line":199,"column":66}},"56":{"start":{"line":200,"column":22},"end":{"line":204,"column":10}},"57":{"start":{"line":205,"column":18},"end":{"line":205,"column":20}},"58":{"start":{"line":206,"column":18},"end":{"line":206,"column":42}},"59":{"start":{"line":208,"column":4},"end":{"line":227,"column":5}},"60":{"start":{"line":209,"column":8},"end":{"line":214,"column":9}},"61":{"start":{"line":210,"column":12},"end":{"line":210,"column":168}},"62":{"start":{"line":213,"column":12},"end":{"line":213,"column":104}},"63":{"start":{"line":215,"column":8},"end":{"line":217,"column":9}},"64":{"start":{"line":221,"column":29},"end":{"line":221,"column":80}},"65":{"start":{"line":222,"column":8},"end":{"line":222,"column":100}},"66":{"start":{"line":223,"column":8},"end":{"line":226,"column":9}},"67":{"start":{"line":228,"column":22},"end":{"line":233,"column":10}},"68":{"start":{"line":237,"column":19},"end":{"line":237,"column":73}},"69":{"start":{"line":238,"column":18},"end":{"line":238,"column":77}},"70":{"start":{"line":239,"column":20},"end":{"line":239,"column":77}},"71":{"start":{"line":240,"column":20},"end":{"line":240,"column":82}},"72":{"start":{"line":241,"column":34},"end":{"line":241,"column":140}},"73":{"start":{"line":242,"column":23},"end":{"line":242,"column":99}},"74":{"start":{"line":242,"column":65},"end":{"line":242,"column":98}},"75":{"start":{"line":243,"column":21},"end":{"line":254,"column":5}},"76":{"start":{"line":255,"column":22},"end":{"line":260,"column":10}},"77":{"start":{"line":261,"column":4},"end":{"line":261,"column":34}},"78":{"start":{"line":265,"column":22},"end":{"line":269,"column":10}},"79":{"start":{"line":270,"column":20},"end":{"line":270,"column":44}},"80":{"start":{"line":271,"column":17},"end":{"line":271,"column":64}},"81":{"start":{"line":272,"column":27},"end":{"line":272,"column":65}},"82":{"start":{"line":273,"column":22},"end":{"line":273,"column":31}},"83":{"start":{"line":274,"column":4},"end":{"line":277,"column":5}},"84":{"start":{"line":275,"column":28},"end":{"line":275,"column":55}},"85":{"start":{"line":276,"column":8},"end":{"line":276,"column":58}},"86":{"start":{"line":278,"column":4},"end":{"line":282,"column":5}},"87":{"start":{"line":285,"column":0},"end":{"line":285,"column":34}},"88":{"start":{"line":286,"column":0},"end":{"line":286,"column":36}},"89":{"start":{"line":287,"column":0},"end":{"line":287,"column":36}},"90":{"start":{"line":288,"column":0},"end":{"line":288,"column":32}},"91":{"start":{"line":289,"column":0},"end":{"line":289,"column":38}},"92":{"start":{"line":290,"column":0},"end":{"line":290,"column":38}},"93":{"start":{"line":291,"column":0},"end":{"line":291,"column":32}},"94":{"start":{"line":292,"column":0},"end":{"line":292,"column":32}},"95":{"start":{"line":293,"column":0},"end":{"line":293,"column":38}},"96":{"start":{"line":294,"column":0},"end":{"line":294,"column":34}}},"fnMap":{"0":{"name":"getAuthType","decl":{"start":{"line":10,"column":9},"end":{"line":10,"column":20}},"loc":{"start":{"line":10,"column":23},"end":{"line":12,"column":1}},"line":10},"1":{"name":"getOauthInfo","decl":{"start":{"line":14,"column":9},"end":{"line":14,"column":21}},"loc":{"start":{"line":14,"column":24},"end":{"line":21,"column":1}},"line":14},"2":{"name":"saveUserInfo","decl":{"start":{"line":23,"column":15},"end":{"line":23,"column":27}},"loc":{"start":{"line":23,"column":110},"end":{"line":81,"column":1}},"line":23},"3":{"name":"unAuthorize","decl":{"start":{"line":83,"column":15},"end":{"line":83,"column":26}},"loc":{"start":{"line":83,"column":37},"end":{"line":105,"column":1}},"line":83},"4":{"name":"getContact","decl":{"start":{"line":107,"column":15},"end":{"line":107,"column":25}},"loc":{"start":{"line":107,"column":79},"end":{"line":141,"column":1}},"line":107},"5":{"name":"(anonymous_5)","decl":{"start":{"line":135,"column":44},"end":{"line":135,"column":45}},"loc":{"start":{"line":135,"column":49},"end":{"line":135,"column":91}},"line":135},"6":{"name":"formatContact","decl":{"start":{"line":143,"column":9},"end":{"line":143,"column":22}},"loc":{"start":{"line":143,"column":53},"end":{"line":152,"column":1}},"line":143},"7":{"name":"createContact","decl":{"start":{"line":154,"column":15},"end":{"line":154,"column":28}},"loc":{"start":{"line":154,"column":80},"end":{"line":169,"column":1}},"line":154},"8":{"name":"addCallLog","decl":{"start":{"line":171,"column":15},"end":{"line":171,"column":25}},"loc":{"start":{"line":171,"column":129},"end":{"line":196,"column":1}},"line":171},"9":{"name":"updateCallLog","decl":{"start":{"line":198,"column":15},"end":{"line":198,"column":28}},"loc":{"start":{"line":198,"column":98},"end":{"line":234,"column":1}},"line":198},"10":{"name":"addMessageLog","decl":{"start":{"line":236,"column":15},"end":{"line":236,"column":28}},"loc":{"start":{"line":236,"column":141},"end":{"line":262,"column":1}},"line":236},"11":{"name":"(anonymous_11)","decl":{"start":{"line":242,"column":60},"end":{"line":242,"column":61}},"loc":{"start":{"line":242,"column":65},"end":{"line":242,"column":98}},"line":242},"12":{"name":"getCallLog","decl":{"start":{"line":264,"column":15},"end":{"line":264,"column":25}},"loc":{"start":{"line":264,"column":59},"end":{"line":283,"column":1}},"line":264}},"branchMap":{"0":{"loc":{"start":{"line":43,"column":4},"end":{"line":76,"column":5}},"type":"if","locations":[{"start":{"line":43,"column":4},"end":{"line":76,"column":5}},{"start":{"line":60,"column":9},"end":{"line":76,"column":5}}],"line":43},"1":{"loc":{"start":{"line":46,"column":26},"end":{"line":46,"column":118}},"type":"cond-expr","locations":[{"start":{"line":46,"column":47},"end":{"line":46,"column":107}},{"start":{"line":46,"column":110},"end":{"line":46,"column":118}}],"line":46},"2":{"loc":{"start":{"line":63,"column":22},"end":{"line":63,"column":114}},"type":"cond-expr","locations":[{"start":{"line":63,"column":43},"end":{"line":63,"column":103}},{"start":{"line":63,"column":106},"end":{"line":63,"column":114}}],"line":63},"3":{"loc":{"start":{"line":110,"column":4},"end":{"line":112,"column":5}},"type":"if","locations":[{"start":{"line":110,"column":4},"end":{"line":112,"column":5}},{"start":{},"end":{}}],"line":110},"4":{"loc":{"start":{"line":115,"column":4},"end":{"line":117,"column":5}},"type":"if","locations":[{"start":{"line":115,"column":4},"end":{"line":117,"column":5}},{"start":{},"end":{}}],"line":115},"5":{"loc":{"start":{"line":124,"column":4},"end":{"line":139,"column":5}},"type":"if","locations":[{"start":{"line":124,"column":4},"end":{"line":139,"column":5}},{"start":{"line":127,"column":9},"end":{"line":139,"column":5}}],"line":124},"6":{"loc":{"start":{"line":134,"column":33},"end":{"line":136,"column":22}},"type":"cond-expr","locations":[{"start":{"line":135,"column":16},"end":{"line":135,"column":92}},{"start":{"line":136,"column":18},"end":{"line":136,"column":22}}],"line":134},"7":{"loc":{"start":{"line":148,"column":22},"end":{"line":148,"column":61}},"type":"binary-expr","locations":[{"start":{"line":148,"column":22},"end":{"line":148,"column":55}},{"start":{"line":148,"column":59},"end":{"line":148,"column":61}}],"line":148},"8":{"loc":{"start":{"line":149,"column":24},"end":{"line":149,"column":69}},"type":"cond-expr","locations":[{"start":{"line":149,"column":39},"end":{"line":149,"column":62}},{"start":{"line":149,"column":65},"end":{"line":149,"column":69}}],"line":149},"9":{"loc":{"start":{"line":172,"column":19},"end":{"line":172,"column":73}},"type":"cond-expr","locations":[{"start":{"line":172,"column":42},"end":{"line":172,"column":68}},{"start":{"line":172,"column":71},"end":{"line":172,"column":73}}],"line":172},"10":{"loc":{"start":{"line":174,"column":18},"end":{"line":174,"column":62}},"type":"binary-expr","locations":[{"start":{"line":174,"column":18},"end":{"line":174,"column":56}},{"start":{"line":174,"column":60},"end":{"line":174,"column":62}}],"line":174},"11":{"loc":{"start":{"line":179,"column":17},"end":{"line":179,"column":141}},"type":"binary-expr","locations":[{"start":{"line":179,"column":17},"end":{"line":179,"column":38}},{"start":{"line":179,"column":42},"end":{"line":179,"column":141}}],"line":179},"12":{"loc":{"start":{"line":179,"column":71},"end":{"line":179,"column":119}},"type":"cond-expr","locations":[{"start":{"line":179,"column":106},"end":{"line":179,"column":110}},{"start":{"line":179,"column":113},"end":{"line":179,"column":119}}],"line":179},"13":{"loc":{"start":{"line":184,"column":259},"end":{"line":184,"column":373}},"type":"cond-expr","locations":[{"start":{"line":184,"column":279},"end":{"line":184,"column":368}},{"start":{"line":184,"column":371},"end":{"line":184,"column":373}}],"line":184},"14":{"loc":{"start":{"line":208,"column":4},"end":{"line":227,"column":5}},"type":"if","locations":[{"start":{"line":208,"column":4},"end":{"line":227,"column":5}},{"start":{"line":220,"column":9},"end":{"line":227,"column":5}}],"line":208},"15":{"loc":{"start":{"line":209,"column":8},"end":{"line":214,"column":9}},"type":"if","locations":[{"start":{"line":209,"column":8},"end":{"line":214,"column":9}},{"start":{"line":212,"column":13},"end":{"line":214,"column":9}}],"line":209},"16":{"loc":{"start":{"line":225,"column":21},"end":{"line":225,"column":55}},"type":"binary-expr","locations":[{"start":{"line":225,"column":21},"end":{"line":225,"column":28}},{"start":{"line":225,"column":32},"end":{"line":225,"column":55}}],"line":225},"17":{"loc":{"start":{"line":237,"column":19},"end":{"line":237,"column":73}},"type":"cond-expr","locations":[{"start":{"line":237,"column":42},"end":{"line":237,"column":68}},{"start":{"line":237,"column":71},"end":{"line":237,"column":73}}],"line":237},"18":{"loc":{"start":{"line":238,"column":18},"end":{"line":238,"column":77}},"type":"cond-expr","locations":[{"start":{"line":238,"column":45},"end":{"line":238,"column":72}},{"start":{"line":238,"column":75},"end":{"line":238,"column":77}}],"line":238},"19":{"loc":{"start":{"line":242,"column":65},"end":{"line":242,"column":98}},"type":"binary-expr","locations":[{"start":{"line":242,"column":65},"end":{"line":242,"column":81}},{"start":{"line":242,"column":85},"end":{"line":242,"column":98}}],"line":242},"20":{"loc":{"start":{"line":245,"column":47},"end":{"line":245,"column":70}},"type":"binary-expr","locations":[{"start":{"line":245,"column":47},"end":{"line":245,"column":64}},{"start":{"line":245,"column":68},"end":{"line":245,"column":70}}],"line":245},"21":{"loc":{"start":{"line":249,"column":120},"end":{"line":249,"column":182}},"type":"cond-expr","locations":[{"start":{"line":249,"column":140},"end":{"line":249,"column":177}},{"start":{"line":249,"column":180},"end":{"line":249,"column":182}}],"line":249},"22":{"loc":{"start":{"line":249,"column":186},"end":{"line":249,"column":253}},"type":"cond-expr","locations":[{"start":{"line":249,"column":204},"end":{"line":249,"column":248}},{"start":{"line":249,"column":251},"end":{"line":249,"column":253}}],"line":249},"23":{"loc":{"start":{"line":253,"column":14},"end":{"line":253,"column":41}},"type":"cond-expr","locations":[{"start":{"line":253,"column":27},"end":{"line":253,"column":32}},{"start":{"line":253,"column":35},"end":{"line":253,"column":41}}],"line":253},"24":{"loc":{"start":{"line":274,"column":4},"end":{"line":277,"column":5}},"type":"if","locations":[{"start":{"line":274,"column":4},"end":{"line":277,"column":5}},{"start":{},"end":{}}],"line":274}},"s":{"0":1,"1":1,"2":1,"3":1,"4":1,"5":1,"6":1,"7":0,"8":0,"9":0,"10":0,"11":0,"12":0,"13":0,"14":0,"15":0,"16":0,"17":0,"18":0,"19":1,"20":1,"21":1,"22":1,"23":1,"24":1,"25":1,"26":0,"27":0,"28":0,"29":0,"30":0,"31":0,"32":0,"33":0,"34":0,"35":0,"36":0,"37":0,"38":0,"39":0,"40":0,"41":0,"42":0,"43":0,"44":0,"45":0,"46":0,"47":0,"48":0,"49":0,"50":0,"51":0,"52":0,"53":0,"54":0,"55":0,"56":0,"57":0,"58":0,"59":0,"60":0,"61":0,"62":0,"63":0,"64":0,"65":0,"66":0,"67":0,"68":0,"69":0,"70":0,"71":0,"72":0,"73":0,"74":0,"75":0,"76":0,"77":0,"78":0,"79":0,"80":0,"81":0,"82":0,"83":0,"84":0,"85":0,"86":0,"87":1,"88":1,"89":1,"90":1,"91":1,"92":1,"93":1,"94":1,"95":1,"96":1},"f":{"0":0,"1":0,"2":0,"3":1,"4":0,"5":0,"6":0,"7":0,"8":0,"9":0,"10":0,"11":0,"12":0},"b":{"0":[0,0],"1":[0,0],"2":[0,0],"3":[0,0],"4":[0,0],"5":[0,0],"6":[0,0],"7":[0,0],"8":[0,0],"9":[0,0],"10":[0,0],"11":[0,0],"12":[0,0],"13":[0,0],"14":[0,0],"15":[0,0],"16":[0,0],"17":[0,0],"18":[0,0],"19":[0,0],"20":[0,0],"21":[0,0],"22":[0,0],"23":[0,0],"24":[0,0]},"_coverageSchema":"1a1c01bbd47fc00a2c39e90264f33305004495a9","hash":"f347cf1680beed6fd1cf63db5e2edc5af6ae61fc"}
}
