TN:
SF:src\index.js
FN:12,initDB
FN:28,(anonymous_1)
FN:29,(anonymous_2)
FN:33,(anonymous_3)
FN:68,(anonymous_4)
FN:104,(anonymous_5)
FN:128,(anonymous_6)
FN:145,(anonymous_7)
FN:162,(anonymous_8)
FN:179,(anonymous_9)
FNF:10
FNH:6
FNDA:0,initDB
FNDA:0,(anonymous_1)
FNDA:0,(anonymous_2)
FNDA:1,(anonymous_3)
FNDA:0,(anonymous_4)
FNDA:4,(anonymous_5)
FNDA:5,(anonymous_6)
FNDA:4,(anonymous_7)
FNDA:6,(anonymous_8)
FNDA:6,(anonymous_9)
DA:1,3
DA:2,3
DA:3,3
DA:4,3
DA:5,3
DA:6,3
DA:7,3
DA:8,3
DA:9,3
DA:10,3
DA:13,0
DA:14,0
DA:15,0
DA:16,0
DA:17,0
DA:20,3
DA:21,3
DA:23,3
DA:28,3
DA:29,3
DA:30,0
DA:31,0
DA:33,3
DA:34,1
DA:35,1
DA:36,0
DA:37,0
DA:38,0
DA:40,0
DA:41,0
DA:42,0
DA:43,0
DA:44,0
DA:56,0
DA:61,0
DA:64,1
DA:65,1
DA:68,3
DA:69,0
DA:70,0
DA:71,0
DA:72,0
DA:73,0
DA:74,0
DA:76,0
DA:77,0
DA:79,0
DA:80,0
DA:81,0
DA:82,0
DA:92,0
DA:97,0
DA:100,0
DA:101,0
DA:104,3
DA:105,4
DA:106,4
DA:107,4
DA:108,3
DA:109,3
DA:114,2
DA:115,1
DA:117,2
DA:120,1
DA:124,1
DA:125,1
DA:128,3
DA:129,5
DA:130,5
DA:131,5
DA:132,4
DA:133,3
DA:134,2
DA:137,1
DA:141,2
DA:142,2
DA:145,3
DA:146,4
DA:147,4
DA:148,4
DA:149,3
DA:150,2
DA:151,2
DA:154,1
DA:158,1
DA:159,1
DA:162,3
DA:163,6
DA:164,6
DA:165,6
DA:166,5
DA:167,4
DA:168,2
DA:171,1
DA:175,3
DA:176,3
DA:179,3
DA:180,6
DA:181,6
DA:182,6
DA:183,5
DA:184,4
DA:185,2
DA:188,1
DA:192,3
DA:193,3
DA:197,3
LF:107
LH:74
BRDA:37,0,0,0
BRDA:37,0,1,0
BRDA:73,1,0,0
BRDA:73,1,1,0
BRDA:76,2,0,0
BRDA:76,2,1,0
BRDA:107,3,0,3
BRDA:107,3,1,1
BRDA:114,4,0,1
BRDA:114,4,1,1
BRDA:131,5,0,4
BRDA:131,5,1,1
BRDA:148,6,0,3
BRDA:148,6,1,1
BRDA:165,7,0,5
BRDA:165,7,1,1
BRDA:182,8,0,5
BRDA:182,8,1,1
BRF:18
BRH:12
end_of_record
TN:
SF:src\core\contact.js
FN:4,getContact
FNF:1
FNH:1
FNDA:3,getContact
DA:1,3
DA:2,3
DA:5,3
DA:6,3
DA:7,1
DA:9,2
DA:10,2
DA:11,2
DA:12,2
DA:14,2
DA:15,2
DA:16,2
DA:17,2
DA:19,0
DA:20,0
DA:21,0
DA:23,2
DA:24,2
DA:25,1
DA:28,1
DA:32,3
LF:21
LH:18
BRDA:6,0,0,1
BRDA:6,0,1,2
BRDA:6,1,0,3
BRDA:6,1,1,2
BRDA:12,2,0,2
BRDA:12,2,1,0
BRDA:24,3,0,1
BRDA:24,3,1,1
BRF:8
BRH:7
end_of_record
TN:
SF:src\core\log.js
FN:7,addCallLog
FN:50,addMessageLog
FN:78,(anonymous_2)
FN:84,(anonymous_3)
FN:92,(anonymous_4)
FN:93,(anonymous_5)
FN:110,getCallLog
FNF:7
FNH:5
FNDA:4,addCallLog
FNDA:4,addMessageLog
FNDA:2,(anonymous_2)
FNDA:1,(anonymous_3)
FNDA:0,(anonymous_4)
FNDA:0,(anonymous_5)
FNDA:2,getCallLog
DA:1,3
DA:2,3
DA:3,3
DA:4,3
DA:5,3
DA:8,4
DA:9,4
DA:10,1
DA:12,3
DA:13,3
DA:14,3
DA:15,3
DA:16,3
DA:17,3
DA:18,1
DA:20,2
DA:21,2
DA:22,2
DA:24,2
DA:25,2
DA:26,2
DA:27,2
DA:29,0
DA:30,0
DA:31,0
DA:33,2
DA:34,2
DA:35,2
DA:36,1
DA:38,1
DA:39,1
DA:46,1
DA:47,1
DA:51,4
DA:52,1
DA:54,3
DA:55,3
DA:56,3
DA:57,3
DA:58,3
DA:59,1
DA:61,2
DA:62,2
DA:63,2
DA:65,2
DA:66,2
DA:67,2
DA:68,2
DA:70,0
DA:71,0
DA:72,0
DA:74,2
DA:75,2
DA:76,1
DA:78,2
DA:79,1
DA:84,1
DA:85,1
DA:86,1
DA:87,2
DA:88,1
DA:89,1
DA:91,1
DA:92,1
DA:93,0
DA:95,1
DA:96,1
DA:103,1
DA:104,1
DA:106,1
DA:107,1
DA:111,2
DA:117,2
DA:118,1
DA:121,1
DA:140,3
DA:141,3
DA:142,3
LF:78
LH:71
BRDA:9,0,0,1
BRDA:9,0,1,3
BRDA:17,1,0,1
BRDA:17,1,1,2
BRDA:17,2,0,3
BRDA:17,2,1,2
BRDA:22,3,0,2
BRDA:22,3,1,0
BRDA:33,4,0,2
BRDA:33,4,1,0
BRDA:35,5,0,1
BRDA:35,5,1,1
BRDA:51,6,0,1
BRDA:51,6,1,3
BRDA:58,7,0,1
BRDA:58,7,1,2
BRDA:58,8,0,3
BRDA:58,8,1,2
BRDA:63,9,0,2
BRDA:63,9,1,0
BRDA:75,10,0,1
BRDA:75,10,1,1
BRDA:87,11,0,1
BRDA:87,11,1,1
BRDA:92,12,0,0
BRDA:92,12,1,1
BRDA:92,13,0,1
BRDA:92,13,1,0
BRDA:117,14,0,1
BRDA:117,14,1,1
BRF:30
BRH:25
end_of_record
TN:
SF:src\lib\jwt.js
FN:3,generateJwt
FN:7,decodeJwt
FNF:2
FNH:2
FNDA:15,generateJwt
FNDA:20,decodeJwt
DA:1,3
DA:4,15
DA:8,20
DA:9,20
DA:11,5
DA:15,3
DA:16,3
LF:7
LH:7
BRF:0
BRH:0
end_of_record
TN:
SF:src\lib\oauth.js
FN:5,getOAuthApp
FN:17,checkAndRefreshAccessToken
FNF:2
FNH:2
FNDA:6,getOAuthApp
FNDA:6,checkAndRefreshAccessToken
DA:1,3
DA:6,6
DA:18,6
DA:19,6
DA:20,0
DA:21,0
DA:22,0
DA:23,0
DA:24,0
DA:25,0
DA:30,3
DA:31,3
LF:12
LH:6
BRDA:19,0,0,0
BRDA:19,0,1,6
BRDA:19,1,0,6
BRDA:19,1,1,6
BRDA:19,1,2,6
BRDA:19,1,3,0
BRF:6
BRH:4
end_of_record
TN:
SF:src\models\callLogModel.js
FNF:0
FNH:0
DA:1,3
DA:2,3
DA:5,3
LF:3
LH:3
BRF:0
BRH:0
end_of_record
TN:
SF:src\models\messageLogModel.js
FNF:0
FNH:0
DA:1,3
DA:2,3
DA:5,3
LF:3
LH:3
BRF:0
BRH:0
end_of_record
TN:
SF:src\models\sequelize.js
FNF:0
FNH:0
DA:1,3
DA:3,3
DA:17,3
LF:3
LH:3
BRF:0
BRH:0
end_of_record
TN:
SF:src\models\userModel.js
FNF:0
FNH:0
DA:1,3
DA:2,3
DA:5,3
LF:3
LH:3
BRF:0
BRH:0
end_of_record
TN:
SF:src\platformModules\pipedrive.js
FN:5,getAuthType
FN:9,getOauthInfo
FN:18,getUserInfo
FN:37,saveUserOAuthInfo
FN:70,addCallLog
FN:92,addMessageLog
FN:113,getContact
FN:130,(anonymous_7)
FN:136,formatContact
FNF:9
FNH:7
FNDA:6,getAuthType
FNDA:6,getOauthInfo
FNDA:0,getUserInfo
FNDA:0,saveUserOAuthInfo
FNDA:1,addCallLog
FNDA:1,addMessageLog
FNDA:6,getContact
FNDA:3,(anonymous_7)
FNDA:3,formatContact
DA:1,2
DA:2,2
DA:3,2
DA:6,6
DA:10,6
DA:19,0
DA:24,0
DA:38,0
DA:39,0
DA:40,0
DA:54,0
DA:71,1
DA:72,1
DA:73,1
DA:83,1
DA:89,1
DA:93,1
DA:94,1
DA:95,1
DA:104,1
DA:110,1
DA:114,6
DA:119,6
DA:120,3
DA:123,3
DA:124,3
DA:129,3
DA:130,3
DA:132,3
DA:137,3
DA:145,2
DA:146,2
DA:147,2
DA:148,2
DA:149,2
DA:150,2
DA:151,2
LF:37
LH:31
BRDA:39,0,0,0
BRDA:39,0,1,0
BRDA:71,1,0,0
BRDA:71,1,1,1
BRDA:72,2,0,0
BRDA:72,2,1,1
BRDA:75,3,0,1
BRDA:75,3,1,0
BRDA:75,4,0,1
BRDA:75,4,1,0
BRDA:80,5,0,0
BRDA:80,5,1,1
BRDA:93,6,0,0
BRDA:93,6,1,1
BRDA:94,7,0,0
BRDA:94,7,1,1
BRDA:97,8,0,1
BRDA:97,8,1,1
BRDA:97,9,0,1
BRDA:97,9,1,1
BRDA:101,10,0,0
BRDA:101,10,1,1
BRDA:101,11,0,0
BRDA:101,11,1,1
BRDA:119,12,0,3
BRDA:119,12,1,3
BRDA:129,13,0,3
BRDA:129,13,1,0
BRF:28
BRH:16
end_of_record
