TN:
SF:src\index.js
FN:17,(anonymous_0)
FN:48,(anonymous_1)
FN:73,(anonymous_2)
FN:90,(anonymous_3)
FN:107,(anonymous_4)
FN:124,(anonymous_5)
FNF:6
FNH:6
FNDA:1,(anonymous_0)
FNDA:4,(anonymous_1)
FNDA:5,(anonymous_2)
FNDA:4,(anonymous_3)
FNDA:6,(anonymous_4)
FNDA:6,(anonymous_5)
DA:1,3
DA:2,3
DA:3,3
DA:4,3
DA:5,3
DA:6,3
DA:7,3
DA:8,3
DA:10,3
DA:11,3
DA:13,3
DA:17,3
DA:18,1
DA:19,1
DA:20,1
DA:21,1
DA:22,1
DA:23,1
DA:24,1
DA:36,1
DA:41,1
DA:44,0
DA:45,0
DA:48,3
DA:49,4
DA:50,4
DA:51,4
DA:52,3
DA:53,3
DA:58,2
DA:60,1
DA:62,2
DA:65,1
DA:69,1
DA:70,1
DA:73,3
DA:74,5
DA:75,5
DA:76,5
DA:77,4
DA:78,3
DA:79,1
DA:82,1
DA:86,3
DA:87,3
DA:90,3
DA:91,4
DA:92,4
DA:93,4
DA:94,3
DA:95,2
DA:96,2
DA:99,1
DA:103,1
DA:104,1
DA:107,3
DA:108,6
DA:109,6
DA:110,6
DA:111,5
DA:112,4
DA:113,2
DA:116,1
DA:120,3
DA:121,3
DA:124,3
DA:125,6
DA:126,6
DA:127,6
DA:128,5
DA:129,4
DA:130,2
DA:133,1
DA:137,3
DA:138,3
DA:142,3
LF:76
LH:74
BRDA:51,0,0,3
BRDA:51,0,1,1
BRDA:58,1,0,1
BRDA:58,1,1,1
BRDA:76,2,0,4
BRDA:76,2,1,1
BRDA:93,3,0,3
BRDA:93,3,1,1
BRDA:110,4,0,5
BRDA:110,4,1,1
BRDA:127,5,0,5
BRDA:127,5,1,1
BRF:12
BRH:12
end_of_record
TN:
SF:src\core\contact.js
FN:1,getContact
FNF:1
FNH:1
FNDA:3,getContact
DA:2,3
DA:3,3
DA:4,2
DA:5,1
DA:8,1
DA:12,3
LF:6
LH:6
BRDA:4,0,0,1
BRDA:4,0,1,1
BRF:2
BRH:2
end_of_record
TN:
SF:src\core\log.js
FN:7,addCallLog
FN:39,addMessageLog
FN:56,(anonymous_2)
FN:62,(anonymous_3)
FN:70,(anonymous_4)
FN:71,(anonymous_5)
FN:88,getCallLog
FNF:7
FNH:5
FNDA:4,addCallLog
FNDA:4,addMessageLog
FNDA:2,(anonymous_2)
FNDA:1,(anonymous_3)
FNDA:0,(anonymous_4)
FNDA:0,(anonymous_5)
FNDA:2,getCallLog
DA:1,3
DA:2,3
DA:3,3
DA:4,3
DA:5,3
DA:8,4
DA:9,4
DA:10,1
DA:12,3
DA:13,3
DA:14,3
DA:15,3
DA:16,3
DA:17,3
DA:18,1
DA:20,2
DA:21,2
DA:22,2
DA:23,2
DA:24,2
DA:25,1
DA:27,1
DA:28,1
DA:35,1
DA:36,1
DA:40,4
DA:41,1
DA:43,3
DA:44,3
DA:45,3
DA:46,3
DA:47,3
DA:48,1
DA:50,2
DA:51,2
DA:52,2
DA:53,2
DA:54,1
DA:56,2
DA:57,1
DA:62,1
DA:63,1
DA:64,1
DA:65,2
DA:66,1
DA:67,1
DA:69,1
DA:70,1
DA:71,0
DA:73,1
DA:74,1
DA:81,1
DA:82,1
DA:84,1
DA:85,1
DA:89,2
DA:95,2
DA:96,1
DA:99,1
DA:118,3
DA:119,3
DA:120,3
LF:62
LH:61
BRDA:9,0,0,1
BRDA:9,0,1,3
BRDA:17,1,0,1
BRDA:17,1,1,2
BRDA:17,2,0,3
BRDA:17,2,1,2
BRDA:22,3,0,2
BRDA:22,3,1,0
BRDA:24,4,0,1
BRDA:24,4,1,1
BRDA:40,5,0,1
BRDA:40,5,1,3
BRDA:47,6,0,1
BRDA:47,6,1,2
BRDA:47,7,0,3
BRDA:47,7,1,2
BRDA:53,8,0,1
BRDA:53,8,1,1
BRDA:65,9,0,1
BRDA:65,9,1,1
BRDA:70,10,0,0
BRDA:70,10,1,1
BRDA:70,11,0,1
BRDA:70,11,1,0
BRDA:95,12,0,1
BRDA:95,12,1,1
BRF:26
BRH:23
end_of_record
TN:
SF:src\lib\jwt.js
FN:3,generateJwt
FN:7,decodeJwt
FNF:2
FNH:2
FNDA:16,generateJwt
FNDA:21,decodeJwt
DA:1,3
DA:4,16
DA:8,21
DA:9,21
DA:11,5
DA:15,3
DA:16,3
LF:7
LH:7
BRF:0
BRH:0
end_of_record
TN:
SF:src\lib\oauth.js
FN:14,getOAuthApp
FN:19,checkAndRefreshAccessToken
FNF:2
FNH:2
FNDA:2,getOAuthApp
FNDA:10,checkAndRefreshAccessToken
DA:1,3
DA:5,3
DA:15,2
DA:20,10
DA:21,10
DA:22,0
DA:23,0
DA:24,0
DA:25,0
DA:26,0
DA:27,0
DA:32,3
DA:33,3
LF:13
LH:7
BRDA:21,0,0,0
BRDA:21,0,1,10
BRDA:21,1,0,10
BRDA:21,1,1,10
BRDA:21,1,2,10
BRDA:21,1,3,0
BRF:6
BRH:4
end_of_record
TN:
SF:src\models\callLogModel.js
FNF:0
FNH:0
DA:1,3
DA:2,3
DA:5,3
LF:3
LH:3
BRF:0
BRH:0
end_of_record
TN:
SF:src\models\messageLogModel.js
FNF:0
FNH:0
DA:1,3
DA:2,3
DA:5,3
LF:3
LH:3
BRF:0
BRH:0
end_of_record
TN:
SF:src\models\sequelize.js
FNF:0
FNH:0
DA:1,3
DA:3,3
DA:17,3
LF:3
LH:3
BRF:0
BRH:0
end_of_record
TN:
SF:src\models\userModel.js
FNF:0
FNH:0
DA:1,3
DA:2,3
DA:5,3
LF:3
LH:3
BRF:0
BRH:0
end_of_record
TN:
SF:src\platformModules\pipedrive.js
FN:7,getUserInfo
FN:22,addCallLog
FN:42,addMessageLog
FN:61,getContact
FN:84,(anonymous_4)
FNF:5
FNH:4
FNDA:1,getUserInfo
FNDA:1,addCallLog
FNDA:1,addMessageLog
FNDA:7,getContact
FNDA:0,(anonymous_4)
DA:1,3
DA:2,3
DA:3,3
DA:5,3
DA:8,1
DA:13,1
DA:23,1
DA:24,1
DA:33,1
DA:39,1
DA:43,1
DA:44,1
DA:52,1
DA:58,1
DA:62,7
DA:63,7
DA:64,1
DA:66,6
DA:67,6
DA:68,6
DA:73,6
DA:74,3
DA:77,3
DA:78,3
DA:83,3
DA:84,0
DA:86,3
DA:90,3
DA:91,3
DA:92,3
DA:93,3
LF:31
LH:30
BRDA:23,0,0,0
BRDA:23,0,1,1
BRDA:26,1,0,1
BRDA:26,1,1,0
BRDA:26,2,0,1
BRDA:26,2,1,0
BRDA:30,3,0,0
BRDA:30,3,1,1
BRDA:43,4,0,0
BRDA:43,4,1,1
BRDA:46,5,0,1
BRDA:46,5,1,1
BRDA:46,6,0,1
BRDA:46,6,1,1
BRDA:49,7,0,0
BRDA:49,7,1,1
BRDA:49,8,0,0
BRDA:49,8,1,1
BRDA:63,9,0,1
BRDA:63,9,1,6
BRDA:63,10,0,7
BRDA:63,10,1,6
BRDA:73,11,0,3
BRDA:73,11,1,3
BRDA:83,12,0,0
BRDA:83,12,1,3
BRF:26
BRH:18
end_of_record
