{"C:\\Users\\da.kong\\Documents\\Github\\rc-unified-crm-extension\\src\\index.js": {"path":"C:\\Users\\da.kong\\Documents\\Github\\rc-unified-crm-extension\\src\\index.js","statementMap":{"0":{"start":{"line":1,"column":13},"end":{"line":1,"column":28}},"1":{"start":{"line":2,"column":16},"end":{"line":2,"column":34}},"2":{"start":{"line":3,"column":19},"end":{"line":3,"column":41}},"3":{"start":{"line":4,"column":22},"end":{"line":4,"column":51}},"4":{"start":{"line":5,"column":25},"end":{"line":5,"column":57}},"5":{"start":{"line":6,"column":28},"end":{"line":6,"column":63}},"6":{"start":{"line":7,"column":29},"end":{"line":7,"column":65}},"7":{"start":{"line":8,"column":23},"end":{"line":8,"column":53}},"8":{"start":{"line":9,"column":13},"end":{"line":9,"column":28}},"9":{"start":{"line":10,"column":12},"end":{"line":10,"column":32}},"10":{"start":{"line":11,"column":16},"end":{"line":11,"column":37}},"11":{"start":{"line":12,"column":20},"end":{"line":12,"column":45}},"12":{"start":{"line":13,"column":17},"end":{"line":13,"column":39}},"13":{"start":{"line":14,"column":18},"end":{"line":14,"column":41}},"14":{"start":{"line":15,"column":17},"end":{"line":15,"column":39}},"15":{"start":{"line":16,"column":13},"end":{"line":16,"column":39}},"16":{"start":{"line":17,"column":21},"end":{"line":17,"column":51}},"17":{"start":{"line":18,"column":14},"end":{"line":18,"column":30}},"18":{"start":{"line":19,"column":18},"end":{"line":19,"column":44}},"19":{"start":{"line":20,"column":13},"end":{"line":20,"column":34}},"20":{"start":{"line":21,"column":18},"end":{"line":21,"column":22}},"21":{"start":{"line":22,"column":0},"end":{"line":27,"column":1}},"22":{"start":{"line":23,"column":4},"end":{"line":23,"column":44}},"23":{"start":{"line":26,"column":4},"end":{"line":26,"column":45}},"24":{"start":{"line":29,"column":0},"end":{"line":29,"column":85}},"25":{"start":{"line":32,"column":4},"end":{"line":40,"column":5}},"26":{"start":{"line":33,"column":8},"end":{"line":33,"column":58}},"27":{"start":{"line":34,"column":8},"end":{"line":34,"column":31}},"28":{"start":{"line":35,"column":8},"end":{"line":35,"column":34}},"29":{"start":{"line":36,"column":8},"end":{"line":36,"column":37}},"30":{"start":{"line":37,"column":8},"end":{"line":37,"column":38}},"31":{"start":{"line":38,"column":8},"end":{"line":38,"column":32}},"32":{"start":{"line":39,"column":8},"end":{"line":39,"column":41}},"33":{"start":{"line":43,"column":12},"end":{"line":43,"column":21}},"34":{"start":{"line":44,"column":0},"end":{"line":44,"column":26}},"35":{"start":{"line":46,"column":0},"end":{"line":48,"column":4}},"36":{"start":{"line":50,"column":0},"end":{"line":52,"column":2}},"37":{"start":{"line":51,"column":4},"end":{"line":51,"column":27}},"38":{"start":{"line":54,"column":0},"end":{"line":75,"column":2}},"39":{"start":{"line":55,"column":4},"end":{"line":74,"column":5}},"40":{"start":{"line":56,"column":8},"end":{"line":60,"column":9}},"41":{"start":{"line":57,"column":39},"end":{"line":57,"column":74}},"42":{"start":{"line":58,"column":12},"end":{"line":58,"column":41}},"43":{"start":{"line":59,"column":12},"end":{"line":59,"column":19}},"44":{"start":{"line":61,"column":28},"end":{"line":61,"column":89}},"45":{"start":{"line":62,"column":8},"end":{"line":70,"column":9}},"46":{"start":{"line":63,"column":12},"end":{"line":65,"column":13}},"47":{"start":{"line":64,"column":16},"end":{"line":64,"column":48}},"48":{"start":{"line":66,"column":12},"end":{"line":66,"column":34}},"49":{"start":{"line":69,"column":12},"end":{"line":69,"column":55}},"50":{"start":{"line":73,"column":8},"end":{"line":73,"column":51}},"51":{"start":{"line":77,"column":0},"end":{"line":79,"column":3}},"52":{"start":{"line":78,"column":4},"end":{"line":78,"column":19}},"53":{"start":{"line":81,"column":0},"end":{"line":130,"column":3}},"54":{"start":{"line":82,"column":29},"end":{"line":82,"column":49}},"55":{"start":{"line":83,"column":23},"end":{"line":83,"column":27}},"56":{"start":{"line":84,"column":18},"end":{"line":84,"column":23}},"57":{"start":{"line":85,"column":25},"end":{"line":85,"column":30}},"58":{"start":{"line":86,"column":17},"end":{"line":86,"column":19}},"59":{"start":{"line":87,"column":21},"end":{"line":87,"column":24}},"60":{"start":{"line":88,"column":74},"end":{"line":88,"column":133}},"61":{"start":{"line":89,"column":4},"end":{"line":111,"column":5}},"62":{"start":{"line":90,"column":25},"end":{"line":90,"column":43}},"63":{"start":{"line":91,"column":8},"end":{"line":104,"column":9}},"64":{"start":{"line":92,"column":45},"end":{"line":92,"column":68}},"65":{"start":{"line":93,"column":12},"end":{"line":93,"column":36}},"66":{"start":{"line":94,"column":70},"end":{"line":94,"column":121}},"67":{"start":{"line":95,"column":12},"end":{"line":95,"column":27}},"68":{"start":{"line":96,"column":12},"end":{"line":96,"column":40}},"69":{"start":{"line":97,"column":12},"end":{"line":97,"column":32}},"70":{"start":{"line":98,"column":12},"end":{"line":98,"column":32}},"71":{"start":{"line":99,"column":12},"end":{"line":99,"column":64}},"72":{"start":{"line":102,"column":12},"end":{"line":102,"column":85}},"73":{"start":{"line":103,"column":12},"end":{"line":103,"column":28}},"74":{"start":{"line":107,"column":8},"end":{"line":107,"column":62}},"75":{"start":{"line":108,"column":8},"end":{"line":108,"column":53}},"76":{"start":{"line":109,"column":8},"end":{"line":109,"column":32}},"77":{"start":{"line":110,"column":8},"end":{"line":110,"column":24}},"78":{"start":{"line":112,"column":27},"end":{"line":112,"column":47}},"79":{"start":{"line":113,"column":4},"end":{"line":129,"column":7}},"80":{"start":{"line":132,"column":0},"end":{"line":135,"column":3}},"81":{"start":{"line":133,"column":31},"end":{"line":133,"column":66}},"82":{"start":{"line":134,"column":4},"end":{"line":134,"column":54}},"83":{"start":{"line":138,"column":0},"end":{"line":146,"column":2}},"84":{"start":{"line":139,"column":4},"end":{"line":145,"column":5}},"85":{"start":{"line":140,"column":8},"end":{"line":140,"column":79}},"86":{"start":{"line":143,"column":8},"end":{"line":143,"column":56}},"87":{"start":{"line":144,"column":8},"end":{"line":144,"column":32}},"88":{"start":{"line":148,"column":0},"end":{"line":166,"column":2}},"89":{"start":{"line":149,"column":4},"end":{"line":165,"column":5}},"90":{"start":{"line":150,"column":32},"end":{"line":150,"column":139}},"91":{"start":{"line":151,"column":8},"end":{"line":160,"column":9}},"92":{"start":{"line":152,"column":35},"end":{"line":152,"column":66}},"93":{"start":{"line":153,"column":12},"end":{"line":153,"column":71}},"94":{"start":{"line":154,"column":12},"end":{"line":159,"column":15}},"95":{"start":{"line":163,"column":8},"end":{"line":163,"column":56}},"96":{"start":{"line":164,"column":8},"end":{"line":164,"column":32}},"97":{"start":{"line":168,"column":0},"end":{"line":201,"column":3}},"98":{"start":{"line":169,"column":29},"end":{"line":169,"column":49}},"99":{"start":{"line":170,"column":18},"end":{"line":170,"column":23}},"100":{"start":{"line":171,"column":74},"end":{"line":171,"column":133}},"101":{"start":{"line":172,"column":4},"end":{"line":188,"column":5}},"102":{"start":{"line":173,"column":45},"end":{"line":173,"column":122}},"103":{"start":{"line":174,"column":34},"end":{"line":174,"column":86}},"104":{"start":{"line":175,"column":8},"end":{"line":183,"column":9}},"105":{"start":{"line":176,"column":12},"end":{"line":176,"column":110}},"106":{"start":{"line":177,"column":12},"end":{"line":177,"column":59}},"107":{"start":{"line":178,"column":12},"end":{"line":178,"column":27}},"108":{"start":{"line":181,"column":12},"end":{"line":181,"column":60}},"109":{"start":{"line":182,"column":12},"end":{"line":182,"column":28}},"110":{"start":{"line":186,"column":8},"end":{"line":186,"column":34}},"111":{"start":{"line":187,"column":8},"end":{"line":187,"column":32}},"112":{"start":{"line":189,"column":27},"end":{"line":189,"column":47}},"113":{"start":{"line":190,"column":4},"end":{"line":200,"column":7}},"114":{"start":{"line":203,"column":0},"end":{"line":259,"column":3}},"115":{"start":{"line":204,"column":29},"end":{"line":204,"column":49}},"116":{"start":{"line":205,"column":23},"end":{"line":205,"column":27}},"117":{"start":{"line":206,"column":18},"end":{"line":206,"column":23}},"118":{"start":{"line":207,"column":74},"end":{"line":207,"column":133}},"119":{"start":{"line":208,"column":4},"end":{"line":245,"column":5}},"120":{"start":{"line":209,"column":25},"end":{"line":209,"column":43}},"121":{"start":{"line":210,"column":8},"end":{"line":240,"column":9}},"122":{"start":{"line":211,"column":31},"end":{"line":211,"column":54}},"123":{"start":{"line":212,"column":12},"end":{"line":212,"column":47}},"124":{"start":{"line":213,"column":25},"end":{"line":213,"column":64}},"125":{"start":{"line":214,"column":12},"end":{"line":216,"column":13}},"126":{"start":{"line":215,"column":16},"end":{"line":215,"column":53}},"127":{"start":{"line":217,"column":49},"end":{"line":217,"column":126}},"128":{"start":{"line":218,"column":38},"end":{"line":218,"column":90}},"129":{"start":{"line":219,"column":12},"end":{"line":235,"column":13}},"130":{"start":{"line":220,"column":38},"end":{"line":220,"column":93}},"131":{"start":{"line":221,"column":16},"end":{"line":229,"column":17}},"132":{"start":{"line":222,"column":20},"end":{"line":222,"column":56}},"133":{"start":{"line":225,"column":20},"end":{"line":228,"column":23}},"134":{"start":{"line":230,"column":16},"end":{"line":230,"column":31}},"135":{"start":{"line":233,"column":16},"end":{"line":233,"column":64}},"136":{"start":{"line":234,"column":16},"end":{"line":234,"column":31}},"137":{"start":{"line":238,"column":12},"end":{"line":238,"column":85}},"138":{"start":{"line":239,"column":12},"end":{"line":239,"column":28}},"139":{"start":{"line":243,"column":8},"end":{"line":243,"column":62}},"140":{"start":{"line":244,"column":8},"end":{"line":244,"column":32}},"141":{"start":{"line":246,"column":27},"end":{"line":246,"column":47}},"142":{"start":{"line":247,"column":4},"end":{"line":258,"column":7}},"143":{"start":{"line":261,"column":0},"end":{"line":277,"column":2}},"144":{"start":{"line":262,"column":4},"end":{"line":275,"column":5}},"145":{"start":{"line":263,"column":30},"end":{"line":263,"column":53}},"146":{"start":{"line":264,"column":8},"end":{"line":270,"column":9}},"147":{"start":{"line":265,"column":33},"end":{"line":265,"column":86}},"148":{"start":{"line":266,"column":12},"end":{"line":266,"column":47}},"149":{"start":{"line":269,"column":12},"end":{"line":269,"column":62}},"150":{"start":{"line":273,"column":8},"end":{"line":273,"column":34}},"151":{"start":{"line":274,"column":8},"end":{"line":274,"column":32}},"152":{"start":{"line":278,"column":0},"end":{"line":348,"column":3}},"153":{"start":{"line":279,"column":29},"end":{"line":279,"column":49}},"154":{"start":{"line":280,"column":23},"end":{"line":280,"column":27}},"155":{"start":{"line":281,"column":18},"end":{"line":281,"column":23}},"156":{"start":{"line":282,"column":74},"end":{"line":282,"column":133}},"157":{"start":{"line":283,"column":4},"end":{"line":334,"column":5}},"158":{"start":{"line":284,"column":25},"end":{"line":284,"column":43}},"159":{"start":{"line":285,"column":8},"end":{"line":329,"column":9}},"160":{"start":{"line":286,"column":31},"end":{"line":286,"column":54}},"161":{"start":{"line":287,"column":12},"end":{"line":287,"column":47}},"162":{"start":{"line":288,"column":25},"end":{"line":288,"column":64}},"163":{"start":{"line":289,"column":12},"end":{"line":291,"column":13}},"164":{"start":{"line":290,"column":16},"end":{"line":290,"column":53}},"165":{"start":{"line":292,"column":34},"end":{"line":292,"column":57}},"166":{"start":{"line":293,"column":38},"end":{"line":293,"column":40}},"167":{"start":{"line":294,"column":12},"end":{"line":296,"column":13}},"168":{"start":{"line":295,"column":16},"end":{"line":295,"column":92}},"169":{"start":{"line":299,"column":31},"end":{"line":299,"column":54}},"170":{"start":{"line":300,"column":25},"end":{"line":300,"column":27}},"171":{"start":{"line":301,"column":12},"end":{"line":322,"column":13}},"172":{"start":{"line":302,"column":16},"end":{"line":302,"column":38}},"173":{"start":{"line":305,"column":16},"end":{"line":321,"column":17}},"174":{"start":{"line":306,"column":33},"end":{"line":306,"column":112}},"175":{"start":{"line":308,"column":20},"end":{"line":320,"column":21}},"176":{"start":{"line":310,"column":24},"end":{"line":319,"column":25}},"177":{"start":{"line":311,"column":28},"end":{"line":314,"column":30}},"178":{"start":{"line":318,"column":28},"end":{"line":318,"column":80}},"179":{"start":{"line":323,"column":12},"end":{"line":323,"column":27}},"180":{"start":{"line":324,"column":12},"end":{"line":324,"column":41}},"181":{"start":{"line":327,"column":12},"end":{"line":327,"column":28}},"182":{"start":{"line":328,"column":12},"end":{"line":328,"column":85}},"183":{"start":{"line":332,"column":8},"end":{"line":332,"column":62}},"184":{"start":{"line":333,"column":8},"end":{"line":333,"column":32}},"185":{"start":{"line":335,"column":27},"end":{"line":335,"column":47}},"186":{"start":{"line":336,"column":4},"end":{"line":347,"column":7}},"187":{"start":{"line":350,"column":0},"end":{"line":390,"column":3}},"188":{"start":{"line":351,"column":29},"end":{"line":351,"column":49}},"189":{"start":{"line":352,"column":23},"end":{"line":352,"column":27}},"190":{"start":{"line":353,"column":18},"end":{"line":353,"column":23}},"191":{"start":{"line":354,"column":74},"end":{"line":354,"column":133}},"192":{"start":{"line":355,"column":4},"end":{"line":376,"column":5}},"193":{"start":{"line":356,"column":25},"end":{"line":356,"column":43}},"194":{"start":{"line":357,"column":8},"end":{"line":371,"column":9}},"195":{"start":{"line":358,"column":31},"end":{"line":358,"column":54}},"196":{"start":{"line":359,"column":12},"end":{"line":359,"column":47}},"197":{"start":{"line":360,"column":25},"end":{"line":360,"column":64}},"198":{"start":{"line":361,"column":12},"end":{"line":363,"column":13}},"199":{"start":{"line":362,"column":16},"end":{"line":362,"column":53}},"200":{"start":{"line":364,"column":12},"end":{"line":364,"column":93}},"201":{"start":{"line":365,"column":12},"end":{"line":365,"column":58}},"202":{"start":{"line":366,"column":12},"end":{"line":366,"column":27}},"203":{"start":{"line":369,"column":12},"end":{"line":369,"column":85}},"204":{"start":{"line":370,"column":12},"end":{"line":370,"column":28}},"205":{"start":{"line":374,"column":8},"end":{"line":374,"column":62}},"206":{"start":{"line":375,"column":8},"end":{"line":375,"column":32}},"207":{"start":{"line":377,"column":27},"end":{"line":377,"column":47}},"208":{"start":{"line":378,"column":4},"end":{"line":389,"column":7}},"209":{"start":{"line":392,"column":0},"end":{"line":411,"column":2}},"210":{"start":{"line":393,"column":4},"end":{"line":410,"column":5}},"211":{"start":{"line":394,"column":25},"end":{"line":394,"column":43}},"212":{"start":{"line":395,"column":8},"end":{"line":405,"column":9}},"213":{"start":{"line":396,"column":31},"end":{"line":396,"column":54}},"214":{"start":{"line":397,"column":25},"end":{"line":397,"column":64}},"215":{"start":{"line":398,"column":12},"end":{"line":400,"column":13}},"216":{"start":{"line":399,"column":16},"end":{"line":399,"column":53}},"217":{"start":{"line":401,"column":12},"end":{"line":401,"column":48}},"218":{"start":{"line":404,"column":12},"end":{"line":404,"column":85}},"219":{"start":{"line":408,"column":8},"end":{"line":408,"column":34}},"220":{"start":{"line":409,"column":8},"end":{"line":409,"column":32}},"221":{"start":{"line":413,"column":0},"end":{"line":474,"column":2}},"222":{"start":{"line":414,"column":29},"end":{"line":414,"column":49}},"223":{"start":{"line":415,"column":23},"end":{"line":415,"column":27}},"224":{"start":{"line":416,"column":18},"end":{"line":416,"column":23}},"225":{"start":{"line":417,"column":74},"end":{"line":417,"column":133}},"226":{"start":{"line":418,"column":4},"end":{"line":460,"column":5}},"227":{"start":{"line":419,"column":8},"end":{"line":421,"column":9}},"228":{"start":{"line":420,"column":12},"end":{"line":420,"column":40}},"229":{"start":{"line":422,"column":8},"end":{"line":424,"column":103}},"230":{"start":{"line":425,"column":25},"end":{"line":425,"column":43}},"231":{"start":{"line":426,"column":25},"end":{"line":426,"column":43}},"232":{"start":{"line":427,"column":8},"end":{"line":429,"column":9}},"233":{"start":{"line":428,"column":12},"end":{"line":428,"column":42}},"234":{"start":{"line":430,"column":41},"end":{"line":430,"column":80}},"235":{"start":{"line":431,"column":8},"end":{"line":433,"column":9}},"236":{"start":{"line":432,"column":12},"end":{"line":432,"column":86}},"237":{"start":{"line":434,"column":44},"end":{"line":442,"column":10}},"238":{"start":{"line":443,"column":8},"end":{"line":454,"column":9}},"239":{"start":{"line":444,"column":29},"end":{"line":447,"column":14}},"240":{"start":{"line":448,"column":12},"end":{"line":448,"column":83}},"241":{"start":{"line":449,"column":12},"end":{"line":449,"column":27}},"242":{"start":{"line":452,"column":12},"end":{"line":452,"column":52}},"243":{"start":{"line":453,"column":12},"end":{"line":453,"column":28}},"244":{"start":{"line":457,"column":8},"end":{"line":457,"column":62}},"245":{"start":{"line":458,"column":8},"end":{"line":458,"column":32}},"246":{"start":{"line":459,"column":8},"end":{"line":459,"column":24}},"247":{"start":{"line":461,"column":27},"end":{"line":461,"column":47}},"248":{"start":{"line":462,"column":4},"end":{"line":473,"column":7}},"249":{"start":{"line":475,"column":0},"end":{"line":524,"column":2}},"250":{"start":{"line":476,"column":29},"end":{"line":476,"column":49}},"251":{"start":{"line":477,"column":23},"end":{"line":477,"column":27}},"252":{"start":{"line":478,"column":18},"end":{"line":478,"column":23}},"253":{"start":{"line":479,"column":74},"end":{"line":479,"column":133}},"254":{"start":{"line":480,"column":4},"end":{"line":510,"column":5}},"255":{"start":{"line":481,"column":25},"end":{"line":481,"column":42}},"256":{"start":{"line":482,"column":8},"end":{"line":482,"column":32}},"257":{"start":{"line":483,"column":23},"end":{"line":483,"column":38}},"258":{"start":{"line":484,"column":25},"end":{"line":484,"column":42}},"259":{"start":{"line":485,"column":31},"end":{"line":485,"column":54}},"260":{"start":{"line":486,"column":8},"end":{"line":488,"column":9}},"261":{"start":{"line":487,"column":12},"end":{"line":487,"column":42}},"262":{"start":{"line":489,"column":8},"end":{"line":491,"column":9}},"263":{"start":{"line":490,"column":12},"end":{"line":490,"column":36}},"264":{"start":{"line":492,"column":44},"end":{"line":492,"column":120}},"265":{"start":{"line":493,"column":8},"end":{"line":504,"column":9}},"266":{"start":{"line":494,"column":29},"end":{"line":497,"column":14}},"267":{"start":{"line":498,"column":12},"end":{"line":498,"column":83}},"268":{"start":{"line":499,"column":12},"end":{"line":499,"column":27}},"269":{"start":{"line":502,"column":12},"end":{"line":502,"column":52}},"270":{"start":{"line":503,"column":12},"end":{"line":503,"column":28}},"271":{"start":{"line":507,"column":8},"end":{"line":507,"column":62}},"272":{"start":{"line":508,"column":8},"end":{"line":508,"column":32}},"273":{"start":{"line":509,"column":8},"end":{"line":509,"column":24}},"274":{"start":{"line":511,"column":27},"end":{"line":511,"column":47}},"275":{"start":{"line":512,"column":4},"end":{"line":523,"column":7}},"276":{"start":{"line":525,"column":0},"end":{"line":568,"column":3}},"277":{"start":{"line":526,"column":29},"end":{"line":526,"column":49}},"278":{"start":{"line":527,"column":23},"end":{"line":527,"column":27}},"279":{"start":{"line":528,"column":18},"end":{"line":528,"column":23}},"280":{"start":{"line":529,"column":74},"end":{"line":529,"column":133}},"281":{"start":{"line":530,"column":4},"end":{"line":554,"column":5}},"282":{"start":{"line":531,"column":25},"end":{"line":531,"column":43}},"283":{"start":{"line":532,"column":8},"end":{"line":548,"column":9}},"284":{"start":{"line":533,"column":31},"end":{"line":533,"column":54}},"285":{"start":{"line":534,"column":12},"end":{"line":534,"column":47}},"286":{"start":{"line":535,"column":33},"end":{"line":535,"column":72}},"287":{"start":{"line":536,"column":12},"end":{"line":539,"column":13}},"288":{"start":{"line":537,"column":16},"end":{"line":537,"column":53}},"289":{"start":{"line":538,"column":16},"end":{"line":538,"column":23}},"290":{"start":{"line":540,"column":35},"end":{"line":540,"column":79}},"291":{"start":{"line":541,"column":38},"end":{"line":541,"column":94}},"292":{"start":{"line":542,"column":12},"end":{"line":542,"column":52}},"293":{"start":{"line":543,"column":12},"end":{"line":543,"column":27}},"294":{"start":{"line":546,"column":12},"end":{"line":546,"column":85}},"295":{"start":{"line":547,"column":12},"end":{"line":547,"column":28}},"296":{"start":{"line":551,"column":8},"end":{"line":551,"column":62}},"297":{"start":{"line":552,"column":8},"end":{"line":552,"column":32}},"298":{"start":{"line":553,"column":8},"end":{"line":553,"column":24}},"299":{"start":{"line":555,"column":27},"end":{"line":555,"column":47}},"300":{"start":{"line":556,"column":4},"end":{"line":567,"column":7}},"301":{"start":{"line":569,"column":0},"end":{"line":579,"column":2}},"302":{"start":{"line":570,"column":4},"end":{"line":578,"column":5}},"303":{"start":{"line":571,"column":28},"end":{"line":571,"column":90}},"304":{"start":{"line":572,"column":26},"end":{"line":572,"column":86}},"305":{"start":{"line":573,"column":8},"end":{"line":573,"column":57}},"306":{"start":{"line":576,"column":8},"end":{"line":576,"column":34}},"307":{"start":{"line":577,"column":8},"end":{"line":577,"column":32}},"308":{"start":{"line":580,"column":0},"end":{"line":633,"column":3}},"309":{"start":{"line":581,"column":29},"end":{"line":581,"column":49}},"310":{"start":{"line":582,"column":23},"end":{"line":582,"column":27}},"311":{"start":{"line":583,"column":18},"end":{"line":583,"column":23}},"312":{"start":{"line":584,"column":22},"end":{"line":584,"column":23}},"313":{"start":{"line":585,"column":21},"end":{"line":585,"column":24}},"314":{"start":{"line":586,"column":20},"end":{"line":586,"column":22}},"315":{"start":{"line":587,"column":74},"end":{"line":587,"column":133}},"316":{"start":{"line":588,"column":4},"end":{"line":614,"column":5}},"317":{"start":{"line":589,"column":25},"end":{"line":589,"column":43}},"318":{"start":{"line":590,"column":8},"end":{"line":607,"column":9}},"319":{"start":{"line":591,"column":45},"end":{"line":591,"column":68}},"320":{"start":{"line":592,"column":12},"end":{"line":592,"column":36}},"321":{"start":{"line":593,"column":78},"end":{"line":593,"column":257}},"322":{"start":{"line":594,"column":12},"end":{"line":594,"column":73}},"323":{"start":{"line":595,"column":12},"end":{"line":598,"column":13}},"324":{"start":{"line":596,"column":38},"end":{"line":596,"column":81}},"325":{"start":{"line":596,"column":59},"end":{"line":596,"column":74}},"326":{"start":{"line":597,"column":16},"end":{"line":597,"column":51}},"327":{"start":{"line":599,"column":12},"end":{"line":599,"column":33}},"328":{"start":{"line":600,"column":12},"end":{"line":602,"column":13}},"329":{"start":{"line":601,"column":16},"end":{"line":601,"column":46}},"330":{"start":{"line":605,"column":12},"end":{"line":605,"column":85}},"331":{"start":{"line":606,"column":12},"end":{"line":606,"column":28}},"332":{"start":{"line":610,"column":8},"end":{"line":610,"column":62}},"333":{"start":{"line":611,"column":8},"end":{"line":611,"column":53}},"334":{"start":{"line":612,"column":8},"end":{"line":612,"column":32}},"335":{"start":{"line":613,"column":8},"end":{"line":613,"column":24}},"336":{"start":{"line":615,"column":27},"end":{"line":615,"column":47}},"337":{"start":{"line":616,"column":4},"end":{"line":632,"column":7}},"338":{"start":{"line":634,"column":0},"end":{"line":681,"column":3}},"339":{"start":{"line":635,"column":29},"end":{"line":635,"column":49}},"340":{"start":{"line":636,"column":23},"end":{"line":636,"column":27}},"341":{"start":{"line":637,"column":18},"end":{"line":637,"column":23}},"342":{"start":{"line":638,"column":21},"end":{"line":638,"column":24}},"343":{"start":{"line":639,"column":20},"end":{"line":639,"column":22}},"344":{"start":{"line":640,"column":74},"end":{"line":640,"column":133}},"345":{"start":{"line":641,"column":4},"end":{"line":663,"column":5}},"346":{"start":{"line":642,"column":25},"end":{"line":642,"column":43}},"347":{"start":{"line":643,"column":8},"end":{"line":656,"column":9}},"348":{"start":{"line":644,"column":45},"end":{"line":644,"column":68}},"349":{"start":{"line":645,"column":12},"end":{"line":645,"column":36}},"350":{"start":{"line":646,"column":78},"end":{"line":646,"column":248}},"351":{"start":{"line":647,"column":12},"end":{"line":647,"column":73}},"352":{"start":{"line":648,"column":12},"end":{"line":648,"column":27}},"353":{"start":{"line":649,"column":12},"end":{"line":651,"column":13}},"354":{"start":{"line":650,"column":16},"end":{"line":650,"column":46}},"355":{"start":{"line":654,"column":12},"end":{"line":654,"column":85}},"356":{"start":{"line":655,"column":12},"end":{"line":655,"column":28}},"357":{"start":{"line":659,"column":8},"end":{"line":659,"column":62}},"358":{"start":{"line":660,"column":8},"end":{"line":660,"column":53}},"359":{"start":{"line":661,"column":8},"end":{"line":661,"column":32}},"360":{"start":{"line":662,"column":8},"end":{"line":662,"column":24}},"361":{"start":{"line":664,"column":27},"end":{"line":664,"column":47}},"362":{"start":{"line":665,"column":4},"end":{"line":680,"column":7}},"363":{"start":{"line":682,"column":0},"end":{"line":728,"column":3}},"364":{"start":{"line":683,"column":29},"end":{"line":683,"column":49}},"365":{"start":{"line":684,"column":23},"end":{"line":684,"column":27}},"366":{"start":{"line":685,"column":18},"end":{"line":685,"column":23}},"367":{"start":{"line":686,"column":21},"end":{"line":686,"column":24}},"368":{"start":{"line":687,"column":20},"end":{"line":687,"column":22}},"369":{"start":{"line":688,"column":74},"end":{"line":688,"column":133}},"370":{"start":{"line":689,"column":4},"end":{"line":710,"column":5}},"371":{"start":{"line":690,"column":25},"end":{"line":690,"column":43}},"372":{"start":{"line":691,"column":8},"end":{"line":704,"column":9}},"373":{"start":{"line":692,"column":45},"end":{"line":692,"column":68}},"374":{"start":{"line":693,"column":12},"end":{"line":693,"column":36}},"375":{"start":{"line":694,"column":75},"end":{"line":694,"column":208}},"376":{"start":{"line":695,"column":12},"end":{"line":695,"column":70}},"377":{"start":{"line":696,"column":12},"end":{"line":696,"column":27}},"378":{"start":{"line":697,"column":12},"end":{"line":699,"column":13}},"379":{"start":{"line":698,"column":16},"end":{"line":698,"column":46}},"380":{"start":{"line":702,"column":12},"end":{"line":702,"column":85}},"381":{"start":{"line":703,"column":12},"end":{"line":703,"column":28}},"382":{"start":{"line":707,"column":8},"end":{"line":707,"column":62}},"383":{"start":{"line":708,"column":8},"end":{"line":708,"column":32}},"384":{"start":{"line":709,"column":8},"end":{"line":709,"column":24}},"385":{"start":{"line":711,"column":27},"end":{"line":711,"column":47}},"386":{"start":{"line":712,"column":4},"end":{"line":727,"column":7}},"387":{"start":{"line":729,"column":0},"end":{"line":776,"column":3}},"388":{"start":{"line":730,"column":29},"end":{"line":730,"column":49}},"389":{"start":{"line":731,"column":23},"end":{"line":731,"column":27}},"390":{"start":{"line":732,"column":18},"end":{"line":732,"column":23}},"391":{"start":{"line":733,"column":21},"end":{"line":733,"column":24}},"392":{"start":{"line":734,"column":20},"end":{"line":734,"column":22}},"393":{"start":{"line":735,"column":74},"end":{"line":735,"column":133}},"394":{"start":{"line":736,"column":4},"end":{"line":758,"column":5}},"395":{"start":{"line":737,"column":25},"end":{"line":737,"column":43}},"396":{"start":{"line":738,"column":8},"end":{"line":751,"column":9}},"397":{"start":{"line":739,"column":45},"end":{"line":739,"column":68}},"398":{"start":{"line":740,"column":12},"end":{"line":740,"column":36}},"399":{"start":{"line":741,"column":76},"end":{"line":741,"column":149}},"400":{"start":{"line":742,"column":12},"end":{"line":744,"column":13}},"401":{"start":{"line":743,"column":16},"end":{"line":743,"column":46}},"402":{"start":{"line":745,"column":12},"end":{"line":745,"column":71}},"403":{"start":{"line":746,"column":12},"end":{"line":746,"column":27}},"404":{"start":{"line":749,"column":12},"end":{"line":749,"column":85}},"405":{"start":{"line":750,"column":12},"end":{"line":750,"column":28}},"406":{"start":{"line":754,"column":8},"end":{"line":754,"column":62}},"407":{"start":{"line":755,"column":8},"end":{"line":755,"column":53}},"408":{"start":{"line":756,"column":8},"end":{"line":756,"column":32}},"409":{"start":{"line":757,"column":8},"end":{"line":757,"column":24}},"410":{"start":{"line":759,"column":27},"end":{"line":759,"column":47}},"411":{"start":{"line":760,"column":4},"end":{"line":775,"column":7}},"412":{"start":{"line":777,"column":0},"end":{"line":824,"column":3}},"413":{"start":{"line":778,"column":29},"end":{"line":778,"column":49}},"414":{"start":{"line":779,"column":23},"end":{"line":779,"column":27}},"415":{"start":{"line":780,"column":18},"end":{"line":780,"column":23}},"416":{"start":{"line":781,"column":21},"end":{"line":781,"column":24}},"417":{"start":{"line":782,"column":20},"end":{"line":782,"column":22}},"418":{"start":{"line":783,"column":74},"end":{"line":783,"column":133}},"419":{"start":{"line":784,"column":4},"end":{"line":806,"column":5}},"420":{"start":{"line":785,"column":25},"end":{"line":785,"column":43}},"421":{"start":{"line":786,"column":8},"end":{"line":799,"column":9}},"422":{"start":{"line":787,"column":45},"end":{"line":787,"column":68}},"423":{"start":{"line":788,"column":12},"end":{"line":788,"column":36}},"424":{"start":{"line":789,"column":89},"end":{"line":789,"column":162}},"425":{"start":{"line":790,"column":12},"end":{"line":792,"column":13}},"426":{"start":{"line":791,"column":16},"end":{"line":791,"column":46}},"427":{"start":{"line":793,"column":12},"end":{"line":793,"column":84}},"428":{"start":{"line":794,"column":12},"end":{"line":794,"column":27}},"429":{"start":{"line":797,"column":12},"end":{"line":797,"column":85}},"430":{"start":{"line":798,"column":12},"end":{"line":798,"column":28}},"431":{"start":{"line":802,"column":8},"end":{"line":802,"column":62}},"432":{"start":{"line":803,"column":8},"end":{"line":803,"column":53}},"433":{"start":{"line":804,"column":8},"end":{"line":804,"column":32}},"434":{"start":{"line":805,"column":8},"end":{"line":805,"column":24}},"435":{"start":{"line":807,"column":27},"end":{"line":807,"column":47}},"436":{"start":{"line":808,"column":4},"end":{"line":823,"column":7}},"437":{"start":{"line":825,"column":0},"end":{"line":872,"column":3}},"438":{"start":{"line":826,"column":29},"end":{"line":826,"column":49}},"439":{"start":{"line":827,"column":23},"end":{"line":827,"column":27}},"440":{"start":{"line":828,"column":18},"end":{"line":828,"column":23}},"441":{"start":{"line":829,"column":21},"end":{"line":829,"column":24}},"442":{"start":{"line":830,"column":20},"end":{"line":830,"column":22}},"443":{"start":{"line":831,"column":74},"end":{"line":831,"column":133}},"444":{"start":{"line":832,"column":4},"end":{"line":854,"column":5}},"445":{"start":{"line":833,"column":25},"end":{"line":833,"column":43}},"446":{"start":{"line":834,"column":8},"end":{"line":847,"column":9}},"447":{"start":{"line":835,"column":45},"end":{"line":835,"column":68}},"448":{"start":{"line":836,"column":12},"end":{"line":836,"column":36}},"449":{"start":{"line":837,"column":77},"end":{"line":837,"column":153}},"450":{"start":{"line":838,"column":12},"end":{"line":840,"column":13}},"451":{"start":{"line":839,"column":16},"end":{"line":839,"column":46}},"452":{"start":{"line":841,"column":12},"end":{"line":841,"column":72}},"453":{"start":{"line":842,"column":12},"end":{"line":842,"column":27}},"454":{"start":{"line":845,"column":12},"end":{"line":845,"column":85}},"455":{"start":{"line":846,"column":12},"end":{"line":846,"column":28}},"456":{"start":{"line":850,"column":8},"end":{"line":850,"column":62}},"457":{"start":{"line":851,"column":8},"end":{"line":851,"column":53}},"458":{"start":{"line":852,"column":8},"end":{"line":852,"column":32}},"459":{"start":{"line":853,"column":8},"end":{"line":853,"column":24}},"460":{"start":{"line":855,"column":27},"end":{"line":855,"column":47}},"461":{"start":{"line":856,"column":4},"end":{"line":871,"column":7}},"462":{"start":{"line":874,"column":0},"end":{"line":925,"column":1}},"463":{"start":{"line":875,"column":4},"end":{"line":884,"column":7}},"464":{"start":{"line":876,"column":26},"end":{"line":876,"column":45}},"465":{"start":{"line":877,"column":8},"end":{"line":883,"column":9}},"466":{"start":{"line":878,"column":29},"end":{"line":878,"column":83}},"467":{"start":{"line":879,"column":12},"end":{"line":879,"column":100}},"468":{"start":{"line":882,"column":12},"end":{"line":882,"column":49}},"469":{"start":{"line":885,"column":4},"end":{"line":894,"column":7}},"470":{"start":{"line":886,"column":26},"end":{"line":886,"column":45}},"471":{"start":{"line":887,"column":8},"end":{"line":893,"column":9}},"472":{"start":{"line":888,"column":36},"end":{"line":888,"column":91}},"473":{"start":{"line":889,"column":12},"end":{"line":889,"column":96}},"474":{"start":{"line":892,"column":12},"end":{"line":892,"column":49}},"475":{"start":{"line":895,"column":4},"end":{"line":904,"column":7}},"476":{"start":{"line":896,"column":26},"end":{"line":896,"column":45}},"477":{"start":{"line":897,"column":8},"end":{"line":903,"column":9}},"478":{"start":{"line":898,"column":29},"end":{"line":898,"column":88}},"479":{"start":{"line":899,"column":12},"end":{"line":899,"column":43}},"480":{"start":{"line":902,"column":12},"end":{"line":902,"column":49}},"481":{"start":{"line":905,"column":4},"end":{"line":914,"column":7}},"482":{"start":{"line":906,"column":26},"end":{"line":906,"column":45}},"483":{"start":{"line":907,"column":8},"end":{"line":913,"column":9}},"484":{"start":{"line":908,"column":12},"end":{"line":908,"column":72}},"485":{"start":{"line":909,"column":12},"end":{"line":909,"column":58}},"486":{"start":{"line":912,"column":12},"end":{"line":912,"column":49}},"487":{"start":{"line":915,"column":4},"end":{"line":924,"column":7}},"488":{"start":{"line":916,"column":26},"end":{"line":916,"column":45}},"489":{"start":{"line":917,"column":8},"end":{"line":923,"column":9}},"490":{"start":{"line":918,"column":12},"end":{"line":918,"column":41}},"491":{"start":{"line":919,"column":12},"end":{"line":919,"column":62}},"492":{"start":{"line":922,"column":12},"end":{"line":922,"column":49}},"493":{"start":{"line":928,"column":30},"end":{"line":928,"column":56}},"494":{"start":{"line":929,"column":28},"end":{"line":929,"column":52}},"495":{"start":{"line":930,"column":15},"end":{"line":930,"column":86}},"496":{"start":{"line":930,"column":65},"end":{"line":930,"column":85}},"497":{"start":{"line":931,"column":22},"end":{"line":931,"column":43}},"498":{"start":{"line":932,"column":19},"end":{"line":932,"column":51}},"499":{"start":{"line":933,"column":4},"end":{"line":939,"column":5}},"500":{"start":{"line":942,"column":0},"end":{"line":946,"column":1}},"501":{"start":{"line":943,"column":4},"end":{"line":943,"column":13}},"502":{"start":{"line":944,"column":4},"end":{"line":944,"column":21}},"503":{"start":{"line":945,"column":4},"end":{"line":945,"column":15}}},"fnMap":{"0":{"name":"initDB","decl":{"start":{"line":31,"column":15},"end":{"line":31,"column":21}},"loc":{"start":{"line":31,"column":24},"end":{"line":41,"column":1}},"line":31},"1":{"name":"(anonymous_1)","decl":{"start":{"line":50,"column":25},"end":{"line":50,"column":26}},"loc":{"start":{"line":50,"column":51},"end":{"line":52,"column":1}},"line":50},"2":{"name":"(anonymous_2)","decl":{"start":{"line":54,"column":24},"end":{"line":54,"column":25}},"loc":{"start":{"line":54,"column":38},"end":{"line":75,"column":1}},"line":54},"3":{"name":"(anonymous_3)","decl":{"start":{"line":77,"column":21},"end":{"line":77,"column":22}},"loc":{"start":{"line":77,"column":35},"end":{"line":79,"column":1}},"line":77},"4":{"name":"(anonymous_4)","decl":{"start":{"line":81,"column":27},"end":{"line":81,"column":28}},"loc":{"start":{"line":81,"column":47},"end":{"line":130,"column":1}},"line":81},"5":{"name":"(anonymous_5)","decl":{"start":{"line":132,"column":30},"end":{"line":132,"column":31}},"loc":{"start":{"line":132,"column":44},"end":{"line":135,"column":1}},"line":132},"6":{"name":"(anonymous_6)","decl":{"start":{"line":138,"column":31},"end":{"line":138,"column":32}},"loc":{"start":{"line":138,"column":51},"end":{"line":146,"column":1}},"line":138},"7":{"name":"(anonymous_7)","decl":{"start":{"line":148,"column":34},"end":{"line":148,"column":35}},"loc":{"start":{"line":148,"column":60},"end":{"line":166,"column":1}},"line":148},"8":{"name":"(anonymous_8)","decl":{"start":{"line":168,"column":28},"end":{"line":168,"column":29}},"loc":{"start":{"line":168,"column":54},"end":{"line":201,"column":1}},"line":168},"9":{"name":"(anonymous_9)","decl":{"start":{"line":203,"column":27},"end":{"line":203,"column":28}},"loc":{"start":{"line":203,"column":53},"end":{"line":259,"column":1}},"line":203},"10":{"name":"(anonymous_10)","decl":{"start":{"line":261,"column":33},"end":{"line":261,"column":34}},"loc":{"start":{"line":261,"column":59},"end":{"line":276,"column":1}},"line":261},"11":{"name":"(anonymous_11)","decl":{"start":{"line":278,"column":26},"end":{"line":278,"column":27}},"loc":{"start":{"line":278,"column":52},"end":{"line":348,"column":1}},"line":278},"12":{"name":"(anonymous_12)","decl":{"start":{"line":350,"column":27},"end":{"line":350,"column":28}},"loc":{"start":{"line":350,"column":53},"end":{"line":390,"column":1}},"line":350},"13":{"name":"(anonymous_13)","decl":{"start":{"line":392,"column":21},"end":{"line":392,"column":22}},"loc":{"start":{"line":392,"column":47},"end":{"line":411,"column":1}},"line":392},"14":{"name":"(anonymous_14)","decl":{"start":{"line":413,"column":27},"end":{"line":413,"column":28}},"loc":{"start":{"line":413,"column":53},"end":{"line":474,"column":1}},"line":413},"15":{"name":"(anonymous_15)","decl":{"start":{"line":475,"column":25},"end":{"line":475,"column":26}},"loc":{"start":{"line":475,"column":51},"end":{"line":524,"column":1}},"line":475},"16":{"name":"(anonymous_16)","decl":{"start":{"line":525,"column":25},"end":{"line":525,"column":26}},"loc":{"start":{"line":525,"column":51},"end":{"line":568,"column":1}},"line":525},"17":{"name":"(anonymous_17)","decl":{"start":{"line":569,"column":25},"end":{"line":569,"column":26}},"loc":{"start":{"line":569,"column":51},"end":{"line":579,"column":1}},"line":569},"18":{"name":"(anonymous_18)","decl":{"start":{"line":580,"column":20},"end":{"line":580,"column":21}},"loc":{"start":{"line":580,"column":46},"end":{"line":633,"column":1}},"line":580},"19":{"name":"(anonymous_19)","decl":{"start":{"line":596,"column":54},"end":{"line":596,"column":55}},"loc":{"start":{"line":596,"column":59},"end":{"line":596,"column":74}},"line":596},"20":{"name":"(anonymous_20)","decl":{"start":{"line":634,"column":21},"end":{"line":634,"column":22}},"loc":{"start":{"line":634,"column":47},"end":{"line":681,"column":1}},"line":634},"21":{"name":"(anonymous_21)","decl":{"start":{"line":682,"column":20},"end":{"line":682,"column":21}},"loc":{"start":{"line":682,"column":46},"end":{"line":728,"column":1}},"line":682},"22":{"name":"(anonymous_22)","decl":{"start":{"line":729,"column":21},"end":{"line":729,"column":22}},"loc":{"start":{"line":729,"column":47},"end":{"line":776,"column":1}},"line":729},"23":{"name":"(anonymous_23)","decl":{"start":{"line":777,"column":22},"end":{"line":777,"column":23}},"loc":{"start":{"line":777,"column":48},"end":{"line":824,"column":1}},"line":777},"24":{"name":"(anonymous_24)","decl":{"start":{"line":825,"column":24},"end":{"line":825,"column":25}},"loc":{"start":{"line":825,"column":50},"end":{"line":872,"column":1}},"line":825},"25":{"name":"(anonymous_25)","decl":{"start":{"line":875,"column":34},"end":{"line":875,"column":35}},"loc":{"start":{"line":875,"column":60},"end":{"line":884,"column":5}},"line":875},"26":{"name":"(anonymous_26)","decl":{"start":{"line":885,"column":34},"end":{"line":885,"column":35}},"loc":{"start":{"line":885,"column":60},"end":{"line":894,"column":5}},"line":885},"27":{"name":"(anonymous_27)","decl":{"start":{"line":895,"column":28},"end":{"line":895,"column":29}},"loc":{"start":{"line":895,"column":54},"end":{"line":904,"column":5}},"line":895},"28":{"name":"(anonymous_28)","decl":{"start":{"line":905,"column":29},"end":{"line":905,"column":30}},"loc":{"start":{"line":905,"column":55},"end":{"line":914,"column":5}},"line":905},"29":{"name":"(anonymous_29)","decl":{"start":{"line":915,"column":31},"end":{"line":915,"column":32}},"loc":{"start":{"line":915,"column":57},"end":{"line":924,"column":5}},"line":915},"30":{"name":"getAnalyticsVariablesInReqHeaders","decl":{"start":{"line":927,"column":9},"end":{"line":927,"column":42}},"loc":{"start":{"line":927,"column":56},"end":{"line":940,"column":1}},"line":927},"31":{"name":"(anonymous_31)","decl":{"start":{"line":930,"column":60},"end":{"line":930,"column":61}},"loc":{"start":{"line":930,"column":65},"end":{"line":930,"column":85}},"line":930},"32":{"name":"getServer","decl":{"start":{"line":942,"column":29},"end":{"line":942,"column":38}},"loc":{"start":{"line":942,"column":41},"end":{"line":946,"column":1}},"line":942}},"branchMap":{"0":{"loc":{"start":{"line":32,"column":4},"end":{"line":40,"column":5}},"type":"if","locations":[{"start":{"line":32,"column":4},"end":{"line":40,"column":5}},{"start":{},"end":{}}],"line":32},"1":{"loc":{"start":{"line":56,"column":8},"end":{"line":60,"column":9}},"type":"if","locations":[{"start":{"line":56,"column":8},"end":{"line":60,"column":9}},{"start":{},"end":{}}],"line":56},"2":{"loc":{"start":{"line":62,"column":8},"end":{"line":70,"column":9}},"type":"if","locations":[{"start":{"line":62,"column":8},"end":{"line":70,"column":9}},{"start":{"line":68,"column":13},"end":{"line":70,"column":9}}],"line":62},"3":{"loc":{"start":{"line":63,"column":12},"end":{"line":65,"column":13}},"type":"if","locations":[{"start":{"line":63,"column":12},"end":{"line":65,"column":13}},{"start":{},"end":{}}],"line":63},"4":{"loc":{"start":{"line":91,"column":8},"end":{"line":104,"column":9}},"type":"if","locations":[{"start":{"line":91,"column":8},"end":{"line":104,"column":9}},{"start":{"line":101,"column":13},"end":{"line":104,"column":9}}],"line":91},"5":{"loc":{"start":{"line":108,"column":21},"end":{"line":108,"column":52}},"type":"binary-expr","locations":[{"start":{"line":108,"column":21},"end":{"line":108,"column":39}},{"start":{"line":108,"column":43},"end":{"line":108,"column":52}}],"line":108},"6":{"loc":{"start":{"line":151,"column":8},"end":{"line":160,"column":9}},"type":"if","locations":[{"start":{"line":151,"column":8},"end":{"line":160,"column":9}},{"start":{},"end":{}}],"line":151},"7":{"loc":{"start":{"line":175,"column":8},"end":{"line":183,"column":9}},"type":"if","locations":[{"start":{"line":175,"column":8},"end":{"line":183,"column":9}},{"start":{"line":180,"column":13},"end":{"line":183,"column":9}}],"line":175},"8":{"loc":{"start":{"line":210,"column":8},"end":{"line":240,"column":9}},"type":"if","locations":[{"start":{"line":210,"column":8},"end":{"line":240,"column":9}},{"start":{"line":237,"column":13},"end":{"line":240,"column":9}}],"line":210},"9":{"loc":{"start":{"line":214,"column":12},"end":{"line":216,"column":13}},"type":"if","locations":[{"start":{"line":214,"column":12},"end":{"line":216,"column":13}},{"start":{},"end":{}}],"line":214},"10":{"loc":{"start":{"line":219,"column":12},"end":{"line":235,"column":13}},"type":"if","locations":[{"start":{"line":219,"column":12},"end":{"line":235,"column":13}},{"start":{"line":232,"column":17},"end":{"line":235,"column":13}}],"line":219},"11":{"loc":{"start":{"line":221,"column":16},"end":{"line":229,"column":17}},"type":"if","locations":[{"start":{"line":221,"column":16},"end":{"line":229,"column":17}},{"start":{"line":224,"column":21},"end":{"line":229,"column":17}}],"line":221},"12":{"loc":{"start":{"line":264,"column":8},"end":{"line":270,"column":9}},"type":"if","locations":[{"start":{"line":264,"column":8},"end":{"line":270,"column":9}},{"start":{"line":268,"column":13},"end":{"line":270,"column":9}}],"line":264},"13":{"loc":{"start":{"line":285,"column":8},"end":{"line":329,"column":9}},"type":"if","locations":[{"start":{"line":285,"column":8},"end":{"line":329,"column":9}},{"start":{"line":326,"column":13},"end":{"line":329,"column":9}}],"line":285},"14":{"loc":{"start":{"line":289,"column":12},"end":{"line":291,"column":13}},"type":"if","locations":[{"start":{"line":289,"column":12},"end":{"line":291,"column":13}},{"start":{},"end":{}}],"line":289},"15":{"loc":{"start":{"line":294,"column":12},"end":{"line":296,"column":13}},"type":"if","locations":[{"start":{"line":294,"column":12},"end":{"line":296,"column":13}},{"start":{},"end":{}}],"line":294},"16":{"loc":{"start":{"line":301,"column":12},"end":{"line":322,"column":13}},"type":"if","locations":[{"start":{"line":301,"column":12},"end":{"line":322,"column":13}},{"start":{"line":304,"column":17},"end":{"line":322,"column":13}}],"line":301},"17":{"loc":{"start":{"line":305,"column":16},"end":{"line":321,"column":17}},"type":"if","locations":[{"start":{"line":305,"column":16},"end":{"line":321,"column":17}},{"start":{},"end":{}}],"line":305},"18":{"loc":{"start":{"line":305,"column":20},"end":{"line":305,"column":73}},"type":"binary-expr","locations":[{"start":{"line":305,"column":20},"end":{"line":305,"column":55}},{"start":{"line":305,"column":59},"end":{"line":305,"column":73}}],"line":305},"19":{"loc":{"start":{"line":310,"column":24},"end":{"line":319,"column":25}},"type":"if","locations":[{"start":{"line":310,"column":24},"end":{"line":319,"column":25}},{"start":{"line":317,"column":29},"end":{"line":319,"column":25}}],"line":310},"20":{"loc":{"start":{"line":310,"column":28},"end":{"line":310,"column":170}},"type":"binary-expr","locations":[{"start":{"line":310,"column":29},"end":{"line":310,"column":80}},{"start":{"line":310,"column":84},"end":{"line":310,"column":134}},{"start":{"line":310,"column":139},"end":{"line":310,"column":170}}],"line":310},"21":{"loc":{"start":{"line":357,"column":8},"end":{"line":371,"column":9}},"type":"if","locations":[{"start":{"line":357,"column":8},"end":{"line":371,"column":9}},{"start":{"line":368,"column":13},"end":{"line":371,"column":9}}],"line":357},"22":{"loc":{"start":{"line":361,"column":12},"end":{"line":363,"column":13}},"type":"if","locations":[{"start":{"line":361,"column":12},"end":{"line":363,"column":13}},{"start":{},"end":{}}],"line":361},"23":{"loc":{"start":{"line":395,"column":8},"end":{"line":405,"column":9}},"type":"if","locations":[{"start":{"line":395,"column":8},"end":{"line":405,"column":9}},{"start":{"line":403,"column":13},"end":{"line":405,"column":9}}],"line":395},"24":{"loc":{"start":{"line":398,"column":12},"end":{"line":400,"column":13}},"type":"if","locations":[{"start":{"line":398,"column":12},"end":{"line":400,"column":13}},{"start":{},"end":{}}],"line":398},"25":{"loc":{"start":{"line":419,"column":8},"end":{"line":421,"column":9}},"type":"if","locations":[{"start":{"line":419,"column":8},"end":{"line":421,"column":9}},{"start":{},"end":{}}],"line":419},"26":{"loc":{"start":{"line":419,"column":12},"end":{"line":419,"column":78}},"type":"binary-expr","locations":[{"start":{"line":419,"column":12},"end":{"line":419,"column":37}},{"start":{"line":419,"column":41},"end":{"line":419,"column":78}}],"line":419},"27":{"loc":{"start":{"line":422,"column":34},"end":{"line":424,"column":102}},"type":"cond-expr","locations":[{"start":{"line":423,"column":12},"end":{"line":423,"column":49}},{"start":{"line":424,"column":12},"end":{"line":424,"column":102}}],"line":422},"28":{"loc":{"start":{"line":427,"column":8},"end":{"line":429,"column":9}},"type":"if","locations":[{"start":{"line":427,"column":8},"end":{"line":429,"column":9}},{"start":{},"end":{}}],"line":427},"29":{"loc":{"start":{"line":431,"column":8},"end":{"line":433,"column":9}},"type":"if","locations":[{"start":{"line":431,"column":8},"end":{"line":433,"column":9}},{"start":{},"end":{}}],"line":431},"30":{"loc":{"start":{"line":443,"column":8},"end":{"line":454,"column":9}},"type":"if","locations":[{"start":{"line":443,"column":8},"end":{"line":454,"column":9}},{"start":{"line":451,"column":13},"end":{"line":454,"column":9}}],"line":443},"31":{"loc":{"start":{"line":486,"column":8},"end":{"line":488,"column":9}},"type":"if","locations":[{"start":{"line":486,"column":8},"end":{"line":488,"column":9}},{"start":{},"end":{}}],"line":486},"32":{"loc":{"start":{"line":489,"column":8},"end":{"line":491,"column":9}},"type":"if","locations":[{"start":{"line":489,"column":8},"end":{"line":491,"column":9}},{"start":{},"end":{}}],"line":489},"33":{"loc":{"start":{"line":493,"column":8},"end":{"line":504,"column":9}},"type":"if","locations":[{"start":{"line":493,"column":8},"end":{"line":504,"column":9}},{"start":{"line":501,"column":13},"end":{"line":504,"column":9}}],"line":493},"34":{"loc":{"start":{"line":532,"column":8},"end":{"line":548,"column":9}},"type":"if","locations":[{"start":{"line":532,"column":8},"end":{"line":548,"column":9}},{"start":{"line":545,"column":13},"end":{"line":548,"column":9}}],"line":532},"35":{"loc":{"start":{"line":536,"column":12},"end":{"line":539,"column":13}},"type":"if","locations":[{"start":{"line":536,"column":12},"end":{"line":539,"column":13}},{"start":{},"end":{}}],"line":536},"36":{"loc":{"start":{"line":590,"column":8},"end":{"line":607,"column":9}},"type":"if","locations":[{"start":{"line":590,"column":8},"end":{"line":607,"column":9}},{"start":{"line":604,"column":13},"end":{"line":607,"column":9}}],"line":590},"37":{"loc":{"start":{"line":593,"column":223},"end":{"line":593,"column":254}},"type":"binary-expr","locations":[{"start":{"line":593,"column":223},"end":{"line":593,"column":245}},{"start":{"line":593,"column":249},"end":{"line":593,"column":254}}],"line":593},"38":{"loc":{"start":{"line":595,"column":12},"end":{"line":598,"column":13}},"type":"if","locations":[{"start":{"line":595,"column":12},"end":{"line":598,"column":13}},{"start":{},"end":{}}],"line":595},"39":{"loc":{"start":{"line":596,"column":38},"end":{"line":596,"column":81}},"type":"binary-expr","locations":[{"start":{"line":596,"column":38},"end":{"line":596,"column":75}},{"start":{"line":596,"column":79},"end":{"line":596,"column":81}}],"line":596},"40":{"loc":{"start":{"line":600,"column":12},"end":{"line":602,"column":13}},"type":"if","locations":[{"start":{"line":600,"column":12},"end":{"line":602,"column":13}},{"start":{},"end":{}}],"line":600},"41":{"loc":{"start":{"line":611,"column":21},"end":{"line":611,"column":52}},"type":"binary-expr","locations":[{"start":{"line":611,"column":21},"end":{"line":611,"column":39}},{"start":{"line":611,"column":43},"end":{"line":611,"column":52}}],"line":611},"42":{"loc":{"start":{"line":643,"column":8},"end":{"line":656,"column":9}},"type":"if","locations":[{"start":{"line":643,"column":8},"end":{"line":656,"column":9}},{"start":{"line":653,"column":13},"end":{"line":656,"column":9}}],"line":643},"43":{"loc":{"start":{"line":649,"column":12},"end":{"line":651,"column":13}},"type":"if","locations":[{"start":{"line":649,"column":12},"end":{"line":651,"column":13}},{"start":{},"end":{}}],"line":649},"44":{"loc":{"start":{"line":660,"column":21},"end":{"line":660,"column":52}},"type":"binary-expr","locations":[{"start":{"line":660,"column":21},"end":{"line":660,"column":39}},{"start":{"line":660,"column":43},"end":{"line":660,"column":52}}],"line":660},"45":{"loc":{"start":{"line":691,"column":8},"end":{"line":704,"column":9}},"type":"if","locations":[{"start":{"line":691,"column":8},"end":{"line":704,"column":9}},{"start":{"line":701,"column":13},"end":{"line":704,"column":9}}],"line":691},"46":{"loc":{"start":{"line":697,"column":12},"end":{"line":699,"column":13}},"type":"if","locations":[{"start":{"line":697,"column":12},"end":{"line":699,"column":13}},{"start":{},"end":{}}],"line":697},"47":{"loc":{"start":{"line":738,"column":8},"end":{"line":751,"column":9}},"type":"if","locations":[{"start":{"line":738,"column":8},"end":{"line":751,"column":9}},{"start":{"line":748,"column":13},"end":{"line":751,"column":9}}],"line":738},"48":{"loc":{"start":{"line":742,"column":12},"end":{"line":744,"column":13}},"type":"if","locations":[{"start":{"line":742,"column":12},"end":{"line":744,"column":13}},{"start":{},"end":{}}],"line":742},"49":{"loc":{"start":{"line":755,"column":21},"end":{"line":755,"column":52}},"type":"binary-expr","locations":[{"start":{"line":755,"column":21},"end":{"line":755,"column":39}},{"start":{"line":755,"column":43},"end":{"line":755,"column":52}}],"line":755},"50":{"loc":{"start":{"line":786,"column":8},"end":{"line":799,"column":9}},"type":"if","locations":[{"start":{"line":786,"column":8},"end":{"line":799,"column":9}},{"start":{"line":796,"column":13},"end":{"line":799,"column":9}}],"line":786},"51":{"loc":{"start":{"line":790,"column":12},"end":{"line":792,"column":13}},"type":"if","locations":[{"start":{"line":790,"column":12},"end":{"line":792,"column":13}},{"start":{},"end":{}}],"line":790},"52":{"loc":{"start":{"line":803,"column":21},"end":{"line":803,"column":52}},"type":"binary-expr","locations":[{"start":{"line":803,"column":21},"end":{"line":803,"column":39}},{"start":{"line":803,"column":43},"end":{"line":803,"column":52}}],"line":803},"53":{"loc":{"start":{"line":834,"column":8},"end":{"line":847,"column":9}},"type":"if","locations":[{"start":{"line":834,"column":8},"end":{"line":847,"column":9}},{"start":{"line":844,"column":13},"end":{"line":847,"column":9}}],"line":834},"54":{"loc":{"start":{"line":838,"column":12},"end":{"line":840,"column":13}},"type":"if","locations":[{"start":{"line":838,"column":12},"end":{"line":840,"column":13}},{"start":{},"end":{}}],"line":838},"55":{"loc":{"start":{"line":851,"column":21},"end":{"line":851,"column":52}},"type":"binary-expr","locations":[{"start":{"line":851,"column":21},"end":{"line":851,"column":39}},{"start":{"line":851,"column":43},"end":{"line":851,"column":52}}],"line":851},"56":{"loc":{"start":{"line":874,"column":0},"end":{"line":925,"column":1}},"type":"if","locations":[{"start":{"line":874,"column":0},"end":{"line":925,"column":1}},{"start":{},"end":{}}],"line":874},"57":{"loc":{"start":{"line":877,"column":8},"end":{"line":883,"column":9}},"type":"if","locations":[{"start":{"line":877,"column":8},"end":{"line":883,"column":9}},{"start":{"line":881,"column":13},"end":{"line":883,"column":9}}],"line":877},"58":{"loc":{"start":{"line":879,"column":33},"end":{"line":879,"column":98}},"type":"cond-expr","locations":[{"start":{"line":879,"column":46},"end":{"line":879,"column":68}},{"start":{"line":879,"column":71},"end":{"line":879,"column":98}}],"line":879},"59":{"loc":{"start":{"line":887,"column":8},"end":{"line":893,"column":9}},"type":"if","locations":[{"start":{"line":887,"column":8},"end":{"line":893,"column":9}},{"start":{"line":891,"column":13},"end":{"line":893,"column":9}}],"line":887},"60":{"loc":{"start":{"line":889,"column":33},"end":{"line":889,"column":94}},"type":"cond-expr","locations":[{"start":{"line":889,"column":51},"end":{"line":889,"column":70}},{"start":{"line":889,"column":73},"end":{"line":889,"column":94}}],"line":889},"61":{"loc":{"start":{"line":897,"column":8},"end":{"line":903,"column":9}},"type":"if","locations":[{"start":{"line":897,"column":8},"end":{"line":903,"column":9}},{"start":{"line":901,"column":13},"end":{"line":903,"column":9}}],"line":897},"62":{"loc":{"start":{"line":907,"column":8},"end":{"line":913,"column":9}},"type":"if","locations":[{"start":{"line":907,"column":8},"end":{"line":913,"column":9}},{"start":{"line":911,"column":13},"end":{"line":913,"column":9}}],"line":907},"63":{"loc":{"start":{"line":917,"column":8},"end":{"line":923,"column":9}},"type":"if","locations":[{"start":{"line":917,"column":8},"end":{"line":923,"column":9}},{"start":{"line":921,"column":13},"end":{"line":923,"column":9}}],"line":917}},"s":{"0":4,"1":4,"2":4,"3":4,"4":4,"5":4,"6":4,"7":4,"8":4,"9":4,"10":4,"11":4,"12":4,"13":4,"14":4,"15":4,"16":4,"17":4,"18":4,"19":4,"20":4,"21":4,"22":4,"23":4,"24":4,"25":48,"26":48,"27":48,"28":48,"29":41,"30":37,"31":35,"32":31,"33":4,"34":4,"35":4,"36":4,"37":0,"38":4,"39":3,"40":3,"41":1,"42":1,"43":1,"44":2,"45":1,"46":1,"47":0,"48":1,"49":0,"50":1,"51":4,"52":0,"53":4,"54":0,"55":0,"56":0,"57":0,"58":0,"59":0,"60":0,"61":0,"62":0,"63":0,"64":0,"65":0,"66":0,"67":0,"68":0,"69":0,"70":0,"71":0,"72":0,"73":0,"74":0,"75":0,"76":0,"77":0,"78":0,"79":0,"80":4,"81":0,"82":0,"83":4,"84":0,"85":0,"86":0,"87":0,"88":4,"89":0,"90":0,"91":0,"92":0,"93":0,"94":0,"95":0,"96":0,"97":4,"98":0,"99":0,"100":0,"101":0,"102":0,"103":0,"104":0,"105":0,"106":0,"107":0,"108":0,"109":0,"110":0,"111":0,"112":0,"113":0,"114":4,"115":0,"116":0,"117":0,"118":0,"119":0,"120":0,"121":0,"122":0,"123":0,"124":0,"125":0,"126":0,"127":0,"128":0,"129":0,"130":0,"131":0,"132":0,"133":0,"134":0,"135":0,"136":0,"137":0,"138":0,"139":0,"140":0,"141":0,"142":0,"143":4,"144":0,"145":0,"146":0,"147":0,"148":0,"149":0,"150":0,"151":0,"152":4,"153":0,"154":0,"155":0,"156":0,"157":0,"158":0,"159":0,"160":0,"161":0,"162":0,"163":0,"164":0,"165":0,"166":0,"167":0,"168":0,"169":0,"170":0,"171":0,"172":0,"173":0,"174":0,"175":0,"176":0,"177":0,"178":0,"179":0,"180":0,"181":0,"182":0,"183":0,"184":0,"185":0,"186":0,"187":4,"188":0,"189":0,"190":0,"191":0,"192":0,"193":0,"194":0,"195":0,"196":0,"197":0,"198":0,"199":0,"200":0,"201":0,"202":0,"203":0,"204":0,"205":0,"206":0,"207":0,"208":0,"209":4,"210":3,"211":3,"212":3,"213":2,"214":2,"215":1,"216":0,"217":1,"218":1,"219":1,"220":1,"221":4,"222":3,"223":3,"224":3,"225":3,"226":3,"227":3,"228":1,"229":2,"230":2,"231":2,"232":2,"233":1,"234":1,"235":1,"236":0,"237":1,"238":1,"239":1,"240":1,"241":1,"242":0,"243":0,"244":2,"245":2,"246":2,"247":3,"248":3,"249":4,"250":2,"251":2,"252":2,"253":2,"254":2,"255":2,"256":2,"257":2,"258":2,"259":2,"260":2,"261":1,"262":1,"263":1,"264":0,"265":0,"266":0,"267":0,"268":0,"269":0,"270":0,"271":2,"272":2,"273":2,"274":2,"275":2,"276":4,"277":4,"278":4,"279":4,"280":4,"281":4,"282":4,"283":4,"284":3,"285":3,"286":2,"287":2,"288":1,"289":1,"290":1,"291":1,"292":1,"293":1,"294":1,"295":1,"296":1,"297":1,"298":1,"299":3,"300":3,"301":4,"302":1,"303":1,"304":1,"305":1,"306":0,"307":0,"308":4,"309":7,"310":7,"311":7,"312":7,"313":7,"314":7,"315":7,"316":7,"317":7,"318":7,"319":6,"320":5,"321":5,"322":5,"323":5,"324":2,"325":3,"326":2,"327":5,"328":5,"329":4,"330":1,"331":1,"332":1,"333":1,"334":1,"335":1,"336":7,"337":7,"338":4,"339":5,"340":5,"341":5,"342":5,"343":5,"344":5,"345":5,"346":5,"347":5,"348":4,"349":3,"350":3,"351":3,"352":3,"353":3,"354":1,"355":1,"356":1,"357":1,"358":1,"359":1,"360":1,"361":5,"362":5,"363":4,"364":5,"365":5,"366":5,"367":5,"368":5,"369":5,"370":5,"371":5,"372":5,"373":4,"374":3,"375":3,"376":3,"377":3,"378":3,"379":3,"380":1,"381":1,"382":1,"383":1,"384":1,"385":5,"386":5,"387":4,"388":5,"389":5,"390":5,"391":5,"392":5,"393":5,"394":5,"395":5,"396":5,"397":4,"398":3,"399":3,"400":3,"401":1,"402":3,"403":3,"404":1,"405":1,"406":1,"407":1,"408":1,"409":1,"410":5,"411":5,"412":4,"413":5,"414":5,"415":5,"416":5,"417":5,"418":5,"419":5,"420":5,"421":5,"422":4,"423":3,"424":3,"425":3,"426":3,"427":3,"428":3,"429":1,"430":1,"431":1,"432":1,"433":1,"434":1,"435":5,"436":5,"437":4,"438":5,"439":5,"440":5,"441":5,"442":5,"443":5,"444":5,"445":5,"446":5,"447":4,"448":3,"449":3,"450":3,"451":1,"452":3,"453":3,"454":1,"455":1,"456":1,"457":1,"458":1,"459":1,"460":5,"461":5,"462":4,"463":4,"464":0,"465":0,"466":0,"467":0,"468":0,"469":4,"470":0,"471":0,"472":0,"473":0,"474":0,"475":4,"476":0,"477":0,"478":0,"479":0,"480":0,"481":4,"482":0,"483":0,"484":0,"485":0,"486":0,"487":4,"488":0,"489":0,"490":0,"491":0,"492":0,"493":41,"494":41,"495":41,"496":0,"497":41,"498":41,"499":41,"500":4,"501":48,"502":48,"503":48},"f":{"0":48,"1":0,"2":3,"3":0,"4":0,"5":0,"6":0,"7":0,"8":0,"9":0,"10":0,"11":0,"12":0,"13":3,"14":3,"15":2,"16":4,"17":1,"18":7,"19":3,"20":5,"21":5,"22":5,"23":5,"24":5,"25":0,"26":0,"27":0,"28":0,"29":0,"30":41,"31":0,"32":48},"b":{"0":[48,0],"1":[1,2],"2":[1,0],"3":[0,1],"4":[0,0],"5":[0,0],"6":[0,0],"7":[0,0],"8":[0,0],"9":[0,0],"10":[0,0],"11":[0,0],"12":[0,0],"13":[0,0],"14":[0,0],"15":[0,0],"16":[0,0],"17":[0,0],"18":[0,0],"19":[0,0],"20":[0,0,0],"21":[0,0],"22":[0,0],"23":[2,1],"24":[0,1],"25":[1,2],"26":[3,2],"27":[1,1],"28":[1,1],"29":[0,1],"30":[1,0],"31":[1,1],"32":[1,0],"33":[0,0],"34":[3,1],"35":[1,1],"36":[6,1],"37":[5,5],"38":[2,3],"39":[2,0],"40":[4,1],"41":[1,1],"42":[4,1],"43":[1,2],"44":[1,1],"45":[4,1],"46":[3,0],"47":[4,1],"48":[1,2],"49":[1,1],"50":[4,1],"51":[3,0],"52":[1,1],"53":[4,1],"54":[1,2],"55":[1,1],"56":[4,0],"57":[0,0],"58":[0,0],"59":[0,0],"60":[0,0],"61":[0,0],"62":[0,0],"63":[0,0]},"_coverageSchema":"1a1c01bbd47fc00a2c39e90264f33305004495a9","hash":"8613b6d0e1f177fa0590792374174d5cd6463026"}
,"C:\\Users\\da.kong\\Documents\\Github\\rc-unified-crm-extension\\src\\adapters\\mock.js": {"path":"C:\\Users\\da.kong\\Documents\\Github\\rc-unified-crm-extension\\src\\adapters\\mock.js","statementMap":{"0":{"start":{"line":3,"column":22},"end":{"line":3,"column":52}},"1":{"start":{"line":4,"column":25},"end":{"line":4,"column":58}},"2":{"start":{"line":5,"column":16},"end":{"line":5,"column":34}},"3":{"start":{"line":6,"column":11},"end":{"line":6,"column":34}},"4":{"start":{"line":9,"column":19},"end":{"line":9,"column":55}},"5":{"start":{"line":10,"column":4},"end":{"line":14,"column":5}},"6":{"start":{"line":11,"column":8},"end":{"line":13,"column":11}},"7":{"start":{"line":15,"column":4},"end":{"line":15,"column":20}},"8":{"start":{"line":19,"column":19},"end":{"line":19,"column":55}},"9":{"start":{"line":20,"column":4},"end":{"line":23,"column":5}},"10":{"start":{"line":21,"column":8},"end":{"line":21,"column":33}},"11":{"start":{"line":22,"column":8},"end":{"line":22,"column":20}},"12":{"start":{"line":24,"column":4},"end":{"line":24,"column":17}},"13":{"start":{"line":28,"column":28},"end":{"line":28,"column":49}},"14":{"start":{"line":29,"column":21},"end":{"line":35,"column":6}},"15":{"start":{"line":36,"column":17},"end":{"line":36,"column":19}},"16":{"start":{"line":37,"column":4},"end":{"line":45,"column":5}},"17":{"start":{"line":38,"column":24},"end":{"line":38,"column":63}},"18":{"start":{"line":38,"column":43},"end":{"line":38,"column":62}},"19":{"start":{"line":39,"column":8},"end":{"line":44,"column":9}},"20":{"start":{"line":40,"column":12},"end":{"line":40,"column":58}},"21":{"start":{"line":43,"column":12},"end":{"line":43,"column":101}},"22":{"start":{"line":47,"column":4},"end":{"line":47,"column":16}},"23":{"start":{"line":51,"column":18},"end":{"line":55,"column":6}},"24":{"start":{"line":56,"column":4},"end":{"line":62,"column":5}},"25":{"start":{"line":57,"column":8},"end":{"line":61,"column":11}},"26":{"start":{"line":66,"column":4},"end":{"line":70,"column":7}},"27":{"start":{"line":73,"column":0},"end":{"line":73,"column":32}},"28":{"start":{"line":74,"column":0},"end":{"line":74,"column":32}},"29":{"start":{"line":75,"column":0},"end":{"line":75,"column":32}},"30":{"start":{"line":76,"column":0},"end":{"line":76,"column":38}},"31":{"start":{"line":77,"column":0},"end":{"line":77,"column":42}}},"fnMap":{"0":{"name":"createUser","decl":{"start":{"line":8,"column":15},"end":{"line":8,"column":25}},"loc":{"start":{"line":8,"column":28},"end":{"line":16,"column":1}},"line":8},"1":{"name":"deleteUser","decl":{"start":{"line":18,"column":15},"end":{"line":18,"column":25}},"loc":{"start":{"line":18,"column":28},"end":{"line":25,"column":1}},"line":18},"2":{"name":"getCallLog","decl":{"start":{"line":27,"column":15},"end":{"line":27,"column":25}},"loc":{"start":{"line":27,"column":42},"end":{"line":48,"column":1}},"line":27},"3":{"name":"(anonymous_3)","decl":{"start":{"line":38,"column":38},"end":{"line":38,"column":39}},"loc":{"start":{"line":38,"column":43},"end":{"line":38,"column":62}},"line":38},"4":{"name":"createCallLog","decl":{"start":{"line":50,"column":15},"end":{"line":50,"column":28}},"loc":{"start":{"line":50,"column":44},"end":{"line":63,"column":1}},"line":50},"5":{"name":"cleanUpMockLogs","decl":{"start":{"line":65,"column":15},"end":{"line":65,"column":30}},"loc":{"start":{"line":65,"column":33},"end":{"line":71,"column":1}},"line":65}},"branchMap":{"0":{"loc":{"start":{"line":10,"column":4},"end":{"line":14,"column":5}},"type":"if","locations":[{"start":{"line":10,"column":4},"end":{"line":14,"column":5}},{"start":{},"end":{}}],"line":10},"1":{"loc":{"start":{"line":20,"column":4},"end":{"line":23,"column":5}},"type":"if","locations":[{"start":{"line":20,"column":4},"end":{"line":23,"column":5}},{"start":{},"end":{}}],"line":20},"2":{"loc":{"start":{"line":39,"column":8},"end":{"line":44,"column":9}},"type":"if","locations":[{"start":{"line":39,"column":8},"end":{"line":44,"column":9}},{"start":{"line":42,"column":13},"end":{"line":44,"column":9}}],"line":39},"3":{"loc":{"start":{"line":56,"column":4},"end":{"line":62,"column":5}},"type":"if","locations":[{"start":{"line":56,"column":4},"end":{"line":62,"column":5}},{"start":{},"end":{}}],"line":56}},"s":{"0":4,"1":4,"2":4,"3":4,"4":0,"5":0,"6":0,"7":0,"8":0,"9":0,"10":0,"11":0,"12":0,"13":0,"14":0,"15":0,"16":0,"17":0,"18":0,"19":0,"20":0,"21":0,"22":0,"23":0,"24":0,"25":0,"26":0,"27":4,"28":4,"29":4,"30":4,"31":4},"f":{"0":0,"1":0,"2":0,"3":0,"4":0,"5":0},"b":{"0":[0,0],"1":[0,0],"2":[0,0],"3":[0,0]},"_coverageSchema":"1a1c01bbd47fc00a2c39e90264f33305004495a9","hash":"9af26b3d6b6b523ff0beb66e1efdf51e029891a6"}
,"C:\\Users\\da.kong\\Documents\\Github\\rc-unified-crm-extension\\src\\adapters\\pipedrive\\index.js": {"path":"C:\\Users\\da.kong\\Documents\\Github\\rc-unified-crm-extension\\src\\adapters\\pipedrive\\index.js","statementMap":{"0":{"start":{"line":1,"column":14},"end":{"line":1,"column":30}},"1":{"start":{"line":2,"column":15},"end":{"line":2,"column":32}},"2":{"start":{"line":3,"column":12},"end":{"line":3,"column":26}},"3":{"start":{"line":4,"column":29},"end":{"line":4,"column":59}},"4":{"start":{"line":5,"column":41},"end":{"line":5,"column":66}},"5":{"start":{"line":8,"column":4},"end":{"line":8,"column":19}},"6":{"start":{"line":12,"column":4},"end":{"line":17,"column":5}},"7":{"start":{"line":21,"column":4},"end":{"line":73,"column":5}},"8":{"start":{"line":22,"column":33},"end":{"line":26,"column":10}},"9":{"start":{"line":27,"column":19},"end":{"line":27,"column":59}},"10":{"start":{"line":28,"column":21},"end":{"line":28,"column":52}},"11":{"start":{"line":29,"column":29},"end":{"line":29,"column":69}},"12":{"start":{"line":30,"column":31},"end":{"line":30,"column":73}},"13":{"start":{"line":31,"column":8},"end":{"line":50,"column":10}},"14":{"start":{"line":53,"column":8},"end":{"line":72,"column":9}},"15":{"start":{"line":77,"column":22},"end":{"line":77,"column":64}},"16":{"start":{"line":78,"column":28},"end":{"line":78,"column":135}},"17":{"start":{"line":79,"column":31},"end":{"line":81,"column":6}},"18":{"start":{"line":82,"column":34},"end":{"line":87,"column":10}},"19":{"start":{"line":88,"column":30},"end":{"line":90,"column":6}},"20":{"start":{"line":91,"column":33},"end":{"line":96,"column":10}},"21":{"start":{"line":97,"column":4},"end":{"line":97,"column":25}},"22":{"start":{"line":98,"column":4},"end":{"line":104,"column":5}},"23":{"start":{"line":108,"column":28},"end":{"line":108,"column":30}},"24":{"start":{"line":109,"column":4},"end":{"line":109,"column":47}},"25":{"start":{"line":111,"column":4},"end":{"line":120,"column":5}},"26":{"start":{"line":112,"column":8},"end":{"line":119,"column":10}},"27":{"start":{"line":121,"column":27},"end":{"line":121,"column":56}},"28":{"start":{"line":122,"column":40},"end":{"line":122,"column":51}},"29":{"start":{"line":123,"column":4},"end":{"line":125,"column":5}},"30":{"start":{"line":124,"column":8},"end":{"line":124,"column":74}},"31":{"start":{"line":126,"column":23},"end":{"line":130,"column":10}},"32":{"start":{"line":131,"column":4},"end":{"line":135,"column":6}},"33":{"start":{"line":136,"column":31},"end":{"line":136,"column":33}},"34":{"start":{"line":137,"column":4},"end":{"line":152,"column":5}},"35":{"start":{"line":138,"column":30},"end":{"line":142,"column":14}},"36":{"start":{"line":143,"column":8},"end":{"line":147,"column":10}},"37":{"start":{"line":148,"column":29},"end":{"line":150,"column":18}},"38":{"start":{"line":149,"column":47},"end":{"line":149,"column":85}},"39":{"start":{"line":151,"column":8},"end":{"line":151,"column":74}},"40":{"start":{"line":153,"column":4},"end":{"line":157,"column":7}},"41":{"start":{"line":158,"column":4},"end":{"line":161,"column":6}},"42":{"start":{"line":165,"column":4},"end":{"line":171,"column":5}},"43":{"start":{"line":175,"column":28},"end":{"line":175,"column":30}},"44":{"start":{"line":176,"column":21},"end":{"line":179,"column":5}},"45":{"start":{"line":180,"column":29},"end":{"line":185,"column":10}},"46":{"start":{"line":186,"column":4},"end":{"line":190,"column":6}},"47":{"start":{"line":191,"column":4},"end":{"line":202,"column":5}},"48":{"start":{"line":206,"column":19},"end":{"line":206,"column":73}},"49":{"start":{"line":207,"column":27},"end":{"line":207,"column":145}},"50":{"start":{"line":208,"column":18},"end":{"line":208,"column":62}},"51":{"start":{"line":209,"column":20},"end":{"line":209,"column":74}},"52":{"start":{"line":210,"column":20},"end":{"line":210,"column":79}},"53":{"start":{"line":211,"column":19},"end":{"line":211,"column":39}},"54":{"start":{"line":212,"column":4},"end":{"line":212,"column":119}},"55":{"start":{"line":212,"column":60},"end":{"line":212,"column":117}},"56":{"start":{"line":213,"column":4},"end":{"line":213,"column":42}},"57":{"start":{"line":214,"column":4},"end":{"line":214,"column":195}},"58":{"start":{"line":214,"column":69},"end":{"line":214,"column":193}},"59":{"start":{"line":215,"column":4},"end":{"line":215,"column":183}},"60":{"start":{"line":215,"column":64},"end":{"line":215,"column":181}},"61":{"start":{"line":216,"column":4},"end":{"line":216,"column":144}},"62":{"start":{"line":216,"column":64},"end":{"line":216,"column":142}},"63":{"start":{"line":217,"column":4},"end":{"line":217,"column":136}},"64":{"start":{"line":217,"column":62},"end":{"line":217,"column":134}},"65":{"start":{"line":218,"column":4},"end":{"line":218,"column":188}},"66":{"start":{"line":218,"column":96},"end":{"line":218,"column":186}},"67":{"start":{"line":219,"column":4},"end":{"line":219,"column":24}},"68":{"start":{"line":220,"column":4},"end":{"line":220,"column":130}},"69":{"start":{"line":220,"column":76},"end":{"line":220,"column":128}},"70":{"start":{"line":221,"column":4},"end":{"line":221,"column":146}},"71":{"start":{"line":221,"column":84},"end":{"line":221,"column":144}},"72":{"start":{"line":223,"column":28},"end":{"line":226,"column":5}},"73":{"start":{"line":227,"column":21},"end":{"line":238,"column":5}},"74":{"start":{"line":239,"column":22},"end":{"line":244,"column":10}},"75":{"start":{"line":245,"column":4},"end":{"line":249,"column":6}},"76":{"start":{"line":250,"column":4},"end":{"line":258,"column":6}},"77":{"start":{"line":262,"column":28},"end":{"line":262,"column":30}},"78":{"start":{"line":263,"column":35},"end":{"line":263,"column":66}},"79":{"start":{"line":264,"column":22},"end":{"line":268,"column":10}},"80":{"start":{"line":269,"column":18},"end":{"line":269,"column":20}},"81":{"start":{"line":270,"column":18},"end":{"line":270,"column":42}},"82":{"start":{"line":272,"column":4},"end":{"line":272,"column":129}},"83":{"start":{"line":272,"column":72},"end":{"line":272,"column":127}},"84":{"start":{"line":273,"column":4},"end":{"line":273,"column":179}},"85":{"start":{"line":273,"column":81},"end":{"line":273,"column":177}},"86":{"start":{"line":274,"column":4},"end":{"line":274,"column":140}},"87":{"start":{"line":274,"column":80},"end":{"line":274,"column":138}},"88":{"start":{"line":275,"column":4},"end":{"line":275,"column":132}},"89":{"start":{"line":275,"column":76},"end":{"line":275,"column":130}},"90":{"start":{"line":276,"column":4},"end":{"line":276,"column":152}},"91":{"start":{"line":276,"column":86},"end":{"line":276,"column":150}},"92":{"start":{"line":277,"column":4},"end":{"line":277,"column":128}},"93":{"start":{"line":277,"column":76},"end":{"line":277,"column":126}},"94":{"start":{"line":278,"column":4},"end":{"line":278,"column":144}},"95":{"start":{"line":278,"column":84},"end":{"line":278,"column":142}},"96":{"start":{"line":279,"column":4},"end":{"line":279,"column":27}},"97":{"start":{"line":281,"column":4},"end":{"line":283,"column":5}},"98":{"start":{"line":282,"column":8},"end":{"line":282,"column":34}},"99":{"start":{"line":285,"column":22},"end":{"line":290,"column":10}},"100":{"start":{"line":291,"column":4},"end":{"line":295,"column":6}},"101":{"start":{"line":296,"column":4},"end":{"line":304,"column":6}},"102":{"start":{"line":308,"column":28},"end":{"line":308,"column":30}},"103":{"start":{"line":309,"column":29},"end":{"line":313,"column":6}},"104":{"start":{"line":314,"column":21},"end":{"line":314,"column":52}},"105":{"start":{"line":315,"column":19},"end":{"line":315,"column":73}},"106":{"start":{"line":316,"column":18},"end":{"line":316,"column":77}},"107":{"start":{"line":317,"column":20},"end":{"line":317,"column":77}},"108":{"start":{"line":318,"column":20},"end":{"line":318,"column":82}},"109":{"start":{"line":319,"column":34},"end":{"line":319,"column":140}},"110":{"start":{"line":320,"column":23},"end":{"line":320,"column":99}},"111":{"start":{"line":320,"column":65},"end":{"line":320,"column":98}},"112":{"start":{"line":322,"column":24},"end":{"line":322,"column":86}},"113":{"start":{"line":323,"column":18},"end":{"line":323,"column":20}},"114":{"start":{"line":324,"column":15},"end":{"line":324,"column":17}},"115":{"start":{"line":325,"column":4},"end":{"line":354,"column":5}},"116":{"start":{"line":327,"column":12},"end":{"line":327,"column":150}},"117":{"start":{"line":328,"column":12},"end":{"line":344,"column":58}},"118":{"start":{"line":345,"column":12},"end":{"line":345,"column":18}},"119":{"start":{"line":347,"column":12},"end":{"line":347,"column":146}},"120":{"start":{"line":348,"column":12},"end":{"line":348,"column":137}},"121":{"start":{"line":349,"column":12},"end":{"line":349,"column":18}},"122":{"start":{"line":351,"column":12},"end":{"line":351,"column":151}},"123":{"start":{"line":352,"column":12},"end":{"line":352,"column":127}},"124":{"start":{"line":353,"column":12},"end":{"line":353,"column":18}},"125":{"start":{"line":355,"column":21},"end":{"line":366,"column":5}},"126":{"start":{"line":367,"column":22},"end":{"line":372,"column":10}},"127":{"start":{"line":373,"column":4},"end":{"line":377,"column":6}},"128":{"start":{"line":378,"column":4},"end":{"line":386,"column":6}},"129":{"start":{"line":390,"column":28},"end":{"line":390,"column":30}},"130":{"start":{"line":391,"column":26},"end":{"line":391,"column":60}},"131":{"start":{"line":392,"column":29},"end":{"line":396,"column":6}},"132":{"start":{"line":397,"column":21},"end":{"line":397,"column":52}},"133":{"start":{"line":398,"column":22},"end":{"line":402,"column":10}},"134":{"start":{"line":403,"column":18},"end":{"line":403,"column":42}},"135":{"start":{"line":404,"column":18},"end":{"line":404,"column":20}},"136":{"start":{"line":406,"column":8},"end":{"line":407,"column":40}},"137":{"start":{"line":408,"column":4},"end":{"line":408,"column":94}},"138":{"start":{"line":410,"column":18},"end":{"line":410,"column":59}},"139":{"start":{"line":411,"column":24},"end":{"line":411,"column":43}},"140":{"start":{"line":412,"column":4},"end":{"line":412,"column":108}},"141":{"start":{"line":414,"column":4},"end":{"line":416,"column":5}},"142":{"start":{"line":417,"column":22},"end":{"line":422,"column":10}},"143":{"start":{"line":423,"column":4},"end":{"line":427,"column":6}},"144":{"start":{"line":428,"column":4},"end":{"line":430,"column":5}},"145":{"start":{"line":435,"column":28},"end":{"line":435,"column":30}},"146":{"start":{"line":436,"column":22},"end":{"line":440,"column":10}},"147":{"start":{"line":441,"column":4},"end":{"line":445,"column":6}},"148":{"start":{"line":446,"column":20},"end":{"line":446,"column":44}},"149":{"start":{"line":447,"column":17},"end":{"line":447,"column":118}},"150":{"start":{"line":448,"column":27},"end":{"line":448,"column":65}},"151":{"start":{"line":449,"column":22},"end":{"line":449,"column":31}},"152":{"start":{"line":450,"column":4},"end":{"line":453,"column":5}},"153":{"start":{"line":451,"column":28},"end":{"line":451,"column":55}},"154":{"start":{"line":452,"column":8},"end":{"line":452,"column":58}},"155":{"start":{"line":454,"column":4},"end":{"line":461,"column":5}},"156":{"start":{"line":465,"column":4},"end":{"line":467,"column":5}},"157":{"start":{"line":466,"column":8},"end":{"line":466,"column":20}},"158":{"start":{"line":468,"column":22},"end":{"line":468,"column":78}},"159":{"start":{"line":469,"column":4},"end":{"line":474,"column":5}},"160":{"start":{"line":470,"column":8},"end":{"line":470,"column":99}},"161":{"start":{"line":473,"column":8},"end":{"line":473,"column":38}},"162":{"start":{"line":475,"column":4},"end":{"line":475,"column":16}},"163":{"start":{"line":479,"column":29},"end":{"line":479,"column":136}},"164":{"start":{"line":480,"column":4},"end":{"line":484,"column":5}},"165":{"start":{"line":481,"column":8},"end":{"line":481,"column":199}},"166":{"start":{"line":481,"column":61},"end":{"line":481,"column":197}},"167":{"start":{"line":483,"column":8},"end":{"line":483,"column":115}},"168":{"start":{"line":485,"column":4},"end":{"line":485,"column":16}},"169":{"start":{"line":489,"column":26},"end":{"line":489,"column":77}},"170":{"start":{"line":490,"column":4},"end":{"line":495,"column":5}},"171":{"start":{"line":491,"column":32},"end":{"line":491,"column":107}},"172":{"start":{"line":492,"column":8},"end":{"line":492,"column":144}},"173":{"start":{"line":492,"column":58},"end":{"line":492,"column":142}},"174":{"start":{"line":494,"column":8},"end":{"line":494,"column":123}},"175":{"start":{"line":496,"column":4},"end":{"line":496,"column":16}},"176":{"start":{"line":500,"column":26},"end":{"line":500,"column":76}},"177":{"start":{"line":501,"column":4},"end":{"line":505,"column":5}},"178":{"start":{"line":502,"column":8},"end":{"line":502,"column":166}},"179":{"start":{"line":502,"column":58},"end":{"line":502,"column":164}},"180":{"start":{"line":504,"column":8},"end":{"line":504,"column":85}},"181":{"start":{"line":506,"column":4},"end":{"line":506,"column":16}},"182":{"start":{"line":510,"column":24},"end":{"line":510,"column":72}},"183":{"start":{"line":511,"column":4},"end":{"line":515,"column":5}},"184":{"start":{"line":512,"column":8},"end":{"line":512,"column":130}},"185":{"start":{"line":512,"column":56},"end":{"line":512,"column":128}},"
[...]
,"C:\\Users\\da.kong\\Documents\\Github\\rc-unified-crm-extension\\src\\core\\user.js": {"path":"C:\\Users\\da.kong\\Documents\\Github\\rc-unified-crm-extension\\src\\core\\user.js","statementMap":{"0":{"start":{"line":1,"column":14},"end":{"line":1,"column":30}},"1":{"start":{"line":2,"column":29},"end":{"line":2,"column":66}},"2":{"start":{"line":3,"column":25},"end":{"line":3,"column":47}},"3":{"start":{"line":6,"column":32},"end":{"line":12,"column":10}},"4":{"start":{"line":13,"column":24},"end":{"line":13,"column":59}},"5":{"start":{"line":14,"column":30},"end":{"line":14,"column":77}},"6":{"start":{"line":15,"column":24},"end":{"line":15,"column":74}},"7":{"start":{"line":16,"column":4},"end":{"line":19,"column":6}},"8":{"start":{"line":23,"column":17},"end":{"line":23,"column":48}},"9":{"start":{"line":24,"column":26},"end":{"line":26,"column":5}},"10":{"start":{"line":27,"column":4},"end":{"line":29,"column":5}},"11":{"start":{"line":28,"column":8},"end":{"line":28,"column":45}},"12":{"start":{"line":30,"column":4},"end":{"line":32,"column":7}},"13":{"start":{"line":35,"column":0},"end":{"line":35,"column":50}},"14":{"start":{"line":36,"column":0},"end":{"line":36,"column":48}}},"fnMap":{"0":{"name":"userSettingsByAdmin","decl":{"start":{"line":5,"column":15},"end":{"line":5,"column":34}},"loc":{"start":{"line":5,"column":54},"end":{"line":20,"column":1}},"line":5},"1":{"name":"updateUserSettings","decl":{"start":{"line":22,"column":15},"end":{"line":22,"column":33}},"loc":{"start":{"line":22,"column":58},"end":{"line":33,"column":1}},"line":22}},"branchMap":{"0":{"loc":{"start":{"line":23,"column":29},"end":{"line":23,"column":47}},"type":"binary-expr","locations":[{"start":{"line":23,"column":29},"end":{"line":23,"column":41}},{"start":{"line":23,"column":45},"end":{"line":23,"column":47}}],"line":23},"1":{"loc":{"start":{"line":25,"column":12},"end":{"line":25,"column":35}},"type":"binary-expr","locations":[{"start":{"line":25,"column":12},"end":{"line":25,"column":29}},{"start":{"line":25,"column":33},"end":{"line":25,"column":35}}],"line":25}},"s":{"0":5,"1":5,"2":5,"3":2,"4":2,"5":2,"6":2,"7":2,"8":0,"9":0,"10":0,"11":0,"12":0,"13":5,"14":5},"f":{"0":2,"1":0},"b":{"0":[0,0],"1":[0,0]},"_coverageSchema":"1a1c01bbd47fc00a2c39e90264f33305004495a9","hash":"e3d3e900aa4140736161a59d40858d79409af224"}
,"C:\\Users\\da.kong\\Documents\\Github\\rc-unified-crm-extension\\src\\lib\\analytics.js": {"path":"C:\\Users\\da.kong\\Documents\\Github\\rc-unified-crm-extension\\src\\lib\\analytics.js","statementMap":{"0":{"start":{"line":1,"column":17},"end":{"line":1,"column":36}},"1":{"start":{"line":2,"column":15},"end":{"line":2,"column":38}},"2":{"start":{"line":3,"column":18},"end":{"line":3,"column":22}},"3":{"start":{"line":4,"column":0},"end":{"line":9,"column":1}},"4":{"start":{"line":5,"column":4},"end":{"line":5,"column":45}},"5":{"start":{"line":8,"column":4},"end":{"line":8,"column":48}},"6":{"start":{"line":10,"column":16},"end":{"line":10,"column":29}},"7":{"start":{"line":11,"column":22},"end":{"line":11,"column":30}},"8":{"start":{"line":12,"column":16},"end":{"line":12,"column":35}},"9":{"start":{"line":13,"column":15},"end":{"line":13,"column":19}},"10":{"start":{"line":15,"column":0},"end":{"line":20,"column":1}},"11":{"start":{"line":16,"column":4},"end":{"line":18,"column":5}},"12":{"start":{"line":17,"column":8},"end":{"line":17,"column":15}},"13":{"start":{"line":19,"column":4},"end":{"line":19,"column":57}},"14":{"start":{"line":22,"column":0},"end":{"line":47,"column":1}},"15":{"start":{"line":23,"column":4},"end":{"line":25,"column":5}},"16":{"start":{"line":24,"column":8},"end":{"line":24,"column":15}},"17":{"start":{"line":26,"column":15},"end":{"line":26,"column":32}},"18":{"start":{"line":27,"column":4},"end":{"line":45,"column":7}},"19":{"start":{"line":46,"column":4},"end":{"line":46,"column":39}}},"fnMap":{"0":{"name":"init","decl":{"start":{"line":15,"column":24},"end":{"line":15,"column":28}},"loc":{"start":{"line":15,"column":31},"end":{"line":20,"column":1}},"line":15},"1":{"name":"track","decl":{"start":{"line":22,"column":25},"end":{"line":22,"column":30}},"loc":{"start":{"line":22,"column":162},"end":{"line":47,"column":1}},"line":22}},"branchMap":{"0":{"loc":{"start":{"line":16,"column":4},"end":{"line":18,"column":5}},"type":"if","locations":[{"start":{"line":16,"column":4},"end":{"line":18,"column":5}},{"start":{},"end":{}}],"line":16},"1":{"loc":{"start":{"line":22,"column":145},"end":{"line":22,"column":158}},"type":"default-arg","locations":[{"start":{"line":22,"column":154},"end":{"line":22,"column":158}}],"line":22},"2":{"loc":{"start":{"line":23,"column":4},"end":{"line":25,"column":5}},"type":"if","locations":[{"start":{"line":23,"column":4},"end":{"line":25,"column":5}},{"start":{},"end":{}}],"line":23}},"s":{"0":4,"1":4,"2":4,"3":4,"4":4,"5":4,"6":4,"7":4,"8":4,"9":4,"10":4,"11":48,"12":48,"13":0,"14":4,"15":40,"16":40,"17":0,"18":0,"19":0},"f":{"0":48,"1":40},"b":{"0":[48,0],"1":[8],"2":[40,0]},"_coverageSchema":"1a1c01bbd47fc00a2c39e90264f33305004495a9","hash":"bf79427e3c63232659523c906ad60f6105e35097"}
,"C:\\Users\\da.kong\\Documents\\Github\\rc-unified-crm-extension\\src\\lib\\jwt.js": {"path":"C:\\Users\\da.kong\\Documents\\Github\\rc-unified-crm-extension\\src\\lib\\jwt.js","statementMap":{"0":{"start":{"line":1,"column":25},"end":{"line":1,"column":48}},"1":{"start":{"line":4,"column":2},"end":{"line":4,"column":77}},"2":{"start":{"line":8,"column":2},"end":{"line":12,"column":3}},"3":{"start":{"line":9,"column":4},"end":{"line":9,"column":60}},"4":{"start":{"line":11,"column":4},"end":{"line":11,"column":16}},"5":{"start":{"line":15,"column":0},"end":{"line":15,"column":34}},"6":{"start":{"line":16,"column":0},"end":{"line":16,"column":30}}},"fnMap":{"0":{"name":"generateJwt","decl":{"start":{"line":3,"column":9},"end":{"line":3,"column":20}},"loc":{"start":{"line":3,"column":27},"end":{"line":5,"column":1}},"line":3},"1":{"name":"decodeJwt","decl":{"start":{"line":7,"column":9},"end":{"line":7,"column":18}},"loc":{"start":{"line":7,"column":26},"end":{"line":13,"column":1}},"line":7}},"branchMap":{},"s":{"0":4,"1":25,"2":31,"3":31,"4":8,"5":4,"6":4},"f":{"0":25,"1":31},"b":{},"_coverageSchema":"1a1c01bbd47fc00a2c39e90264f33305004495a9","hash":"c7493b07e708d512a0a90e828da89b12f9e9fd4e"}
,"C:\\Users\\da.kong\\Documents\\Github\\rc-unified-crm-extension\\src\\lib\\oauth.js": {"path":"C:\\Users\\da.kong\\Documents\\Github\\rc-unified-crm-extension\\src\\lib\\oauth.js","statementMap":{"0":{"start":{"line":1,"column":21},"end":{"line":1,"column":45}},"1":{"start":{"line":2,"column":14},"end":{"line":2,"column":30}},"2":{"start":{"line":3,"column":23},"end":{"line":3,"column":54}},"3":{"start":{"line":4,"column":22},"end":{"line":4,"column":52}},"4":{"start":{"line":9,"column":4},"end":{"line":16,"column":7}},"5":{"start":{"line":21,"column":20},"end":{"line":21,"column":30}},"6":{"start":{"line":22,"column":4},"end":{"line":91,"column":5}},"7":{"start":{"line":80,"column":8},"end":{"line":89,"column":9}},"8":{"start":{"line":81,"column":12},"end":{"line":81,"column":52}},"9":{"start":{"line":84,"column":26},"end":{"line":84,"column":83}},"10":{"start":{"line":85,"column":59},"end":{"line":85,"column":80}},"11":{"start":{"line":86,"column":12},"end":{"line":86,"column":43}},"12":{"start":{"line":87,"column":12},"end":{"line":87,"column":45}},"13":{"start":{"line":88,"column":12},"end":{"line":88,"column":39}},"14":{"start":{"line":90,"column":8},"end":{"line":90,"column":26}},"15":{"start":{"line":92,"column":4},"end":{"line":92,"column":16}},"16":{"start":{"line":96,"column":33},"end":{"line":96,"column":248}},"17":{"start":{"line":97,"column":71},"end":{"line":97,"column":96}},"18":{"start":{"line":98,"column":4},"end":{"line":98,"column":35}},"19":{"start":{"line":99,"column":4},"end":{"line":99,"column":37}},"20":{"start":{"line":100,"column":30},"end":{"line":100,"column":140}},"21":{"start":{"line":101,"column":37},"end":{"line":101,"column":59}},"22":{"start":{"line":102,"column":40},"end":{"line":102,"column":67}},"23":{"start":{"line":103,"column":4},"end":{"line":103,"column":60}},"24":{"start":{"line":104,"column":4},"end":{"line":104,"column":52}},"25":{"start":{"line":106,"column":4},"end":{"line":106,"column":37}},"26":{"start":{"line":107,"column":4},"end":{"line":107,"column":64}},"27":{"start":{"line":108,"column":17},"end":{"line":108,"column":27}},"28":{"start":{"line":109,"column":4},"end":{"line":109,"column":97}},"29":{"start":{"line":110,"column":4},"end":{"line":110,"column":16}},"30":{"start":{"line":113,"column":0},"end":{"line":113,"column":64}},"31":{"start":{"line":114,"column":0},"end":{"line":114,"column":34}}},"fnMap":{"0":{"name":"getOAuthApp","decl":{"start":{"line":8,"column":9},"end":{"line":8,"column":20}},"loc":{"start":{"line":8,"column":104},"end":{"line":17,"column":1}},"line":8},"1":{"name":"checkAndRefreshAccessToken","decl":{"start":{"line":20,"column":15},"end":{"line":20,"column":41}},"loc":{"start":{"line":20,"column":81},"end":{"line":93,"column":1}},"line":20},"2":{"name":"bullhornTokenRefresh","decl":{"start":{"line":95,"column":15},"end":{"line":95,"column":35}},"loc":{"start":{"line":95,"column":42},"end":{"line":111,"column":1}},"line":95}},"branchMap":{"0":{"loc":{"start":{"line":20,"column":58},"end":{"line":20,"column":79}},"type":"default-arg","locations":[{"start":{"line":20,"column":77},"end":{"line":20,"column":79}}],"line":20},"1":{"loc":{"start":{"line":22,"column":4},"end":{"line":91,"column":5}},"type":"if","locations":[{"start":{"line":22,"column":4},"end":{"line":91,"column":5}},{"start":{},"end":{}}],"line":22},"2":{"loc":{"start":{"line":22,"column":8},"end":{"line":22,"column":83}},"type":"binary-expr","locations":[{"start":{"line":22,"column":8},"end":{"line":22,"column":12}},{"start":{"line":22,"column":16},"end":{"line":22,"column":32}},{"start":{"line":22,"column":36},"end":{"line":22,"column":53}},{"start":{"line":22,"column":57},"end":{"line":22,"column":83}}],"line":22},"3":{"loc":{"start":{"line":80,"column":8},"end":{"line":89,"column":9}},"type":"if","locations":[{"start":{"line":80,"column":8},"end":{"line":89,"column":9}},{"start":{"line":83,"column":13},"end":{"line":89,"column":9}}],"line":80}},"s":{"0":4,"1":4,"2":4,"3":4,"4":11,"5":11,"6":11,"7":0,"8":0,"9":0,"10":0,"11":0,"12":0,"13":0,"14":0,"15":11,"16":0,"17":0,"18":0,"19":0,"20":0,"21":0,"22":0,"23":0,"24":0,"25":0,"26":0,"27":0,"28":0,"29":0,"30":4,"31":4},"f":{"0":11,"1":11,"2":0},"b":{"0":[11],"1":[0,11],"2":[11,11,11,0],"3":[0,0]},"_coverageSchema":"1a1c01bbd47fc00a2c39e90264f33305004495a9","hash":"83ed3e7b60c341ecdadb26a88cdd02c87263f35e"}
,"C:\\Users\\da.kong\\Documents\\Github\\rc-unified-crm-extension\\src\\lib\\util.js": {"path":"C:\\Users\\da.kong\\Documents\\Github\\rc-unified-crm-extension\\src\\lib\\util.js","statementMap":{"0":{"start":{"line":2,"column":17},"end":{"line":2,"column":37}},"1":{"start":{"line":3,"column":18},"end":{"line":3,"column":47}},"2":{"start":{"line":4,"column":15},"end":{"line":4,"column":32}},"3":{"start":{"line":7,"column":18},"end":{"line":7,"column":72}},"4":{"start":{"line":8,"column":4},"end":{"line":10,"column":5}},"5":{"start":{"line":9,"column":8},"end":{"line":9,"column":34}},"6":{"start":{"line":11,"column":21},"end":{"line":11,"column":62}},"7":{"start":{"line":12,"column":4},"end":{"line":12,"column":20}},"8":{"start":{"line":17,"column":4},"end":{"line":19,"column":20}},"9":{"start":{"line":23,"column":18},"end":{"line":23,"column":44}},"10":{"start":{"line":24,"column":24},"end":{"line":24,"column":83}},"11":{"start":{"line":25,"column":20},"end":{"line":25,"column":53}},"12":{"start":{"line":26,"column":26},"end":{"line":26,"column":95}},"13":{"start":{"line":27,"column":29},"end":{"line":27,"column":41}},"14":{"start":{"line":28,"column":26},"end":{"line":28,"column":122}},"15":{"start":{"line":29,"column":25},"end":{"line":29,"column":95}},"16":{"start":{"line":30,"column":4},"end":{"line":30,"column":24}},"17":{"start":{"line":33,"column":0},"end":{"line":33,"column":34}},"18":{"start":{"line":34,"column":0},"end":{"line":34,"column":36}},"19":{"start":{"line":35,"column":0},"end":{"line":35,"column":68}}},"fnMap":{"0":{"name":"getTimeZone","decl":{"start":{"line":6,"column":9},"end":{"line":6,"column":20}},"loc":{"start":{"line":6,"column":45},"end":{"line":13,"column":1}},"line":6},"1":{"name":"getHashValue","decl":{"start":{"line":16,"column":9},"end":{"line":16,"column":21}},"loc":{"start":{"line":16,"column":41},"end":{"line":20,"column":1}},"line":16},"2":{"name":"secondsToHoursMinutesSeconds","decl":{"start":{"line":22,"column":9},"end":{"line":22,"column":37}},"loc":{"start":{"line":22,"column":47},"end":{"line":31,"column":1}},"line":22}},"branchMap":{"0":{"loc":{"start":{"line":8,"column":4},"end":{"line":10,"column":5}},"type":"if","locations":[{"start":{"line":8,"column":4},"end":{"line":10,"column":5}},{"start":{},"end":{}}],"line":8},"1":{"loc":{"start":{"line":24,"column":24},"end":{"line":24,"column":83}},"type":"cond-expr","locations":[{"start":{"line":24,"column":36},"end":{"line":24,"column":78}},{"start":{"line":24,"column":81},"end":{"line":24,"column":83}}],"line":24},"2":{"loc":{"start":{"line":24,"column":48},"end":{"line":24,"column":76}},"type":"cond-expr","locations":[{"start":{"line":24,"column":60},"end":{"line":24,"column":67}},{"start":{"line":24,"column":70},"end":{"line":24,"column":76}}],"line":24},"3":{"loc":{"start":{"line":26,"column":26},"end":{"line":26,"column":95}},"type":"cond-expr","locations":[{"start":{"line":26,"column":40},"end":{"line":26,"column":90}},{"start":{"line":26,"column":93},"end":{"line":26,"column":95}}],"line":26},"4":{"loc":{"start":{"line":26,"column":54},"end":{"line":26,"column":88}},"type":"cond-expr","locations":[{"start":{"line":26,"column":68},"end":{"line":26,"column":77}},{"start":{"line":26,"column":80},"end":{"line":26,"column":88}}],"line":26},"5":{"loc":{"start":{"line":28,"column":26},"end":{"line":28,"column":122}},"type":"cond-expr","locations":[{"start":{"line":28,"column":49},"end":{"line":28,"column":117}},{"start":{"line":28,"column":120},"end":{"line":28,"column":122}}],"line":28},"6":{"loc":{"start":{"line":28,"column":72},"end":{"line":28,"column":115}},"type":"cond-expr","locations":[{"start":{"line":28,"column":95},"end":{"line":28,"column":104}},{"start":{"line":28,"column":107},"end":{"line":28,"column":115}}],"line":28}},"s":{"0":5,"1":5,"2":5,"3":0,"4":0,"5":0,"6":0,"7":0,"8":2,"9":1,"10":1,"11":1,"12":1,"13":1,"14":1,"15":1,"16":1,"17":5,"18":5,"19":5},"f":{"0":0,"1":2,"2":1},"b":{"0":[0,0],"1":[0,1],"2":[0,0],"3":[0,1],"4":[0,0],"5":[0,1],"6":[0,0]},"_coverageSchema":"1a1c01bbd47fc00a2c39e90264f33305004495a9","hash":"8ed49b1aadd07a946d4dd704728aa0e433ec8d45"}
,"C:\\Users\\da.kong\\Documents\\Github\\rc-unified-crm-extension\\src\\models\\adminConfigModel.js": {"path":"C:\\Users\\da.kong\\Documents\\Github\\rc-unified-crm-extension\\src\\models\\adminConfigModel.js","statementMap":{"0":{"start":{"line":1,"column":18},"end":{"line":1,"column":38}},"1":{"start":{"line":2,"column":22},"end":{"line":2,"column":44}},"2":{"start":{"line":5,"column":0},"end":{"line":17,"column":3}}},"fnMap":{},"branchMap":{},"s":{"0":6,"1":6,"2":6},"f":{},"b":{},"_coverageSchema":"1a1c01bbd47fc00a2c39e90264f33305004495a9","hash":"fb991f676a1be944e040b013d7c6d8ef9ebf20e7"}
,"C:\\Users\\da.kong\\Documents\\Github\\rc-unified-crm-extension\\src\\models\\cacheModel.js": {"path":"C:\\Users\\da.kong\\Documents\\Github\\rc-unified-crm-extension\\src\\models\\cacheModel.js","statementMap":{"0":{"start":{"line":1,"column":18},"end":{"line":1,"column":38}},"1":{"start":{"line":2,"column":22},"end":{"line":2,"column":44}},"2":{"start":{"line":5,"column":0},"end":{"line":23,"column":3}}},"fnMap":{},"branchMap":{},"s":{"0":6,"1":6,"2":6},"f":{},"b":{},"_coverageSchema":"1a1c01bbd47fc00a2c39e90264f33305004495a9","hash":"fcf0d5ab72e6ed2f229d5e4c92a964b1409b3ebc"}
,"C:\\Users\\da.kong\\Documents\\Github\\rc-unified-crm-extension\\src\\models\\callLogModel.js": {"path":"C:\\Users\\da.kong\\Documents\\Github\\rc-unified-crm-extension\\src\\models\\callLogModel.js","statementMap":{"0":{"start":{"line":1,"column":18},"end":{"line":1,"column":38}},"1":{"start":{"line":2,"column":22},"end":{"line":2,"column":44}},"2":{"start":{"line":5,"column":0},"end":{"line":24,"column":3}}},"fnMap":{},"branchMap":{},"s":{"0":6,"1":6,"2":6},"f":{},"b":{},"_coverageSchema":"1a1c01bbd47fc00a2c39e90264f33305004495a9","hash":"1ed512f923dbe709ce0062738f3ef2ad52a7c5a8"}
,"C:\\Users\\da.kong\\Documents\\Github\\rc-unified-crm-extension\\src\\models\\messageLogModel.js": {"path":"C:\\Users\\da.kong\\Documents\\Github\\rc-unified-crm-extension\\src\\models\\messageLogModel.js","statementMap":{"0":{"start":{"line":1,"column":18},"end":{"line":1,"column":38}},"1":{"start":{"line":2,"column":22},"end":{"line":2,"column":44}},"2":{"start":{"line":5,"column":0},"end":{"line":25,"column":3}}},"fnMap":{},"branchMap":{},"s":{"0":6,"1":6,"2":6},"f":{},"b":{},"_coverageSchema":"1a1c01bbd47fc00a2c39e90264f33305004495a9","hash":"c86eb0f29250cbd0dfc4a0bc6b356b98242ce4e0"}
,"C:\\Users\\da.kong\\Documents\\Github\\rc-unified-crm-extension\\src\\models\\sequelize.js": {"path":"C:\\Users\\da.kong\\Documents\\Github\\rc-unified-crm-extension\\src\\models\\sequelize.js","statementMap":{"0":{"start":{"line":1,"column":22},"end":{"line":1,"column":42}},"1":{"start":{"line":3,"column":18},"end":{"line":14,"column":1}},"2":{"start":{"line":17,"column":0},"end":{"line":17,"column":30}}},"fnMap":{},"branchMap":{},"s":{"0":8,"1":8,"2":8},"f":{},"b":{},"_coverageSchema":"1a1c01bbd47fc00a2c39e90264f33305004495a9","hash":"e895aab91b20d319c6a330d3a1601e4fa4e5bc3d"}
,"C:\\Users\\da.kong\\Documents\\Github\\rc-unified-crm-extension\\src\\models\\userModel.js": {"path":"C:\\Users\\da.kong\\Documents\\Github\\rc-unified-crm-extension\\src\\models\\userModel.js","statementMap":{"0":{"start":{"line":1,"column":18},"end":{"line":1,"column":38}},"1":{"start":{"line":2,"column":22},"end":{"line":2,"column":44}},"2":{"start":{"line":5,"column":0},"end":{"line":38,"column":3}}},"fnMap":{},"branchMap":{},"s":{"0":6,"1":6,"2":6},"f":{},"b":{},"_coverageSchema":"1a1c01bbd47fc00a2c39e90264f33305004495a9","hash":"ac614d2b4ac8fb851eae39146d4ca119c6b01584"}
}
