{"C:\\Users\\da.kong\\Documents\\Github\\rc-unified-crm-extension\\src\\index.js": {"path":"C:\\Users\\da.kong\\Documents\\Github\\rc-unified-crm-extension\\src\\index.js","statementMap":{"0":{"start":{"line":1,"column":13},"end":{"line":1,"column":28}},"1":{"start":{"line":2,"column":16},"end":{"line":2,"column":34}},"2":{"start":{"line":3,"column":19},"end":{"line":3,"column":41}},"3":{"start":{"line":4,"column":22},"end":{"line":4,"column":51}},"4":{"start":{"line":5,"column":25},"end":{"line":5,"column":57}},"5":{"start":{"line":6,"column":28},"end":{"line":6,"column":63}},"6":{"start":{"line":7,"column":29},"end":{"line":7,"column":65}},"7":{"start":{"line":8,"column":13},"end":{"line":8,"column":28}},"8":{"start":{"line":9,"column":12},"end":{"line":9,"column":32}},"9":{"start":{"line":10,"column":16},"end":{"line":10,"column":37}},"10":{"start":{"line":11,"column":20},"end":{"line":11,"column":45}},"11":{"start":{"line":12,"column":17},"end":{"line":12,"column":39}},"12":{"start":{"line":13,"column":18},"end":{"line":13,"column":41}},"13":{"start":{"line":14,"column":17},"end":{"line":14,"column":39}},"14":{"start":{"line":15,"column":21},"end":{"line":15,"column":51}},"15":{"start":{"line":16,"column":14},"end":{"line":16,"column":30}},"16":{"start":{"line":17,"column":18},"end":{"line":17,"column":44}},"17":{"start":{"line":18,"column":13},"end":{"line":18,"column":34}},"18":{"start":{"line":19,"column":18},"end":{"line":19,"column":22}},"19":{"start":{"line":20,"column":0},"end":{"line":25,"column":1}},"20":{"start":{"line":21,"column":4},"end":{"line":21,"column":44}},"21":{"start":{"line":24,"column":4},"end":{"line":24,"column":45}},"22":{"start":{"line":27,"column":0},"end":{"line":27,"column":85}},"23":{"start":{"line":30,"column":4},"end":{"line":30,"column":54}},"24":{"start":{"line":31,"column":4},"end":{"line":31,"column":27}},"25":{"start":{"line":32,"column":4},"end":{"line":32,"column":30}},"26":{"start":{"line":33,"column":4},"end":{"line":33,"column":33}},"27":{"start":{"line":34,"column":4},"end":{"line":34,"column":34}},"28":{"start":{"line":35,"column":4},"end":{"line":35,"column":37}},"29":{"start":{"line":38,"column":0},"end":{"line":38,"column":9}},"30":{"start":{"line":39,"column":0},"end":{"line":39,"column":17}},"31":{"start":{"line":40,"column":12},"end":{"line":40,"column":21}},"32":{"start":{"line":41,"column":0},"end":{"line":41,"column":26}},"33":{"start":{"line":43,"column":0},"end":{"line":45,"column":4}},"34":{"start":{"line":47,"column":0},"end":{"line":49,"column":2}},"35":{"start":{"line":48,"column":4},"end":{"line":48,"column":27}},"36":{"start":{"line":51,"column":0},"end":{"line":72,"column":2}},"37":{"start":{"line":52,"column":4},"end":{"line":71,"column":5}},"38":{"start":{"line":53,"column":8},"end":{"line":57,"column":9}},"39":{"start":{"line":54,"column":39},"end":{"line":54,"column":74}},"40":{"start":{"line":55,"column":12},"end":{"line":55,"column":41}},"41":{"start":{"line":56,"column":12},"end":{"line":56,"column":19}},"42":{"start":{"line":58,"column":28},"end":{"line":58,"column":89}},"43":{"start":{"line":59,"column":8},"end":{"line":67,"column":9}},"44":{"start":{"line":60,"column":12},"end":{"line":62,"column":13}},"45":{"start":{"line":61,"column":16},"end":{"line":61,"column":48}},"46":{"start":{"line":63,"column":12},"end":{"line":63,"column":34}},"47":{"start":{"line":66,"column":12},"end":{"line":66,"column":55}},"48":{"start":{"line":70,"column":8},"end":{"line":70,"column":51}},"49":{"start":{"line":74,"column":0},"end":{"line":76,"column":3}},"50":{"start":{"line":75,"column":4},"end":{"line":75,"column":19}},"51":{"start":{"line":78,"column":0},"end":{"line":120,"column":3}},"52":{"start":{"line":79,"column":29},"end":{"line":79,"column":49}},"53":{"start":{"line":80,"column":23},"end":{"line":80,"column":27}},"54":{"start":{"line":81,"column":18},"end":{"line":81,"column":23}},"55":{"start":{"line":82,"column":25},"end":{"line":82,"column":30}},"56":{"start":{"line":83,"column":74},"end":{"line":83,"column":133}},"57":{"start":{"line":84,"column":4},"end":{"line":103,"column":5}},"58":{"start":{"line":85,"column":25},"end":{"line":85,"column":43}},"59":{"start":{"line":86,"column":8},"end":{"line":97,"column":9}},"60":{"start":{"line":87,"column":45},"end":{"line":87,"column":68}},"61":{"start":{"line":88,"column":12},"end":{"line":88,"column":36}},"62":{"start":{"line":89,"column":50},"end":{"line":89,"column":101}},"63":{"start":{"line":90,"column":12},"end":{"line":90,"column":27}},"64":{"start":{"line":91,"column":12},"end":{"line":91,"column":40}},"65":{"start":{"line":92,"column":12},"end":{"line":92,"column":64}},"66":{"start":{"line":95,"column":12},"end":{"line":95,"column":85}},"67":{"start":{"line":96,"column":12},"end":{"line":96,"column":28}},"68":{"start":{"line":100,"column":8},"end":{"line":100,"column":62}},"69":{"start":{"line":101,"column":8},"end":{"line":101,"column":32}},"70":{"start":{"line":102,"column":8},"end":{"line":102,"column":24}},"71":{"start":{"line":104,"column":27},"end":{"line":104,"column":47}},"72":{"start":{"line":105,"column":4},"end":{"line":119,"column":7}},"73":{"start":{"line":122,"column":0},"end":{"line":125,"column":3}},"74":{"start":{"line":123,"column":31},"end":{"line":123,"column":66}},"75":{"start":{"line":124,"column":4},"end":{"line":124,"column":54}},"76":{"start":{"line":128,"column":0},"end":{"line":136,"column":2}},"77":{"start":{"line":129,"column":4},"end":{"line":135,"column":5}},"78":{"start":{"line":130,"column":8},"end":{"line":130,"column":79}},"79":{"start":{"line":133,"column":8},"end":{"line":133,"column":56}},"80":{"start":{"line":134,"column":8},"end":{"line":134,"column":32}},"81":{"start":{"line":138,"column":0},"end":{"line":156,"column":2}},"82":{"start":{"line":139,"column":4},"end":{"line":155,"column":5}},"83":{"start":{"line":140,"column":32},"end":{"line":140,"column":139}},"84":{"start":{"line":141,"column":8},"end":{"line":150,"column":9}},"85":{"start":{"line":142,"column":35},"end":{"line":142,"column":66}},"86":{"start":{"line":143,"column":12},"end":{"line":143,"column":71}},"87":{"start":{"line":144,"column":12},"end":{"line":149,"column":15}},"88":{"start":{"line":153,"column":8},"end":{"line":153,"column":56}},"89":{"start":{"line":154,"column":8},"end":{"line":154,"column":32}},"90":{"start":{"line":158,"column":0},"end":{"line":191,"column":3}},"91":{"start":{"line":159,"column":29},"end":{"line":159,"column":49}},"92":{"start":{"line":160,"column":18},"end":{"line":160,"column":23}},"93":{"start":{"line":161,"column":74},"end":{"line":161,"column":133}},"94":{"start":{"line":162,"column":4},"end":{"line":178,"column":5}},"95":{"start":{"line":163,"column":45},"end":{"line":163,"column":122}},"96":{"start":{"line":164,"column":34},"end":{"line":164,"column":86}},"97":{"start":{"line":165,"column":8},"end":{"line":173,"column":9}},"98":{"start":{"line":166,"column":12},"end":{"line":166,"column":110}},"99":{"start":{"line":167,"column":12},"end":{"line":167,"column":59}},"100":{"start":{"line":168,"column":12},"end":{"line":168,"column":27}},"101":{"start":{"line":171,"column":12},"end":{"line":171,"column":60}},"102":{"start":{"line":172,"column":12},"end":{"line":172,"column":28}},"103":{"start":{"line":176,"column":8},"end":{"line":176,"column":34}},"104":{"start":{"line":177,"column":8},"end":{"line":177,"column":32}},"105":{"start":{"line":179,"column":27},"end":{"line":179,"column":47}},"106":{"start":{"line":180,"column":4},"end":{"line":190,"column":7}},"107":{"start":{"line":193,"column":0},"end":{"line":254,"column":3}},"108":{"start":{"line":194,"column":29},"end":{"line":194,"column":49}},"109":{"start":{"line":195,"column":23},"end":{"line":195,"column":27}},"110":{"start":{"line":196,"column":18},"end":{"line":196,"column":23}},"111":{"start":{"line":197,"column":74},"end":{"line":197,"column":133}},"112":{"start":{"line":198,"column":4},"end":{"line":240,"column":5}},"113":{"start":{"line":199,"column":25},"end":{"line":199,"column":43}},"114":{"start":{"line":200,"column":8},"end":{"line":235,"column":9}},"115":{"start":{"line":201,"column":31},"end":{"line":201,"column":54}},"116":{"start":{"line":202,"column":12},"end":{"line":202,"column":47}},"117":{"start":{"line":203,"column":25},"end":{"line":208,"column":14}},"118":{"start":{"line":209,"column":12},"end":{"line":211,"column":13}},"119":{"start":{"line":210,"column":16},"end":{"line":210,"column":53}},"120":{"start":{"line":212,"column":49},"end":{"line":212,"column":126}},"121":{"start":{"line":213,"column":38},"end":{"line":213,"column":90}},"122":{"start":{"line":214,"column":12},"end":{"line":230,"column":13}},"123":{"start":{"line":215,"column":38},"end":{"line":215,"column":93}},"124":{"start":{"line":216,"column":16},"end":{"line":224,"column":17}},"125":{"start":{"line":217,"column":20},"end":{"line":217,"column":56}},"126":{"start":{"line":220,"column":20},"end":{"line":223,"column":23}},"127":{"start":{"line":225,"column":16},"end":{"line":225,"column":31}},"128":{"start":{"line":228,"column":16},"end":{"line":228,"column":64}},"129":{"start":{"line":229,"column":16},"end":{"line":229,"column":32}},"130":{"start":{"line":233,"column":12},"end":{"line":233,"column":85}},"131":{"start":{"line":234,"column":12},"end":{"line":234,"column":28}},"132":{"start":{"line":238,"column":8},"end":{"line":238,"column":62}},"133":{"start":{"line":239,"column":8},"end":{"line":239,"column":32}},"134":{"start":{"line":241,"column":27},"end":{"line":241,"column":47}},"135":{"start":{"line":242,"column":4},"end":{"line":253,"column":7}},"136":{"start":{"line":256,"column":0},"end":{"line":272,"column":2}},"137":{"start":{"line":257,"column":4},"end":{"line":270,"column":5}},"138":{"start":{"line":258,"column":30},"end":{"line":258,"column":53}},"139":{"start":{"line":259,"column":8},"end":{"line":265,"column":9}},"140":{"start":{"line":260,"column":33},"end":{"line":260,"column":86}},"141":{"start":{"line":261,"column":12},"end":{"line":261,"column":47}},"142":{"start":{"line":264,"column":12},"end":{"line":264,"column":62}},"143":{"start":{"line":268,"column":8},"end":{"line":268,"column":34}},"144":{"start":{"line":269,"column":8},"end":{"line":269,"column":32}},"145":{"start":{"line":273,"column":0},"end":{"line":348,"column":3}},"146":{"start":{"line":274,"column":29},"end":{"line":274,"column":49}},"147":{"start":{"line":275,"column":23},"end":{"line":275,"column":27}},"148":{"start":{"line":276,"column":18},"end":{"line":276,"column":23}},"149":{"start":{"line":277,"column":74},"end":{"line":277,"column":133}},"150":{"start":{"line":278,"column":4},"end":{"line":334,"column":5}},"151":{"start":{"line":279,"column":25},"end":{"line":279,"column":43}},"152":{"start":{"line":280,"column":8},"end":{"line":329,"column":9}},"153":{"start":{"line":281,"column":31},"end":{"line":281,"column":54}},"154":{"start":{"line":282,"column":12},"end":{"line":282,"column":47}},"155":{"start":{"line":283,"column":25},"end":{"line":288,"column":14}},"156":{"start":{"line":289,"column":12},"end":{"line":291,"column":13}},"157":{"start":{"line":290,"column":16},"end":{"line":290,"column":53}},"158":{"start":{"line":292,"column":34},"end":{"line":292,"column":57}},"159":{"start":{"line":293,"column":38},"end":{"line":293,"column":40}},"160":{"start":{"line":294,"column":12},"end":{"line":296,"column":13}},"161":{"start":{"line":295,"column":16},"end":{"line":295,"column":92}},"162":{"start":{"line":299,"column":31},"end":{"line":299,"column":54}},"163":{"start":{"line":300,"column":25},"end":{"line":300,"column":27}},"164":{"start":{"line":301,"column":12},"end":{"line":322,"column":13}},"165":{"start":{"line":302,"column":16},"end":{"line":302,"column":38}},"166":{"start":{"line":305,"column":16},"end":{"line":321,"column":17}},"167":{"start":{"line":306,"column":33},"end":{"line":306,"column":112}},"168":{"start":{"line":308,"column":20},"end":{"line":320,"column":21}},"169":{"start":{"line":310,"column":24},"end":{"line":319,"column":25}},"170":{"start":{"line":311,"column":28},"end":{"line":314,"column":30}},"171":{"start":{"line":318,"column":28},"end":{"line":318,"column":80}},"172":{"start":{"line":323,"column":12},"end":{"line":323,"column":27}},"173":{"start":{"line":324,"column":12},"end":{"line":324,"column":41}},"174":{"start":{"line":327,"column":12},"end":{"line":327,"column":28}},"175":{"start":{"line":328,"column":12},"end":{"line":328,"column":85}},"176":{"start":{"line":332,"column":8},"end":{"line":332,"column":62}},"177":{"start":{"line":333,"column":8},"end":{"line":333,"column":32}},"178":{"start":{"line":335,"column":27},"end":{"line":335,"column":47}},"179":{"start":{"line":336,"column":4},"end":{"line":347,"column":7}},"180":{"start":{"line":350,"column":0},"end":{"line":395,"column":3}},"181":{"start":{"line":351,"column":29},"end":{"line":351,"column":49}},"182":{"start":{"line":352,"column":23},"end":{"line":352,"column":27}},"183":{"start":{"line":353,"column":18},"end":{"line":353,"column":23}},"184":{"start":{"line":354,"column":74},"end":{"line":354,"column":133}},"185":{"start":{"line":355,"column":4},"end":{"line":381,"column":5}},"186":{"start":{"line":356,"column":25},"end":{"line":356,"column":43}},"187":{"start":{"line":357,"column":8},"end":{"line":376,"column":9}},"188":{"start":{"line":358,"column":31},"end":{"line":358,"column":54}},"189":{"start":{"line":359,"column":12},"end":{"line":359,"column":47}},"190":{"start":{"line":360,"column":25},"end":{"line":365,"column":14}},"191":{"start":{"line":366,"column":12},"end":{"line":368,"column":13}},"192":{"start":{"line":367,"column":16},"end":{"line":367,"column":53}},"193":{"start":{"line":369,"column":12},"end":{"line":369,"column":93}},"194":{"start":{"line":370,"column":12},"end":{"line":370,"column":58}},"195":{"start":{"line":371,"column":12},"end":{"line":371,"column":27}},"196":{"start":{"line":374,"column":12},"end":{"line":374,"column":85}},"197":{"start":{"line":375,"column":12},"end":{"line":375,"column":28}},"198":{"start":{"line":379,"column":8},"end":{"line":379,"column":62}},"199":{"start":{"line":380,"column":8},"end":{"line":380,"column":32}},"200":{"start":{"line":382,"column":27},"end":{"line":382,"column":47}},"201":{"start":{"line":383,"column":4},"end":{"line":394,"column":7}},"202":{"start":{"line":397,"column":0},"end":{"line":421,"column":2}},"203":{"start":{"line":398,"column":4},"end":{"line":420,"column":5}},"204":{"start":{"line":399,"column":25},"end":{"line":399,"column":43}},"205":{"start":{"line":400,"column":8},"end":{"line":415,"column":9}},"206":{"start":{"line":401,"column":31},"end":{"line":401,"column":54}},"207":{"start":{"line":402,"column":25},"end":{"line":407,"column":14}},"208":{"start":{"line":408,"column":12},"end":{"line":410,"column":13}},"209":{"start":{"line":409,"column":16},"end":{"line":409,"column":53}},"210":{"start":{"line":411,"column":12},"end":{"line":411,"column":48}},"211":{"start":{"line":414,"column":12},"end":{"line":414,"column":85}},"212":{"start":{"line":418,"column":8},"end":{"line":418,"column":34}},"213":{"start":{"line":419,"column":8},"end":{"line":419,"column":32}},"214":{"start":{"line":423,"column":0},"end":{"line":484,"column":2}},"215":{"start":{"line":424,"column":29},"end":{"line":424,"column":49}},"216":{"start":{"line":425,"column":23},"end":{"line":425,"column":27}},"217":{"start":{"line":426,"column":18},"end":{"line":426,"column":23}},"218":{"start":{"line":427,"column":74},"end":{"line":427,"column":133}},"219":{"start":{"line":428,"column":4},"end":{"line":470,"column":5}},"220":{"start":{"line":429,"column":8},"end":{"line":431,"column":9}},"221":{"start":{"line":430,"column":12},"end":{"line":430,"column":40}},"222":{"start":{"line":432,"column":8},"end":{"line":434,"column":103}},"223":{"start":{"line":435,"column":25},"end":{"line":435,"column":43}},"224":{"start":{"line":436,"column":25},"end":{"line":436,"column":43}},"225":{"start":{"line":437,"column":8},"end":{"line":439,"column":9}},"226":{"start":{"line":438,"column":12},"end":{"line":438,"column":42}},"227":{"start":{"line":440,"column":41},"end":{"line":440,"column":80}},"228":{"start":{"line":441,"column":8},"end":{"line":443,"column":9}},"229":{"start":{"line":442,"column":12},"end":{"line":442,"column":86}},"230":{"start":{"line":444,"column":44},"end":{"line":452,"column":10}},"231":{"start":{"line":453,"column":8},"end":{"line":464,"column":9}},"232":{"start":{"line":454,"column":29},"end":{"line":457,"column":14}},"233":{"start":{"line":458,"column":12},"end":{"line":458,"column":83}},"234":{"start":{"line":459,"column":12},"end":{"line":459,"column":27}},"235":{"start":{"line":462,"column":12},"end":{"line":462,"column":52}},"236":{"start":{"line":463,"column":12},"end":{"line":463,"column":28}},"237":{"start":{"line":467,"column":8},"end":{"line":467,"column":62}},"238":{"start":{"line":468,"column":8},"end":{"line":468,"column":32}},"239":{"start":{"line":469,"column":8},"end":{"line":469,"column":24}},"240":{"start":{"line":471,"column":27},"end":{"line":471,"column":47}},"241":{"start":{"line":472,"column":4},"end":{"line":483,"column":7}},"242":{"start":{"line":485,"column":0},"end":{"line":534,"column":2}},"243":{"start":{"line":486,"column":29},"end":{"line":486,"column":49}},"244":{"start":{"line":487,"column":23},"end":{"line":487,"column":27}},"245":{"start":{"line":488,"column":18},"end":{"line":488,"column":23}},"246":{"start":{"line":489,"column":74},"end":{"line":489,"column":133}},"247":{"start":{"line":490,"column":4},"end":{"line":520,"column":5}},"248":{"start":{"line":491,"column":25},"end":{"line":491,"column":42}},"249":{"start":{"line":492,"column":8},"end":{"line":492,"column":32}},"250":{"start":{"line":493,"column":23},"end":{"line":493,"column":38}},"251":{"start":{"line":494,"column":25},"end":{"line":494,"column":42}},"252":{"start":{"line":495,"column":31},"end":{"line":495,"column":54}},"253":{"start":{"line":496,"column":8},"end":{"line":498,"column":9}},"254":{"start":{"line":497,"column":12},"end":{"line":497,"column":42}},"255":{"start":{"line":499,"column":8},"end":{"line":501,"column":9}},"256":{"start":{"line":500,"column":12},"end":{"line":500,"column":36}},"257":{"start":{"line":502,"column":44},"end":{"line":502,"column":120}},"258":{"start":{"line":503,"column":8},"end":{"line":514,"column":9}},"259":{"start":{"line":504,"column":29},"end":{"line":507,"column":14}},"260":{"start":{"line":508,"column":12},"end":{"line":508,"column":83}},"261":{"start":{"line":509,"column":12},"end":{"line":509,"column":27}},"262":{"start":{"line":512,"column":12},"end":{"line":512,"column":52}},"263":{"start":{"line":513,"column":12},"end":{"line":513,"column":28}},"264":{"start":{"line":517,"column":8},"end":{"line":517,"column":62}},"265":{"start":{"line":518,"column":8},"end":{"line":518,"column":32}},"266":{"start":{"line":519,"column":8},"end":{"line":519,"column":24}},"267":{"start":{"line":521,"column":27},"end":{"line":521,"column":47}},"268":{"start":{"line":522,"column":4},"end":{"line":533,"column":7}},"269":{"start":{"line":535,"column":0},"end":{"line":583,"column":3}},"270":{"start":{"line":536,"column":29},"end":{"line":536,"column":49}},"271":{"start":{"line":537,"column":23},"end":{"line":537,"column":27}},"272":{"start":{"line":538,"column":18},"end":{"line":538,"column":23}},"273":{"start":{"line":539,"column":74},"end":{"line":539,"column":133}},"274":{"start":{"line":540,"column":4},"end":{"line":569,"column":5}},"275":{"start":{"line":541,"column":25},"end":{"line":541,"column":43}},"276":{"start":{"line":542,"column":8},"end":{"line":563,"column":9}},"277":{"start":{"line":543,"column":31},"end":{"line":543,"column":54}},"278":{"start":{"line":544,"column":12},"end":{"line":544,"column":47}},"279":{"start":{"line":545,"column":33},"end":{"line":550,"column":14}},"280":{"start":{"line":551,"column":12},"end":{"line":554,"column":13}},"281":{"start":{"line":552,"column":16},"end":{"line":552,"column":53}},"282":{"start":{"line":553,"column":16},"end":{"line":553,"column":23}},"283":{"start":{"line":555,"column":35},"end":{"line":555,"column":79}},"284":{"start":{"line":556,"column":38},"end":{"line":556,"column":94}},"285":{"start":{"line":557,"column":12},"end":{"line":557,"column":52}},"286":{"start":{"line":558,"column":12},"end":{"line":558,"column":27}},"287":{"start":{"line":561,"column":12},"end":{"line":561,"column":85}},"288":{"start":{"line":562,"column":12},"end":{"line":562,"column":28}},"289":{"start":{"line":566,"column":8},"end":{"line":566,"column":62}},"290":{"start":{"line":567,"column":8},"end":{"line":567,"column":32}},"291":{"start":{"line":568,"column":8},"end":{"line":568,"column":24}},"292":{"start":{"line":570,"column":27},"end":{"line":570,"column":47}},"293":{"start":{"line":571,"column":4},"end":{"line":582,"column":7}},"294":{"start":{"line":584,"column":0},"end":{"line":594,"column":2}},"295":{"start":{"line":585,"column":4},"end":{"line":593,"column":5}},"296":{"start":{"line":586,"column":28},"end":{"line":586,"column":90}},"297":{"start":{"line":587,"column":26},"end":{"line":587,"column":86}},"298":{"start":{"line":588,"column":8},"end":{"line":588,"column":57}},"299":{"start":{"line":591,"column":8},"end":{"line":591,"column":34}},"300":{"start":{"line":592,"column":8},"end":{"line":592,"column":32}},"301":{"start":{"line":595,"column":0},"end":{"line":645,"column":3}},"302":{"start":{"line":596,"column":29},"end":{"line":596,"column":49}},"303":{"start":{"line":597,"column":23},"end":{"line":597,"column":27}},"304":{"start":{"line":598,"column":18},"end":{"line":598,"column":23}},"305":{"start":{"line":599,"column":22},"end":{"line":599,"column":23}},"306":{"start":{"line":600,"column":20},"end":{"line":600,"column":22}},"307":{"start":{"line":601,"column":74},"end":{"line":601,"column":133}},"308":{"start":{"line":602,"column":4},"end":{"line":627,"column":5}},"309":{"start":{"line":603,"column":25},"end":{"line":603,"column":43}},"310":{"start":{"line":604,"column":8},"end":{"line":621,"column":9}},"311":{"start":{"line":605,"column":45},"end":{"line":605,"column":68}},"312":{"start":{"line":606,"column":12},"end":{"line":606,"column":36}},"313":{"start":{"line":607,"column":78},"end":{"line":607,"column":257}},"314":{"start":{"line":608,"column":12},"end":{"line":608,"column":73}},"315":{"start":{"line":609,"column":12},"end":{"line":616,"column":13}},"316":{"start":{"line":610,"column":38},"end":{"line":610,"column":74}},"317":{"start":{"line":610,"column":58},"end":{"line":610,"column":73}},"318":{"start":{"line":611,"column":16},"end":{"line":611,"column":51}},"319":{"start":{"line":612,"column":16},"end":{"line":612,"column":31}},"320":{"start":{"line":613,"column":16},"end":{"line":615,"column":17}},"321":{"start":{"line":614,"column":20},"end":{"line":614,"column":50}},"322":{"start":{"line":619,"column":12},"end":{"line":619,"column":85}},"323":{"start":{"line":620,"column":12},"end":{"line":620,"column":28}},"324":{"start":{"line":624,"column":8},"end":{"line":624,"column":62}},"325":{"start":{"line":625,"column":8},"end":{"line":625,"column":32}},"326":{"start":{"line":626,"column":8},"end":{"line":626,"column":24}},"327":{"start":{"line":628,"column":27},"end":{"line":628,"column":47}},"328":{"start":{"line":629,"column":4},"end":{"line":644,"column":7}},"329":{"start":{"line":646,"column":0},"end":{"line":690,"column":3}},"330":{"start":{"line":647,"column":29},"end":{"line":647,"column":49}},"331":{"start":{"line":648,"column":23},"end":{"line":648,"column":27}},"332":{"start":{"line":649,"column":18},"end":{"line":649,"column":23}},"333":{"start":{"line":650,"column":20},"end":{"line":650,"column":22}},"334":{"start":{"line":651,"column":74},"end":{"line":651,"column":133}},"335":{"start":{"line":652,"column":4},"end":{"line":673,"column":5}},"336":{"start":{"line":653,"column":25},"end":{"line":653,"column":43}},"337":{"start":{"line":654,"column":8},"end":{"line":667,"column":9}},"338":{"start":{"line":655,"column":45},"end":{"line":655,"column":68}},"339":{"start":{"line":656,"column":12},"end":{"line":656,"column":36}},"340":{"start":{"line":657,"column":78},"end":{"line":657,"column":248}},"341":{"start":{"line":658,"column":12},"end":{"line":658,"column":73}},"342":{"start":{"line":659,"column":12},"end":{"line":659,"column":27}},"343":{"start":{"line":660,"column":12},"end":{"line":662,"column":13}},"344":{"start":{"line":661,"column":16},"end":{"line":661,"column":46}},"345":{"start":{"line":665,"column":12},"end":{"line":665,"column":85}},"346":{"start":{"line":666,"column":12},"end":{"line":666,"column":28}},"347":{"start":{"line":670,"column":8},"end":{"line":670,"column":62}},"348":{"start":{"line":671,"column":8},"end":{"line":671,"column":32}},"349":{"start":{"line":672,"column":8},"end":{"line":672,"column":24}},"350":{"start":{"line":674,"column":27},"end":{"line":674,"column":47}},"351":{"start":{"line":675,"column":4},"end":{"line":689,"column":7}},"352":{"start":{"line":691,"column":0},"end":{"line":735,"column":3}},"353":{"start":{"line":692,"column":29},"end":{"line":692,"column":49}},"354":{"start":{"line":693,"column":23},"end":{"line":693,"column":27}},"355":{"start":{"line":694,"column":18},"end":{"line":694,"column":23}},"356":{"start":{"line":695,"column":20},"end":{"line":695,"column":22}},"357":{"start":{"line":696,"column":74},"end":{"line":696,"column":133}},"358":{"start":{"line":697,"column":4},"end":{"line":718,"column":5}},"359":{"start":{"line":698,"column":25},"end":{"line":698,"column":43}},"360":{"start":{"line":699,"column":8},"end":{"line":712,"column":9}},"361":{"start":{"line":700,"column":45},"end":{"line":700,"column":68}},"362":{"start":{"line":701,"column":12},"end":{"line":701,"column":36}},"363":{"start":{"line":702,"column":75},"end":{"line":702,"column":208}},"364":{"start":{"line":703,"column":12},"end":{"line":703,"column":70}},"365":{"start":{"line":704,"column":12},"end":{"line":704,"column":27}},"366":{"start":{"line":705,"column":12},"end":{"line":707,"column":13}},"367":{"start":{"line":706,"column":16},"end":{"line":706,"column":46}},"368":{"start":{"line":710,"column":12},"end":{"line":710,"column":85}},"369":{"start":{"line":711,"column":12},"end":{"line":711,"column":28}},"370":{"start":{"line":715,"column":8},"end":{"line":715,"column":62}},"371":{"start":{"line":716,"column":8},"end":{"line":716,"column":32}},"372":{"start":{"line":717,"column":8},"end":{"line":717,"column":24}},"373":{"start":{"line":719,"column":27},"end":{"line":719,"column":47}},"374":{"start":{"line":720,"column":4},"end":{"line":734,"column":7}},"375":{"start":{"line":736,"column":0},"end":{"line":779,"column":3}},"376":{"start":{"line":737,"column":29},"end":{"line":737,"column":49}},"377":{"start":{"line":738,"column":23},"end":{"line":738,"column":27}},"378":{"start":{"line":739,"column":18},"end":{"line":739,"column":23}},"379":{"start":{"line":740,"column":20},"end":{"line":740,"column":22}},"380":{"start":{"line":741,"column":74},"end":{"line":741,"column":133}},"381":{"start":{"line":742,"column":4},"end":{"line":762,"column":5}},"382":{"start":{"line":743,"column":25},"end":{"line":743,"column":43}},"383":{"start":{"line":744,"column":8},"end":{"line":756,"column":9}},"384":{"start":{"line":745,"column":45},"end":{"line":745,"column":68}},"385":{"start":{"line":746,"column":76},"end":{"line":746,"column":149}},"386":{"start":{"line":747,"column":12},"end":{"line":749,"column":13}},"387":{"start":{"line":748,"column":16},"end":{"line":748,"column":46}},"388":{"start":{"line":750,"column":12},"end":{"line":750,"column":71}},"389":{"start":{"line":751,"column":12},"end":{"line":751,"column":27}},"390":{"start":{"line":754,"column":12},"end":{"line":754,"column":85}},"391":{"start":{"line":755,"column":12},"end":{"line":755,"column":28}},"392":{"start":{"line":759,"column":8},"end":{"line":759,"column":62}},"393":{"start":{"line":760,"column":8},"end":{"line":760,"column":32}},"394":{"start":{"line":761,"column":8},"end":{"line":761,"column":24}},"395":{"start":{"line":763,"column":27},"end":{"line":763,"column":47}},"396":{"start":{"line":764,"column":4},"end":{"line":778,"column":7}},"397":{"start":{"line":780,"column":0},"end":{"line":824,"column":3}},"398":{"start":{"line":781,"column":29},"end":{"line":781,"column":49}},"399":{"start":{"line":782,"column":23},"end":{"line":782,"column":27}},"400":{"start":{"line":783,"column":18},"end":{"line":783,"column":23}},"401":{"start":{"line":784,"column":20},"end":{"line":784,"column":22}},"402":{"start":{"line":785,"column":74},"end":{"line":785,"column":133}},"403":{"start":{"line":786,"column":4},"end":{"line":807,"column":5}},"404":{"start":{"line":787,"column":25},"end":{"line":787,"column":43}},"405":{"start":{"line":788,"column":8},"end":{"line":801,"column":9}},"406":{"start":{"line":789,"column":45},"end":{"line":789,"column":68}},"407":{"start":{"line":790,"column":12},"end":{"line":790,"column":36}},"408":{"start":{"line":791,"column":89},"end":{"line":791,"column":162}},"409":{"start":{"line":792,"column":12},"end":{"line":794,"column":13}},"410":{"start":{"line":793,"column":16},"end":{"line":793,"column":46}},"411":{"start":{"line":795,"column":12},"end":{"line":795,"column":84}},"412":{"start":{"line":796,"column":12},"end":{"line":796,"column":27}},"413":{"start":{"line":799,"column":12},"end":{"line":799,"column":85}},"414":{"start":{"line":800,"column":12},"end":{"line":800,"column":28}},"415":{"start":{"line":804,"column":8},"end":{"line":804,"column":62}},"416":{"start":{"line":805,"column":8},"end":{"line":805,"column":32}},"417":{"start":{"line":806,"column":8},"end":{"line":806,"column":24}},"418":{"start":{"line":808,"column":27},"end":{"line":808,"column":47}},"419":{"start":{"line":809,"column":4},"end":{"line":823,"column":7}},"420":{"start":{"line":825,"column":0},"end":{"line":869,"column":3}},"421":{"start":{"line":826,"column":29},"end":{"line":826,"column":49}},"422":{"start":{"line":827,"column":23},"end":{"line":827,"column":27}},"423":{"start":{"line":828,"column":18},"end":{"line":828,"column":23}},"424":{"start":{"line":829,"column":20},"end":{"line":829,"column":22}},"425":{"start":{"line":830,"column":74},"end":{"line":830,"column":133}},"426":{"start":{"line":831,"column":4},"end":{"line":852,"column":5}},"427":{"start":{"line":832,"column":25},"end":{"line":832,"column":43}},"428":{"start":{"line":833,"column":8},"end":{"line":846,"column":9}},"429":{"start":{"line":834,"column":45},"end":{"line":834,"column":68}},"430":{"start":{"line":835,"column":12},"end":{"line":835,"column":36}},"431":{"start":{"line":836,"column":77},"end":{"line":836,"column":153}},"432":{"start":{"line":837,"column":12},"end":{"line":839,"column":13}},"433":{"start":{"line":838,"column":16},"end":{"line":838,"column":46}},"434":{"start":{"line":840,"column":12},"end":{"line":840,"column":72}},"435":{"start":{"line":841,"column":12},"end":{"line":841,"column":27}},"436":{"start":{"line":844,"column":12},"end":{"line":844,"column":85}},"437":{"start":{"line":845,"column":12},"end":{"line":845,"column":28}},"438":{"start":{"line":849,"column":8},"end":{"line":849,"column":62}},"439":{"start":{"line":850,"column":8},"end":{"line":850,"column":32}},"440":{"start":{"line":851,"column":8},"end":{"line":851,"column":24}},"441":{"start":{"line":853,"column":27},"end":{"line":853,"column":47}},"442":{"start":{"line":854,"column":4},"end":{"line":868,"column":7}},"443":{"start":{"line":872,"column":30},"end":{"line":872,"column":56}},"444":{"start":{"line":873,"column":28},"end":{"line":873,"column":52}},"445":{"start":{"line":874,"column":15},"end":{"line":874,"column":86}},"446":{"start":{"line":874,"column":65},"end":{"line":874,"column":85}},"447":{"start":{"line":875,"column":22},"end":{"line":875,"column":43}},"448":{"start":{"line":876,"column":19},"end":{"line":876,"column":51}},"449":{"start":{"line":877,"column":4},"end":{"line":883,"column":5}},"450":{"start":{"line":885,"column":0},"end":{"line":885,"column":21}}},"fnMap":{"0":{"name":"initDB","decl":{"start":{"line":29,"column":15},"end":{"line":29,"column":21}},"loc":{"start":{"line":29,"column":24},"end":{"line":36,"column":1}},"line":29},"1":{"name":"(anonymous_1)","decl":{"start":{"line":47,"column":25},"end":{"line":47,"column":26}},"loc":{"start":{"line":47,"column":51},"end":{"line":49,"column":1}},"line":47},"2":{"name":"(anonymous_2)","decl":{"start":{"line":51,"column":24},"end":{"line":51,"column":25}},"loc":{"start":{"line":51,"column":38},"end":{"line":72,"column":1}},"line":51},"3":{"name":"(anonymous_3)","decl":{"start":{"line":74,"column":21},"end":{"line":74,"column":22}},"loc":{"start":{"line":74,"column":35},"end":{"line":76,"column":1}},"line":74},"4":{"name":"(anonymous_4)","decl":{"start":{"line":78,"column":27},"end":{"line":78,"column":28}},"loc":{"start":{"line":78,"column":47},"end":{"line":120,"column":1}},"line":78},"5":{"name":"(anonymous_5)","decl":{"start":{"line":122,"column":30},"end":{"line":122,"column":31}},"loc":{"start":{"line":122,"column":44},"end":{"line":125,"column":1}},"line":122},"6":{"name":"(anonymous_6)","decl":{"start":{"line":128,"column":31},"end":{"line":128,"column":32}},"loc":{"start":{"line":128,"column":51},"end":{"line":136,"column":1}},"line":128},"7":{"name":"(anonymous_7)","decl":{"start":{"line":138,"column":34},"end":{"line":138,"column":35}},"loc":{"start":{"line":138,"column":60},"end":{"line":156,"column":1}},"line":138},"8":{"name":"(anonymous_8)","decl":{"start":{"line":158,"column":28},"end":{"line":158,"column":29}},"loc":{"start":{"line":158,"column":54},"end":{"line":191,"column":1}},"line":158},"9":{"name":"(anonymous_9)","decl":{"start":{"line":193,"column":27},"end":{"line":193,"column":28}},"loc":{"start":{"line":193,"column":53},"end":{"line":254,"column":1}},"line":193},"10":{"name":"(anonymous_10)","decl":{"start":{"line":256,"column":33},"end":{"line":256,"column":34}},"loc":{"start":{"line":256,"column":59},"end":{"line":271,"column":1}},"line":256},"11":{"name":"(anonymous_11)","decl":{"start":{"line":273,"column":26},"end":{"line":273,"column":27}},"loc":{"start":{"line":273,"column":52},"end":{"line":348,"column":1}},"line":273},"12":{"name":"(anonymous_12)","decl":{"start":{"line":350,"column":27},"end":{"line":350,"column":28}},"loc":{"start":{"line":350,"column":53},"end":{"line":395,"column":1}},"line":350},"13":{"name":"(anonymous_13)","decl":{"start":{"line":397,"column":21},"end":{"line":397,"column":22}},"loc":{"start":{"line":397,"column":47},"end":{"line":421,"column":1}},"line":397},"14":{"name":"(anonymous_14)","decl":{"start":{"line":423,"column":27},"end":{"line":423,"column":28}},"loc":{"start":{"line":423,"column":53},"end":{"line":484,"column":1}},"line":423},"15":{"name":"(anonymous_15)","decl":{"start":{"line":485,"column":25},"end":{"line":485,"column":26}},"loc":{"start":{"line":485,"column":51},"end":{"line":534,"column":1}},"line":485},"16":{"name":"(anonymous_16)","decl":{"start":{"line":535,"column":25},"end":{"line":535,"column":26}},"loc":{"start":{"line":535,"column":51},"end":{"line":583,"column":1}},"line":535},"17":{"name":"(anonymous_17)","decl":{"start":{"line":584,"column":25},"end":{"line":584,"column":26}},"loc":{"start":{"line":584,"column":51},"end":{"line":594,"column":1}},"line":584},"18":{"name":"(anonymous_18)","decl":{"start":{"line":595,"column":20},"end":{"line":595,"column":21}},"loc":{"start":{"line":595,"column":46},"end":{"line":645,"column":1}},"line":595},"19":{"name":"(anonymous_19)","decl":{"start":{"line":610,"column":53},"end":{"line":610,"column":54}},"loc":{"start":{"line":610,"column":58},"end":{"line":610,"column":73}},"line":610},"20":{"name":"(anonymous_20)","decl":{"start":{"line":646,"column":21},"end":{"line":646,"column":22}},"loc":{"start":{"line":646,"column":47},"end":{"line":690,"column":1}},"line":646},"21":{"name":"(anonymous_21)","decl":{"start":{"line":691,"column":20},"end":{"line":691,"column":21}},"loc":{"start":{"line":691,"column":46},"end":{"line":735,"column":1}},"line":691},"22":{"name":"(anonymous_22)","decl":{"start":{"line":736,"column":21},"end":{"line":736,"column":22}},"loc":{"start":{"line":736,"column":47},"end":{"line":779,"column":1}},"line":736},"23":{"name":"(anonymous_23)","decl":{"start":{"line":780,"column":22},"end":{"line":780,"column":23}},"loc":{"start":{"line":780,"column":48},"end":{"line":824,"column":1}},"line":780},"24":{"name":"(anonymous_24)","decl":{"start":{"line":825,"column":24},"end":{"line":825,"column":25}},"loc":{"start":{"line":825,"column":50},"end":{"line":869,"column":1}},"line":825},"25":{"name":"getAnalyticsVariablesInReqHeaders","decl":{"start":{"line":871,"column":9},"end":{"line":871,"column":42}},"loc":{"start":{"line":871,"column":56},"end":{"line":884,"column":1}},"line":871},"26":{"name":"(anonymous_26)","decl":{"start":{"line":874,"column":60},"end":{"line":874,"column":61}},"loc":{"start":{"line":874,"column":65},"end":{"line":874,"column":85}},"line":874}},"branchMap":{"0":{"loc":{"start":{"line":53,"column":8},"end":{"line":57,"column":9}},"type":"if","locations":[{"start":{"line":53,"column":8},"end":{"line":57,"column":9}},{"start":{},"end":{}}],"line":53},"1":{"loc":{"start":{"line":59,"column":8},"end":{"line":67,"column":9}},"type":"if","locations":[{"start":{"line":59,"column":8},"end":{"line":67,"column":9}},{"start":{"line":65,"column":13},"end":{"line":67,"column":9}}],"line":59},"2":{"loc":{"start":{"line":60,"column":12},"end":{"line":62,"column":13}},"type":"if","locations":[{"start":{"line":60,"column":12},"end":{"line":62,"column":13}},{"start":{},"end":{}}],"line":60},"3":{"loc":{"start":{"line":86,"column":8},"end":{"line":97,"column":9}},"type":"if","locations":[{"start":{"line":86,"column":8},"end":{"line":97,"column":9}},{"start":{"line":94,"column":13},"end":{"line":97,"column":9}}],"line":86},"4":{"loc":{"start":{"line":141,"column":8},"end":{"line":150,"column":9}},"type":"if","locations":[{"start":{"line":141,"column":8},"end":{"line":150,"column":9}},{"start":{},"end":{}}],"line":141},"5":{"loc":{"start":{"line":165,"column":8},"end":{"line":173,"column":9}},"type":"if","locations":[{"start":{"line":165,"column":8},"end":{"line":173,"column":9}},{"start":{"line":170,"column":13},"end":{"line":173,"column":9}}],"line":165},"6":{"loc":{"start":{"line":200,"column":8},"end":{"line":235,"column":9}},"type":"if","locations":[{"start":{"line":200,"column":8},"end":{"line":235,"column":9}},{"start":{"line":232,"column":13},"end":{"line":235,"column":9}}],"line":200},"7":{"loc":{"start":{"line":209,"column":12},"end":{"line":211,"column":13}},"type":"if","locations":[{"start":{"line":209,"column":12},"end":{"line":211,"column":13}},{"start":{},"end":{}}],"line":209},"8":{"loc":{"start":{"line":214,"column":12},"end":{"line":230,"column":13}},"type":"if","locations":[{"start":{"line":214,"column":12},"end":{"line":230,"column":13}},{"start":{"line":227,"column":17},"end":{"line":230,"column":13}}],"line":214},"9":{"loc":{"start":{"line":216,"column":16},"end":{"line":224,"column":17}},"type":"if","locations":[{"start":{"line":216,"column":16},"end":{"line":224,"column":17}},{"start":{"line":219,"column":21},"end":{"line":224,"column":17}}],"line":216},"10":{"loc":{"start":{"line":259,"column":8},"end":{"line":265,"column":9}},"type":"if","locations":[{"start":{"line":259,"column":8},"end":{"line":265,"column":9}},{"start":{"line":263,"column":13},"end":{"line":265,"column":9}}],"line":259},"11":{"loc":{"start":{"line":280,"column":8},"end":{"line":329,"column":9}},"type":"if","locations":[{"start":{"line":280,"column":8},"end":{"line":329,"column":9}},{"start":{"line":326,"column":13},"end":{"line":329,"column":9}}],"line":280},"12":{"loc":{"start":{"line":289,"column":12},"end":{"line":291,"column":13}},"type":"if","locations":[{"start":{"line":289,"column":12},"end":{"line":291,"column":13}},{"start":{},"end":{}}],"line":289},"13":{"loc":{"start":{"line":294,"column":12},"end":{"line":296,"column":13}},"type":"if","locations":[{"start":{"line":294,"column":12},"end":{"line":296,"column":13}},{"start":{},"end":{}}],"line":294},"14":{"loc":{"start":{"line":301,"column":12},"end":{"line":322,"column":13}},"type":"if","locations":[{"start":{"line":301,"column":12},"end":{"line":322,"column":13}},{"start":{"line":304,"column":17},"end":{"line":322,"column":13}}],"line":301},"15":{"loc":{"start":{"line":305,"column":16},"end":{"line":321,"column":17}},"type":"if","locations":[{"start":{"line":305,"column":16},"end":{"line":321,"column":17}},{"start":{},"end":{}}],"line":305},"16":{"loc":{"start":{"line":305,"column":20},"end":{"line":305,"column":73}},"type":"binary-expr","locations":[{"start":{"line":305,"column":20},"end":{"line":305,"column":55}},{"start":{"line":305,"column":59},"end":{"line":305,"column":73}}],"line":305},"17":{"loc":{"start":{"line":310,"column":24},"end":{"line":319,"column":25}},"type":"if","locations":[{"start":{"line":310,"column":24},"end":{"line":319,"column":25}},{"start":{"line":317,"column":29},"end":{"line":319,"column":25}}],"line":310},"18":{"loc":{"start":{"line":310,"column":28},"end":{"line":310,"column":170}},"type":"binary-expr","locations":[{"start":{"line":310,"column":29},"end":{"line":310,"column":80}},{"start":{"line":310,"column":84},"end":{"line":310,"column":134}},{"start":{"line":310,"column":139},"end":{"line":310,"column":170}}],"line":310},"19":{"loc":{"start":{"line":357,"column":8},"end":{"line":376,"column":9}},"type":"if","locations":[{"start":{"line":357,"column":8},"end":{"line":376,"column":9}},{"start":{"line":373,"column":13},"end":{"line":376,"column":9}}],"line":357},"20":{"loc":{"start":{"line":366,"column":12},"end":{"line":368,"column":13}},"type":"if","locations":[{"start":{"line":366,"column":12},"end":{"line":368,"column":13}},{"start":{},"end":{}}],"line":366},"21":{"loc":{"start":{"line":400,"column":8},"end":{"line":415,"column":9}},"type":"if","locations":[{"start":{"line":400,"column":8},"end":{"line":415,"column":9}},{"start":{"line":413,"column":13},"end":{"line":415,"column":9}}],"line":400},"22":{"loc":{"start":{"line":408,"column":12},"end":{"line":410,"column":13}},"type":"if","locations":[{"start":{"line":408,"column":12},"end":{"line":410,"column":13}},{"start":{},"end":{}}],"line":408},"23":{"loc":{"start":{"line":429,"column":8},"end":{"line":431,"column":9}},"type":"if","locations":[{"start":{"line":429,"column":8},"end":{"line":431,"column":9}},{"start":{},"end":{}}],"line":429},"24":{"loc":{"start":{"line":429,"column":12},"end":{"line":429,"column":78}},"type":"binary-expr","locations":[{"start":{"line":429,"column":12},"end":{"line":429,"column":37}},{"start":{"line":429,"column":41},"end":{"line":429,"column":78}}],"line":429},"25":{"loc":{"start":{"line":432,"column":34},"end":{"line":434,"column":102}},"type":"cond-expr","locations":[{"start":{"line":433,"column":12},"end":{"line":433,"column":49}},{"start":{"line":434,"column":12},"end":{"line":434,"column":102}}],"line":432},"26":{"loc":{"start":{"line":437,"column":8},"end":{"line":439,"column":9}},"type":"if","locations":[{"start":{"line":437,"column":8},"end":{"line":439,"column":9}},{"start":{},"end":{}}],"line":437},"27":{"loc":{"start":{"line":441,"column":8},"end":{"line":443,"column":9}},"type":"if","locations":[{"start":{"line":441,"column":8},"end":{"line":443,"column":9}},{"start":{},"end":{}}],"line":441},"28":{"loc":{"start":{"line":453,"column":8},"end":{"line":464,"column":9}},"type":"if","locations":[{"start":{"line":453,"column":8},"end":{"line":464,"column":9}},{"start":{"line":461,"column":13},"end":{"line":464,"column":9}}],"line":453},"29":{"loc":{"start":{"line":496,"column":8},"end":{"line":498,"column":9}},"type":"if","locations":[{"start":{"line":496,"column":8},"end":{"line":498,"column":9}},{"start":{},"end":{}}],"line":496},"30":{"loc":{"start":{"line":499,"column":8},"end":{"line":501,"column":9}},"type":"if","locations":[{"start":{"line":499,"column":8},"end":{"line":501,"column":9}},{"start":{},"end":{}}],"line":499},"31":{"loc":{"start":{"line":503,"column":8},"end":{"line":514,"column":9}},"type":"if","locations":[{"start":{"line":503,"column":8},"end":{"line":514,"column":9}},{"start":{"line":511,"column":13},"end":{"line":514,"column":9}}],"line":503},"32":{"loc":{"start":{"line":542,"column":8},"end":{"line":563,"column":9}},"type":"if","locations":[{"start":{"line":542,"column":8},"end":{"line":563,"column":9}},{"start":{"line":560,"column":13},"end":{"line":563,"column":9}}],"line":542},"33":{"loc":{"start":{"line":551,"column":12},"end":{"line":554,"column":13}},"type":"if","locations":[{"start":{"line":551,"column":12},"end":{"line":554,"column":13}},{"start":{},"end":{}}],"line":551},"34":{"loc":{"start":{"line":604,"column":8},"end":{"line":621,"column":9}},"type":"if","locations":[{"start":{"line":604,"column":8},"end":{"line":621,"column":9}},{"start":{"line":618,"column":13},"end":{"line":621,"column":9}}],"line":604},"35":{"loc":{"start":{"line":607,"column":223},"end":{"line":607,"column":254}},"type":"binary-expr","locations":[{"start":{"line":607,"column":223},"end":{"line":607,"column":245}},{"start":{"line":607,"column":249},"end":{"line":607,"column":254}}],"line":607},"36":{"loc":{"start":{"line":609,"column":12},"end":{"line":616,"column":13}},"type":"if","locations":[{"start":{"line":609,"column":12},"end":{"line":616,"column":13}},{"start":{},"end":{}}],"line":609},"37":{"loc":{"start":{"line":613,"column":16},"end":{"line":615,"column":17}},"type":"if","locations":[{"start":{"line":613,"column":16},"end":{"line":615,"column":17}},{"start":{},"end":{}}],"line":613},"38":{"loc":{"start":{"line":654,"column":8},"end":{"line":667,"column":9}},"type":"if","locations":[{"start":{"line":654,"column":8},"end":{"line":667,"column":9}},{"start":{"line":664,"column":13},"end":{"line":667,"column":9}}],"line":654},"39":{"loc":{"start":{"line":660,"column":12},"end":{"line":662,"column":13}},"type":"if","locations":[{"start":{"line":660,"column":12},"end":{"line":662,"column":13}},{"start":{},"end":{}}],"line":660},"40":{"loc":{"start":{"line":699,"column":8},"end":{"line":712,"column":9}},"type":"if","locations":[{"start":{"line":699,"column":8},"end":{"line":712,"column":9}},{"start":{"line":709,"column":13},"end":{"line":712,"column":9}}],"line":699},"41":{"loc":{"start":{"line":705,"column":12},"end":{"line":707,"column":13}},"type":"if","locations":[{"start":{"line":705,"column":12},"end":{"line":707,"column":13}},{"start":{},"end":{}}],"line":705},"42":{"loc":{"start":{"line":744,"column":8},"end":{"line":756,"column":9}},"type":"if","locations":[{"start":{"line":744,"column":8},"end":{"line":756,"column":9}},{"start":{"line":753,"column":13},"end":{"line":756,"column":9}}],"line":744},"43":{"loc":{"start":{"line":747,"column":12},"end":{"line":749,"column":13}},"type":"if","locations":[{"start":{"line":747,"column":12},"end":{"line":749,"column":13}},{"start":{},"end":{}}],"line":747},"44":{"loc":{"start":{"line":788,"column":8},"end":{"line":801,"column":9}},"type":"if","locations":[{"start":{"line":788,"column":8},"end":{"line":801,"column":9}},{"start":{"line":798,"column":13},"end":{"line":801,"column":9}}],"line":788},"45":{"loc":{"start":{"line":792,"column":12},"end":{"line":794,"column":13}},"type":"if","locations":[{"start":{"line":792,"column":12},"end":{"line":794,"column":13}},{"start":{},"end":{}}],"line":792},"46":{"loc":{"start":{"line":833,"column":8},"end":{"line":846,"column":9}},"type":"if","locations":[{"start":{"line":833,"column":8},"end":{"line":846,"column":9}},{"start":{"line":843,"column":13},"end":{"line":846,"column":9}}],"line":833},"47":{"loc":{"start":{"line":837,"column":12},"end":{"line":839,"column":13}},"type":"if","locations":[{"start":{"line":837,"column":12},"end":{"line":839,"column":13}},{"start":{},"end":{}}],"line":837}},"s":{"0":4,"1":4,"2":4,"3":4,"4":4,"5":4,"6":4,"7":4,"8":4,"9":4,"10":4,"11":4,"12":4,"13":4,"14":4,"15":4,"16":4,"17":4,"18":4,"19":4,"20":4,"21":4,"22":4,"23":4,"24":4,"25":4,"26":4,"27":4,"28":4,"29":4,"30":4,"31":4,"32":4,"33":4,"34":4,"35":0,"36":4,"37":3,"38":3,"39":1,"40":1,"41":1,"42":2,"43":1,"44":1,"45":0,"46":1,"47":0,"48":1,"49":4,"50":0,"51":4,"52":0,"53":0,"54":0,"55":0,"56":0,"57":0,"58":0,"59":0,"60":0,"61":0,"62":0,"63":0,"64":0,"65":0,"66":0,"67":0,"68":0,"69":0,"70":0,"71":0,"72":0,"73":4,"74":0,"75":0,"76":4,"77":0,"78":0,"79":0,"80":0,"81":4,"82":0,"83":0,"84":0,"85":0,"86":0,"87":0,"88":0,"89":0,"90":4,"91":0,"92":0,"93":0,"94":0,"95":0,"96":0,"97":0,"98":0,"99":0,"100":0,"101":0,"102":0,"103":0,"104":0,"105":0,"106":0,"107":4,"108":0,"109":0,"110":0,"111":0,"112":0,"113":0,"114":0,"115":0,"116":0,"117":0,"118":0,"119":0,"120":0,"121":0,"122":0,"123":0,"124":0,"125":0,"126":0,"127":0,"128":0,"129":0,"130":0,"131":0,"132":0,"133":0,"134":0,"135":0,"136":4,"137":0,"138":0,"139":0,"140":0,"141":0,"142":0,"143":0,"144":0,"145":4,"146":0,"147":0,"148":0,"149":0,"150":0,"151":0,"152":0,"153":0,"154":0,"155":0,"156":0,"157":0,"158":0,"159":0,"160":0,"161":0,"162":0,"163":0,"164":0,"165":0,"166":0,"167":0,"168":0,"169":0,"170":0,"171":0,"172":0,"173":0,"174":0,"175":0,"176":0,"177":0,"178":0,"179":0,"180":4,"181":0,"182":0,"183":0,"184":0,"185":0,"186":0,"187":0,"188":0,"189":0,"190":0,"191":0,"192":0,"193":0,"194":0,"195":0,"196":0,"197":0,"198":0,"199":0,"200":0,"201":0,"202":4,"203":3,"204":3,"205":3,"206":2,"207":2,"208":1,"209":0,"210":1,"211":1,"212":1,"213":1,"214":4,"215":3,"216":3,"217":3,"218":3,"219":3,"220":3,"221":1,"222":2,"223":2,"224":2,"225":2,"226":1,"227":1,"228":1,"229":0,"230":1,"231":1,"232":1,"233":1,"234":1,"235":0,"236":0,"237":2,"238":2,"239":2,"240":3,"241":3,"242":4,"243":2,"244":2,"245":2,"246":2,"247":2,"248":2,"249":2,"250":2,"251":2,"252":2,"253":2,"254":1,"255":1,"256":1,"257":0,"258":0,"259":0,"260":0,"261":0,"262":0,"263":0,"264":2,"265":2,"266":2,"267":2,"268":2,"269":4,"270":4,"271":4,"272":4,"273":4,"274":4,"275":4,"276":4,"277":3,"278":3,"279":2,"280":2,"281":1,"282":1,"283":1,"284":1,"285":1,"286":1,"287":1,"288":1,"289":1,"290":1,"291":1,"292":3,"293":3,"294":4,"295":1,"296":1,"297":1,"298":1,"299":0,"300":0,"301":4,"302":7,"303":7,"304":7,"305":7,"306":7,"307":7,"308":7,"309":7,"310":7,"311":6,"312":5,"313":5,"314":5,"315":5,"316":2,"317":3,"318":2,"319":2,"320":2,"321":0,"322":1,"323":1,"324":1,"325":1,"326":1,"327":7,"328":7,"329":4,"330":5,"331":5,"332":5,"333":5,"334":5,"335":5,"336":5,"337":5,"338":4,"339":3,"340":3,"341":3,"342":3,"343":3,"344":0,"345":1,"346":1,"347":1,"348":1,"349":1,"350":5,"351":5,"352":4,"353":5,"354":5,"355":5,"356":5,"357":5,"358":5,"359":5,"360":5,"361":4,"362":3,"363":3,"364":3,"365":3,"366":3,"367":0,"368":1,"369":1,"370":1,"371":1,"372":1,"373":5,"374":5,"375":4,"376":5,"377":5,"378":5,"379":5,"380":5,"381":5,"382":5,"383":5,"384":4,"385":3,"386":3,"387":0,"388":3,"389":3,"390":1,"391":1,"392":1,"393":1,"394":1,"395":5,"396":5,"397":4,"398":5,"399":5,"400":5,"401":5,"402":5,"403":5,"404":5,"405":5,"406":4,"407":3,"408":3,"409":3,"410":1,"411":3,"412":3,"413":1,"414":1,"415":1,"416":1,"417":1,"418":5,"419":5,"420":4,"421":5,"422":5,"423":5,"424":5,"425":5,"426":5,"427":5,"428":5,"429":4,"430":3,"431":3,"432":3,"433":0,"434":3,"435":3,"436":1,"437":1,"438":1,"439":1,"440":1,"441":5,"442":5,"443":41,"444":41,"445":41,"446":0,"447":41,"448":41,"449":41,"450":4},"f":{"0":4,"1":0,"2":3,"3":0,"4":0,"5":0,"6":0,"7":0,"8":0,"9":0,"10":0,"11":0,"12":0,"13":3,"14":3,"15":2,"16":4,"17":1,"18":7,"19":3,"20":5,"21":5,"22":5,"23":5,"24":5,"25":41,"26":0},"b":{"0":[1,2],"1":[1,0],"2":[0,1],"3":[0,0],"4":[0,0],"5":[0,0],"6":[0,0],"7":[0,0],"8":[0,0],"9":[0,0],"10":[0,0],"11":[0,0],"12":[0,0],"13":[0,0],"14":[0,0],"15":[0,0],"16":[0,0],"17":[0,0],"18":[0,0,0],"19":[0,0],"20":[0,0],"21":[2,1],"22":[0,1],"23":[1,2],"24":[3,2],"25":[1,1],"26":[1,1],"27":[0,1],"28":[1,0],"29":[1,1],"30":[1,0],"31":[0,0],"32":[3,1],"33":[1,1],"34":[6,1],"35":[5,5],"36":[2,3],"37":[0,2],"38":[4,1],"39":[0,3],"40":[4,1],"41":[0,3],"42":[4,1],"43":[0,3],"44":[4,1],"45":[1,2],"46":[4,1],"47":[0,3]},"_coverageSchema":"1a1c01bbd47fc00a2c39e90264f33305004495a9","hash":"b506e4fcf62fd60ac102acc90c7ebef7d034f9bd"}
,"C:\\Users\\da.kong\\Documents\\Github\\rc-unified-crm-extension\\src\\adapters\\pipedrive\\index.js": {"path":"C:\\Users\\da.kong\\Documents\\Github\\rc-unified-crm-extension\\src\\adapters\\pipedrive\\index.js","statementMap":{"0":{"start":{"line":1,"column":14},"end":{"line":1,"column":30}},"1":{"start":{"line":2,"column":15},"end":{"line":2,"column":32}},"2":{"start":{"line":3,"column":12},"end":{"line":3,"column":26}},"3":{"start":{"line":4,"column":29},"end":{"line":4,"column":59}},"4":{"start":{"line":5,"column":41},"end":{"line":5,"column":66}},"5":{"start":{"line":8,"column":4},"end":{"line":8,"column":19}},"6":{"start":{"line":12,"column":4},"end":{"line":17,"column":5}},"7":{"start":{"line":21,"column":4},"end":{"line":73,"column":5}},"8":{"start":{"line":22,"column":33},"end":{"line":26,"column":10}},"9":{"start":{"line":27,"column":19},"end":{"line":27,"column":59}},"10":{"start":{"line":28,"column":21},"end":{"line":28,"column":52}},"11":{"start":{"line":29,"column":29},"end":{"line":29,"column":69}},"12":{"start":{"line":30,"column":31},"end":{"line":30,"column":73}},"13":{"start":{"line":31,"column":8},"end":{"line":50,"column":10}},"14":{"start":{"line":53,"column":8},"end":{"line":72,"column":9}},"15":{"start":{"line":77,"column":22},"end":{"line":77,"column":64}},"16":{"start":{"line":78,"column":28},"end":{"line":78,"column":135}},"17":{"start":{"line":79,"column":31},"end":{"line":81,"column":6}},"18":{"start":{"line":82,"column":34},"end":{"line":87,"column":10}},"19":{"start":{"line":88,"column":30},"end":{"line":90,"column":6}},"20":{"start":{"line":91,"column":33},"end":{"line":96,"column":10}},"21":{"start":{"line":97,"column":4},"end":{"line":97,"column":25}},"22":{"start":{"line":98,"column":4},"end":{"line":104,"column":5}},"23":{"start":{"line":108,"column":4},"end":{"line":108,"column":47}},"24":{"start":{"line":110,"column":4},"end":{"line":119,"column":5}},"25":{"start":{"line":111,"column":8},"end":{"line":118,"column":10}},"26":{"start":{"line":120,"column":27},"end":{"line":120,"column":56}},"27":{"start":{"line":121,"column":40},"end":{"line":121,"column":51}},"28":{"start":{"line":122,"column":4},"end":{"line":124,"column":5}},"29":{"start":{"line":123,"column":8},"end":{"line":123,"column":74}},"30":{"start":{"line":125,"column":23},"end":{"line":129,"column":10}},"31":{"start":{"line":130,"column":31},"end":{"line":130,"column":33}},"32":{"start":{"line":131,"column":4},"end":{"line":141,"column":5}},"33":{"start":{"line":132,"column":30},"end":{"line":136,"column":14}},"34":{"start":{"line":137,"column":29},"end":{"line":139,"column":18}},"35":{"start":{"line":138,"column":47},"end":{"line":138,"column":85}},"36":{"start":{"line":140,"column":8},"end":{"line":140,"column":74}},"37":{"start":{"line":142,"column":4},"end":{"line":146,"column":7}},"38":{"start":{"line":147,"column":4},"end":{"line":147,"column":34}},"39":{"start":{"line":151,"column":4},"end":{"line":158,"column":5}},"40":{"start":{"line":162,"column":21},"end":{"line":165,"column":5}},"41":{"start":{"line":166,"column":29},"end":{"line":171,"column":10}},"42":{"start":{"line":172,"column":4},"end":{"line":182,"column":5}},"43":{"start":{"line":186,"column":19},"end":{"line":186,"column":73}},"44":{"start":{"line":187,"column":27},"end":{"line":187,"column":145}},"45":{"start":{"line":188,"column":18},"end":{"line":188,"column":62}},"46":{"start":{"line":189,"column":20},"end":{"line":189,"column":74}},"47":{"start":{"line":190,"column":20},"end":{"line":190,"column":79}},"48":{"start":{"line":191,"column":19},"end":{"line":191,"column":39}},"49":{"start":{"line":192,"column":4},"end":{"line":192,"column":119}},"50":{"start":{"line":192,"column":60},"end":{"line":192,"column":117}},"51":{"start":{"line":193,"column":4},"end":{"line":193,"column":42}},"52":{"start":{"line":194,"column":4},"end":{"line":194,"column":195}},"53":{"start":{"line":194,"column":69},"end":{"line":194,"column":193}},"54":{"start":{"line":195,"column":4},"end":{"line":195,"column":183}},"55":{"start":{"line":195,"column":64},"end":{"line":195,"column":181}},"56":{"start":{"line":196,"column":4},"end":{"line":196,"column":144}},"57":{"start":{"line":196,"column":64},"end":{"line":196,"column":142}},"58":{"start":{"line":197,"column":4},"end":{"line":197,"column":136}},"59":{"start":{"line":197,"column":62},"end":{"line":197,"column":134}},"60":{"start":{"line":198,"column":4},"end":{"line":198,"column":188}},"61":{"start":{"line":198,"column":96},"end":{"line":198,"column":186}},"62":{"start":{"line":199,"column":4},"end":{"line":199,"column":24}},"63":{"start":{"line":200,"column":4},"end":{"line":200,"column":130}},"64":{"start":{"line":200,"column":76},"end":{"line":200,"column":128}},"65":{"start":{"line":201,"column":4},"end":{"line":201,"column":146}},"66":{"start":{"line":201,"column":84},"end":{"line":201,"column":144}},"67":{"start":{"line":202,"column":21},"end":{"line":213,"column":5}},"68":{"start":{"line":214,"column":22},"end":{"line":219,"column":10}},"69":{"start":{"line":220,"column":4},"end":{"line":227,"column":6}},"70":{"start":{"line":231,"column":35},"end":{"line":231,"column":66}},"71":{"start":{"line":232,"column":22},"end":{"line":236,"column":10}},"72":{"start":{"line":237,"column":18},"end":{"line":237,"column":20}},"73":{"start":{"line":238,"column":18},"end":{"line":238,"column":42}},"74":{"start":{"line":240,"column":4},"end":{"line":240,"column":129}},"75":{"start":{"line":240,"column":72},"end":{"line":240,"column":127}},"76":{"start":{"line":241,"column":4},"end":{"line":241,"column":179}},"77":{"start":{"line":241,"column":81},"end":{"line":241,"column":177}},"78":{"start":{"line":242,"column":4},"end":{"line":242,"column":140}},"79":{"start":{"line":242,"column":80},"end":{"line":242,"column":138}},"80":{"start":{"line":243,"column":4},"end":{"line":243,"column":132}},"81":{"start":{"line":243,"column":76},"end":{"line":243,"column":130}},"82":{"start":{"line":244,"column":4},"end":{"line":244,"column":152}},"83":{"start":{"line":244,"column":86},"end":{"line":244,"column":150}},"84":{"start":{"line":245,"column":4},"end":{"line":245,"column":128}},"85":{"start":{"line":245,"column":76},"end":{"line":245,"column":126}},"86":{"start":{"line":246,"column":4},"end":{"line":246,"column":144}},"87":{"start":{"line":246,"column":84},"end":{"line":246,"column":142}},"88":{"start":{"line":247,"column":4},"end":{"line":247,"column":27}},"89":{"start":{"line":249,"column":4},"end":{"line":251,"column":5}},"90":{"start":{"line":250,"column":8},"end":{"line":250,"column":34}},"91":{"start":{"line":253,"column":22},"end":{"line":258,"column":10}},"92":{"start":{"line":259,"column":4},"end":{"line":266,"column":6}},"93":{"start":{"line":270,"column":29},"end":{"line":274,"column":6}},"94":{"start":{"line":275,"column":21},"end":{"line":275,"column":52}},"95":{"start":{"line":276,"column":19},"end":{"line":276,"column":73}},"96":{"start":{"line":277,"column":18},"end":{"line":277,"column":77}},"97":{"start":{"line":278,"column":20},"end":{"line":278,"column":77}},"98":{"start":{"line":279,"column":20},"end":{"line":279,"column":82}},"99":{"start":{"line":280,"column":34},"end":{"line":280,"column":140}},"100":{"start":{"line":281,"column":23},"end":{"line":281,"column":99}},"101":{"start":{"line":281,"column":65},"end":{"line":281,"column":98}},"102":{"start":{"line":283,"column":24},"end":{"line":283,"column":86}},"103":{"start":{"line":284,"column":18},"end":{"line":284,"column":20}},"104":{"start":{"line":285,"column":15},"end":{"line":285,"column":17}},"105":{"start":{"line":286,"column":4},"end":{"line":315,"column":5}},"106":{"start":{"line":288,"column":12},"end":{"line":288,"column":150}},"107":{"start":{"line":289,"column":12},"end":{"line":305,"column":58}},"108":{"start":{"line":306,"column":12},"end":{"line":306,"column":18}},"109":{"start":{"line":308,"column":12},"end":{"line":308,"column":146}},"110":{"start":{"line":309,"column":12},"end":{"line":309,"column":137}},"111":{"start":{"line":310,"column":12},"end":{"line":310,"column":18}},"112":{"start":{"line":312,"column":12},"end":{"line":312,"column":151}},"113":{"start":{"line":313,"column":12},"end":{"line":313,"column":127}},"114":{"start":{"line":314,"column":12},"end":{"line":314,"column":18}},"115":{"start":{"line":316,"column":21},"end":{"line":327,"column":5}},"116":{"start":{"line":328,"column":22},"end":{"line":333,"column":10}},"117":{"start":{"line":334,"column":4},"end":{"line":341,"column":6}},"118":{"start":{"line":345,"column":26},"end":{"line":345,"column":60}},"119":{"start":{"line":346,"column":29},"end":{"line":350,"column":6}},"120":{"start":{"line":351,"column":21},"end":{"line":351,"column":52}},"121":{"start":{"line":352,"column":22},"end":{"line":356,"column":10}},"122":{"start":{"line":357,"column":18},"end":{"line":357,"column":42}},"123":{"start":{"line":358,"column":18},"end":{"line":358,"column":20}},"124":{"start":{"line":360,"column":8},"end":{"line":361,"column":40}},"125":{"start":{"line":362,"column":4},"end":{"line":362,"column":94}},"126":{"start":{"line":364,"column":18},"end":{"line":364,"column":59}},"127":{"start":{"line":365,"column":24},"end":{"line":365,"column":43}},"128":{"start":{"line":366,"column":4},"end":{"line":366,"column":108}},"129":{"start":{"line":368,"column":4},"end":{"line":370,"column":5}},"130":{"start":{"line":371,"column":22},"end":{"line":376,"column":10}},"131":{"start":{"line":381,"column":22},"end":{"line":385,"column":10}},"132":{"start":{"line":386,"column":20},"end":{"line":386,"column":44}},"133":{"start":{"line":387,"column":17},"end":{"line":387,"column":118}},"134":{"start":{"line":388,"column":27},"end":{"line":388,"column":65}},"135":{"start":{"line":389,"column":22},"end":{"line":389,"column":31}},"136":{"start":{"line":390,"column":4},"end":{"line":393,"column":5}},"137":{"start":{"line":391,"column":28},"end":{"line":391,"column":55}},"138":{"start":{"line":392,"column":8},"end":{"line":392,"column":58}},"139":{"start":{"line":394,"column":4},"end":{"line":400,"column":5}},"140":{"start":{"line":404,"column":4},"end":{"line":406,"column":5}},"141":{"start":{"line":405,"column":8},"end":{"line":405,"column":20}},"142":{"start":{"line":407,"column":22},"end":{"line":407,"column":78}},"143":{"start":{"line":408,"column":4},"end":{"line":413,"column":5}},"144":{"start":{"line":409,"column":8},"end":{"line":409,"column":99}},"145":{"start":{"line":412,"column":8},"end":{"line":412,"column":38}},"146":{"start":{"line":414,"column":4},"end":{"line":414,"column":16}},"147":{"start":{"line":418,"column":29},"end":{"line":418,"column":136}},"148":{"start":{"line":419,"column":4},"end":{"line":423,"column":5}},"149":{"start":{"line":420,"column":8},"end":{"line":420,"column":199}},"150":{"start":{"line":420,"column":61},"end":{"line":420,"column":197}},"151":{"start":{"line":422,"column":8},"end":{"line":422,"column":115}},"152":{"start":{"line":424,"column":4},"end":{"line":424,"column":16}},"153":{"start":{"line":428,"column":26},"end":{"line":428,"column":77}},"154":{"start":{"line":429,"column":4},"end":{"line":434,"column":5}},"155":{"start":{"line":430,"column":32},"end":{"line":430,"column":107}},"156":{"start":{"line":431,"column":8},"end":{"line":431,"column":144}},"157":{"start":{"line":431,"column":58},"end":{"line":431,"column":142}},"158":{"start":{"line":433,"column":8},"end":{"line":433,"column":123}},"159":{"start":{"line":435,"column":4},"end":{"line":435,"column":16}},"160":{"start":{"line":439,"column":26},"end":{"line":439,"column":76}},"161":{"start":{"line":440,"column":4},"end":{"line":444,"column":5}},"162":{"start":{"line":441,"column":8},"end":{"line":441,"column":166}},"163":{"start":{"line":441,"column":58},"end":{"line":441,"column":164}},"164":{"start":{"line":443,"column":8},"end":{"line":443,"column":85}},"165":{"start":{"line":445,"column":4},"end":{"line":445,"column":16}},"166":{"start":{"line":449,"column":24},"end":{"line":449,"column":72}},"167":{"start":{"line":450,"column":4},"end":{"line":454,"column":5}},"168":{"start":{"line":451,"column":8},"end":{"line":451,"column":130}},"169":{"start":{"line":451,"column":56},"end":{"line":451,"column":128}},"170":{"start":{"line":453,"column":8},"end":{"line":453,"column":51}},"171":{"start":{"line":455,"column":4},"end":{"line":455,"column":16}},"172":{"start":{"line":459,"column":31},"end":{"line":459,"column":92}},"173":{"start":{"line":460,"column":4},"end":{"line":479,"column":5}},"174":{"start":{"line":461,"column":8},"end":{"line":478,"column":9}},"175":{"start":{"line":462,"column":12},"end":{"line":462,"column":194}},"176":{"start":{"line":462,"column":67},"end":{"line":462,"column":192}},"177":{"start":{"line":465,"column":23},"end":{"line":465,"column":25}},"178":{"start":{"line":467,"column":12},"end":{"line":472,"column":13}},"179":{"start":{"line":468,"column":16},"end":{"line":468,"column":111}},"180":{"start":{"line":471,"column":16},"end":{"line":471,"column":74}},"181":{"start":{"line":473,"column":12},"end":{"line":477,"column":13}},"182":{"start":{"line":474,"column":16},"end":{"line":474,"column":29}},"183":{"start":{"line":476,"column":16},"end":{"line":476,"column":61}},"184":{"start":{"line":480,"column":4},"end":{"line":480,"column":16}},"185":{"start":{"line":484,"column":4},"end":{"line":486,"column":5}},"186":{"start":{"line":485,"column":8},"end":{"line":485,"column":20}},"187":{"start":{"line":487,"column":28},"end":{"line":487,"column":89}},"188":{"start":{"line":488,"column":24},"end":{"line":488,"column":68}},"189":{"start":{"line":489,"column":4},"end":{"line":494,"column":5}},"190":{"start":{"line":490,"column":8},"end":{"line":490,"column":92}},"191":{"start":{"line":493,"column":8},"end":{"line":493,"column":70}},"192":{"start":{"line":495,"column":4},"end":{"line":495,"column":16}},"193":{"start":{"line":499,"column":4},"end":{"line":501,"column":5}},"194":{"start":{"line":500,"column":8},"end":{"line":500,"column":20}},"195":{"start":{"line":502,"column":32},"end":{"line":502,"column":77}},"196":{"start":{"line":503,"column":28},"end":{"line":503,"column":75}},"197":{"start":{"line":504,"column":4},"end":{"line":509,"column":5}},"198":{"start":{"line":505,"column":8},"end":{"line":505,"column":103}},"199":{"start":{"line":508,"column":8},"end":{"line":508,"column":77}},"200":{"start":{"line":510,"column":4},"end":{"line":510,"column":16}},"201":{"start":{"line":513,"column":0},"end":{"line":513,"column":34}},"202":{"start":{"line":514,"column":0},"end":{"line":514,"column":36}},"203":{"start":{"line":515,"column":0},"end":{"line":515,"column":34}},"204":{"start":{"line":516,"column":0},"end":{"line":516,"column":38}},"205":{"start":{"line":517,"column":0},"end":{"line":517,"column":38}},"206":{"start":{"line":518,"column":0},"end":{"line":518,"column":44}},"207":{"start":{"line":519,"column":0},"end":{"line":519,"column":44}},"208":{"start":{"line":520,"column":0},"end":{"line":520,"column":32}},"209":{"start":{"line":521,"column":0},"end":{"line":521,"column":34}},"210":{"start":{"line":522,"column":0},"end":{"line":522,"column":38}},"211":{"start":{"line":523,"column":0},"end":{"line":523,"column":34}}},"fnMap":{"0":{"name":"getAuthType","decl":{"start":{"line":7,"column":9},"end":{"line":7,"column":20}},"loc":{"start":{"line":7,"column":23},"end":{"line":9,"column":1}},"line":7},"1":{"name":"getOauthInfo","decl":{"start":{"line":11,"column":15},"end":{"line":11,"column":27}},"loc":{"start":{"line":11,"column":30},"end":{"line":18,"column":1}},"line":11},"2":{"name":"getUserInfo","decl":{"start":{"line":20,"column":15},"end":{"line":20,"column":26}},"loc":{"start":{"line":20,"column":53},"end":{"line":74,"column":1}},"line":20},"3":{"name":"unAuthorize","decl":{"start":{"line":76,"column":15},"end":{"line":76,"column":26}},"loc":{"start":{"line":76,"column":37},"end":{"line":105,"column":1}},"line":76},"4":{"name":"findContact","decl":{"start":{"line":107,"column":15},"end":{"line":107,"column":26}},"loc":{"start":{"line":107,"column":80},"end":{"line":148,"column":1}},"line":107},"5":{"name":"(anonymous_5)","decl":{"start":{"line":138,"column":40},"end":{"line":138,"column":41}},"loc":{"start":{"line":138,"column":45},"end":{"line":138,"column":87}},"line":138},"6":{"name":"formatContact","decl":{"start":{"line":150,"column":9},"end":{"line":150,"column":22}},"loc":{"start":{"line":150,"column":53},"end":{"line":159,"column":1}},"line":150},"7":{"name":"createContact","decl":{"start":{"line":161,"column":15},"end":{"line":161,"column":28}},"loc":{"start":{"line":161,"column":80},"end":{"line":183,"column":1}},"line":161},"8":{"name":"createCallLog","decl":{"start":{"line":185,"column":15},"end":{"line":185,"column":28}},"loc":{"start":{"line":185,"column":121},"end":{"line":228,"column":1}},"line":185},"9":{"name":"updateCallLog","decl":{"start":{"line":230,"column":15},"end":{"line":230,"column":28}},"loc":{"start":{"line":230,"column":147},"end":{"line":267,"column":1}},"line":230},"10":{"name":"createMessageLog","decl":{"start":{"line":269,"column":15},"end":{"line":269,"column":31}},"loc":{"start":{"line":269,"column":125},"end":{"line":342,"column":1}},"line":269},"11":{"name":"(anonymous_11)","decl":{"start":{"line":281,"column":60},"end":{"line":281,"column":61}},"loc":{"start":{"line":281,"column":65},"end":{"line":281,"column":98}},"line":281},"12":{"name":"updateMessageLog","decl":{"start":{"line":344,"column":15},"end":{"line":344,"column":31}},"loc":{"start":{"line":344,"column":96},"end":{"line":377,"column":1}},"line":344},"13":{"name":"getCallLog","decl":{"start":{"line":380,"column":15},"end":{"line":380,"column":25}},"loc":{"start":{"line":380,"column":59},"end":{"line":401,"column":1}},"line":380},"14":{"name":"upsertCallAgentNote","decl":{"start":{"line":403,"column":9},"end":{"line":403,"column":28}},"loc":{"start":{"line":403,"column":45},"end":{"line":415,"column":1}},"line":403},"15":{"name":"upsertContactPhoneNumber","decl":{"start":{"line":417,"column":9},"end":{"line":417,"column":33}},"loc":{"start":{"line":417,"column":68},"end":{"line":425,"column":1}},"line":417},"16":{"name":"(anonymous_16)","decl":{"start":{"line":420,"column":46},"end":{"line":420,"column":47}},"loc":{"start":{"line":420,"column":61},"end":{"line":420,"column":197}},"line":420},"17":{"name":"upsertCallDateTime","decl":{"start":{"line":427,"column":9},"end":{"line":427,"column":27}},"loc":{"start":{"line":427,"column":65},"end":{"line":436,"column":1}},"line":427},"18":{"name":"(anonymous_18)","decl":{"start":{"line":431,"column":43},"end":{"line":431,"column":44}},"loc":{"start":{"line":431,"column":58},"end":{"line":431,"column":142}},"line":431},"19":{"name":"upsertCallDuration","decl":{"start":{"line":438,"column":9},"end":{"line":438,"column":27}},"loc":{"start":{"line":438,"column":48},"end":{"line":446,"column":1}},"line":438},"20":{"name":"(anonymous_20)","decl":{"start":{"line":441,"column":43},"end":{"line":441,"column":44}},"loc":{"start":{"line":441,"column":58},"end":{"line":441,"column":164}},"line":441},"21":{"name":"upsertCallResult","decl":{"start":{"line":448,"column":9},"end":{"line":448,"column":25}},"loc":{"start":{"line":448,"column":44},"end":{"line":456,"column":1}},"line":448},"22":{"name":"(anonymous_22)","decl":{"start":{"line":451,"column":41},"end":{"line":451,"column":42}},"loc":{"start":{"line":451,"column":56},"end":{"line":451,"column":128}},"line":451},"23":{"name":"upsertCallRecording","decl":{"start":{"line":458,"column":9},"end":{"line":458,"column":28}},"loc":{"start":{"line":458,"column":54},"end":{"line":481,"column":1}},"line":458},"24":{"name":"(anonymous_24)","decl":{"start":{"line":462,"column":52},"end":{"line":462,"column":53}},"loc":{"start":{"line":462,"column":67},"end":{"line":462,"column":192}},"line":462},"25":{"name":"upsertAiNote","decl":{"start":{"line":483,"column":9},"end":{"line":483,"column":21}},"loc":{"start":{"line":483,"column":40},"end":{"line":496,"column":1}},"line":483},"26":{"name":"upsertTranscript","decl":{"start":{"line":498,"column":9},"end":{"line":498,"column":25}},"loc":{"start":{"line":498,"column":48},"end":{"line":511,"column":1}},"line":498}},"branchMap":{"0":{"loc":{"start":{"line":43,"column":36},"end":{"line":43,"column":124}},"type":"cond-expr","locations":[{"start":{"line":43,"column":57},"end":{"line":43,"column":117}},{"start":{"line":43,"column":120},"end":{"line":43,"column":124}}],"line":43},"1":{"loc":{"start":{"line":110,"column":4},"end":{"line":119,"column":5}},"type":"if","locations":[{"start":{"line":110,"column":4},"end":{"line":119,"column":5}},{"start":{},"end":{}}],"line":110},"2":{"loc":{"start":{"line":122,"column":4},"end":{"line":124,"column":5}},"type":"if","locations":[{"start":{"line":122,"column":4},"end":{"line":124,"column":5}},{"start":{},"end":{}}],"line":122},"3":{"loc":{"start":{"line":137,"column":29},"end":{"line":139,"column":18}},"type":"cond-expr","locations":[{"start":{"line":138,"column":12},"end":{"line":138,"column":88}},{"start":{"line":139,"column":14},"end":{"line":139,"column":18}}],"line":137},"4":{"loc":{"start":{"line":155,"column":22},"end":{"line":155,"column":61}},"type":"binary-expr","locations":[{"start":{"line":155,"column":22},"end":{"line":155,"column":55}},{"start":{"line":155,"column":59},"end":{"line":155,"column":61}}],"line":155},"5":{"loc":{"start":{"line":156,"column":24},"end":{"line":156,"column":69}},"type":"cond-expr","locations":[{"start":{"line":156,"column":39},"end":{"line":156,"column":62}},{"start":{"line":156,"column":65},"end":{"line":156,"column":69}}],"line":156},"6":{"loc":{"start":{"line":186,"column":19},"end":{"line":186,"column":73}},"type":"cond-expr","locations":[{"start":{"line":186,"column":42},"end":{"line":186,"column":68}},{"start":{"line":186,"column":71},"end":{"line":186,"column":73}}],"line":186},"7":{"loc":{"start":{"line":188,"column":18},"end":{"line":188,"column":62}},"type":"binary-expr","locations":[{"start":{"line":188,"column":18},"end":{"line":188,"column":56}},{"start":{"line":188,"column":60},"end":{"line":188,"column":62}}],"line":188},"8":{"loc":{"start":{"line":192,"column":4},"end":{"line":192,"column":119}},"type":"if","locations":[{"start":{"line":192,"column":4},"end":{"line":192,"column":119}},{"start":{},"end":{}}],"line":192},"9":{"loc":{"start":{"line":192,"column":8},"end":{"line":192,"column":56}},"type":"binary-expr","locations":[{"start":{"line":192,"column":8},"end":{"line":192,"column":48}},{"start":{"line":192,"column":52},"end":{"line":192,"column":56}}],"line":192},"10":{"loc":{"start":{"line":194,"column":4},"end":{"line":194,"column":195}},"type":"if","locations":[{"start":{"line":194,"column":4},"end":{"line":194,"column":195}},{"start":{},"end":{}}],"line":194},"11":{"loc":{"start":{"line":194,"column":8},"end":{"line":194,"column":65}},"type":"binary-expr","locations":[{"start":{"line":194,"column":8},"end":{"line":194,"column":57}},{"start":{"line":194,"column":61},"end":{"line":194,"column":65}}],"line":194},"12":{"loc":{"start":{"line":195,"column":4},"end":{"line":195,"column":183}},"type":"if","locations":[{"start":{"line":195,"column":4},"end":{"line":195,"column":183}},{"start":{},"end":{}}],"line":195},"13":{"loc":{"start":{"line":195,"column":8},"end":{"line":195,"column":60}},"type":"binary-expr","locations":[{"start":{"line":195,"column":8},"end":{"line":195,"column":52}},{"start":{"line":195,"column":56},"end":{"line":195,"column":60}}],"line":195},"14":{"loc":{"start":{"line":196,"column":4},"end":{"line":196,"column":144}},"type":"if","locations":[{"start":{"line":196,"column":4},"end":{"line":196,"column":144}},{"start":{},"end":{}}],"line":196},"15":{"loc":{"start":{"line":196,"column":8},"end":{"line":196,"column":60}},"type":"binary-expr","locations":[{"start":{"line":196,"column":8},"end":{"line":196,"column":52}},{"start":{"line":196,"column":56},"end":{"line":196,"column":60}}],"line":196},"16":{"loc":{"start":{"line":197,"column":4},"end":{"line":197,"column":136}},"type":"if","locations":[{"start":{"line":197,"column":4},"end":{"line":197,"column":136}},{"start":{},"end":{}}],"line":197},"17":{"loc":{"start":{"line":197,"column":8},"end":{"line":197,"column":58}},"type":"binary-expr","locations":[{"start":{"line":197,"column":8},"end":{"line":197,"column":50}},{"start":{"line":197,"column":54},"end":{"line":197,"column":58}}],"line":197},"18":{"loc":{"start":{"line":198,"column":4},"end":{"line":198,"column":188}},"type":"if","locations":[{"start":{"line":198,"column":4},"end":{"line":198,"column":188}},{"start":{},"end":{}}],"line":198},"19":{"loc":{"start":{"line":198,"column":8},"end":{"line":198,"column":92}},"type":"binary-expr","locations":[{"start":{"line":198,"column":8},"end":{"line":198,"column":33}},{"start":{"line":198,"column":38},"end":{"line":198,"column":83}},{"start":{"line":198,"column":87},"end":{"line":198,"column":91}}],"line":198},"20":{"loc":{"start":{"line":200,"column":4},"end":{"line":200,"column":130}},"type":"if","locations":[{"start":{"line":200,"column":4},"end":{"line":200,"column":130}},{"start":{},"end":{}}],"line":200},"21":{"loc":{"start":{"line":200,"column":8},"end":{"line":200,"column":72}},"type":"binary-expr","locations":[{"start":{"line":200,"column":8},"end":{"line":200,"column":16}},{"start":{"line":200,"column":21},"end":{"line":200,"column":63}},{"start":{"line":200,"column":67},"end":{"line":200,"column":71}}],"line":200},"22":{"loc":{"start":{"line":201,"column":4},"end":{"line":201,"column":146}},"type":"if","locations":[{"start":{"line":201,"column":4},"end":{"line":201,"column":146}},{"start":{},"end":{}}],"line":201},"23":{"loc":{"start":{"line":201,"column":8},"end":{"line":201,"column":80}},"type":"binary-expr","locations":[{"start":{"line":201,"column":8},"end":{"line":201,"column":20}},{"start":{"line":201,"column":25},"end":{"line":201,"column":71}},{"start":{"line":201,"column":75},"end":{"line":201,"column":79}}],"line":201},"24":{"loc":{"start":{"line":204,"column":17},"end":{"line":204,"column":141}},"type":"binary-expr","locations":[{"start":{"line":204,"column":17},"end":{"line":204,"column":38}},{"start":{"line":204,"column":42},"end":{"line":204,"column":141}}],"line":204},"25":{"loc":{"start":{"line":204,"column":71},"end":{"line":204,"column":119}},"type":"cond-expr","locations":[{"start":{"line":204,"column":106},"end":{"line":204,"column":110}},{"start":{"line":204,"column":113},"end":{"line":204,"column":119}}],"line":204},"26":{"loc":{"start":{"line":240,"column":4},"end":{"line":240,"column":129}},"type":"if","locations":[{"start":{"line":240,"column":4},"end":{"line":240,"column":129}},{"start":{},"end":{}}],"line":240},"27":{"loc":{"start":{"line":240,"column":8},"end":{"line":240,"column":68}},"type":"binary-expr","locations":[{"start":{"line":240,"column":8},"end":{"line":240,"column":14}},{"start":{"line":240,"column":19},"end":{"line":240,"column":59}},{"start":{"line":240,"column":63},"end":{"line":240,"column":67}}],"line":240},"28":{"loc":{"start":{"line":241,"column":4},"end":{"line":241,"column":179}},"type":"if","locations":[{"start":{"line":241,"column":4},"end":{"line":241,"column":179}},{"start":{},"end":{}}],"line":241},"29":{"loc":{"start":{"line":241,"column":8},"end":{"line":241,"column":77}},"type":"binary-expr","locations":[{"start":{"line":241,"column":8},"end":{"line":241,"column":19}},{"start":{"line":241,"column":24},"end":{"line":241,"column"
[...]
:{"line":384,"column":97}},"type":"binary-expr","locations":[{"start":{"line":384,"column":16},"end":{"line":384,"column":35}},{"start":{"line":384,"column":39},"end":{"line":384,"column":97}}],"line":384},"33":{"loc":{"start":{"line":388,"column":12},"end":{"line":390,"column":13}},"type":"if","locations":[{"start":{"line":388,"column":12},"end":{"line":390,"column":13}},{"start":{},"end":{}}],"line":388},"34":{"loc":{"start":{"line":388,"column":16},"end":{"line":388,"column":99}},"type":"binary-expr","locations":[{"start":{"line":388,"column":16},"end":{"line":388,"column":35}},{"start":{"line":388,"column":39},"end":{"line":388,"column":99}}],"line":388},"35":{"loc":{"start":{"line":397,"column":12},"end":{"line":407,"column":13}},"type":"if","locations":[{"start":{"line":397,"column":12},"end":{"line":407,"column":13}},{"start":{"line":402,"column":17},"end":{"line":407,"column":13}}],"line":397},"36":{"loc":{"start":{"line":408,"column":12},"end":{"line":419,"column":13}},"type":"if","locations":[{"start":{"line":408,"column":12},"end":{"line":419,"column":13}},{"start":{},"end":{}}],"line":408},"37":{"loc":{"start":{"line":425,"column":8},"end":{"line":446,"column":9}},"type":"if","locations":[{"start":{"line":425,"column":8},"end":{"line":446,"column":9}},{"start":{},"end":{}}],"line":425}},"s":{"0":4,"1":4,"2":4,"3":4,"4":4,"5":3,"6":3,"7":3,"8":1,"9":2,"10":2,"11":1,"12":1,"13":1,"14":1,"15":1,"16":1,"17":1,"18":1,"19":1,"20":1,"21":1,"22":1,"23":1,"24":1,"25":0,"26":0,"27":0,"28":1,"29":1,"30":1,"31":0,"32":1,"33":1,"34":1,"35":1,"36":1,"37":0,"38":0,"39":0,"40":0,"41":3,"42":3,"43":0,"44":3,"45":3,"46":3,"47":3,"48":0,"49":0,"50":0,"51":0,"52":0,"53":0,"54":0,"55":0,"56":0,"57":0,"58":0,"59":0,"60":0,"61":0,"62":0,"63":0,"64":0,"65":0,"66":0,"67":0,"68":3,"69":3,"70":2,"71":0,"72":0,"73":2,"74":3,"75":3,"76":3,"77":2,"78":2,"79":2,"80":2,"81":0,"82":2,"83":2,"84":2,"85":2,"86":2,"87":2,"88":2,"89":0,"90":0,"91":0,"92":2,"93":2,"94":0,"95":1,"96":1,"97":0,"98":1,"99":3,"100":3,"101":3,"102":1,"103":2,"104":2,"105":2,"106":2,"107":2,"108":1,"109":1,"110":1,"111":1,"112":1,"113":1,"114":1,"115":1,"116":0,"117":0,"118":0,"119":1,"120":1,"121":0,"122":1,"123":1,"124":2,"125":1,"126":1,"127":1,"128":1,"129":1,"130":1,"131":2,"132":1,"133":1,"134":1,"135":0,"136":0,"137":0,"138":1,"139":1,"140":0,"141":0,"142":0,"143":1,"144":1,"145":1,"146":0,"147":0,"148":0,"149":1,"150":1,"151":1,"152":1,"153":1,"154":1,"155":1,"156":1,"157":0,"158":0,"159":0,"160":0,"161":4,"162":4,"163":4,"164":4},"f":{"0":3,"1":3,"2":3,"3":3,"4":2,"5":1,"6":0,"7":0,"8":0,"9":0},"b":{"0":[1,2],"1":[1,1],"2":[2,1],"3":[1,0],"4":[1,0],"5":[0,1],"6":[1,1],"7":[1,1],"8":[1,1],"9":[1,0],"10":[1,0],"11":[0,0],"12":[0,3],"13":[3,3],"14":[0,3],"15":[0,0],"16":[0,0],"17":[0,2],"18":[2,0],"19":[0,2],"20":[2,2],"21":[2,0],"22":[0,1],"23":[1,2],"24":[1,1],"25":[2,1],"26":[1,0],"27":[0,1],"28":[1,1],"29":[1,1],"30":[1,1],"31":[0,1],"32":[1,0],"33":[0,1],"34":[1,0],"35":[0,1],"36":[1,0],"37":[0,0]},"_coverageSchema":"1a1c01bbd47fc00a2c39e90264f33305004495a9","hash":"2ebe8099dc7bcf0bab390034c91f6bd97c1f59e8"}
,"C:\\Users\\da.kong\\Documents\\Github\\rc-unified-crm-extension\\src\\core\\user.js": {"path":"C:\\Users\\da.kong\\Documents\\Github\\rc-unified-crm-extension\\src\\core\\user.js","statementMap":{"0":{"start":{"line":1,"column":14},"end":{"line":1,"column":30}},"1":{"start":{"line":2,"column":29},"end":{"line":2,"column":66}},"2":{"start":{"line":3,"column":25},"end":{"line":3,"column":47}},"3":{"start":{"line":6,"column":32},"end":{"line":12,"column":10}},"4":{"start":{"line":13,"column":24},"end":{"line":13,"column":59}},"5":{"start":{"line":14,"column":30},"end":{"line":14,"column":77}},"6":{"start":{"line":15,"column":24},"end":{"line":15,"column":74}},"7":{"start":{"line":16,"column":4},"end":{"line":19,"column":6}},"8":{"start":{"line":23,"column":17},"end":{"line":23,"column":48}},"9":{"start":{"line":24,"column":26},"end":{"line":26,"column":5}},"10":{"start":{"line":27,"column":4},"end":{"line":29,"column":5}},"11":{"start":{"line":28,"column":8},"end":{"line":28,"column":45}},"12":{"start":{"line":30,"column":4},"end":{"line":32,"column":7}},"13":{"start":{"line":35,"column":0},"end":{"line":35,"column":50}},"14":{"start":{"line":36,"column":0},"end":{"line":36,"column":48}}},"fnMap":{"0":{"name":"userSettingsByAdmin","decl":{"start":{"line":5,"column":15},"end":{"line":5,"column":34}},"loc":{"start":{"line":5,"column":54},"end":{"line":20,"column":1}},"line":5},"1":{"name":"updateUserSettings","decl":{"start":{"line":22,"column":15},"end":{"line":22,"column":33}},"loc":{"start":{"line":22,"column":58},"end":{"line":33,"column":1}},"line":22}},"branchMap":{"0":{"loc":{"start":{"line":23,"column":29},"end":{"line":23,"column":47}},"type":"binary-expr","locations":[{"start":{"line":23,"column":29},"end":{"line":23,"column":41}},{"start":{"line":23,"column":45},"end":{"line":23,"column":47}}],"line":23},"1":{"loc":{"start":{"line":25,"column":12},"end":{"line":25,"column":35}},"type":"binary-expr","locations":[{"start":{"line":25,"column":12},"end":{"line":25,"column":29}},{"start":{"line":25,"column":33},"end":{"line":25,"column":35}}],"line":25}},"s":{"0":5,"1":5,"2":5,"3":2,"4":2,"5":2,"6":2,"7":2,"8":0,"9":0,"10":0,"11":0,"12":0,"13":5,"14":5},"f":{"0":2,"1":0},"b":{"0":[0,0],"1":[0,0]},"_coverageSchema":"1a1c01bbd47fc00a2c39e90264f33305004495a9","hash":"e3d3e900aa4140736161a59d40858d79409af224"}
,"C:\\Users\\da.kong\\Documents\\Github\\rc-unified-crm-extension\\src\\lib\\analytics.js": {"path":"C:\\Users\\da.kong\\Documents\\Github\\rc-unified-crm-extension\\src\\lib\\analytics.js","statementMap":{"0":{"start":{"line":1,"column":17},"end":{"line":1,"column":36}},"1":{"start":{"line":2,"column":15},"end":{"line":2,"column":38}},"2":{"start":{"line":3,"column":18},"end":{"line":3,"column":22}},"3":{"start":{"line":4,"column":0},"end":{"line":9,"column":1}},"4":{"start":{"line":5,"column":4},"end":{"line":5,"column":45}},"5":{"start":{"line":8,"column":4},"end":{"line":8,"column":48}},"6":{"start":{"line":10,"column":16},"end":{"line":10,"column":43}},"7":{"start":{"line":11,"column":16},"end":{"line":11,"column":35}},"8":{"start":{"line":12,"column":15},"end":{"line":12,"column":19}},"9":{"start":{"line":14,"column":0},"end":{"line":19,"column":1}},"10":{"start":{"line":15,"column":4},"end":{"line":17,"column":5}},"11":{"start":{"line":16,"column":8},"end":{"line":16,"column":15}},"12":{"start":{"line":18,"column":4},"end":{"line":18,"column":57}},"13":{"start":{"line":21,"column":0},"end":{"line":45,"column":1}},"14":{"start":{"line":22,"column":4},"end":{"line":24,"column":5}},"15":{"start":{"line":23,"column":8},"end":{"line":23,"column":15}},"16":{"start":{"line":25,"column":15},"end":{"line":25,"column":32}},"17":{"start":{"line":26,"column":4},"end":{"line":43,"column":7}},"18":{"start":{"line":44,"column":4},"end":{"line":44,"column":39}}},"fnMap":{"0":{"name":"init","decl":{"start":{"line":14,"column":24},"end":{"line":14,"column":28}},"loc":{"start":{"line":14,"column":31},"end":{"line":19,"column":1}},"line":14},"1":{"name":"track","decl":{"start":{"line":21,"column":25},"end":{"line":21,"column":30}},"loc":{"start":{"line":21,"column":162},"end":{"line":45,"column":1}},"line":21}},"branchMap":{"0":{"loc":{"start":{"line":15,"column":4},"end":{"line":17,"column":5}},"type":"if","locations":[{"start":{"line":15,"column":4},"end":{"line":17,"column":5}},{"start":{},"end":{}}],"line":15},"1":{"loc":{"start":{"line":21,"column":145},"end":{"line":21,"column":158}},"type":"default-arg","locations":[{"start":{"line":21,"column":154},"end":{"line":21,"column":158}}],"line":21},"2":{"loc":{"start":{"line":22,"column":4},"end":{"line":24,"column":5}},"type":"if","locations":[{"start":{"line":22,"column":4},"end":{"line":24,"column":5}},{"start":{},"end":{}}],"line":22}},"s":{"0":4,"1":4,"2":4,"3":4,"4":4,"5":4,"6":4,"7":4,"8":4,"9":4,"10":4,"11":4,"12":0,"13":4,"14":40,"15":40,"16":0,"17":0,"18":0},"f":{"0":4,"1":40},"b":{"0":[4,0],"1":[8],"2":[40,0]},"_coverageSchema":"1a1c01bbd47fc00a2c39e90264f33305004495a9","hash":"c2641128f337739d176840f20b43ec68fdeb6d81"}
,"C:\\Users\\da.kong\\Documents\\Github\\rc-unified-crm-extension\\src\\lib\\jwt.js": {"path":"C:\\Users\\da.kong\\Documents\\Github\\rc-unified-crm-extension\\src\\lib\\jwt.js","statementMap":{"0":{"start":{"line":1,"column":25},"end":{"line":1,"column":48}},"1":{"start":{"line":4,"column":2},"end":{"line":4,"column":77}},"2":{"start":{"line":8,"column":2},"end":{"line":12,"column":3}},"3":{"start":{"line":9,"column":4},"end":{"line":9,"column":60}},"4":{"start":{"line":11,"column":4},"end":{"line":11,"column":16}},"5":{"start":{"line":15,"column":0},"end":{"line":15,"column":34}},"6":{"start":{"line":16,"column":0},"end":{"line":16,"column":30}}},"fnMap":{"0":{"name":"generateJwt","decl":{"start":{"line":3,"column":9},"end":{"line":3,"column":20}},"loc":{"start":{"line":3,"column":27},"end":{"line":5,"column":1}},"line":3},"1":{"name":"decodeJwt","decl":{"start":{"line":7,"column":9},"end":{"line":7,"column":18}},"loc":{"start":{"line":7,"column":26},"end":{"line":13,"column":1}},"line":7}},"branchMap":{},"s":{"0":4,"1":25,"2":31,"3":31,"4":8,"5":4,"6":4},"f":{"0":25,"1":31},"b":{},"_coverageSchema":"1a1c01bbd47fc00a2c39e90264f33305004495a9","hash":"c7493b07e708d512a0a90e828da89b12f9e9fd4e"}
,"C:\\Users\\da.kong\\Documents\\Github\\rc-unified-crm-extension\\src\\lib\\oauth.js": {"path":"C:\\Users\\da.kong\\Documents\\Github\\rc-unified-crm-extension\\src\\lib\\oauth.js","statementMap":{"0":{"start":{"line":1,"column":21},"end":{"line":1,"column":45}},"1":{"start":{"line":2,"column":14},"end":{"line":2,"column":30}},"2":{"start":{"line":7,"column":4},"end":{"line":14,"column":7}},"3":{"start":{"line":19,"column":20},"end":{"line":19,"column":30}},"4":{"start":{"line":20,"column":4},"end":{"line":33,"column":5}},"5":{"start":{"line":22,"column":8},"end":{"line":32,"column":9}},"6":{"start":{"line":23,"column":12},"end":{"line":23,"column":55}},"7":{"start":{"line":26,"column":26},"end":{"line":26,"column":83}},"8":{"start":{"line":27,"column":59},"end":{"line":27,"column":80}},"9":{"start":{"line":28,"column":12},"end":{"line":28,"column":43}},"10":{"start":{"line":29,"column":12},"end":{"line":29,"column":45}},"11":{"start":{"line":30,"column":12},"end":{"line":30,"column":39}},"12":{"start":{"line":31,"column":12},"end":{"line":31,"column":30}},"13":{"start":{"line":34,"column":4},"end":{"line":34,"column":16}},"14":{"start":{"line":38,"column":23},"end":{"line":38,"column":205}},"15":{"start":{"line":39,"column":28},"end":{"line":39,"column":56}},"16":{"start":{"line":40,"column":4},"end":{"line":40,"column":57}},"17":{"start":{"line":41,"column":4},"end":{"line":41,"column":59}},"18":{"start":{"line":42,"column":17},"end":{"line":42,"column":27}},"19":{"start":{"line":43,"column":4},"end":{"line":43,"column":92}},"20":{"start":{"line":44,"column":4},"end":{"line":44,"column":22}},"21":{"start":{"line":47,"column":0},"end":{"line":47,"column":64}},"22":{"start":{"line":48,"column":0},"end":{"line":48,"column":34}}},"fnMap":{"0":{"name":"getOAuthApp","decl":{"start":{"line":6,"column":9},"end":{"line":6,"column":20}},"loc":{"start":{"line":6,"column":104},"end":{"line":15,"column":1}},"line":6},"1":{"name":"checkAndRefreshAccessToken","decl":{"start":{"line":18,"column":15},"end":{"line":18,"column":41}},"loc":{"start":{"line":18,"column":58},"end":{"line":35,"column":1}},"line":18},"2":{"name":"bullhornTokenRefresh","decl":{"start":{"line":37,"column":15},"end":{"line":37,"column":35}},"loc":{"start":{"line":37,"column":52},"end":{"line":45,"column":1}},"line":37}},"branchMap":{"0":{"loc":{"start":{"line":20,"column":4},"end":{"line":33,"column":5}},"type":"if","locations":[{"start":{"line":20,"column":4},"end":{"line":33,"column":5}},{"start":{},"end":{}}],"line":20},"1":{"loc":{"start":{"line":20,"column":8},"end":{"line":20,"column":83}},"type":"binary-expr","locations":[{"start":{"line":20,"column":8},"end":{"line":20,"column":12}},{"start":{"line":20,"column":16},"end":{"line":20,"column":32}},{"start":{"line":20,"column":36},"end":{"line":20,"column":53}},{"start":{"line":20,"column":57},"end":{"line":20,"column":83}}],"line":20},"2":{"loc":{"start":{"line":22,"column":8},"end":{"line":32,"column":9}},"type":"if","locations":[{"start":{"line":22,"column":8},"end":{"line":32,"column":9}},{"start":{"line":25,"column":13},"end":{"line":32,"column":9}}],"line":22}},"s":{"0":4,"1":4,"2":11,"3":11,"4":11,"5":0,"6":0,"7":0,"8":0,"9":0,"10":0,"11":0,"12":0,"13":11,"14":0,"15":0,"16":0,"17":0,"18":0,"19":0,"20":0,"21":4,"22":4},"f":{"0":11,"1":11,"2":0},"b":{"0":[0,11],"1":[11,11,11,0],"2":[0,0]},"_coverageSchema":"1a1c01bbd47fc00a2c39e90264f33305004495a9","hash":"0a1515887b143ca36c2ab8f6a9992c62bbef5099"}
,"C:\\Users\\da.kong\\Documents\\Github\\rc-unified-crm-extension\\src\\lib\\util.js": {"path":"C:\\Users\\da.kong\\Documents\\Github\\rc-unified-crm-extension\\src\\lib\\util.js","statementMap":{"0":{"start":{"line":2,"column":17},"end":{"line":2,"column":37}},"1":{"start":{"line":3,"column":18},"end":{"line":3,"column":47}},"2":{"start":{"line":4,"column":15},"end":{"line":4,"column":32}},"3":{"start":{"line":7,"column":18},"end":{"line":7,"column":72}},"4":{"start":{"line":8,"column":4},"end":{"line":10,"column":5}},"5":{"start":{"line":9,"column":8},"end":{"line":9,"column":34}},"6":{"start":{"line":11,"column":21},"end":{"line":11,"column":62}},"7":{"start":{"line":12,"column":4},"end":{"line":12,"column":20}},"8":{"start":{"line":17,"column":4},"end":{"line":19,"column":20}},"9":{"start":{"line":23,"column":18},"end":{"line":23,"column":44}},"10":{"start":{"line":24,"column":24},"end":{"line":24,"column":83}},"11":{"start":{"line":25,"column":20},"end":{"line":25,"column":53}},"12":{"start":{"line":26,"column":26},"end":{"line":26,"column":95}},"13":{"start":{"line":27,"column":29},"end":{"line":27,"column":41}},"14":{"start":{"line":28,"column":26},"end":{"line":28,"column":122}},"15":{"start":{"line":29,"column":25},"end":{"line":29,"column":95}},"16":{"start":{"line":30,"column":4},"end":{"line":30,"column":24}},"17":{"start":{"line":33,"column":0},"end":{"line":33,"column":34}},"18":{"start":{"line":34,"column":0},"end":{"line":34,"column":36}},"19":{"start":{"line":35,"column":0},"end":{"line":35,"column":68}}},"fnMap":{"0":{"name":"getTimeZone","decl":{"start":{"line":6,"column":9},"end":{"line":6,"column":20}},"loc":{"start":{"line":6,"column":45},"end":{"line":13,"column":1}},"line":6},"1":{"name":"getHashValue","decl":{"start":{"line":16,"column":9},"end":{"line":16,"column":21}},"loc":{"start":{"line":16,"column":41},"end":{"line":20,"column":1}},"line":16},"2":{"name":"secondsToHoursMinutesSeconds","decl":{"start":{"line":22,"column":9},"end":{"line":22,"column":37}},"loc":{"start":{"line":22,"column":47},"end":{"line":31,"column":1}},"line":22}},"branchMap":{"0":{"loc":{"start":{"line":8,"column":4},"end":{"line":10,"column":5}},"type":"if","locations":[{"start":{"line":8,"column":4},"end":{"line":10,"column":5}},{"start":{},"end":{}}],"line":8},"1":{"loc":{"start":{"line":24,"column":24},"end":{"line":24,"column":83}},"type":"cond-expr","locations":[{"start":{"line":24,"column":36},"end":{"line":24,"column":78}},{"start":{"line":24,"column":81},"end":{"line":24,"column":83}}],"line":24},"2":{"loc":{"start":{"line":24,"column":48},"end":{"line":24,"column":76}},"type":"cond-expr","locations":[{"start":{"line":24,"column":60},"end":{"line":24,"column":67}},{"start":{"line":24,"column":70},"end":{"line":24,"column":76}}],"line":24},"3":{"loc":{"start":{"line":26,"column":26},"end":{"line":26,"column":95}},"type":"cond-expr","locations":[{"start":{"line":26,"column":40},"end":{"line":26,"column":90}},{"start":{"line":26,"column":93},"end":{"line":26,"column":95}}],"line":26},"4":{"loc":{"start":{"line":26,"column":54},"end":{"line":26,"column":88}},"type":"cond-expr","locations":[{"start":{"line":26,"column":68},"end":{"line":26,"column":77}},{"start":{"line":26,"column":80},"end":{"line":26,"column":88}}],"line":26},"5":{"loc":{"start":{"line":28,"column":26},"end":{"line":28,"column":122}},"type":"cond-expr","locations":[{"start":{"line":28,"column":49},"end":{"line":28,"column":117}},{"start":{"line":28,"column":120},"end":{"line":28,"column":122}}],"line":28},"6":{"loc":{"start":{"line":28,"column":72},"end":{"line":28,"column":115}},"type":"cond-expr","locations":[{"start":{"line":28,"column":95},"end":{"line":28,"column":104}},{"start":{"line":28,"column":107},"end":{"line":28,"column":115}}],"line":28}},"s":{"0":5,"1":5,"2":5,"3":0,"4":0,"5":0,"6":0,"7":0,"8":2,"9":1,"10":1,"11":1,"12":1,"13":1,"14":1,"15":1,"16":1,"17":5,"18":5,"19":5},"f":{"0":0,"1":2,"2":1},"b":{"0":[0,0],"1":[0,1],"2":[0,0],"3":[0,1],"4":[0,0],"5":[0,1],"6":[0,0]},"_coverageSchema":"1a1c01bbd47fc00a2c39e90264f33305004495a9","hash":"8ed49b1aadd07a946d4dd704728aa0e433ec8d45"}
,"C:\\Users\\da.kong\\Documents\\Github\\rc-unified-crm-extension\\src\\models\\adminConfigModel.js": {"path":"C:\\Users\\da.kong\\Documents\\Github\\rc-unified-crm-extension\\src\\models\\adminConfigModel.js","statementMap":{"0":{"start":{"line":1,"column":18},"end":{"line":1,"column":38}},"1":{"start":{"line":2,"column":22},"end":{"line":2,"column":44}},"2":{"start":{"line":5,"column":0},"end":{"line":17,"column":3}}},"fnMap":{},"branchMap":{},"s":{"0":6,"1":6,"2":6},"f":{},"b":{},"_coverageSchema":"1a1c01bbd47fc00a2c39e90264f33305004495a9","hash":"fb991f676a1be944e040b013d7c6d8ef9ebf20e7"}
,"C:\\Users\\da.kong\\Documents\\Github\\rc-unified-crm-extension\\src\\models\\callLogModel.js": {"path":"C:\\Users\\da.kong\\Documents\\Github\\rc-unified-crm-extension\\src\\models\\callLogModel.js","statementMap":{"0":{"start":{"line":1,"column":18},"end":{"line":1,"column":38}},"1":{"start":{"line":2,"column":22},"end":{"line":2,"column":44}},"2":{"start":{"line":5,"column":0},"end":{"line":24,"column":3}}},"fnMap":{},"branchMap":{},"s":{"0":6,"1":6,"2":6},"f":{},"b":{},"_coverageSchema":"1a1c01bbd47fc00a2c39e90264f33305004495a9","hash":"1ed512f923dbe709ce0062738f3ef2ad52a7c5a8"}
,"C:\\Users\\da.kong\\Documents\\Github\\rc-unified-crm-extension\\src\\models\\messageLogModel.js": {"path":"C:\\Users\\da.kong\\Documents\\Github\\rc-unified-crm-extension\\src\\models\\messageLogModel.js","statementMap":{"0":{"start":{"line":1,"column":18},"end":{"line":1,"column":38}},"1":{"start":{"line":2,"column":22},"end":{"line":2,"column":44}},"2":{"start":{"line":5,"column":0},"end":{"line":25,"column":3}}},"fnMap":{},"branchMap":{},"s":{"0":6,"1":6,"2":6},"f":{},"b":{},"_coverageSchema":"1a1c01bbd47fc00a2c39e90264f33305004495a9","hash":"c86eb0f29250cbd0dfc4a0bc6b356b98242ce4e0"}
,"C:\\Users\\da.kong\\Documents\\Github\\rc-unified-crm-extension\\src\\models\\sequelize.js": {"path":"C:\\Users\\da.kong\\Documents\\Github\\rc-unified-crm-extension\\src\\models\\sequelize.js","statementMap":{"0":{"start":{"line":1,"column":22},"end":{"line":1,"column":42}},"1":{"start":{"line":3,"column":18},"end":{"line":14,"column":1}},"2":{"start":{"line":17,"column":0},"end":{"line":17,"column":30}}},"fnMap":{},"branchMap":{},"s":{"0":8,"1":8,"2":8},"f":{},"b":{},"_coverageSchema":"1a1c01bbd47fc00a2c39e90264f33305004495a9","hash":"e895aab91b20d319c6a330d3a1601e4fa4e5bc3d"}
,"C:\\Users\\da.kong\\Documents\\Github\\rc-unified-crm-extension\\src\\models\\userModel.js": {"path":"C:\\Users\\da.kong\\Documents\\Github\\rc-unified-crm-extension\\src\\models\\userModel.js","statementMap":{"0":{"start":{"line":1,"column":18},"end":{"line":1,"column":38}},"1":{"start":{"line":2,"column":22},"end":{"line":2,"column":44}},"2":{"start":{"line":5,"column":0},"end":{"line":38,"column":3}}},"fnMap":{},"branchMap":{},"s":{"0":6,"1":6,"2":6},"f":{},"b":{},"_coverageSchema":"1a1c01bbd47fc00a2c39e90264f33305004495a9","hash":"ac614d2b4ac8fb851eae39146d4ca119c6b01584"}
}
