TN:
SF:src\index.js
FN:29,initDB
FN:47,(anonymous_1)
FN:51,(anonymous_2)
FN:74,(anonymous_3)
FN:78,(anonymous_4)
FN:122,(anonymous_5)
FN:128,(anonymous_6)
FN:138,(anonymous_7)
FN:158,(anonymous_8)
FN:193,(anonymous_9)
FN:256,(anonymous_10)
FN:273,(anonymous_11)
FN:350,(anonymous_12)
FN:397,(anonymous_13)
FN:423,(anonymous_14)
FN:485,(anonymous_15)
FN:535,(anonymous_16)
FN:584,(anonymous_17)
FN:595,(anonymous_18)
FN:610,(anonymous_19)
FN:646,(anonymous_20)
FN:691,(anonymous_21)
FN:736,(anonymous_22)
FN:780,(anonymous_23)
FN:825,(anonymous_24)
FN:871,getAnalyticsVariablesInReqHeaders
FN:874,(anonymous_26)
FNF:27
FNH:15
FNDA:4,initDB
FNDA:0,(anonymous_1)
FNDA:3,(anonymous_2)
FNDA:0,(anonymous_3)
FNDA:0,(anonymous_4)
FNDA:0,(anonymous_5)
FNDA:0,(anonymous_6)
FNDA:0,(anonymous_7)
FNDA:0,(anonymous_8)
FNDA:0,(anonymous_9)
FNDA:0,(anonymous_10)
FNDA:0,(anonymous_11)
FNDA:0,(anonymous_12)
FNDA:3,(anonymous_13)
FNDA:3,(anonymous_14)
FNDA:2,(anonymous_15)
FNDA:4,(anonymous_16)
FNDA:1,(anonymous_17)
FNDA:7,(anonymous_18)
FNDA:3,(anonymous_19)
FNDA:5,(anonymous_20)
FNDA:5,(anonymous_21)
FNDA:5,(anonymous_22)
FNDA:5,(anonymous_23)
FNDA:5,(anonymous_24)
FNDA:41,getAnalyticsVariablesInReqHeaders
FNDA:0,(anonymous_26)
DA:1,4
DA:2,4
DA:3,4
DA:4,4
DA:5,4
DA:6,4
DA:7,4
DA:8,4
DA:9,4
DA:10,4
DA:11,4
DA:12,4
DA:13,4
DA:14,4
DA:15,4
DA:16,4
DA:17,4
DA:18,4
DA:19,4
DA:20,4
DA:21,4
DA:24,4
DA:27,4
DA:30,4
DA:31,4
DA:32,4
DA:33,4
DA:34,4
DA:35,4
DA:38,4
DA:39,4
DA:40,4
DA:41,4
DA:43,4
DA:47,4
DA:48,0
DA:51,4
DA:52,3
DA:53,3
DA:54,1
DA:55,1
DA:56,1
DA:58,2
DA:59,1
DA:60,1
DA:61,0
DA:63,1
DA:66,0
DA:70,1
DA:74,4
DA:75,0
DA:78,4
DA:79,0
DA:80,0
DA:81,0
DA:82,0
DA:83,0
DA:84,0
DA:85,0
DA:86,0
DA:87,0
DA:88,0
DA:89,0
DA:90,0
DA:91,0
DA:92,0
DA:95,0
DA:96,0
DA:100,0
DA:101,0
DA:102,0
DA:104,0
DA:105,0
DA:122,4
DA:123,0
DA:124,0
DA:128,4
DA:129,0
DA:130,0
DA:133,0
DA:134,0
DA:138,4
DA:139,0
DA:140,0
DA:141,0
DA:142,0
DA:143,0
DA:144,0
DA:153,0
DA:154,0
DA:158,4
DA:159,0
DA:160,0
DA:161,0
DA:162,0
DA:163,0
DA:164,0
DA:165,0
DA:166,0
DA:167,0
DA:168,0
DA:171,0
DA:172,0
DA:176,0
DA:177,0
DA:179,0
DA:180,0
DA:193,4
DA:194,0
DA:195,0
DA:196,0
DA:197,0
DA:198,0
DA:199,0
DA:200,0
DA:201,0
DA:202,0
DA:203,0
DA:209,0
DA:210,0
DA:212,0
DA:213,0
DA:214,0
DA:215,0
DA:216,0
DA:217,0
DA:220,0
DA:225,0
DA:228,0
DA:229,0
DA:233,0
DA:234,0
DA:238,0
DA:239,0
DA:241,0
DA:242,0
DA:256,4
DA:257,0
DA:258,0
DA:259,0
DA:260,0
DA:261,0
DA:264,0
DA:268,0
DA:269,0
DA:273,4
DA:274,0
DA:275,0
DA:276,0
DA:277,0
DA:278,0
DA:279,0
DA:280,0
DA:281,0
DA:282,0
DA:283,0
DA:289,0
DA:290,0
DA:292,0
DA:293,0
DA:294,0
DA:295,0
DA:299,0
DA:300,0
DA:301,0
DA:302,0
DA:305,0
DA:306,0
DA:308,0
DA:310,0
DA:311,0
DA:318,0
DA:323,0
DA:324,0
DA:327,0
DA:328,0
DA:332,0
DA:333,0
DA:335,0
DA:336,0
DA:350,4
DA:351,0
DA:352,0
DA:353,0
DA:354,0
DA:355,0
DA:356,0
DA:357,0
DA:358,0
DA:359,0
DA:360,0
DA:366,0
DA:367,0
DA:369,0
DA:370,0
DA:371,0
DA:374,0
DA:375,0
DA:379,0
DA:380,0
DA:382,0
DA:383,0
DA:397,4
DA:398,3
DA:399,3
DA:400,3
DA:401,2
DA:402,2
DA:408,1
DA:409,0
DA:411,1
DA:414,1
DA:418,1
DA:419,1
DA:423,4
DA:424,3
DA:425,3
DA:426,3
DA:427,3
DA:428,3
DA:429,3
DA:430,1
DA:432,2
DA:435,2
DA:436,2
DA:437,2
DA:438,1
DA:440,1
DA:441,1
DA:442,0
DA:444,1
DA:453,1
DA:454,1
DA:458,1
DA:459,1
DA:462,0
DA:463,0
DA:467,2
DA:468,2
DA:469,2
DA:471,3
DA:472,3
DA:485,4
DA:486,2
DA:487,2
DA:488,2
DA:489,2
DA:490,2
DA:491,2
DA:492,2
DA:493,2
DA:494,2
DA:495,2
DA:496,2
DA:497,1
DA:499,1
DA:500,1
DA:502,0
DA:503,0
DA:504,0
DA:508,0
DA:509,0
DA:512,0
DA:513,0
DA:517,2
DA:518,2
DA:519,2
DA:521,2
DA:522,2
DA:535,4
DA:536,4
DA:537,4
DA:538,4
DA:539,4
DA:540,4
DA:541,4
DA:542,4
DA:543,3
DA:544,3
DA:545,2
DA:551,2
DA:552,1
DA:553,1
DA:555,1
DA:556,1
DA:557,1
DA:558,1
DA:561,1
DA:562,1
DA:566,1
DA:567,1
DA:568,1
DA:570,3
DA:571,3
DA:584,4
DA:585,1
DA:586,1
DA:587,1
DA:588,1
DA:591,0
DA:592,0
DA:595,4
DA:596,7
DA:597,7
DA:598,7
DA:599,7
DA:600,7
DA:601,7
DA:602,7
DA:603,7
DA:604,7
DA:605,6
DA:606,5
DA:607,5
DA:608,5
DA:609,5
DA:610,3
DA:611,2
DA:612,2
DA:613,2
DA:614,0
DA:619,1
DA:620,1
DA:624,1
DA:625,1
DA:626,1
DA:628,7
DA:629,7
DA:646,4
DA:647,5
DA:648,5
DA:649,5
DA:650,5
DA:651,5
DA:652,5
DA:653,5
DA:654,5
DA:655,4
DA:656,3
DA:657,3
DA:658,3
DA:659,3
DA:660,3
DA:661,0
DA:665,1
DA:666,1
DA:670,1
DA:671,1
DA:672,1
DA:674,5
DA:675,5
DA:691,4
DA:692,5
DA:693,5
DA:694,5
DA:695,5
DA:696,5
DA:697,5
DA:698,5
DA:699,5
DA:700,4
DA:701,3
DA:702,3
DA:703,3
DA:704,3
DA:705,3
DA:706,0
DA:710,1
DA:711,1
DA:715,1
DA:716,1
DA:717,1
DA:719,5
DA:720,5
DA:736,4
DA:737,5
DA:738,5
DA:739,5
DA:740,5
DA:741,5
DA:742,5
DA:743,5
DA:744,5
DA:745,4
DA:746,3
DA:747,3
DA:748,0
DA:750,3
DA:751,3
DA:754,1
DA:755,1
DA:759,1
DA:760,1
DA:761,1
DA:763,5
DA:764,5
DA:780,4
DA:781,5
DA:782,5
DA:783,5
DA:784,5
DA:785,5
DA:786,5
DA:787,5
DA:788,5
DA:789,4
DA:790,3
DA:791,3
DA:792,3
DA:793,1
DA:795,3
DA:796,3
DA:799,1
DA:800,1
DA:804,1
DA:805,1
DA:806,1
DA:808,5
DA:809,5
DA:825,4
DA:826,5
DA:827,5
DA:828,5
DA:829,5
DA:830,5
DA:831,5
DA:832,5
DA:833,5
DA:834,4
DA:835,3
DA:836,3
DA:837,3
DA:838,0
DA:840,3
DA:841,3
DA:844,1
DA:845,1
DA:849,1
DA:850,1
DA:851,1
DA:853,5
DA:854,5
DA:872,41
DA:873,41
DA:874,41
DA:875,41
DA:876,41
DA:877,41
DA:885,4
LF:449
LH:285
BRDA:53,0,0,1
BRDA:53,0,1,2
BRDA:59,1,0,1
BRDA:59,1,1,0
BRDA:60,2,0,0
BRDA:60,2,1,1
BRDA:86,3,0,0
BRDA:86,3,1,0
BRDA:141,4,0,0
BRDA:141,4,1,0
BRDA:165,5,0,0
BRDA:165,5,1,0
BRDA:200,6,0,0
BRDA:200,6,1,0
BRDA:209,7,0,0
BRDA:209,7,1,0
BRDA:214,8,0,0
BRDA:214,8,1,0
BRDA:216,9,0,0
BRDA:216,9,1,0
BRDA:259,10,0,0
BRDA:259,10,1,0
BRDA:280,11,0,0
BRDA:280,11,1,0
BRDA:289,12,0,0
BRDA:289,12,1,0
BRDA:294,13,0,0
BRDA:294,13,1,0
BRDA:301,14,0,0
BRDA:301,14,1,0
BRDA:305,15,0,0
BRDA:305,15,1,0
BRDA:305,16,0,0
BRDA:305,16,1,0
BRDA:310,17,0,0
BRDA:310,17,1,0
BRDA:310,18,0,0
BRDA:310,18,1,0
BRDA:310,18,2,0
BRDA:357,19,0,0
BRDA:357,19,1,0
BRDA:366,20,0,0
BRDA:366,20,1,0
BRDA:400,21,0,2
BRDA:400,21,1,1
BRDA:408,22,0,0
BRDA:408,22,1,1
BRDA:429,23,0,1
BRDA:429,23,1,2
BRDA:429,24,0,3
BRDA:429,24,1,2
BRDA:432,25,0,1
BRDA:432,25,1,1
BRDA:437,26,0,1
BRDA:437,26,1,1
BRDA:441,27,0,0
BRDA:441,27,1,1
BRDA:453,28,0,1
BRDA:453,28,1,0
BRDA:496,29,0,1
BRDA:496,29,1,1
BRDA:499,30,0,1
BRDA:499,30,1,0
BRDA:503,31,0,0
BRDA:503,31,1,0
BRDA:542,32,0,3
BRDA:542,32,1,1
BRDA:551,33,0,1
BRDA:551,33,1,1
BRDA:604,34,0,6
BRDA:604,34,1,1
BRDA:607,35,0,5
BRDA:607,35,1,5
BRDA:609,36,0,2
BRDA:609,36,1,3
BRDA:613,37,0,0
BRDA:613,37,1,2
BRDA:654,38,0,4
BRDA:654,38,1,1
BRDA:660,39,0,0
BRDA:660,39,1,3
BRDA:699,40,0,4
BRDA:699,40,1,1
BRDA:705,41,0,0
BRDA:705,41,1,3
BRDA:744,42,0,4
BRDA:744,42,1,1
BRDA:747,43,0,0
BRDA:747,43,1,3
BRDA:788,44,0,4
BRDA:788,44,1,1
BRDA:792,45,0,1
BRDA:792,45,1,2
BRDA:833,46,0,4
BRDA:833,46,1,1
BRDA:837,47,0,0
BRDA:837,47,1,3
BRF:97
BRH:47
end_of_record
TN:
SF:src\adapters\pipedrive\index.js
FN:7,getAuthType
FN:11,getOauthInfo
FN:20,getUserInfo
FN:76,unAuthorize
FN:107,findContact
FN:138,(anonymous_5)
FN:150,formatContact
FN:161,createContact
FN:185,createCallLog
FN:230,updateCallLog
FN:269,createMessageLog
FN:281,(anonymous_11)
FN:344,updateMessageLog
FN:380,getCallLog
FN:403,upsertCallAgentNote
FN:417,upsertContactPhoneNumber
FN:420,(anonymous_16)
FN:427,upsertCallDateTime
FN:431,(anonymous_18)
FN:438,upsertCallDuration
FN:441,(anonymous_20)
FN:448,upsertCallResult
FN:451,(anonymous_22)
FN:458,upsertCallRecording
FN:462,(anonymous_24)
FN:483,upsertAiNote
FN:498,upsertTranscript
FNF:27
FNH:18
FNDA:11,getAuthType
FNDA:12,getOauthInfo
FNDA:1,getUserInfo
FNDA:1,unAuthorize
FNDA:4,findContact
FNDA:1,(anonymous_5)
FNDA:1,formatContact
FNDA:3,createContact
FNDA:1,createCallLog
FNDA:2,updateCallLog
FNDA:1,createMessageLog
FNDA:1,(anonymous_11)
FNDA:0,updateMessageLog
FNDA:0,getCallLog
FNDA:2,upsertCallAgentNote
FNDA:1,upsertContactPhoneNumber
FNDA:0,(anonymous_16)
FNDA:1,upsertCallDateTime
FNDA:0,(anonymous_18)
FNDA:1,upsertCallDuration
FNDA:0,(anonymous_20)
FNDA:1,upsertCallResult
FNDA:0,(anonymous_22)
FNDA:1,upsertCallRecording
FNDA:0,(anonymous_24)
FNDA:0,upsertAiNote
FNDA:0,upsertTranscript
DA:1,3
DA:2,3
DA:3,3
DA:4,3
DA:5,3
DA:8,11
DA:12,12
DA:21,1
DA:22,1
DA:27,1
DA:28,1
DA:29,1
DA:30,1
DA:31,1
DA:53,0
DA:77,1
DA:78,1
DA:79,1
DA:82,1
DA:88,1
DA:91,1
DA:97,1
DA:98,1
DA:108,4
DA:110,4
DA:111,0
DA:120,4
DA:121,4
DA:122,4
DA:123,4
DA:125,4
DA:130,2
DA:131,2
DA:132,1
DA:137,1
DA:138,1
DA:140,1
DA:142,2
DA:147,2
DA:151,1
DA:162,3
DA:166,3
DA:172,1
DA:186,1
DA:187,1
DA:188,1
DA:189,1
DA:190,1
DA:191,1
DA:192,1
DA:193,1
DA:194,1
DA:195,1
DA:196,1
DA:197,1
DA:198,1
DA:199,1
DA:200,1
DA:201,1
DA:202,1
DA:214,1
DA:220,1
DA:231,2
DA:232,2
DA:237,2
DA:238,2
DA:240,2
DA:241,2
DA:242,2
DA:243,2
DA:244,2
DA:245,2
DA:246,2
DA:247,2
DA:249,2
DA:250,0
DA:253,2
DA:259,2
DA:270,1
DA:275,1
DA:276,1
DA:277,1
DA:278,1
DA:279,1
DA:280,1
DA:281,1
DA:283,1
DA:284,1
DA:285,1
DA:286,1
DA:288,1
DA:289,1
DA:306,1
DA:308,0
DA:309,0
DA:310,0
DA:312,0
DA:313,0
DA:314,0
DA:316,1
DA:328,1
DA:334,1
DA:345,0
DA:346,0
DA:351,0
DA:352,0
DA:357,0
DA:358,0
DA:360,0
DA:362,0
DA:364,0
DA:365,0
DA:366,0
DA:368,0
DA:371,0
DA:381,0
DA:386,0
DA:387,0
DA:388,0
DA:389,0
DA:390,0
DA:391,0
DA:392,0
DA:394,0
DA:404,2
DA:405,1
DA:407,1
DA:408,1
DA:409,0
DA:412,1
DA:414,1
DA:418,1
DA:419,1
DA:420,0
DA:422,1
DA:424,1
DA:428,1
DA:429,1
DA:430,0
DA:431,0
DA:433,1
DA:435,1
DA:439,1
DA:440,1
DA:441,0
DA:443,1
DA:445,1
DA:449,1
DA:450,1
DA:451,0
DA:453,1
DA:455,1
DA:459,1
DA:460,1
DA:461,1
DA:462,0
DA:465,1
DA:467,1
DA:468,1
DA:471,0
DA:473,1
DA:474,1
DA:476,0
DA:480,1
DA:484,0
DA:485,0
DA:487,0
DA:488,0
DA:489,0
DA:490,0
DA:493,0
DA:495,0
DA:499,0
DA:500,0
DA:502,0
DA:503,0
DA:504,0
DA:505,0
DA:508,0
DA:510,0
DA:513,3
DA:514,3
DA:515,3
DA:516,3
DA:517,3
DA:518,3
DA:519,3
DA:520,3
DA:521,3
DA:522,3
DA:523,3
LF:191
LH:135
BRDA:43,0,0,0
BRDA:43,0,1,1
BRDA:110,1,0,0
BRDA:110,1,1,4
BRDA:122,2,0,4
BRDA:122,2,1,0
BRDA:137,3,0,1
BRDA:137,3,1,0
BRDA:155,4,0,1
BRDA:155,4,1,0
BRDA:156,5,0,1
BRDA:156,5,1,0
BRDA:186,6,0,0
BRDA:186,6,1,1
BRDA:188,7,0,1
BRDA:188,7,1,1
BRDA:192,8,0,1
BRDA:192,8,1,0
BRDA:192,9,0,1
BRDA:192,9,1,1
BRDA:194,10,0,1
BRDA:194,10,1,0
BRDA:194,11,0,1
BRDA:194,11,1,1
BRDA:195,12,0,1
BRDA:195,12,1,0
BRDA:195,13,0,1
BRDA:195,13,1,1
BRDA:196,14,0,1
BRDA:196,14,1,0
BRDA:196,15,0,1
BRDA:196,15,1,1
BRDA:197,16,0,1
BRDA:197,16,1,0
BRDA:197,17,0,1
BRDA:197,17,1,1
BRDA:198,18,0,0
BRDA:198,18,1,1
BRDA:198,19,0,1
BRDA:198,19,1,0
BRDA:198,19,2,0
BRDA:200,20,0,0
BRDA:200,20,1,1
BRDA:200,21,0,1
BRDA:200,21,1,0
BRDA:200,21,2,0
BRDA:201,22,0,0
BRDA:201,22,1,1
BRDA:201,23,0,1
BRDA:201,23,1,0
BRDA:201,23,2,0
BRDA:204,24,0,1
BRDA:204,24,1,1
BRDA:204,25,0,0
BRDA:204,25,1,1
BRDA:240,26,0,1
BRDA:240,26,1,1
BRDA:240,27,0,2
BRDA:240,27,1,1
BRDA:240,27,2,1
BRDA:241,28,0,0
BRDA:241,28,1,2
BRDA:241,29,0,2
BRDA:241,29,1,0
BRDA:241,29,2,0
BRDA:242,30,0,0
BRDA:242,30,1,2
BRDA:242,31,0,2
BRDA:242,31,1,0
BRDA:242,31,2,0
BRDA:243,32,0,0
BRDA:243,32,1,2
BRDA:243,33,0,2
BRDA:243,33,1,0
BRDA:243,33,2,0
BRDA:244,34,0,1
BRDA:244,34,1,1
BRDA:244,35,0,2
BRDA:244,35,1,1
BRDA:244,35,2,1
BRDA:245,36,0,0
BRDA:245,36,1,2
BRDA:245,37,0,2
BRDA:245,37,1,0
BRDA:245,37,2,0
BRDA:246,38,0,0
BRDA:246,38,1,2
BRDA:246,39,0,2
BRDA:246,39,1,0
BRDA:246,39,2,0
BRDA:249,40,0,0
BRDA:249,40,1,2
BRDA:276,41,0,0
BRDA:276,41,1,1
BRDA:277,42,0,0
BRDA:277,42,1,1
BRDA:281,43,0,1
BRDA:281,43,1,0
BRDA:283,44,0,0
BRDA:283,44,1,1
BRDA:283,45,0,0
BRDA:283,45,1,1
BRDA:286,46,0,1
BRDA:286,46,1,0
BRDA:286,46,2,0
BRDA:300,47,0,0
BRDA:300,47,1,1
BRDA:326,48,0,0
BRDA:326,48,1,1
BRDA:360,49,0,0
BRDA:360,49,1,0
BRDA:387,50,0,0
BRDA:387,50,1,0
BRDA:390,51,0,0
BRDA:390,51,1,0
BRDA:404,52,0,1
BRDA:404,52,1,1
BRDA:408,53,0,0
BRDA:408,53,1,1
BRDA:418,54,0,0
BRDA:418,54,1,1
BRDA:419,55,0,0
BRDA:419,55,1,1
BRDA:420,56,0,0
BRDA:420,56,1,0
BRDA:420,57,0,0
BRDA:420,57,1,0
BRDA:422,58,0,0
BRDA:422,58,1,1
BRDA:429,59,0,0
BRDA:429,59,1,1
BRDA:431,60,0,0
BRDA:431,60,1,0
BRDA:440,61,0,0
BRDA:440,61,1,1
BRDA:441,62,0,0
BRDA:441,62,1,0
BRDA:450,63,0,0
BRDA:450,63,1,1
BRDA:451,64,0,0
BRDA:451,64,1,0
BRDA:460,65,0,1
BRDA:460,65,1,0
BRDA:461,66,0,0
BRDA:461,66,1,1
BRDA:462,67,0,0
BRDA:462,67,1,0
BRDA:467,68,0,1
BRDA:467,68,1,0
BRDA:473,69,0,1
BRDA:473,69,1,0
BRDA:484,70,0,0
BRDA:484,70,1,0
BRDA:489,71,0,0
BRDA:489,71,1,0
BRDA:499,72,0,0
BRDA:499,72,1,0
BRDA:504,73,0,0
BRDA:504,73,1,0
BRF:159
BRH:75
end_of_record
TN:
SF:src\core\admin.js
FN:4,validateAdminRole
FN:18,upsertAdminSettings
FN:32,getAdminSettings
FNF:3
FNH:3
FNDA:2,validateAdminRole
FNDA:2,upsertAdminSettings
FNDA:2,getAdminSettings
DA:1,5
DA:2,5
DA:5,2
DA:12,2
DA:19,2
DA:20,2
DA:21,1
DA:25,1
DA:33,2
DA:34,2
DA:37,5
DA:38,5
DA:39,5
LF:13
LH:13
BRDA:13,0,0,2
BRDA:13,0,1,1
BRDA:13,0,2,1
BRDA:20,1,0,1
BRDA:20,1,1,1
BRF:5
BRH:5
end_of_record
TN:
SF:src\core\auth.js
FN:5,onOAuthCallback
FN:53,onApiKeyLogin
FN:77,saveUserInfo
FN:125,authValidation
FNF:4
FNH:2
FNDA:1,onOAuthCallback
FNDA:0,onApiKeyLogin
FNDA:1,saveUserInfo
FNDA:0,authValidation
DA:1,4
DA:2,4
DA:3,4
DA:6,1
DA:7,1
DA:9,1
DA:10,0
DA:20,1
DA:21,1
DA:22,0
DA:24,1
DA:25,1
DA:26,1
DA:27,1
DA:28,1
DA:29,1
DA:40,1
DA:46,0
DA:54,0
DA:55,0
DA:56,0
DA:57,0
DA:58,0
DA:64,0
DA:70,0
DA:78,1
DA:79,1
DA:80,1
DA:90,1
DA:91,1
DA:92,1
DA:93,1
DA:94,0
DA:107,1
DA:119,1
DA:126,0
DA:136,0
DA:137,0
DA:138,0
DA:139,0
DA:145,0
DA:151,4
DA:152,4
DA:153,4
LF:44
LH:27
BRDA:9,0,0,0
BRDA:9,0,1,1
BRDA:21,1,0,0
BRDA:21,1,1,1
BRDA:28,2,0,1
BRDA:28,2,1,0
BRDA:35,3,0,0
BRDA:35,3,1,1
BRDA:57,4,0,0
BRDA:57,4,1,0
BRDA:62,5,0,0
BRDA:62,5,1,0
BRDA:93,6,0,0
BRDA:93,6,1,1
BRDA:136,7,0,0
BRDA:136,7,1,0
BRF:16
BRH:5
end_of_record
TN:
SF:src\core\contact.js
FN:4,findContact
FN:37,(anonymous_1)
FN:116,createContact
FNF:3
FNH:3
FNDA:5,findContact
FNDA:3,(anonymous_1)
FNDA:3,createContact
DA:1,4
DA:2,4
DA:5,5
DA:6,5
DA:12,5
DA:13,1
DA:22,4
DA:23,4
DA:24,4
DA:25,4
DA:27,4
DA:28,4
DA:29,4
DA:30,4
DA:32,0
DA:33,0
DA:34,0
DA:36,4
DA:37,3
DA:38,1
DA:41,1
DA:63,2
DA:64,2
DA:65,1
DA:89,1
DA:117,3
DA:118,3
DA:124,3
DA:125,0
DA:127,3
DA:128,3
DA:129,3
DA:130,3
DA:132,3
DA:133,3
DA:134,3
DA:135,3
DA:137,0
DA:138,0
DA:139,0
DA:141,3
DA:142,1
DA:143,1
DA:146,0
DA:149,2
DA:150,2
DA:151,1
DA:173,1
DA:196,4
DA:197,4
LF:50
LH:42
BRDA:12,0,0,1
BRDA:12,0,1,4
BRDA:12,1,0,5
BRDA:12,1,1,4
BRDA:25,2,0,4
BRDA:25,2,1,0
BRDA:37,3,0,1
BRDA:37,3,1,1
BRDA:37,4,0,2
BRDA:37,4,1,2
BRDA:64,5,0,1
BRDA:64,5,1,1
BRDA:124,6,0,0
BRDA:124,6,1,3
BRDA:124,7,0,3
BRDA:124,7,1,3
BRDA:130,8,0,3
BRDA:130,8,1,0
BRDA:142,9,0,1
BRDA:142,9,1,0
BRDA:150,10,0,1
BRDA:150,10,1,1
BRF:22
BRH:18
end_of_record
TN:
SF:src\core\log.js
FN:7,createCallLog
FN:136,getCallLog
FN:202,updateCallLog
FN:303,createMessageLog
FN:369,(anonymous_4)
FN:375,(anonymous_5)
FN:384,(anonymous_6)
FN:385,(anonymous_7)
FN:388,(anonymous_8)
FN:389,(anonymous_9)
FNF:10
FNH:6
FNDA:3,createCallLog
FNDA:3,getCallLog
FNDA:3,updateCallLog
FNDA:3,createMessageLog
FNDA:2,(anonymous_4)
FNDA:1,(anonymous_5)
FNDA:0,(anonymous_6)
FNDA:0,(anonymous_7)
FNDA:0,(anonymous_8)
FNDA:0,(anonymous_9)
DA:1,4
DA:2,4
DA:3,4
DA:4,4
DA:5,4
DA:8,3
DA:9,3
DA:14,3
DA:15,1
DA:24,2
DA:30,2
DA:31,1
DA:40,1
DA:41,1
DA:42,1
DA:43,1
DA:44,1
DA:45,1
DA:46,1
DA:47,1
DA:48,1
DA:50,1
DA:51,1
DA:52,1
DA:53,1
DA:55,0
DA:56,0
DA:57,0
DA:59,1
DA:60,1
DA:61,1
DA:62,0
DA:71,1
DA:77,1
DA:78,1
DA:79,1
DA:87,1
DA:89,0
DA:90,0
DA:91,0
DA:112,0
DA:137,3
DA:143,3
DA:144,0
DA:146,3
DA:147,3
DA:149,3
DA:150,3
DA:151,0
DA:152,0
DA:153,0
DA:154,0
DA:156,0
DA:157,0
DA:158,0
DA:159,0
DA:161,0
DA:162,0
DA:163,0
DA:165,0
DA:172,0
DA:173,0
DA:174,0
DA:175,0
DA:177,0
DA:178,0
DA:179,0
DA:180,0
DA:184,3
DA:191,3
DA:192,2
DA:193,0
DA:194,0
DA:196,2
DA:199,3
DA:203,3
DA:204,3
DA:209,2
DA:210,2
DA:211,2
DA:217,2
DA:218,0
DA:220,2
DA:221,2
DA:222,2
DA:224,2
DA:225,2
DA:226,2
DA:227,2
DA:229,0
DA:230,0
DA:231,0
DA:233,2
DA:246,2
DA:248,0
DA:250,1
DA:251,1
DA:252,0
DA:276,1
DA:304,3
DA:305,3
DA:307,3
DA:308,1
DA:318,2
DA:319,2
DA:320,2
DA:321,2
DA:327,2
DA:328,1
DA:338,1
DA:339,1
DA:340,1
DA:342,1
DA:343,1
DA:344,1
DA:345,1
DA:347,0
DA:348,0
DA:349,0
DA:351,1
DA:352,1
DA:353,0
DA:363,1
DA:369,2
DA:370,1
DA:375,1
DA:376,1
DA:378,1
DA:379,1
DA:380,2
DA:381,1
DA:383,1
DA:384,1
DA:385,0
DA:387,1
DA:388,1
DA:389,0
DA:391,1
DA:396,1
DA:397,1
DA:398,0
DA:399,0
DA:400,0
DA:403,1
DA:404,1
DA:405,1
DA:406,1
DA:408,1
DA:410,1
DA:418,1
DA:421,1
DA:424,0
DA:425,0
DA:426,0
DA:447,0
DA:471,4
DA:472,4
DA:473,4
DA:474,4
LF:159
LH:109
BRDA:14,0,0,1
BRDA:14,0,1,2
BRDA:30,1,0,1
BRDA:30,1,1,1
BRDA:30,2,0,2
BRDA:30,2,1,1
BRDA:48,3,0,1
BRDA:48,3,1,0
BRDA:59,4,0,1
BRDA:59,4,1,0
BRDA:61,5,0,0
BRDA:61,5,1,1
BRDA:61,6,0,1
BRDA:61,6,1,1
BRDA:74,7,0,1
BRDA:74,7,1,1
BRDA:75,8,0,1
BRDA:75,8,1,1
BRDA:78,9,0,1
BRDA:78,9,1,0
BRDA:80,10,0,1
BRDA:80,10,1,0
BRDA:90,11,0,0
BRDA:90,11,1,0
BRDA:143,12,0,0
BRDA:143,12,1,3
BRDA:143,13,0,3
BRDA:143,13,1,3
BRDA:150,14,0,0
BRDA:150,14,1,3
BRDA:154,15,0,0
BRDA:154,15,1,0
BRDA:173,16,0,0
BRDA:173,16,1,0
BRDA:192,17,0,0
BRDA:192,17,1,2
BRDA:209,18,0,2
BRDA:209,18,1,0
BRDA:217,19,0,0
BRDA:217,19,1,2
BRDA:217,20,0,2
BRDA:217,20,1,2
BRDA:222,21,0,2
BRDA:222,21,1,0
BRDA:251,22,0,0
BRDA:251,22,1,1
BRDA:307,23,0,1
BRDA:307,23,1,2
BRDA:327,24,0,1
BRDA:327,24,1,1
BRDA:327,25,0,2
BRDA:327,25,1,1
BRDA:340,26,0,1
BRDA:340,26,1,0
BRDA:352,27,0,0
BRDA:352,27,1,1
BRDA:366,28,0,1
BRDA:366,28,1,1
BRDA:367,29,0,1
BRDA:367,29,1,1
BRDA:380,30,0,1
BRDA:380,30,1,1
BRDA:384,31,0,0
BRDA:384,31,1,1
BRDA:384,32,0,1
BRDA:384,32,1,0
BRDA:388,33,0,0
BRDA:388,33,1,1
BRDA:388,34,0,1
BRDA:388,34,1,0
BRDA:397,35,0,0
BRDA:397,35,1,1
BRDA:408,36,0,1
BRDA:408,36,1,0
BRDA:425,37,0,0
BRDA:425,37,1,0
BRF:76
BRH:48
end_of_record
TN:
SF:src\core\user.js
FN:5,userSettingsByAdmin
FN:22,updateUserSettings
FNF:2
FNH:1
FNDA:2,userSettingsByAdmin
FNDA:0,updateUserSettings
DA:1,5
DA:2,5
DA:3,5
DA:6,2
DA:13,2
DA:14,2
DA:15,2
DA:16,2
DA:23,0
DA:24,0
DA:27,0
DA:28,0
DA:30,0
DA:35,5
DA:36,5
LF:15
LH:10
BRDA:23,0,0,0
BRDA:23,0,1,0
BRDA:25,1,0,0
BRDA:25,1,1,0
BRF:4
BRH:0
end_of_record
TN:
SF:src\lib\analytics.js
FN:14,init
FN:21,track
FNF:2
FNH:2
FNDA:4,init
FNDA:40,track
DA:1,4
DA:2,4
DA:3,4
DA:4,4
DA:5,4
DA:8,4
DA:10,4
DA:11,4
DA:12,4
DA:14,4
DA:15,4
DA:16,4
DA:18,0
DA:21,4
DA:22,40
DA:23,40
DA:25,0
DA:26,0
DA:44,0
LF:19
LH:15
BRDA:15,0,0,4
BRDA:15,0,1,0
BRDA:21,1,0,8
BRDA:22,2,0,40
BRDA:22,2,1,0
BRF:5
BRH:3
end_of_record
TN:
SF:src\lib\jwt.js
FN:3,generateJwt
FN:7,decodeJwt
FNF:2
FNH:2
FNDA:25,generateJwt
FNDA:31,decodeJwt
DA:1,4
DA:4,25
DA:8,31
DA:9,31
DA:11,8
DA:15,4
DA:16,4
LF:7
LH:7
BRF:0
BRH:0
end_of_record
TN:
SF:src\lib\oauth.js
FN:6,getOAuthApp
FN:18,checkAndRefreshAccessToken
FN:37,bullhornTokenRefresh
FNF:3
FNH:2
FNDA:11,getOAuthApp
FNDA:11,checkAndRefreshAccessToken
FNDA:0,bullhornTokenRefresh
DA:1,4
DA:2,4
DA:7,11
DA:19,11
DA:20,11
DA:22,0
DA:23,0
DA:26,0
DA:27,0
DA:28,0
DA:29,0
DA:30,0
DA:31,0
DA:34,11
DA:38,0
DA:39,0
DA:40,0
DA:41,0
DA:42,0
DA:43,0
DA:44,0
DA:47,4
DA:48,4
LF:23
LH:8
BRDA:20,0,0,0
BRDA:20,0,1,11
BRDA:20,1,0,11
BRDA:20,1,1,11
BRDA:20,1,2,11
BRDA:20,1,3,0
BRDA:22,2,0,0
BRDA:22,2,1,0
BRF:8
BRH:4
end_of_record
TN:
SF:src\lib\util.js
FN:6,getTimeZone
FN:16,getHashValue
FN:22,secondsToHoursMinutesSeconds
FNF:3
FNH:2
FNDA:0,getTimeZone
FNDA:2,getHashValue
FNDA:1,secondsToHoursMinutesSeconds
DA:2,5
DA:3,5
DA:4,5
DA:7,0
DA:8,0
DA:9,0
DA:11,0
DA:12,0
DA:17,2
DA:23,1
DA:24,1
DA:25,1
DA:26,1
DA:27,1
DA:28,1
DA:29,1
DA:30,1
DA:33,5
DA:34,5
DA:35,5
LF:20
LH:15
BRDA:8,0,0,0
BRDA:8,0,1,0
BRDA:24,1,0,0
BRDA:24,1,1,1
BRDA:24,2,0,0
BRDA:24,2,1,0
BRDA:26,3,0,0
BRDA:26,3,1,1
BRDA:26,4,0,0
BRDA:26,4,1,0
BRDA:28,5,0,0
BRDA:28,5,1,1
BRDA:28,6,0,0
BRDA:28,6,1,0
BRF:14
BRH:3
end_of_record
TN:
SF:src\models\adminConfigModel.js
FNF:0
FNH:0
DA:1,6
DA:2,6
DA:5,6
LF:3
LH:3
BRF:0
BRH:0
end_of_record
TN:
SF:src\models\callLogModel.js
FNF:0
FNH:0
DA:1,6
DA:2,6
DA:5,6
LF:3
LH:3
BRF:0
BRH:0
end_of_record
TN:
SF:src\models\messageLogModel.js
FNF:0
FNH:0
DA:1,6
DA:2,6
DA:5,6
LF:3
LH:3
BRF:0
BRH:0
end_of_record
TN:
SF:src\models\sequelize.js
FNF:0
FNH:0
DA:1,8
DA:3,8
DA:17,8
LF:3
LH:3
BRF:0
BRH:0
end_of_record
TN:
SF:src\models\userModel.js
FNF:0
FNH:0
DA:1,6
DA:2,6
DA:5,6
LF:3
LH:3
BRF:0
BRH:0
end_of_record
