TN:
SF:src\index.js
FN:15,initDB
FN:23,getHashValue
FN:36,(anonymous_2)
FN:56,(anonymous_3)
FN:58,(anonymous_4)
FN:68,(anonymous_5)
FN:87,(anonymous_6)
FN:112,(anonymous_7)
FN:144,(anonymous_8)
FN:168,(anonymous_9)
FN:196,(anonymous_10)
FN:207,(anonymous_11)
FN:224,(anonymous_12)
FN:241,(anonymous_13)
FN:258,(anonymous_14)
FN:275,(anonymous_15)
FN:292,(anonymous_16)
FN:310,(anonymous_17)
FNF:18
FNH:13
FNDA:4,initDB
FNDA:2,getHashValue
FNDA:0,(anonymous_2)
FNDA:0,(anonymous_3)
FNDA:0,(anonymous_4)
FNDA:0,(anonymous_5)
FNDA:3,(anonymous_6)
FNDA:3,(anonymous_7)
FNDA:2,(anonymous_8)
FNDA:4,(anonymous_9)
FNDA:1,(anonymous_10)
FNDA:6,(anonymous_11)
FNDA:3,(anonymous_12)
FNDA:5,(anonymous_13)
FNDA:5,(anonymous_14)
FNDA:5,(anonymous_15)
FNDA:5,(anonymous_16)
FNDA:0,(anonymous_17)
DA:1,4
DA:2,4
DA:3,4
DA:4,4
DA:5,4
DA:6,4
DA:7,4
DA:8,4
DA:9,4
DA:10,4
DA:11,4
DA:12,4
DA:13,4
DA:16,4
DA:17,4
DA:18,4
DA:19,4
DA:20,4
DA:24,2
DA:28,4
DA:29,4
DA:30,4
DA:32,4
DA:36,4
DA:37,0
DA:38,0
DA:39,0
DA:40,0
DA:41,0
DA:43,0
DA:44,0
DA:45,0
DA:48,0
DA:52,0
DA:56,4
DA:58,4
DA:59,0
DA:60,0
DA:63,0
DA:64,0
DA:68,4
DA:69,0
DA:70,0
DA:71,0
DA:72,0
DA:73,0
DA:74,0
DA:83,0
DA:84,0
DA:87,4
DA:88,3
DA:89,3
DA:90,3
DA:91,2
DA:92,2
DA:98,1
DA:99,0
DA:101,1
DA:104,1
DA:108,1
DA:109,1
DA:112,4
DA:113,3
DA:114,3
DA:115,1
DA:117,2
DA:120,2
DA:121,2
DA:122,2
DA:123,1
DA:125,1
DA:133,1
DA:137,1
DA:140,2
DA:141,2
DA:144,4
DA:145,2
DA:146,2
DA:147,2
DA:148,2
DA:149,2
DA:150,2
DA:151,1
DA:153,1
DA:154,1
DA:156,0
DA:157,0
DA:161,0
DA:164,2
DA:165,2
DA:168,4
DA:169,4
DA:170,4
DA:171,4
DA:172,3
DA:173,3
DA:179,2
DA:180,1
DA:181,1
DA:183,1
DA:184,1
DA:185,1
DA:188,1
DA:192,1
DA:193,1
DA:196,4
DA:197,1
DA:198,1
DA:199,1
DA:200,1
DA:203,0
DA:204,0
DA:207,4
DA:208,6
DA:209,6
DA:210,6
DA:211,5
DA:212,4
DA:213,4
DA:216,1
DA:220,1
DA:221,1
DA:224,4
DA:225,3
DA:226,3
DA:227,3
DA:228,2
DA:229,1
DA:230,1
DA:233,1
DA:237,1
DA:238,1
DA:241,4
DA:242,5
DA:243,5
DA:244,5
DA:245,4
DA:246,3
DA:247,3
DA:250,1
DA:254,1
DA:255,1
DA:258,4
DA:259,5
DA:260,5
DA:261,5
DA:262,4
DA:263,3
DA:264,3
DA:267,1
DA:271,1
DA:272,1
DA:275,4
DA:276,5
DA:277,5
DA:278,5
DA:279,4
DA:280,3
DA:281,3
DA:284,1
DA:288,1
DA:289,1
DA:292,4
DA:293,5
DA:294,5
DA:295,5
DA:296,4
DA:297,3
DA:298,3
DA:301,1
DA:305,1
DA:306,1
DA:310,4
DA:311,0
DA:314,4
LF:175
LH:146
BRDA:38,0,0,0
BRDA:38,0,1,0
BRDA:44,1,0,0
BRDA:44,1,1,0
BRDA:71,2,0,0
BRDA:71,2,1,0
BRDA:90,3,0,2
BRDA:90,3,1,1
BRDA:98,4,0,0
BRDA:98,4,1,1
BRDA:114,5,0,1
BRDA:114,5,1,2
BRDA:114,6,0,3
BRDA:114,6,1,2
BRDA:117,7,0,1
BRDA:117,7,1,1
BRDA:122,8,0,1
BRDA:122,8,1,1
BRDA:150,9,0,1
BRDA:150,9,1,1
BRDA:153,10,0,1
BRDA:153,10,1,0
BRDA:171,11,0,3
BRDA:171,11,1,1
BRDA:179,12,0,1
BRDA:179,12,1,1
BRDA:210,13,0,5
BRDA:210,13,1,1
BRDA:227,14,0,2
BRDA:227,14,1,1
BRDA:244,15,0,4
BRDA:244,15,1,1
BRDA:261,16,0,4
BRDA:261,16,1,1
BRDA:278,17,0,4
BRDA:278,17,1,1
BRDA:295,18,0,4
BRDA:295,18,1,1
BRF:38
BRH:30
end_of_record
TN:
SF:src\adapters\pipedrive\index.js
FN:6,getAuthType
FN:10,getOauthInfo
FN:19,getUserInfo
FN:43,unAuthorize
FN:67,getContact
FN:95,(anonymous_5)
FN:103,formatContact
FN:114,createContact
FN:131,addCallLog
FN:158,updateCallLog
FN:197,addMessageLog
FN:209,(anonymous_11)
FN:249,updateMessageLog
FN:285,getCallLog
FNF:14
FNH:13
FNDA:11,getAuthType
FNDA:12,getOauthInfo
FNDA:1,getUserInfo
FNDA:1,unAuthorize
FNDA:3,getContact
FNDA:1,(anonymous_5)
FNDA:1,formatContact
FNDA:1,createContact
FNDA:1,addCallLog
FNDA:2,updateCallLog
FNDA:1,addMessageLog
FNDA:1,(anonymous_11)
FNDA:0,updateMessageLog
FNDA:2,getCallLog
DA:1,3
DA:2,3
DA:3,3
DA:4,3
DA:7,11
DA:11,12
DA:20,1
DA:25,1
DA:26,1
DA:27,1
DA:28,1
DA:29,1
DA:44,1
DA:45,1
DA:46,1
DA:49,1
DA:55,1
DA:58,1
DA:64,1
DA:68,3
DA:70,3
DA:71,1
DA:73,2
DA:74,2
DA:75,2
DA:76,2
DA:78,2
DA:83,2
DA:84,2
DA:85,1
DA:88,1
DA:89,1
DA:94,1
DA:95,1
DA:97,1
DA:100,1
DA:104,1
DA:115,1
DA:119,1
DA:125,1
DA:132,1
DA:133,1
DA:134,1
DA:135,1
DA:136,1
DA:137,1
DA:149,1
DA:155,1
DA:159,2
DA:160,2
DA:165,2
DA:166,2
DA:168,2
DA:169,1
DA:170,0
DA:173,1
DA:175,1
DA:181,1
DA:182,1
DA:183,1
DA:188,2
DA:194,2
DA:198,1
DA:203,1
DA:204,1
DA:205,1
DA:206,1
DA:207,1
DA:208,1
DA:209,1
DA:210,1
DA:212,1
DA:228,1
DA:240,1
DA:246,1
DA:250,0
DA:251,0
DA:256,0
DA:257,0
DA:262,0
DA:263,0
DA:265,0
DA:267,0
DA:269,0
DA:270,0
DA:271,0
DA:273,0
DA:276,0
DA:286,2
DA:291,2
DA:292,2
DA:293,2
DA:294,2
DA:295,2
DA:296,0
DA:297,0
DA:299,2
DA:306,3
DA:307,3
DA:308,3
DA:309,3
DA:310,3
DA:311,3
DA:312,3
DA:313,3
DA:314,3
DA:315,3
DA:316,3
LF:108
LH:92
BRDA:39,0,0,0
BRDA:39,0,1,1
BRDA:70,1,0,1
BRDA:70,1,1,2
BRDA:75,2,0,2
BRDA:75,2,1,0
BRDA:84,3,0,1
BRDA:84,3,1,1
BRDA:94,4,0,1
BRDA:94,4,1,0
BRDA:108,5,0,1
BRDA:108,5,1,0
BRDA:109,6,0,1
BRDA:109,6,1,0
BRDA:132,7,0,0
BRDA:132,7,1,1
BRDA:134,8,0,1
BRDA:134,8,1,1
BRDA:139,9,0,1
BRDA:139,9,1,1
BRDA:139,10,0,0
BRDA:139,10,1,1
BRDA:144,11,0,0
BRDA:144,11,1,1
BRDA:168,12,0,1
BRDA:168,12,1,1
BRDA:169,13,0,0
BRDA:169,13,1,1
BRDA:185,14,0,1
BRDA:185,14,1,1
BRDA:204,15,0,0
BRDA:204,15,1,1
BRDA:205,16,0,0
BRDA:205,16,1,1
BRDA:209,17,0,1
BRDA:209,17,1,0
BRDA:222,18,0,0
BRDA:222,18,1,1
BRDA:238,19,0,0
BRDA:238,19,1,1
BRDA:265,20,0,0
BRDA:265,20,1,0
BRDA:295,21,0,0
BRDA:295,21,1,2
BRF:44
BRH:27
end_of_record
TN:
SF:src\core\auth.js
FN:5,onOAuthCallback
FN:32,onApiKeyLogin
FN:45,saveUserInfo
FNF:3
FNH:2
FNDA:1,onOAuthCallback
FNDA:0,onApiKeyLogin
FNDA:1,saveUserInfo
DA:1,4
DA:2,4
DA:3,4
DA:6,1
DA:7,1
DA:10,1
DA:11,1
DA:12,0
DA:14,1
DA:15,1
DA:16,1
DA:17,1
DA:18,1
DA:29,1
DA:33,0
DA:34,0
DA:35,0
DA:36,0
DA:42,0
DA:46,1
DA:47,1
DA:48,1
DA:58,1
DA:59,1
DA:60,1
DA:61,1
DA:62,0
DA:75,1
DA:87,1
DA:93,4
DA:94,4
LF:31
LH:24
BRDA:11,0,0,0
BRDA:11,0,1,1
BRDA:24,1,0,0
BRDA:24,1,1,1
BRDA:40,2,0,0
BRDA:40,2,1,0
BRDA:61,3,0,0
BRDA:61,3,1,1
BRF:8
BRH:3
end_of_record
TN:
SF:src\core\contact.js
FN:4,getContact
FN:42,createContact
FNF:2
FNH:2
FNDA:4,getContact
FNDA:1,createContact
DA:1,4
DA:2,4
DA:5,4
DA:6,4
DA:12,4
DA:13,1
DA:15,3
DA:16,3
DA:17,3
DA:18,3
DA:20,3
DA:21,3
DA:22,3
DA:23,3
DA:25,0
DA:26,0
DA:27,0
DA:29,3
DA:30,3
DA:31,1
DA:34,2
DA:37,0
DA:38,0
DA:43,1
DA:44,1
DA:50,1
DA:51,0
DA:53,1
DA:54,1
DA:55,1
DA:56,1
DA:58,1
DA:59,1
DA:60,1
DA:61,1
DA:63,0
DA:64,0
DA:65,0
DA:67,1
DA:68,1
DA:69,1
DA:72,0
DA:75,0
DA:76,0
DA:80,4
DA:81,4
LF:46
LH:34
BRDA:12,0,0,1
BRDA:12,0,1,3
BRDA:12,1,0,4
BRDA:12,1,1,3
BRDA:18,2,0,3
BRDA:18,2,1,0
BRDA:30,3,0,1
BRDA:30,3,1,2
BRDA:30,4,0,3
BRDA:30,4,1,2
BRDA:50,5,0,0
BRDA:50,5,1,1
BRDA:50,6,0,1
BRDA:50,6,1,1
BRDA:56,7,0,1
BRDA:56,7,1,0
BRDA:68,8,0,1
BRDA:68,8,1,0
BRF:18
BRH:14
end_of_record
TN:
SF:src\core\log.js
FN:7,addCallLog
FN:66,getCallLog
FN:108,updateCallLog
FN:150,addMessageLog
FN:190,(anonymous_4)
FN:196,(anonymous_5)
FN:206,(anonymous_6)
FN:207,(anonymous_7)
FNF:8
FNH:6
FNDA:3,addCallLog
FNDA:3,getCallLog
FNDA:3,updateCallLog
FNDA:3,addMessageLog
FNDA:2,(anonymous_4)
FNDA:1,(anonymous_5)
FNDA:0,(anonymous_6)
FNDA:0,(anonymous_7)
DA:1,4
DA:2,4
DA:3,4
DA:4,4
DA:5,4
DA:8,3
DA:9,3
DA:10,3
DA:11,1
DA:13,2
DA:19,2
DA:20,1
DA:22,1
DA:23,1
DA:24,1
DA:25,1
DA:26,1
DA:27,1
DA:28,1
DA:30,1
DA:31,1
DA:32,1
DA:33,1
DA:35,0
DA:36,0
DA:37,0
DA:39,1
DA:40,1
DA:41,1
DA:42,0
DA:44,1
DA:50,1
DA:51,1
DA:58,1
DA:59,1
DA:61,0
DA:62,0
DA:67,3
DA:68,3
DA:74,3
DA:75,0
DA:77,3
DA:78,3
DA:79,3
DA:81,3
DA:82,3
DA:83,3
DA:84,3
DA:86,0
DA:87,0
DA:88,0
DA:90,3
DA:91,3
DA:92,3
DA:93,4
DA:98,4
DA:99,2
DA:100,2
DA:102,2
DA:103,2
DA:105,3
DA:109,3
DA:110,3
DA:115,2
DA:116,2
DA:117,2
DA:123,2
DA:124,0
DA:126,2
DA:127,2
DA:128,2
DA:130,2
DA:131,2
DA:132,2
DA:133,2
DA:135,0
DA:136,0
DA:137,0
DA:139,2
DA:140,2
DA:141,2
DA:143,0
DA:145,1
DA:146,1
DA:151,3
DA:152,3
DA:153,1
DA:155,2
DA:156,2
DA:157,2
DA:158,2
DA:164,2
DA:165,1
DA:167,1
DA:168,1
DA:169,1
DA:171,1
DA:172,1
DA:173,1
DA:174,1
DA:176,0
DA:177,0
DA:178,0
DA:180,1
DA:181,1
DA:182,0
DA:184,1
DA:190,2
DA:191,1
DA:196,1
DA:197,1
DA:199,1
DA:200,1
DA:201,2
DA:202,1
DA:203,1
DA:205,1
DA:206,1
DA:207,0
DA:209,1
DA:215,1
DA:216,1
DA:217,0
DA:218,0
DA:221,1
DA:224,1
DA:232,1
DA:233,1
DA:235,1
DA:236,1
DA:239,0
DA:240,0
DA:244,4
DA:245,4
DA:246,4
DA:247,4
LF:136
LH:112
BRDA:10,0,0,1
BRDA:10,0,1,2
BRDA:19,1,0,1
BRDA:19,1,1,1
BRDA:19,2,0,2
BRDA:19,2,1,1
BRDA:28,3,0,1
BRDA:28,3,1,0
BRDA:39,4,0,1
BRDA:39,4,1,0
BRDA:41,5,0,0
BRDA:41,5,1,1
BRDA:47,6,0,1
BRDA:47,6,1,1
BRDA:48,7,0,1
BRDA:48,7,1,1
BRDA:74,8,0,0
BRDA:74,8,1,3
BRDA:74,9,0,3
BRDA:74,9,1,3
BRDA:79,10,0,3
BRDA:79,10,1,0
BRDA:98,11,0,2
BRDA:98,11,1,2
BRDA:115,12,0,2
BRDA:115,12,1,0
BRDA:123,13,0,0
BRDA:123,13,1,2
BRDA:123,14,0,2
BRDA:123,14,1,2
BRDA:128,15,0,2
BRDA:128,15,1,0
BRDA:152,16,0,1
BRDA:152,16,1,2
BRDA:164,17,0,1
BRDA:164,17,1,1
BRDA:164,18,0,2
BRDA:164,18,1,1
BRDA:169,19,0,1
BRDA:169,19,1,0
BRDA:181,20,0,0
BRDA:181,20,1,1
BRDA:187,21,0,1
BRDA:187,21,1,1
BRDA:188,22,0,1
BRDA:188,22,1,1
BRDA:201,23,0,1
BRDA:201,23,1,1
BRDA:206,24,0,0
BRDA:206,24,1,1
BRDA:206,25,0,1
BRDA:206,25,1,0
BRDA:216,26,0,0
BRDA:216,26,1,1
BRF:54
BRH:41
end_of_record
TN:
SF:src\lib\jwt.js
FN:3,generateJwt
FN:7,decodeJwt
FNF:2
FNH:2
FNDA:22,generateJwt
FNDA:28,decodeJwt
DA:1,4
DA:4,22
DA:8,28
DA:9,28
DA:11,8
DA:15,4
DA:16,4
LF:7
LH:7
BRF:0
BRH:0
end_of_record
TN:
SF:src\lib\oauth.js
FN:6,getOAuthApp
FN:18,checkAndRefreshAccessToken
FN:37,bullhornTokenRefresh
FNF:3
FNH:2
FNDA:11,getOAuthApp
FNDA:11,checkAndRefreshAccessToken
FNDA:0,bullhornTokenRefresh
DA:1,4
DA:2,4
DA:7,11
DA:19,11
DA:20,11
DA:22,0
DA:23,0
DA:26,0
DA:27,0
DA:28,0
DA:29,0
DA:30,0
DA:31,0
DA:34,11
DA:38,0
DA:39,0
DA:40,0
DA:41,0
DA:42,0
DA:43,0
DA:44,0
DA:47,4
DA:48,4
LF:23
LH:8
BRDA:20,0,0,0
BRDA:20,0,1,11
BRDA:20,1,0,11
BRDA:20,1,1,11
BRDA:20,1,2,11
BRDA:20,1,3,0
BRDA:22,2,0,0
BRDA:22,2,1,0
BRF:8
BRH:4
end_of_record
TN:
SF:src\models\callLogModel.js
FNF:0
FNH:0
DA:1,4
DA:2,4
DA:5,4
LF:3
LH:3
BRF:0
BRH:0
end_of_record
TN:
SF:src\models\messageLogModel.js
FNF:0
FNH:0
DA:1,4
DA:2,4
DA:5,4
LF:3
LH:3
BRF:0
BRH:0
end_of_record
TN:
SF:src\models\sequelize.js
FNF:0
FNH:0
DA:1,4
DA:3,4
DA:17,4
LF:3
LH:3
BRF:0
BRH:0
end_of_record
TN:
SF:src\models\userModel.js
FNF:0
FNH:0
DA:1,4
DA:2,4
DA:5,4
LF:3
LH:3
BRF:0
BRH:0
end_of_record
